65816: PC, mnemonic, operands, registers (A, X, Y, S, D, DB, flags (NVMXDIZC), V, H)
1b86  xor  a,a AF:0130 BC:0000 DE:66bc HL:4d0c SP:dfe3
1b87  ret AF:0080 BC:0000 DE:66bc HL:4d0c SP:dfe3
1aa2  jp   c,$1ab6 AF:0080 BC:0000 DE:66bc HL:4d0c SP:dfe5
1aa5  ld   a,($cc26) AF:0080 BC:0000 DE:66bc HL:4d0c SP:dfe5
1aa8  bit  7,a AF:4080 BC:0000 DE:66bc HL:4d0c SP:dfe5
1aaa  jr   nz,$1ab6 AF:40a0 BC:0000 DE:66bc HL:4d0c SP:dfe5
1aac  ld   a,($ffa4) AF:40a0 BC:0000 DE:66bc HL:4d0c SP:dfe5
1aae  ld   b,a AF:01a0 BC:0000 DE:66bc HL:4d0c SP:dfe5
1aaf  ld   a,($cc29) AF:01a0 BC:0100 DE:66bc HL:4d0c SP:dfe5
1ab2  and  a,b AF:03a0 BC:0100 DE:66bc HL:4d0c SP:dfe5
1ab3  jp   z,$1a84 AF:0120 BC:0100 DE:66bc HL:4d0c SP:dfe5
1ab6  ld   a,($ffa2) AF:0120 BC:0100 DE:66bc HL:4d0c SP:dfe5
1ab8  and  a,$03 AF:0120 BC:0100 DE:66bc HL:4d0c SP:dfe5
1aba  jr   z,$1ac4 AF:0120 BC:0100 DE:66bc HL:4d0c SP:dfe5
1abc  push de AF:0120 BC:0100 DE:66bc HL:4d0c SP:dfe5
1abd  ld   de,$0005 AF:0120 BC:0100 DE:66bc HL:4d0c SP:dfe3
1ac0  call $3d27 AF:0120 BC:0100 DE:0005 HL:4d0c SP:dfe3
3d27  push hl AF:0120 BC:0100 DE:0005 HL:4d0c SP:dfe1
3d28  push de AF:0120 BC:0100 DE:0005 HL:4d0c SP:dfdf
3d29  push bc AF:0120 BC:0100 DE:0005 HL:4d0c SP:dfdd
3d2a  push af AF:0120 BC:0100 DE:0005 HL:4d0c SP:dfdb
3d2b  ld   a,($ff98) AF:0120 BC:0100 DE:0005 HL:4d0c SP:dfd9
3d2d  push af AF:0420 BC:0100 DE:0005 HL:4d0c SP:dfd9
3d2e  ld   a,$3a AF:0420 BC:0100 DE:0005 HL:4d0c SP:dfd7
03ae  push af AF:0420 BC:0100 DE:0005 HL:4d0c SP:dfd5
03af  ld   a,($ffd0) AF:0420 BC:0100 DE:0005 HL:4d0c SP:dfd3
03b1  and  a,a AF:0020 BC:0100 DE:0005 HL:4d0c SP:dfd3
03b2  jr   z,$03df AF:00a0 BC:0100 DE:0005 HL:4d0c SP:dfd3
03df  pop  af AF:00a0 BC:0100 DE:0005 HL:4d0c SP:dfd3
03e0  reti AF:0420 BC:0100 DE:0005 HL:4d0c SP:dfd5
3d2e  ld   a,$3a AF:0420 BC:0100 DE:0005 HL:4d0c SP:dfd7
3d30  ld   ($2000),a AF:3a20 BC:0100 DE:0005 HL:4d0c SP:dfd7
3d33  ld   ($ff98),a AF:3a20 BC:0100 DE:0005 HL:4d0c SP:dfd7
3d35  call $4e22 AF:3a20 BC:0100 DE:0005 HL:4d0c SP:dfd7
4e22  ld   hl,$c19c AF:3a20 BC:0100 DE:0005 HL:4d0c SP:dfd5
4e25  ld   (hl),e AF:3a20 BC:0100 DE:0005 HL:c19c SP:dfd5
4e26  inc  hl AF:3a20 BC:0100 DE:0005 HL:c19c SP:dfd5
4e27  ld   (hl),d AF:3a20 BC:0100 DE:0005 HL:c19d SP:dfd5
4e28  ld   hl,$536d AF:3a20 BC:0100 DE:0005 HL:c19d SP:dfd5
4e2b  add  hl,de AF:3a20 BC:0100 DE:0005 HL:536d SP:dfd5
4e2c  add  hl,de AF:3a00 BC:0100 DE:0005 HL:5372 SP:dfd5
4e2d  add  hl,de AF:3a00 BC:0100 DE:0005 HL:5377 SP:dfd5
4e2e  ldi  a,(hl) AF:3a00 BC:0100 DE:0005 HL:537c SP:dfd5
4e2f  ld   ($c19e),a AF:3c00 BC:0100 DE:0005 HL:537d SP:dfd5
4e32  ld   e,(hl) AF:3c00 BC:0100 DE:0005 HL:537d SP:dfd5
4e33  inc  hl AF:3c00 BC:0100 DE:00ca HL:537d SP:dfd5
4e34  ld   d,(hl) AF:3c00 BC:0100 DE:00ca HL:537e SP:dfd5
4e35  call $4f6c AF:3c00 BC:0100 DE:43ca HL:537e SP:dfd5
4f6c  ld   a,($c19e) AF:3c00 BC:0100 DE:43ca HL:537e SP:dfd3
4f6f  call $3cbb AF:3c00 BC:0100 DE:43ca HL:537e SP:dfd3
3cbb  ld   ($2000),a AF:3c00 BC:0100 DE:43ca HL:537e SP:dfd1
3cbe  ld   ($ff98),a AF:3c00 BC:0100 DE:43ca HL:537e SP:dfd1
3cc0  ld   a,(de) AF:3c00 BC:0100 DE:43ca HL:537e SP:dfd1
3cc1  push af AF:0400 BC:0100 DE:43ca HL:537e SP:dfd1
3cc2  ld   a,$3a AF:0400 BC:0100 DE:43ca HL:537e SP:dfcf
3cc4  ld   ($2000),a AF:3a00 BC:0100 DE:43ca HL:537e SP:dfcf
3cc7  ld   ($ff98),a AF:3a00 BC:0100 DE:43ca HL:537e SP:dfcf
3cc9  pop  af AF:3a00 BC:0100 DE:43ca HL:537e SP:dfcf
3cca  ret AF:0400 BC:0100 DE:43ca HL:537e SP:dfd1
4f72  ret AF:0400 BC:0100 DE:43ca HL:537e SP:dfd3
03ae  push af AF:0400 BC:0100 DE:43ca HL:537e SP:dfd1
03af  ld   a,($ffd0) AF:0400 BC:0100 DE:43ca HL:537e SP:dfcf
03b1  and  a,a AF:0000 BC:0100 DE:43ca HL:537e SP:dfcf
03b2  jr   z,$03df AF:00a0 BC:0100 DE:43ca HL:537e SP:dfcf
03df  pop  af AF:00a0 BC:0100 DE:43ca HL:537e SP:dfcf
03e0  reti AF:0400 BC:0100 DE:43ca HL:537e SP:dfd1
4f72  ret AF:0400 BC:0100 DE:43ca HL:537e SP:dfd3
4e38  rlc  a AF:0400 BC:0100 DE:43ca HL:537e SP:dfd5
4e39  rlc  a AF:0800 BC:0100 DE:43ca HL:537e SP:dfd5
4e3a  and  a,$03 AF:1000 BC:0100 DE:43ca HL:537e SP:dfd5
4e3c  inc  a AF:00a0 BC:0100 DE:43ca HL:537e SP:dfd5
4e3d  push af AF:0100 BC:0100 DE:43ca HL:537e SP:dfd5
4e3e  call $4f11 AF:0100 BC:0100 DE:43ca HL:537e SP:dfd3
4f11  call $4f6c AF:0100 BC:0100 DE:43ca HL:537e SP:dfd1
4f6c  ld   a,($c19e) AF:0100 BC:0100 DE:43ca HL:537e SP:dfcf
4f6f  call $3cbb AF:3c00 BC:0100 DE:43ca HL:537e SP:dfcf
3cbb  ld   ($2000),a AF:3c00 BC:0100 DE:43ca HL:537e SP:dfcd
3cbe  ld   ($ff98),a AF:3c00 BC:0100 DE:43ca HL:537e SP:dfcd
3cc0  ld   a,(de) AF:3c00 BC:0100 DE:43ca HL:537e SP:dfcd
3cc1  push af AF:0400 BC:0100 DE:43ca HL:537e SP:dfcd
3cc2  ld   a,$3a AF:0400 BC:0100 DE:43ca HL:537e SP:dfcb
3cc4  ld   ($2000),a AF:3a00 BC:0100 DE:43ca HL:537e SP:dfcb
3cc7  ld   ($ff98),a AF:3a00 BC:0100 DE:43ca HL:537e SP:dfcb
3cc9  pop  af AF:3a00 BC:0100 DE:43ca HL:537e SP:dfcb
3cca  ret AF:0400 BC:0100 DE:43ca HL:537e SP:dfcd
4f72  ret AF:0400 BC:0100 DE:43ca HL:537e SP:dfcf
4f14  inc  de AF:0400 BC:0100 DE:43ca HL:537e SP:dfd1
4f15  and  a,$07 AF:0400 BC:0100 DE:43cb HL:537e SP:dfd1
4f17  ld   ($c198),a AF:0420 BC:0100 DE:43cb HL:537e SP:dfd1
4f1a  ld   c,a AF:0420 BC:0100 DE:43cb HL:537e SP:dfd1
4f1b  ld   b,$00 AF:0420 BC:0104 DE:43cb HL:537e SP:dfd1
4f1d  ld   hl,$52b7 AF:0420 BC:0004 DE:43cb HL:537e SP:dfd1
4f20  add  hl,bc AF:0420 BC:0004 DE:43cb HL:52b7 SP:dfd1
4f21  add  hl,bc AF:0400 BC:0004 DE:43cb HL:52bb SP:dfd1
03ae  push af AF:0400 BC:0004 DE:43cb HL:52bb SP:dfcf
03af  ld   a,($ffd0) AF:0400 BC:0004 DE:43cb HL:52bb SP:dfcd
03b1  and  a,a AF:0000 BC:0004 DE:43cb HL:52bb SP:dfcd
03b2  jr   z,$03df AF:00a0 BC:0004 DE:43cb HL:52bb SP:dfcd
03df  pop  af AF:00a0 BC:0004 DE:43cb HL:52bb SP:dfcd
03e0  reti AF:0400 BC:0004 DE:43cb HL:52bb SP:dfcf
4f21  add  hl,bc AF:0400 BC:0004 DE:43cb HL:52bb SP:dfd1
4f22  ld   c,(hl) AF:0400 BC:0004 DE:43cb HL:52bf SP:dfd1
4f23  inc  hl AF:0400 BC:00c8 DE:43cb HL:52bf SP:dfd1
4f24  ld   b,(hl) AF:0400 BC:00c8 DE:43cb HL:52c0 SP:dfd1
4f25  ld   hl,$0003 AF:0400 BC:c0c8 DE:43cb HL:52c0 SP:dfd1
4f28  add  hl,bc AF:0400 BC:c0c8 DE:43cb HL:0003 SP:dfd1
4f29  res  0,(hl) AF:0400 BC:c0c8 DE:43cb HL:c0cb SP:dfd1
4f2b  call $4f51 AF:0400 BC:c0c8 DE:43cb HL:c0cb SP:dfd1
4f51  push de AF:0400 BC:c0c8 DE:43cb HL:c0cb SP:dfcf
4f52  xor  a,a AF:0400 BC:c0c8 DE:43cb HL:c0cb SP:dfcd
4f53  ld   hl,$0000 AF:0080 BC:c0c8 DE:43cb HL:c0cb SP:dfcd
4f56  add  hl,bc AF:0080 BC:c0c8 DE:43cb HL:0000 SP:dfcd
4f57  ld   e,$32 AF:0080 BC:c0c8 DE:43cb HL:c0c8 SP:dfcd
4f59  ldi  (hl),a AF:0080 BC:c0c8 DE:4332 HL:c0c8 SP:dfcd
4f5a  dec  e AF:0080 BC:c0c8 DE:4332 HL:c0c9 SP:dfcd
4f5b  jr   nz,$4f59 AF:0040 BC:c0c8 DE:4331 HL:c0c9 SP:dfcd
4f59  ldi  (hl),a AF:0040 BC:c0c8 DE:4331 HL:c0c9 SP:dfcd
4f5a  dec  e AF:0040 BC:c0c8 DE:4331 HL:c0ca SP:dfcd
4f5b  jr   nz,$4f59 AF:0040 BC:c0c8 DE:4330 HL:c0ca SP:dfcd
4f59  ldi  (hl),a AF:0040 BC:c0c8 DE:4330 HL:c0ca SP:dfcd
4f5a  dec  e AF:0040 BC:c0c8 DE:4330 HL:c0cb SP:dfcd
4f5b  jr   nz,$4f59 AF:0060 BC:c0c8 DE:432f HL:c0cb SP:dfcd
4f59  ldi  (hl),a AF:0060 BC:c0c8 DE:432f HL:c0cb SP:dfcd
4f5a  dec  e AF:0060 BC:c0c8 DE:432f HL:c0cc SP:dfcd
4f5b  jr   nz,$4f59 AF:0040 BC:c0c8 DE:432e HL:c0cc SP:dfcd
4f59  ldi  (hl),a AF:0040 BC:c0c8 DE:432e HL:c0cc SP:dfcd
4f5a  dec  e AF:0040 BC:c0c8 DE:432e HL:c0cd SP:dfcd
4f5b  jr   nz,$4f59 AF:0040 BC:c0c8 DE:432d HL:c0cd SP:dfcd
4f59  ldi  (hl),a AF:0040 BC:c0c8 DE:432d HL:c0cd SP:dfcd
4f5a  dec  e AF:0040 BC:c0c8 DE:432d HL:c0ce SP:dfcd
4f5b  jr   nz,$4f59 AF:0040 BC:c0c8 DE:432c HL:c0ce SP:dfcd
4f59  ldi  (hl),a AF:0040 BC:c0c8 DE:432c HL:c0ce SP:dfcd
4f5a  dec  e AF:0040 BC:c0c8 DE:432c HL:c0cf SP:dfcd
4f5b  jr   nz,$4f59 AF:0040 BC:c0c8 DE:432b HL:c0cf SP:dfcd
4f59  ldi  (hl),a AF:0040 BC:c0c8 DE:432b HL:c0cf SP:dfcd
4f5a  dec  e AF:0040 BC:c0c8 DE:432b HL:c0d0 SP:dfcd
4f5b  jr   nz,$4f59 AF:0040 BC:c0c8 DE:432a HL:c0d0 SP:dfcd
4f59  ldi  (hl),a AF:0040 BC:c0c8 DE:432a HL:c0d0 SP:dfcd
4f5a  dec  e AF:0040 BC:c0c8 DE:432a HL:c0d1 SP:dfcd
4f5b  jr   nz,$4f59 AF:0040 BC:c0c8 DE:4329 HL:c0d1 SP:dfcd
4f59  ldi  (hl),a AF:0040 BC:c0c8 DE:4329 HL:c0d1 SP:dfcd
03ae  push af AF:0040 BC:c0c8 DE:4329 HL:c0d1 SP:dfcb
03af  ld   a,($ffd0) AF:0040 BC:c0c8 DE:4329 HL:c0d1 SP:dfc9
03b1  and  a,a AF:0040 BC:c0c8 DE:4329 HL:c0d1 SP:dfc9
03b2  jr   z,$03df AF:00a0 BC:c0c8 DE:4329 HL:c0d1 SP:dfc9
03df  pop  af AF:00a0 BC:c0c8 DE:4329 HL:c0d1 SP:dfc9
03e0  reti AF:0040 BC:c0c8 DE:4329 HL:c0d1 SP:dfcb
4f59  ldi  (hl),a AF:0040 BC:c0c8 DE:4329 HL:c0d1 SP:dfcd
4f5a  dec  e AF:0040 BC:c0c8 DE:4329 HL:c0d2 SP:dfcd
4f5b  jr   nz,$4f59 AF:0040 BC:c0c8 DE:4328 HL:c0d2 SP:dfcd
4f59  ldi  (hl),a AF:0040 BC:c0c8 DE:4328 HL:c0d2 SP:dfcd
4f5a  dec  e AF:0040 BC:c0c8 DE:4328 HL:c0d3 SP:dfcd
4f5b  jr   nz,$4f59 AF:0040 BC:c0c8 DE:4327 HL:c0d3 SP:dfcd
4f59  ldi  (hl),a AF:0040 BC:c0c8 DE:4327 HL:c0d3 SP:dfcd
4f5a  dec  e AF:0040 BC:c0c8 DE:4327 HL:c0d4 SP:dfcd
4f5b  jr   nz,$4f59 AF:0040 BC:c0c8 DE:4326 HL:c0d4 SP:dfcd
4f59  ldi  (hl),a AF:0040 BC:c0c8 DE:4326 HL:c0d4 SP:dfcd
4f5a  dec  e AF:0040 BC:c0c8 DE:4326 HL:c0d5 SP:dfcd
4f5b  jr   nz,$4f59 AF:0040 BC:c0c8 DE:4325 HL:c0d5 SP:dfcd
4f59  ldi  (hl),a AF:0040 BC:c0c8 DE:4325 HL:c0d5 SP:dfcd
4f5a  dec  e AF:0040 BC:c0c8 DE:4325 HL:c0d6 SP:dfcd
4f5b  jr   nz,$4f59 AF:0040 BC:c0c8 DE:4324 HL:c0d6 SP:dfcd
4f59  ldi  (hl),a AF:0040 BC:c0c8 DE:4324 HL:c0d6 SP:dfcd
4f5a  dec  e AF:0040 BC:c0c8 DE:4324 HL:c0d7 SP:dfcd
4f5b  jr   nz,$4f59 AF:0040 BC:c0c8 DE:4323 HL:c0d7 SP:dfcd
4f59  ldi  (hl),a AF:0040 BC:c0c8 DE:4323 HL:c0d7 SP:dfcd
4f5a  dec  e AF:0040 BC:c0c8 DE:4323 HL:c0d8 SP:dfcd
4f5b  jr   nz,$4f59 AF:0040 BC:c0c8 DE:4322 HL:c0d8 SP:dfcd
4f59  ldi  (hl),a AF:0040 BC:c0c8 DE:4322 HL:c0d8 SP:dfcd
4f5a  dec  e AF:0040 BC:c0c8 DE:4322 HL:c0d9 SP:dfcd
4f5b  jr   nz,$4f59 AF:0040 BC:c0c8 DE:4321 HL:c0d9 SP:dfcd
4f59  ldi  (hl),a AF:0040 BC:c0c8 DE:4321 HL:c0d9 SP:dfcd
4f5a  dec  e AF:0040 BC:c0c8 DE:4321 HL:c0da SP:dfcd
4f5b  jr   nz,$4f59 AF:0040 BC:c0c8 DE:4320 HL:c0da SP:dfcd
4f59  ldi  (hl),a AF:0040 BC:c0c8 DE:4320 HL:c0da SP:dfcd
4f5a  dec  e AF:0040 BC:c0c8 DE:4320 HL:c0db SP:dfcd
4f5b  jr   nz,$4f59 AF:0060 BC:c0c8 DE:431f HL:c0db SP:dfcd
4f59  ldi  (hl),a AF:0060 BC:c0c8 DE:431f HL:c0db SP:dfcd
4f5a  dec  e AF:0060 BC:c0c8 DE:431f HL:c0dc SP:dfcd
4f5b  jr   nz,$4f59 AF:0040 BC:c0c8 DE:431e HL:c0dc SP:dfcd
4f59  ldi  (hl),a AF:0040 BC:c0c8 DE:431e HL:c0dc SP:dfcd
4f5a  dec  e AF:0040 BC:c0c8 DE:431e HL:c0dd SP:dfcd
4f5b  jr   nz,$4f59 AF:0040 BC:c0c8 DE:431d HL:c0dd SP:dfcd
4f59  ldi  (hl),a AF:0040 BC:c0c8 DE:431d HL:c0dd SP:dfcd
4f5a  dec  e AF:0040 BC:c0c8 DE:431d HL:c0de SP:dfcd
4f5b  jr   nz,$4f59 AF:0040 BC:c0c8 DE:431c HL:c0de SP:dfcd
4f59  ldi  (hl),a AF:0040 BC:c0c8 DE:431c HL:c0de SP:dfcd
4f5a  dec  e AF:0040 BC:c0c8 DE:431c HL:c0df SP:dfcd
4f5b  jr   nz,$4f59 AF:0040 BC:c0c8 DE:431b HL:c0df SP:dfcd
4f59  ldi  (hl),a AF:0040 BC:c0c8 DE:431b HL:c0df SP:dfcd
4f5a  dec  e AF:0040 BC:c0c8 DE:431b HL:c0e0 SP:dfcd
03ae  push af AF:0040 BC:c0c8 DE:431b HL:c0e0 SP:dfcb
03af  ld   a,($ffd0) AF:0040 BC:c0c8 DE:431b HL:c0e0 SP:dfc9
03b1  and  a,a AF:0040 BC:c0c8 DE:431b HL:c0e0 SP:dfc9
03b2  jr   z,$03df AF:00a0 BC:c0c8 DE:431b HL:c0e0 SP:dfc9
03df  pop  af AF:00a0 BC:c0c8 DE:431b HL:c0e0 SP:dfc9
03e0  reti AF:0040 BC:c0c8 DE:431b HL:c0e0 SP:dfcb
4f5a  dec  e AF:0040 BC:c0c8 DE:431b HL:c0e0 SP:dfcd
4f5b  jr   nz,$4f59 AF:0040 BC:c0c8 DE:431a HL:c0e0 SP:dfcd
4f59  ldi  (hl),a AF:0040 BC:c0c8 DE:431a HL:c0e0 SP:dfcd
4f5a  dec  e AF:0040 BC:c0c8 DE:431a HL:c0e1 SP:dfcd
4f5b  jr   nz,$4f59 AF:0040 BC:c0c8 DE:4319 HL:c0e1 SP:dfcd
4f59  ldi  (hl),a AF:0040 BC:c0c8 DE:4319 HL:c0e1 SP:dfcd
4f5a  dec  e AF:0040 BC:c0c8 DE:4319 HL:c0e2 SP:dfcd
4f5b  jr   nz,$4f59 AF:0040 BC:c0c8 DE:4318 HL:c0e2 SP:dfcd
4f59  ldi  (hl),a AF:0040 BC:c0c8 DE:4318 HL:c0e2 SP:dfcd
4f5a  dec  e AF:0040 BC:c0c8 DE:4318 HL:c0e3 SP:dfcd
4f5b  jr   nz,$4f59 AF:0040 BC:c0c8 DE:4317 HL:c0e3 SP:dfcd
4f59  ldi  (hl),a AF:0040 BC:c0c8 DE:4317 HL:c0e3 SP:dfcd
4f5a  dec  e AF:0040 BC:c0c8 DE:4317 HL:c0e4 SP:dfcd
4f5b  jr   nz,$4f59 AF:0040 BC:c0c8 DE:4316 HL:c0e4 SP:dfcd
4f59  ldi  (hl),a AF:0040 BC:c0c8 DE:4316 HL:c0e4 SP:dfcd
4f5a  dec  e AF:0040 BC:c0c8 DE:4316 HL:c0e5 SP:dfcd
4f5b  jr   nz,$4f59 AF:0040 BC:c0c8 DE:4315 HL:c0e5 SP:dfcd
4f59  ldi  (hl),a AF:0040 BC:c0c8 DE:4315 HL:c0e5 SP:dfcd
4f5a  dec  e AF:0040 BC:c0c8 DE:4315 HL:c0e6 SP:dfcd
4f5b  jr   nz,$4f59 AF:0040 BC:c0c8 DE:4314 HL:c0e6 SP:dfcd
4f59  ldi  (hl),a AF:0040 BC:c0c8 DE:4314 HL:c0e6 SP:dfcd
4f5a  dec  e AF:0040 BC:c0c8 DE:4314 HL:c0e7 SP:dfcd
4f5b  jr   nz,$4f59 AF:0040 BC:c0c8 DE:4313 HL:c0e7 SP:dfcd
4f59  ldi  (hl),a AF:0040 BC:c0c8 DE:4313 HL:c0e7 SP:dfcd
4f5a  dec  e AF:0040 BC:c0c8 DE:4313 HL:c0e8 SP:dfcd
4f5b  jr   nz,$4f59 AF:0040 BC:c0c8 DE:4312 HL:c0e8 SP:dfcd
4f59  ldi  (hl),a AF:0040 BC:c0c8 DE:4312 HL:c0e8 SP:dfcd
4f5a  dec  e AF:0040 BC:c0c8 DE:4312 HL:c0e9 SP:dfcd
4f5b  jr   nz,$4f59 AF:0040 BC:c0c8 DE:4311 HL:c0e9 SP:dfcd
4f59  ldi  (hl),a AF:0040 BC:c0c8 DE:4311 HL:c0e9 SP:dfcd
4f5a  dec  e AF:0040 BC:c0c8 DE:4311 HL:c0ea SP:dfcd
4f5b  jr   nz,$4f59 AF:0040 BC:c0c8 DE:4310 HL:c0ea SP:dfcd
4f59  ldi  (hl),a AF:0040 BC:c0c8 DE:4310 HL:c0ea SP:dfcd
4f5a  dec  e AF:0040 BC:c0c8 DE:4310 HL:c0eb SP:dfcd
4f5b  jr   nz,$4f59 AF:0060 BC:c0c8 DE:430f HL:c0eb SP:dfcd
4f59  ldi  (hl),a AF:0060 BC:c0c8 DE:430f HL:c0eb SP:dfcd
4f5a  dec  e AF:0060 BC:c0c8 DE:430f HL:c0ec SP:dfcd
4f5b  jr   nz,$4f59 AF:0040 BC:c0c8 DE:430e HL:c0ec SP:dfcd
4f59  ldi  (hl),a AF:0040 BC:c0c8 DE:430e HL:c0ec SP:dfcd
4f5a  dec  e AF:0040 BC:c0c8 DE:430e HL:c0ed SP:dfcd
4f5b  jr   nz,$4f59 AF:0040 BC:c0c8 DE:430d HL:c0ed SP:dfcd
4f59  ldi  (hl),a AF:0040 BC:c0c8 DE:430d HL:c0ed SP:dfcd
4f5a  dec  e AF:0040 BC:c0c8 DE:430d HL:c0ee SP:dfcd
4f5b  jr   nz,$4f59 AF:0040 BC:c0c8 DE:430c HL:c0ee SP:dfcd
4f59  ldi  (hl),a AF:0040 BC:c0c8 DE:430c HL:c0ee SP:dfcd
03ae  push af AF:0040 BC:c0c8 DE:430c HL:c0ee SP:dfcb
03af  ld   a,($ffd0) AF:0040 BC:c0c8 DE:430c HL:c0ee SP:dfc9
03b1  and  a,a AF:0040 BC:c0c8 DE:430c HL:c0ee SP:dfc9
03b2  jr   z,$03df AF:00a0 BC:c0c8 DE:430c HL:c0ee SP:dfc9
03df  pop  af AF:00a0 BC:c0c8 DE:430c HL:c0ee SP:dfc9
03e0  reti AF:0040 BC:c0c8 DE:430c HL:c0ee SP:dfcb
4f59  ldi  (hl),a AF:0040 BC:c0c8 DE:430c HL:c0ee SP:dfcd
4f5a  dec  e AF:0040 BC:c0c8 DE:430c HL:c0ef SP:dfcd
4f5b  jr   nz,$4f59 AF:0040 BC:c0c8 DE:430b HL:c0ef SP:dfcd
4f59  ldi  (hl),a AF:0040 BC:c0c8 DE:430b HL:c0ef SP:dfcd
4f5a  dec  e AF:0040 BC:c0c8 DE:430b HL:c0f0 SP:dfcd
4f5b  jr   nz,$4f59 AF:0040 BC:c0c8 DE:430a HL:c0f0 SP:dfcd
4f59  ldi  (hl),a AF:0040 BC:c0c8 DE:430a HL:c0f0 SP:dfcd
4f5a  dec  e AF:0040 BC:c0c8 DE:430a HL:c0f1 SP:dfcd
4f5b  jr   nz,$4f59 AF:0040 BC:c0c8 DE:4309 HL:c0f1 SP:dfcd
4f59  ldi  (hl),a AF:0040 BC:c0c8 DE:4309 HL:c0f1 SP:dfcd
4f5a  dec  e AF:0040 BC:c0c8 DE:4309 HL:c0f2 SP:dfcd
4f5b  jr   nz,$4f59 AF:0040 BC:c0c8 DE:4308 HL:c0f2 SP:dfcd
4f59  ldi  (hl),a AF:0040 BC:c0c8 DE:4308 HL:c0f2 SP:dfcd
4f5a  dec  e AF:0040 BC:c0c8 DE:4308 HL:c0f3 SP:dfcd
4f5b  jr   nz,$4f59 AF:0040 BC:c0c8 DE:4307 HL:c0f3 SP:dfcd
4f59  ldi  (hl),a AF:0040 BC:c0c8 DE:4307 HL:c0f3 SP:dfcd
4f5a  dec  e AF:0040 BC:c0c8 DE:4307 HL:c0f4 SP:dfcd
4f5b  jr   nz,$4f59 AF:0040 BC:c0c8 DE:4306 HL:c0f4 SP:dfcd
4f59  ldi  (hl),a AF:0040 BC:c0c8 DE:4306 HL:c0f4 SP:dfcd
4f5a  dec  e AF:0040 BC:c0c8 DE:4306 HL:c0f5 SP:dfcd
4f5b  jr   nz,$4f59 AF:0040 BC:c0c8 DE:4305 HL:c0f5 SP:dfcd
4f59  ldi  (hl),a AF:0040 BC:c0c8 DE:4305 HL:c0f5 SP:dfcd
4f5a  dec  e AF:0040 BC:c0c8 DE:4305 HL:c0f6 SP:dfcd
4f5b  jr   nz,$4f59 AF:0040 BC:c0c8 DE:4304 HL:c0f6 SP:dfcd
4f59  ldi  (hl),a AF:0040 BC:c0c8 DE:4304 HL:c0f6 SP:dfcd
4f5a  dec  e AF:0040 BC:c0c8 DE:4304 HL:c0f7 SP:dfcd
4f5b  jr   nz,$4f59 AF:0040 BC:c0c8 DE:4303 HL:c0f7 SP:dfcd
4f59  ldi  (hl),a AF:0040 BC:c0c8 DE:4303 HL:c0f7 SP:dfcd
4f5a  dec  e AF:0040 BC:c0c8 DE:4303 HL:c0f8 SP:dfcd
4f5b  jr   nz,$4f59 AF:0040 BC:c0c8 DE:4302 HL:c0f8 SP:dfcd
4f59  ldi  (hl),a AF:0040 BC:c0c8 DE:4302 HL:c0f8 SP:dfcd
4f5a  dec  e AF:0040 BC:c0c8 DE:4302 HL:c0f9 SP:dfcd
4f5b  jr   nz,$4f59 AF:0040 BC:c0c8 DE:4301 HL:c0f9 SP:dfcd
4f59  ldi  (hl),a AF:0040 BC:c0c8 DE:4301 HL:c0f9 SP:dfcd
4f5a  dec  e AF:0040 BC:c0c8 DE:4301 HL:c0fa SP:dfcd
4f5b  jr   nz,$4f59 AF:00c0 BC:c0c8 DE:4300 HL:c0fa SP:dfcd
4f5d  ld   hl,$0019 AF:00c0 BC:c0c8 DE:4300 HL:c0fa SP:dfcd
4f60  add  hl,bc AF:00c0 BC:c0c8 DE:4300 HL:0019 SP:dfcd
4f61  xor  a,a AF:0080 BC:c0c8 DE:4300 HL:c0e1 SP:dfcd
4f62  ldi  (hl),a AF:0080 BC:c0c8 DE:4300 HL:c0e1 SP:dfcd
4f63  inc  a AF:0080 BC:c0c8 DE:4300 HL:c0e2 SP:dfcd
4f64  ld   (hl),a AF:0100 BC:c0c8 DE:4300 HL:c0e2 SP:dfcd
4f65  ld   hl,$002d AF:0100 BC:c0c8 DE:4300 HL:c0e2 SP:dfcd
4f68  add  hl,bc AF:0100 BC:c0c8 DE:4300 HL:002d SP:dfcd
03ae  push af AF:0100 BC:c0c8 DE:4300 HL:002d SP:dfcb
03af  ld   a,($ffd0) AF:0100 BC:c0c8 DE:4300 HL:002d SP:dfc9
03b1  and  a,a AF:0000 BC:c0c8 DE:4300 HL:002d SP:dfc9
03b2  jr   z,$03df AF:00a0 BC:c0c8 DE:4300 HL:002d SP:dfc9
03df  pop  af AF:00a0 BC:c0c8 DE:4300 HL:002d SP:dfc9
03e0  reti AF:0100 BC:c0c8 DE:4300 HL:002d SP:dfcb
4f68  add  hl,bc AF:0100 BC:c0c8 DE:4300 HL:002d SP:dfcd
4f69  ld   (hl),a AF:0100 BC:c0c8 DE:4300 HL:c0f5 SP:dfcd
4f6a  pop  de AF:0100 BC:c0c8 DE:4300 HL:c0f5 SP:dfcd
4f6b  ret AF:0100 BC:c0c8 DE:43cb HL:c0f5 SP:dfcf
4f2e  ld   hl,$0006 AF:0100 BC:c0c8 DE:43cb HL:c0f5 SP:dfd1
4f31  add  hl,bc AF:0100 BC:c0c8 DE:43cb HL:0006 SP:dfd1
4f32  call $4f6c AF:0100 BC:c0c8 DE:43cb HL:c0ce SP:dfd1
4f6c  ld   a,($c19e) AF:0100 BC:c0c8 DE:43cb HL:c0ce SP:dfcf
4f6f  call $3cbb AF:3c00 BC:c0c8 DE:43cb HL:c0ce SP:dfcf
3cbb  ld   ($2000),a AF:3c00 BC:c0c8 DE:43cb HL:c0ce SP:dfcd
3cbe  ld   ($ff98),a AF:3c00 BC:c0c8 DE:43cb HL:c0ce SP:dfcd
3cc0  ld   a,(de) AF:3c00 BC:c0c8 DE:43cb HL:c0ce SP:dfcd
3cc1  push af AF:5000 BC:c0c8 DE:43cb HL:c0ce SP:dfcd
3cc2  ld   a,$3a AF:5000 BC:c0c8 DE:43cb HL:c0ce SP:dfcb
3cc4  ld   ($2000),a AF:3a00 BC:c0c8 DE:43cb HL:c0ce SP:dfcb
3cc7  ld   ($ff98),a AF:3a00 BC:c0c8 DE:43cb HL:c0ce SP:dfcb
3cc9  pop  af AF:3a00 BC:c0c8 DE:43cb HL:c0ce SP:dfcb
3cca  ret AF:5000 BC:c0c8 DE:43cb HL:c0ce SP:dfcd
4f72  ret AF:5000 BC:c0c8 DE:43cb HL:c0ce SP:dfcf
4f35  ldi  (hl),a AF:5000 BC:c0c8 DE:43cb HL:c0ce SP:dfd1
4f36  inc  de AF:5000 BC:c0c8 DE:43cb HL:c0cf SP:dfd1
4f37  call $4f6c AF:5000 BC:c0c8 DE:43cc HL:c0cf SP:dfd1
4f6c  ld   a,($c19e) AF:5000 BC:c0c8 DE:43cc HL:c0cf SP:dfcf
4f6f  call $3cbb AF:3c00 BC:c0c8 DE:43cc HL:c0cf SP:dfcf
3cbb  ld   ($2000),a AF:3c00 BC:c0c8 DE:43cc HL:c0cf SP:dfcd
3cbe  ld   ($ff98),a AF:3c00 BC:c0c8 DE:43cc HL:c0cf SP:dfcd
03ae  push af AF:3c00 BC:c0c8 DE:43cc HL:c0cf SP:dfcb
03af  ld   a,($ffd0) AF:3c00 BC:c0c8 DE:43cc HL:c0cf SP:dfc9
03b1  and  a,a AF:0000 BC:c0c8 DE:43cc HL:c0cf SP:dfc9
03b2  jr   z,$03df AF:00a0 BC:c0c8 DE:43cc HL:c0cf SP:dfc9
03df  pop  af AF:00a0 BC:c0c8 DE:43cc HL:c0cf SP:dfc9
03e0  reti AF:3c00 BC:c0c8 DE:43cc HL:c0cf SP:dfcb
3cbe  ld   ($ff98),a AF:3c00 BC:c0c8 DE:43cc HL:c0cf SP:dfcd
3cc0  ld   a,(de) AF:3c00 BC:c0c8 DE:43cc HL:c0cf SP:dfcd
3cc1  push af AF:4600 BC:c0c8 DE:43cc HL:c0cf SP:dfcd
3cc2  ld   a,$3a AF:4600 BC:c0c8 DE:43cc HL:c0cf SP:dfcb
3cc4  ld   ($2000),a AF:3a00 BC:c0c8 DE:43cc HL:c0cf SP:dfcb
3cc7  ld   ($ff98),a AF:3a00 BC:c0c8 DE:43cc HL:c0cf SP:dfcb
3cc9  pop  af AF:3a00 BC:c0c8 DE:43cc HL:c0cf SP:dfcb
3cca  ret AF:4600 BC:c0c8 DE:43cc HL:c0cf SP:dfcd
4f72  ret AF:4600 BC:c0c8 DE:43cc HL:c0cf SP:dfcf
4f3a  ld   (hl),a AF:4600 BC:c0c8 DE:43cc HL:c0cf SP:dfd1
4f3b  inc  de AF:4600 BC:c0c8 DE:43cc HL:c0cf SP:dfd1
4f3c  ld   hl,$0000 AF:4600 BC:c0c8 DE:43cd HL:c0cf SP:dfd1
4f3f  add  hl,bc AF:4600 BC:c0c8 DE:43cd HL:0000 SP:dfd1
4f40  ld   a,($c19c) AF:4600 BC:c0c8 DE:43cd HL:c0c8 SP:dfd1
4f43  ldi  (hl),a AF:0500 BC:c0c8 DE:43cd HL:c0c8 SP:dfd1
4f44  ld   a,($c19d) AF:0500 BC:c0c8 DE:43cd HL:c0c9 SP:dfd1
4f47  ld   (hl),a AF:0000 BC:c0c8 DE:43cd HL:c0c9 SP:dfd1
4f48  ld   hl,$0002 AF:0000 BC:c0c8 DE:43cd HL:c0c9 SP:dfd1
4f4b  add  hl,bc AF:0000 BC:c0c8 DE:43cd HL:0002 SP:dfd1
4f4c  ld   a,($c19e) AF:0000 BC:c0c8 DE:43cd HL:c0ca SP:dfd1
4f4f  ld   (hl),a AF:3c00 BC:c0c8 DE:43cd HL:c0ca SP:dfd1
4f50  ret AF:3c00 BC:c0c8 DE:43cd HL:c0ca SP:dfd1
4e41  ld   hl,$0003 AF:3c00 BC:c0c8 DE:43cd HL:c0ca SP:dfd3
4e44  add  hl,bc AF:3c00 BC:c0c8 DE:43cd HL:0003 SP:dfd3
4e45  set  3,(hl) AF:3c00 BC:c0c8 DE:43cd HL:c0cb SP:dfd3
4e47  call $4d38 AF:3c00 BC:c0c8 DE:43cd HL:c0cb SP:dfd3
4d38  call $4d51 AF:3c00 BC:c0c8 DE:43cd HL:c0cb SP:dfd1
4d51  push de AF:3c00 BC:c0c8 DE:43cd HL:c0cb SP:dfcf
03ae  push af AF:3c00 BC:c0c8 DE:43cd HL:c0cb SP:dfcd
03af  ld   a,($ffd0) AF:3c00 BC:c0c8 DE:43cd HL:c0cb SP:dfcb
03b1  and  a,a AF:0000 BC:c0c8 DE:43cd HL:c0cb SP:dfcb
03b2  jr   z,$03df AF:00a0 BC:c0c8 DE:43cd HL:c0cb SP:dfcb
03df  pop  af AF:00a0 BC:c0c8 DE:43cd HL:c0cb SP:dfcb
03e0  reti AF:3c00 BC:c0c8 DE:43cd HL:c0cb SP:dfcd
4d51  push de AF:3c00 BC:c0c8 DE:43cd HL:c0cb SP:dfcf
4d52  ld   a,($c198) AF:3c00 BC:c0c8 DE:43cd HL:c0cb SP:dfcd
4d55  and  a,$03 AF:0400 BC:c0c8 DE:43cd HL:c0cb SP:dfcd
4d57  ld   e,a AF:00a0 BC:c0c8 DE:43cd HL:c0cb SP:dfcd
4d58  ld   d,$00 AF:00a0 BC:c0c8 DE:4300 HL:c0cb SP:dfcd
4d5a  ld   hl,$52b3 AF:00a0 BC:c0c8 DE:0000 HL:c0cb SP:dfcd
4d5d  add  hl,de AF:00a0 BC:c0c8 DE:0000 HL:52b3 SP:dfcd
4d5e  ld   a,(hl) AF:0080 BC:c0c8 DE:0000 HL:52b3 SP:dfcd
4d5f  ld   hl,$001b AF:1180 BC:c0c8 DE:0000 HL:52b3 SP:dfcd
4d62  add  hl,bc AF:1180 BC:c0c8 DE:0000 HL:001b SP:dfcd
4d63  ld   (hl),a AF:1180 BC:c0c8 DE:0000 HL:c0e3 SP:dfcd
4d64  pop  de AF:1180 BC:c0c8 DE:0000 HL:c0e3 SP:dfcd
4d65  ret AF:1180 BC:c0c8 DE:43cd HL:c0e3 SP:dfcf
4d3b  ld   hl,$0003 AF:1180 BC:c0c8 DE:43cd HL:c0e3 SP:dfd1
4d3e  add  hl,bc AF:1180 BC:c0c8 DE:43cd HL:0003 SP:dfd1
4d3f  set  0,(hl) AF:1180 BC:c0c8 DE:43cd HL:c0cb SP:dfd1
4d41  ret AF:1180 BC:c0c8 DE:43cd HL:c0cb SP:dfd1
4e4a  pop  af AF:1180 BC:c0c8 DE:43cd HL:c0cb SP:dfd3
4e4b  dec  a AF:0100 BC:c0c8 DE:43cd HL:c0cb SP:dfd5
4e4c  jr   nz,$4e3d AF:00c0 BC:c0c8 DE:43cd HL:c0cb SP:dfd5
4e4e  ret AF:00c0 BC:c0c8 DE:43cd HL:c0cb SP:dfd5
3d38  pop  af AF:00c0 BC:c0c8 DE:43cd HL:c0cb SP:dfd7
3d39  ld   ($2000),a AF:0420 BC:c0c8 DE:43cd HL:c0cb SP:dfd9
3d3c  ld   ($ff98),a AF:0420 BC:c0c8 DE:43cd HL:c0cb SP:dfd9
3d3e  pop  af AF:0420 BC:c0c8 DE:43cd HL:c0cb SP:dfd9
3d3f  pop  bc AF:0120 BC:c0c8 DE:43cd HL:c0cb SP:dfdb
3d40  pop  de AF:0120 BC:0100 DE:43cd HL:c0cb SP:dfdd
3d41  pop  hl AF:0120 BC:0100 DE:0005 HL:c0cb SP:dfdf
3d42  ret AF:0120 BC:0100 DE:0005 HL:4d0c SP:dfe1
1ac3  pop  de AF:0120 BC:0100 DE:0005 HL:4d0c SP:dfe3
1ac4  ld   a,($ffa4) AF:0120 BC:0100 DE:66bc HL:4d0c SP:dfe5
03ae  push af AF:0120 BC:0100 DE:66bc HL:4d0c SP:dfe3
03af  ld   a,($ffd0) AF:0120 BC:0100 DE:66bc HL:4d0c SP:dfe1
03b1  and  a,a AF:0020 BC:0100 DE:66bc HL:4d0c SP:dfe1
03b2  jr   z,$03df AF:00a0 BC:0100 DE:66bc HL:4d0c SP:dfe1
03df  pop  af AF:00a0 BC:0100 DE:66bc HL:4d0c SP:dfe1
03e0  reti AF:0120 BC:0100 DE:66bc HL:4d0c SP:dfe3
1ac4  ld   a,($ffa4) AF:0120 BC:0100 DE:66bc HL:4d0c SP:dfe5
1ac6  ret AF:0120 BC:0100 DE:66bc HL:4d0c SP:dfe5
1da6  bit  1,a AF:0120 BC:0100 DE:66bc HL:4d0c SP:dfe7
1da8  jr   z,$1dac AF:01a0 BC:0100 DE:66bc HL:4d0c SP:dfe7
1dac  and  a,a AF:01a0 BC:0100 DE:66bc HL:4d0c SP:dfe7
1dad  ret AF:0120 BC:0100 DE:66bc HL:4d0c SP:dfe7
658a  jp   c,$65b3 AF:0120 BC:0100 DE:66bc HL:4d0c SP:dfe9
658d  call $3a55 AF:0120 BC:0100 DE:66bc HL:4d0c SP:dfe9
3a55  ld   a,($cd79) AF:0120 BC:0100 DE:66bc HL:4d0c SP:dfe7
3a58  ld   hl,$d7f6 AF:0120 BC:0100 DE:66bc HL:4d0c SP:dfe7
3a5b  push hl AF:0120 BC:0100 DE:66bc HL:d7f6 SP:dfe7
3a5c  push bc AF:0120 BC:0100 DE:66bc HL:d7f6 SP:dfe5
3a5d  call $33e3 AF:0120 BC:0100 DE:66bc HL:d7f6 SP:dfe3
33e3  and  a,a AF:0120 BC:0100 DE:66bc HL:d7f6 SP:dfe1
33e4  ret  z AF:0120 BC:0100 DE:66bc HL:d7f6 SP:dfe1
33e5  ld   bc,$0006 AF:0120 BC:0100 DE:66bc HL:d7f6 SP:dfe1
33e8  add  hl,bc AF:0120 BC:0006 DE:66bc HL:d7f6 SP:dfe1
33e9  dec  a AF:0100 BC:0006 DE:66bc HL:d7fc SP:dfe1
33ea  jr   nz,$33e8 AF:00c0 BC:0006 DE:66bc HL:d7fc SP:dfe1
33ec  ret AF:00c0 BC:0006 DE:66bc HL:d7fc SP:dfe1
3a60  ld   de,$cd26 AF:00c0 BC:0006 DE:66bc HL:d7fc SP:dfe3
3a63  push de AF:00c0 BC:0006 DE:cd26 HL:d7fc SP:dfe3
3a64  ld   bc,$0006 AF:00c0 BC:0006 DE:cd26 HL:d7fc SP:dfe1
3a67  call $32ce AF:00c0 BC:0006 DE:cd26 HL:d7fc SP:dfe1
32ce  ld   a,b AF:00c0 BC:0006 DE:cd26 HL:d7fc SP:dfdf
32cf  and  a,a AF:00c0 BC:0006 DE:cd26 HL:d7fc SP:dfdf
32d0  jr   z,$32de AF:00a0 BC:0006 DE:cd26 HL:d7fc SP:dfdf
32de  ldi  a,(hl) AF:00a0 BC:0006 DE:cd26 HL:d7fc SP:dfdf
32df  ld   (de),a AF:00a0 BC:0006 DE:cd26 HL:d7fd SP:dfdf
32e0  inc  de AF:00a0 BC:0006 DE:cd26 HL:d7fd SP:dfdf
03ae  push af AF:00a0 BC:0006 DE:cd26 HL:d7fd SP:dfdd
03af  ld   a,($ffd0) AF:00a0 BC:0006 DE:cd26 HL:d7fd SP:dfdb
03b1  and  a,a AF:00a0 BC:0006 DE:cd26 HL:d7fd SP:dfdb
03b2  jr   z,$03df AF:00a0 BC:0006 DE:cd26 HL:d7fd SP:dfdb
03df  pop  af AF:00a0 BC:0006 DE:cd26 HL:d7fd SP:dfdb
03e0  reti AF:00a0 BC:0006 DE:cd26 HL:d7fd SP:dfdd
32e0  inc  de AF:00a0 BC:0006 DE:cd26 HL:d7fd SP:dfdf
32e1  dec  c AF:00a0 BC:0006 DE:cd27 HL:d7fd SP:dfdf
32e2  jr   nz,$32de AF:0040 BC:0005 DE:cd27 HL:d7fd SP:dfdf
32de  ldi  a,(hl) AF:0040 BC:0005 DE:cd27 HL:d7fd SP:dfdf
32df  ld   (de),a AF:0640 BC:0005 DE:cd27 HL:d7fe SP:dfdf
32e0  inc  de AF:0640 BC:0005 DE:cd27 HL:d7fe SP:dfdf
32e1  dec  c AF:0640 BC:0005 DE:cd28 HL:d7fe SP:dfdf
32e2  jr   nz,$32de AF:0640 BC:0004 DE:cd28 HL:d7fe SP:dfdf
32de  ldi  a,(hl) AF:0640 BC:0004 DE:cd28 HL:d7fe SP:dfdf
32df  ld   (de),a AF:0040 BC:0004 DE:cd28 HL:d7ff SP:dfdf
32e0  inc  de AF:0040 BC:0004 DE:cd28 HL:d7ff SP:dfdf
32e1  dec  c AF:0040 BC:0004 DE:cd29 HL:d7ff SP:dfdf
32e2  jr   nz,$32de AF:0040 BC:0003 DE:cd29 HL:d7ff SP:dfdf
32de  ldi  a,(hl) AF:0040 BC:0003 DE:cd29 HL:d7ff SP:dfdf
32df  ld   (de),a AF:0040 BC:0003 DE:cd29 HL:d800 SP:dfdf
32e0  inc  de AF:0040 BC:0003 DE:cd29 HL:d800 SP:dfdf
32e1  dec  c AF:0040 BC:0003 DE:cd2a HL:d800 SP:dfdf
32e2  jr   nz,$32de AF:0040 BC:0002 DE:cd2a HL:d800 SP:dfdf
32de  ldi  a,(hl) AF:0040 BC:0002 DE:cd2a HL:d800 SP:dfdf
32df  ld   (de),a AF:0040 BC:0002 DE:cd2a HL:d801 SP:dfdf
32e0  inc  de AF:0040 BC:0002 DE:cd2a HL:d801 SP:dfdf
32e1  dec  c AF:0040 BC:0002 DE:cd2b HL:d801 SP:dfdf
32e2  jr   nz,$32de AF:0040 BC:0001 DE:cd2b HL:d801 SP:dfdf
32de  ldi  a,(hl) AF:0040 BC:0001 DE:cd2b HL:d801 SP:dfdf
32df  ld   (de),a AF:1b40 BC:0001 DE:cd2b HL:d802 SP:dfdf
32e0  inc  de AF:1b40 BC:0001 DE:cd2b HL:d802 SP:dfdf
32e1  dec  c AF:1b40 BC:0001 DE:cd2c HL:d802 SP:dfdf
32e2  jr   nz,$32de AF:1bc0 BC:0000 DE:cd2c HL:d802 SP:dfdf
32e4  ret AF:1bc0 BC:0000 DE:cd2c HL:d802 SP:dfdf
3a6a  pop  de AF:1bc0 BC:0000 DE:cd2c HL:d802 SP:dfe1
3a6b  ld   hl,$67d2 AF:1bc0 BC:0000 DE:cd26 HL:d802 SP:dfe3
3a6e  ld   a,$01 AF:1bc0 BC:0000 DE:cd26 HL:67d2 SP:dfe3
3a70  call $2f6c AF:01c0 BC:0000 DE:cd26 HL:67d2 SP:dfe3
2f6c  push af AF:01c0 BC:0000 DE:cd26 HL:67d2 SP:dfe1
2f6d  ld   a,b AF:01c0 BC:0000 DE:cd26 HL:67d2 SP:dfdf
2f6e  ld   ($cd54),a AF:00c0 BC:0000 DE:cd26 HL:67d2 SP:dfdf
2f71  ld   a,c AF:00c0 BC:0000 DE:cd26 HL:67d2 SP:dfdf
2f72  ld   ($cd55),a AF:00c0 BC:0000 DE:cd26 HL:67d2 SP:dfdf
2f75  pop  af AF:00c0 BC:0000 DE:cd26 HL:67d2 SP:dfdf
03ae  push af AF:00c0 BC:0000 DE:cd26 HL:67d2 SP:dfdd
03af  ld   a,($ffd0) AF:00c0 BC:0000 DE:cd26 HL:67d2 SP:dfdb
03b1  and  a,a AF:00c0 BC:0000 DE:cd26 HL:67d2 SP:dfdb
03b2  jr   z,$03df AF:00a0 BC:0000 DE:cd26 HL:67d2 SP:dfdb
03df  pop  af AF:00a0 BC:0000 DE:cd26 HL:67d2 SP:dfdb
03e0  reti AF:00c0 BC:0000 DE:cd26 HL:67d2 SP:dfdd
2f75  pop  af AF:00c0 BC:0000 DE:cd26 HL:67d2 SP:dfdf
2f76  ld   b,a AF:01c0 BC:0000 DE:cd26 HL:67d2 SP:dfe1
2f77  ld   a,($ff98) AF:01c0 BC:0100 DE:cd26 HL:67d2 SP:dfe1
2f79  push af AF:04c0 BC:0100 DE:cd26 HL:67d2 SP:dfe1
2f7a  ld   a,b AF:04c0 BC:0100 DE:cd26 HL:67d2 SP:dfdf
2f7b  call $3286 AF:01c0 BC:0100 DE:cd26 HL:67d2 SP:dfdf
3286  ld   ($ff98),a AF:01c0 BC:0100 DE:cd26 HL:67d2 SP:dfdd
3288  ld   ($2000),a AF:01c0 BC:0100 DE:cd26 HL:67d2 SP:dfdd
328b  ret AF:01c0 BC:0100 DE:cd26 HL:67d2 SP:dfdd
2f7e  ld   bc,$2f8c AF:01c0 BC:0100 DE:cd26 HL:67d2 SP:dfdf
2f81  push bc AF:01c0 BC:2f8c DE:cd26 HL:67d2 SP:dfdf
2f82  push hl AF:01c0 BC:2f8c DE:cd26 HL:67d2 SP:dfdd
2f83  ld   a,($cd54) AF:01c0 BC:2f8c DE:cd26 HL:67d2 SP:dfdb
2f86  ld   b,a AF:00c0 BC:2f8c DE:cd26 HL:67d2 SP:dfdb
2f87  ld   a,($cd55) AF:00c0 BC:008c DE:cd26 HL:67d2 SP:dfdb
2f8a  ld   c,a AF:00c0 BC:008c DE:cd26 HL:67d2 SP:dfdb
2f8b  ret AF:00c0 BC:0000 DE:cd26 HL:67d2 SP:dfdb
67d2  push bc AF:00c0 BC:0000 DE:cd26 HL:67d2 SP:dfdd
67d3  push de AF:00c0 BC:0000 DE:cd26 HL:67d2 SP:dfdb
67d4  ld   b,$06 AF:00c0 BC:0000 DE:cd26 HL:67d2 SP:dfd9
67d6  ld   a,(de) AF:00c0 BC:0600 DE:cd26 HL:67d2 SP:dfd9
67d7  cp   a,$50 AF:00c0 BC:0600 DE:cd26 HL:67d2 SP:dfd9
67d9  jr   z,$67ff AF:0050 BC:0600 DE:cd26 HL:67d2 SP:dfd9
67db  ld   hl,$6802 AF:0050 BC:0600 DE:cd26 HL:67d2 SP:dfd9
67de  dec  hl AF:0050 BC:0600 DE:cd26 HL:6802 SP:dfd9
67df  inc  hl AF:0050 BC:0600 DE:cd26 HL:6801 SP:dfd9
67e0  ld   a,(hl) AF:0050 BC:0600 DE:cd26 HL:6802 SP:dfd9
67e1  cp   a,$ff AF:0050 BC:0600 DE:cd26 HL:6802 SP:dfd9
67e3  jr   z,$67f2 AF:0070 BC:0600 DE:cd26 HL:6802 SP:dfd9
67e5  ld   a,(de) AF:0070 BC:0600 DE:cd26 HL:6802 SP:dfd9
67e6  cp   a,(hl) AF:0070 BC:0600 DE:cd26 HL:6802 SP:dfd9
67e7  inc  hl AF:00c0 BC:0600 DE:cd26 HL:6802 SP:dfd9
03ae  push af AF:00c0 BC:0600 DE:cd26 HL:6802 SP:dfd7
03af  ld   a,($ffd0) AF:00c0 BC:0600 DE:cd26 HL:6802 SP:dfd5
03b1  and  a,a AF:00c0 BC:0600 DE:cd26 HL:6802 SP:dfd5
03b2  jr   z,$03df AF:00a0 BC:0600 DE:cd26 HL:6802 SP:dfd5
03df  pop  af AF:00a0 BC:0600 DE:cd26 HL:6802 SP:dfd5
03e0  reti AF:00c0 BC:0600 DE:cd26 HL:6802 SP:dfd7
67e7  inc  hl AF:00c0 BC:0600 DE:cd26 HL:6802 SP:dfd9
67e8  jr   c,$67df AF:00c0 BC:0600 DE:cd26 HL:6803 SP:dfd9
67ea  cp   a,(hl) AF:00c0 BC:0600 DE:cd26 HL:6803 SP:dfd9
67eb  jr   nc,$67df AF:0070 BC:0600 DE:cd26 HL:6803 SP:dfd9
67ed  ld   a,$e6 AF:0070 BC:0600 DE:cd26 HL:6803 SP:dfd9
67ef  ld   (de),a AF:e670 BC:0600 DE:cd26 HL:6803 SP:dfd9
67f0  jr   $67df AF:e670 BC:0600 DE:cd26 HL:6803 SP:dfd9
67df  inc  hl AF:e670 BC:0600 DE:cd26 HL:6803 SP:dfd9
67e0  ld   a,(hl) AF:e670 BC:0600 DE:cd26 HL:6804 SP:dfd9
67e1  cp   a,$ff AF:1470 BC:0600 DE:cd26 HL:6804 SP:dfd9
67e3  jr   z,$67f2 AF:1470 BC:0600 DE:cd26 HL:6804 SP:dfd9
67e5  ld   a,(de) AF:1470 BC:0600 DE:cd26 HL:6804 SP:dfd9
67e6  cp   a,(hl) AF:e670 BC:0600 DE:cd26 HL:6804 SP:dfd9
67e7  inc  hl AF:e640 BC:0600 DE:cd26 HL:6804 SP:dfd9
67e8  jr   c,$67df AF:e640 BC:0600 DE:cd26 HL:6805 SP:dfd9
67ea  cp   a,(hl) AF:e640 BC:0600 DE:cd26 HL:6805 SP:dfd9
67eb  jr   nc,$67df AF:e660 BC:0600 DE:cd26 HL:6805 SP:dfd9
67df  inc  hl AF:e660 BC:0600 DE:cd26 HL:6805 SP:dfd9
67e0  ld   a,(hl) AF:e660 BC:0600 DE:cd26 HL:6806 SP:dfd9
67e1  cp   a,$ff AF:1d60 BC:0600 DE:cd26 HL:6806 SP:dfd9
67e3  jr   z,$67f2 AF:1d70 BC:0600 DE:cd26 HL:6806 SP:dfd9
67e5  ld   a,(de) AF:1d70 BC:0600 DE:cd26 HL:6806 SP:dfd9
67e6  cp   a,(hl) AF:e670 BC:0600 DE:cd26 HL:6806 SP:dfd9
67e7  inc  hl AF:e660 BC:0600 DE:cd26 HL:6806 SP:dfd9
67e8  jr   c,$67df AF:e660 BC:0600 DE:cd26 HL:6807 SP:dfd9
67ea  cp   a,(hl) AF:e660 BC:0600 DE:cd26 HL:6807 SP:dfd9
67eb  jr   nc,$67df AF:e640 BC:0600 DE:cd26 HL:6807 SP:dfd9
67df  inc  hl AF:e640 BC:0600 DE:cd26 HL:6807 SP:dfd9
67e0  ld   a,(hl) AF:e640 BC:0600 DE:cd26 HL:6808 SP:dfd9
67e1  cp   a,$ff AF:3540 BC:0600 DE:cd26 HL:6808 SP:dfd9
67e3  jr   z,$67f2 AF:3570 BC:0600 DE:cd26 HL:6808 SP:dfd9
67e5  ld   a,(de) AF:3570 BC:0600 DE:cd26 HL:6808 SP:dfd9
67e6  cp   a,(hl) AF:e670 BC:0600 DE:cd26 HL:6808 SP:dfd9
67e7  inc  hl AF:e640 BC:0600 DE:cd26 HL:6808 SP:dfd9
67e8  jr   c,$67df AF:e640 BC:0600 DE:cd26 HL:6809 SP:dfd9
67ea  cp   a,(hl) AF:e640 BC:0600 DE:cd26 HL:6809 SP:dfd9
67eb  jr   nc,$67df AF:e660 BC:0600 DE:cd26 HL:6809 SP:dfd9
67df  inc  hl AF:e660 BC:0600 DE:cd26 HL:6809 SP:dfd9
67e0  ld   a,(hl) AF:e660 BC:0600 DE:cd26 HL:680a SP:dfd9
67e1  cp   a,$ff AF:4960 BC:0600 DE:cd26 HL:680a SP:dfd9
67e3  jr   z,$67f2 AF:4970 BC:0600 DE:cd26 HL:680a SP:dfd9
67e5  ld   a,(de) AF:4970 BC:0600 DE:cd26 HL:680a SP:dfd9
67e6  cp   a,(hl) AF:e670 BC:0600 DE:cd26 HL:680a SP:dfd9
03ae  push af AF:e670 BC:0600 DE:cd26 HL:680a SP:dfd7
03af  ld   a,($ffd0) AF:e670 BC:0600 DE:cd26 HL:680a SP:dfd5
03b1  and  a,a AF:0070 BC:0600 DE:cd26 HL:680a SP:dfd5
03b2  jr   z,$03df AF:00a0 BC:0600 DE:cd26 HL:680a SP:dfd5
03df  pop  af AF:00a0 BC:0600 DE:cd26 HL:680a SP:dfd5
03e0  reti AF:e670 BC:0600 DE:cd26 HL:680a SP:dfd7
67e6  cp   a,(hl) AF:e670 BC:0600 DE:cd26 HL:680a SP:dfd9
67e7  inc  hl AF:e660 BC:0600 DE:cd26 HL:680a SP:dfd9
67e8  jr   c,$67df AF:e660 BC:0600 DE:cd26 HL:680b SP:dfd9
67ea  cp   a,(hl) AF:e660 BC:0600 DE:cd26 HL:680b SP:dfd9
67eb  jr   nc,$67df AF:e660 BC:0600 DE:cd26 HL:680b SP:dfd9
67df  inc  hl AF:e660 BC:0600 DE:cd26 HL:680b SP:dfd9
67e0  ld   a,(hl) AF:e660 BC:0600 DE:cd26 HL:680c SP:dfd9
67e1  cp   a,$ff AF:ff60 BC:0600 DE:cd26 HL:680c SP:dfd9
67e3  jr   z,$67f2 AF:ffc0 BC:0600 DE:cd26 HL:680c SP:dfd9
67f2  inc  de AF:ffc0 BC:0600 DE:cd26 HL:680c SP:dfd9
67f3  dec  b AF:ffc0 BC:0600 DE:cd27 HL:680c SP:dfd9
67f4  jr   nz,$67d6 AF:ff40 BC:0500 DE:cd27 HL:680c SP:dfd9
67d6  ld   a,(de) AF:ff40 BC:0500 DE:cd27 HL:680c SP:dfd9
67d7  cp   a,$50 AF:0640 BC:0500 DE:cd27 HL:680c SP:dfd9
67d9  jr   z,$67ff AF:0650 BC:0500 DE:cd27 HL:680c SP:dfd9
67db  ld   hl,$6802 AF:0650 BC:0500 DE:cd27 HL:680c SP:dfd9
67de  dec  hl AF:0650 BC:0500 DE:cd27 HL:6802 SP:dfd9
67df  inc  hl AF:0650 BC:0500 DE:cd27 HL:6801 SP:dfd9
67e0  ld   a,(hl) AF:0650 BC:0500 DE:cd27 HL:6802 SP:dfd9
67e1  cp   a,$ff AF:0050 BC:0500 DE:cd27 HL:6802 SP:dfd9
67e3  jr   z,$67f2 AF:0070 BC:0500 DE:cd27 HL:6802 SP:dfd9
67e5  ld   a,(de) AF:0070 BC:0500 DE:cd27 HL:6802 SP:dfd9
67e6  cp   a,(hl) AF:0670 BC:0500 DE:cd27 HL:6802 SP:dfd9
67e7  inc  hl AF:0640 BC:0500 DE:cd27 HL:6802 SP:dfd9
67e8  jr   c,$67df AF:0640 BC:0500 DE:cd27 HL:6803 SP:dfd9
67ea  cp   a,(hl) AF:0640 BC:0500 DE:cd27 HL:6803 SP:dfd9
67eb  jr   nc,$67df AF:0640 BC:0500 DE:cd27 HL:6803 SP:dfd9
67df  inc  hl AF:0640 BC:0500 DE:cd27 HL:6803 SP:dfd9
67e0  ld   a,(hl) AF:0640 BC:0500 DE:cd27 HL:6804 SP:dfd9
67e1  cp   a,$ff AF:1440 BC:0500 DE:cd27 HL:6804 SP:dfd9
67e3  jr   z,$67f2 AF:1470 BC:0500 DE:cd27 HL:6804 SP:dfd9
67e5  ld   a,(de) AF:1470 BC:0500 DE:cd27 HL:6804 SP:dfd9
67e6  cp   a,(hl) AF:0670 BC:0500 DE:cd27 HL:6804 SP:dfd9
67e7  inc  hl AF:0650 BC:0500 DE:cd27 HL:6804 SP:dfd9
67e8  jr   c,$67df AF:0650 BC:0500 DE:cd27 HL:6805 SP:dfd9
67df  inc  hl AF:0650 BC:0500 DE:cd27 HL:6805 SP:dfd9
67e0  ld   a,(hl) AF:0650 BC:0500 DE:cd27 HL:6806 SP:dfd9
67e1  cp   a,$ff AF:1d50 BC:0500 DE:cd27 HL:6806 SP:dfd9
67e3  jr   z,$67f2 AF:1d70 BC:0500 DE:cd27 HL:6806 SP:dfd9
67e5  ld   a,(de) AF:1d70 BC:0500 DE:cd27 HL:6806 SP:dfd9
67e6  cp   a,(hl) AF:0670 BC:0500 DE:cd27 HL:6806 SP:dfd9
67e7  inc  hl AF:0670 BC:0500 DE:cd27 HL:6806 SP:dfd9
03ae  push af AF:0670 BC:0500 DE:cd27 HL:6806 SP:dfd7
03af  ld   a,($ffd0) AF:0670 BC:0500 DE:cd27 HL:6806 SP:dfd5
03b1  and  a,a AF:0070 BC:0500 DE:cd27 HL:6806 SP:dfd5
03b2  jr   z,$03df AF:00a0 BC:0500 DE:cd27 HL:6806 SP:dfd5
03df  pop  af AF:00a0 BC:0500 DE:cd27 HL:6806 SP:dfd5
03e0  reti AF:0670 BC:0500 DE:cd27 HL:6806 SP:dfd7
67e7  inc  hl AF:0670 BC:0500 DE:cd27 HL:6806 SP:dfd9
67e8  jr   c,$67df AF:0670 BC:0500 DE:cd27 HL:6807 SP:dfd9
67df  inc  hl AF:0670 BC:0500 DE:cd27 HL:6807 SP:dfd9
67e0  ld   a,(hl) AF:0670 BC:0500 DE:cd27 HL:6808 SP:dfd9
67e1  cp   a,$ff AF:3570 BC:0500 DE:cd27 HL:6808 SP:dfd9
67e3  jr   z,$67f2 AF:3570 BC:0500 DE:cd27 HL:6808 SP:dfd9
67e5  ld   a,(de) AF:3570 BC:0500 DE:cd27 HL:6808 SP:dfd9
67e6  cp   a,(hl) AF:0670 BC:0500 DE:cd27 HL:6808 SP:dfd9
67e7  inc  hl AF:0650 BC:0500 DE:cd27 HL:6808 SP:dfd9
67e8  jr   c,$67df AF:0650 BC:0500 DE:cd27 HL:6809 SP:dfd9
67df  inc  hl AF:0650 BC:0500 DE:cd27 HL:6809 SP:dfd9
67e0  ld   a,(hl) AF:0650 BC:0500 DE:cd27 HL:680a SP:dfd9
67e1  cp   a,$ff AF:4950 BC:0500 DE:cd27 HL:680a SP:dfd9
67e3  jr   z,$67f2 AF:4970 BC:0500 DE:cd27 HL:680a SP:dfd9
67e5  ld   a,(de) AF:4970 BC:0500 DE:cd27 HL:680a SP:dfd9
67e6  cp   a,(hl) AF:0670 BC:0500 DE:cd27 HL:680a SP:dfd9
67e7  inc  hl AF:0670 BC:0500 DE:cd27 HL:680a SP:dfd9
67e8  jr   c,$67df AF:0670 BC:0500 DE:cd27 HL:680b SP:dfd9
67df  inc  hl AF:0670 BC:0500 DE:cd27 HL:680b SP:dfd9
67e0  ld   a,(hl) AF:0670 BC:0500 DE:cd27 HL:680c SP:dfd9
67e1  cp   a,$ff AF:ff70 BC:0500 DE:cd27 HL:680c SP:dfd9
67e3  jr   z,$67f2 AF:ffc0 BC:0500 DE:cd27 HL:680c SP:dfd9
67f2  inc  de AF:ffc0 BC:0500 DE:cd27 HL:680c SP:dfd9
67f3  dec  b AF:ffc0 BC:0500 DE:cd28 HL:680c SP:dfd9
67f4  jr   nz,$67d6 AF:ff40 BC:0400 DE:cd28 HL:680c SP:dfd9
67d6  ld   a,(de) AF:ff40 BC:0400 DE:cd28 HL:680c SP:dfd9
67d7  cp   a,$50 AF:0040 BC:0400 DE:cd28 HL:680c SP:dfd9
67d9  jr   z,$67ff AF:0050 BC:0400 DE:cd28 HL:680c SP:dfd9
67db  ld   hl,$6802 AF:0050 BC:0400 DE:cd28 HL:680c SP:dfd9
67de  dec  hl AF:0050 BC:0400 DE:cd28 HL:6802 SP:dfd9
67df  inc  hl AF:0050 BC:0400 DE:cd28 HL:6801 SP:dfd9
67e0  ld   a,(hl) AF:0050 BC:0400 DE:cd28 HL:6802 SP:dfd9
67e1  cp   a,$ff AF:0050 BC:0400 DE:cd28 HL:6802 SP:dfd9
67e3  jr   z,$67f2 AF:0070 BC:0400 DE:cd28 HL:6802 SP:dfd9
67e5  ld   a,(de) AF:0070 BC:0400 DE:cd28 HL:6802 SP:dfd9
67e6  cp   a,(hl) AF:0070 BC:0400 DE:cd28 HL:6802 SP:dfd9
67e7  inc  hl AF:00c0 BC:0400 DE:cd28 HL:6802 SP:dfd9
67e8  jr   c,$67df AF:00c0 BC:0400 DE:cd28 HL:6803 SP:dfd9
67ea  cp   a,(hl) AF:00c0 BC:0400 DE:cd28 HL:6803 SP:dfd9
67eb  jr   nc,$67df AF:0070 BC:0400 DE:cd28 HL:6803 SP:dfd9
67ed  ld   a,$e6 AF:0070 BC:0400 DE:cd28 HL:6803 SP:dfd9
67ef  ld   (de),a AF:e670 BC:0400 DE:cd28 HL:6803 SP:dfd9
03ae  push af AF:e670 BC:0400 DE:cd28 HL:6803 SP:dfd7
03af  ld   a,($ffd0) AF:e670 BC:0400 DE:cd28 HL:6803 SP:dfd5
03b1  and  a,a AF:0070 BC:0400 DE:cd28 HL:6803 SP:dfd5
03b2  jr   z,$03df AF:00a0 BC:0400 DE:cd28 HL:6803 SP:dfd5
03df  pop  af AF:00a0 BC:0400 DE:cd28 HL:6803 SP:dfd5
03e0  reti AF:e670 BC:0400 DE:cd28 HL:6803 SP:dfd7
67ef  ld   (de),a AF:e670 BC:0400 DE:cd28 HL:6803 SP:dfd9
67f0  jr   $67df AF:e670 BC:0400 DE:cd28 HL:6803 SP:dfd9
67df  inc  hl AF:e670 BC:0400 DE:cd28 HL:6803 SP:dfd9
67e0  ld   a,(hl) AF:e670 BC:0400 DE:cd28 HL:6804 SP:dfd9
67e1  cp   a,$ff AF:1470 BC:0400 DE:cd28 HL:6804 SP:dfd9
67e3  jr   z,$67f2 AF:1470 BC:0400 DE:cd28 HL:6804 SP:dfd9
67e5  ld   a,(de) AF:1470 BC:0400 DE:cd28 HL:6804 SP:dfd9
67e6  cp   a,(hl) AF:e670 BC:0400 DE:cd28 HL:6804 SP:dfd9
67e7  inc  hl AF:e640 BC:0400 DE:cd28 HL:6804 SP:dfd9
67e8  jr   c,$67df AF:e640 BC:0400 DE:cd28 HL:6805 SP:dfd9
67ea  cp   a,(hl) AF:e640 BC:0400 DE:cd28 HL:6805 SP:dfd9
67eb  jr   nc,$67df AF:e660 BC:0400 DE:cd28 HL:6805 SP:dfd9
67df  inc  hl AF:e660 BC:0400 DE:cd28 HL:6805 SP:dfd9
67e0  ld   a,(hl) AF:e660 BC:0400 DE:cd28 HL:6806 SP:dfd9
67e1  cp   a,$ff AF:1d60 BC:0400 DE:cd28 HL:6806 SP:dfd9
67e3  jr   z,$67f2 AF:1d70 BC:0400 DE:cd28 HL:6806 SP:dfd9
67e5  ld   a,(de) AF:1d70 BC:0400 DE:cd28 HL:6806 SP:dfd9
67e6  cp   a,(hl) AF:e670 BC:0400 DE:cd28 HL:6806 SP:dfd9
67e7  inc  hl AF:e660 BC:0400 DE:cd28 HL:6806 SP:dfd9
67e8  jr   c,$67df AF:e660 BC:0400 DE:cd28 HL:6807 SP:dfd9
67ea  cp   a,(hl) AF:e660 BC:0400 DE:cd28 HL:6807 SP:dfd9
67eb  jr   nc,$67df AF:e640 BC:0400 DE:cd28 HL:6807 SP:dfd9
67df  inc  hl AF:e640 BC:0400 DE:cd28 HL:6807 SP:dfd9
67e0  ld   a,(hl) AF:e640 BC:0400 DE:cd28 HL:6808 SP:dfd9
67e1  cp   a,$ff AF:3540 BC:0400 DE:cd28 HL:6808 SP:dfd9
67e3  jr   z,$67f2 AF:3570 BC:0400 DE:cd28 HL:6808 SP:dfd9
67e5  ld   a,(de) AF:3570 BC:0400 DE:cd28 HL:6808 SP:dfd9
67e6  cp   a,(hl) AF:e670 BC:0400 DE:cd28 HL:6808 SP:dfd9
67e7  inc  hl AF:e640 BC:0400 DE:cd28 HL:6808 SP:dfd9
67e8  jr   c,$67df AF:e640 BC:0400 DE:cd28 HL:6809 SP:dfd9
67ea  cp   a,(hl) AF:e640 BC:0400 DE:cd28 HL:6809 SP:dfd9
67eb  jr   nc,$67df AF:e660 BC:0400 DE:cd28 HL:6809 SP:dfd9
67df  inc  hl AF:e660 BC:0400 DE:cd28 HL:6809 SP:dfd9
67e0  ld   a,(hl) AF:e660 BC:0400 DE:cd28 HL:680a SP:dfd9
67e1  cp   a,$ff AF:4960 BC:0400 DE:cd28 HL:680a SP:dfd9
67e3  jr   z,$67f2 AF:4970 BC:0400 DE:cd28 HL:680a SP:dfd9
67e5  ld   a,(de) AF:4970 BC:0400 DE:cd28 HL:680a SP:dfd9
67e6  cp   a,(hl) AF:e670 BC:0400 DE:cd28 HL:680a SP:dfd9
67e7  inc  hl AF:e660 BC:0400 DE:cd28 HL:680a SP:dfd9
67e8  jr   c,$67df AF:e660 BC:0400 DE:cd28 HL:680b SP:dfd9
67ea  cp   a,(hl) AF:e660 BC:0400 DE:cd28 HL:680b SP:dfd9
67eb  jr   nc,$67df AF:e660 BC:0400 DE:cd28 HL:680b SP:dfd9
03ae  push af AF:e660 BC:0400 DE:cd28 HL:680b SP:dfd7
03af  ld   a,($ffd0) AF:e660 BC:0400 DE:cd28 HL:680b SP:dfd5
03b1  and  a,a AF:0060 BC:0400 DE:cd28 HL:680b SP:dfd5
03b2  jr   z,$03df AF:00a0 BC:0400 DE:cd28 HL:680b SP:dfd5
03df  pop  af AF:00a0 BC:0400 DE:cd28 HL:680b SP:dfd5
03e0  reti AF:e660 BC:0400 DE:cd28 HL:680b SP:dfd7
67eb  jr   nc,$67df AF:e660 BC:0400 DE:cd28 HL:680b SP:dfd9
67df  inc  hl AF:e660 BC:0400 DE:cd28 HL:680b SP:dfd9
67e0  ld   a,(hl) AF:e660 BC:0400 DE:cd28 HL:680c SP:dfd9
67e1  cp   a,$ff AF:ff60 BC:0400 DE:cd28 HL:680c SP:dfd9
67e3  jr   z,$67f2 AF:ffc0 BC:0400 DE:cd28 HL:680c SP:dfd9
67f2  inc  de AF:ffc0 BC:0400 DE:cd28 HL:680c SP:dfd9
67f3  dec  b AF:ffc0 BC:0400 DE:cd29 HL:680c SP:dfd9
67f4  jr   nz,$67d6 AF:ff40 BC:0300 DE:cd29 HL:680c SP:dfd9
67d6  ld   a,(de) AF:ff40 BC:0300 DE:cd29 HL:680c SP:dfd9
67d7  cp   a,$50 AF:0040 BC:0300 DE:cd29 HL:680c SP:dfd9
67d9  jr   z,$67ff AF:0050 BC:0300 DE:cd29 HL:680c SP:dfd9
67db  ld   hl,$6802 AF:0050 BC:0300 DE:cd29 HL:680c SP:dfd9
67de  dec  hl AF:0050 BC:0300 DE:cd29 HL:6802 SP:dfd9
67df  inc  hl AF:0050 BC:0300 DE:cd29 HL:6801 SP:dfd9
67e0  ld   a,(hl) AF:0050 BC:0300 DE:cd29 HL:6802 SP:dfd9
67e1  cp   a,$ff AF:0050 BC:0300 DE:cd29 HL:6802 SP:dfd9
67e3  jr   z,$67f2 AF:0070 BC:0300 DE:cd29 HL:6802 SP:dfd9
67e5  ld   a,(de) AF:0070 BC:0300 DE:cd29 HL:6802 SP:dfd9
67e6  cp   a,(hl) AF:0070 BC:0300 DE:cd29 HL:6802 SP:dfd9
67e7  inc  hl AF:00c0 BC:0300 DE:cd29 HL:6802 SP:dfd9
67e8  jr   c,$67df AF:00c0 BC:0300 DE:cd29 HL:6803 SP:dfd9
67ea  cp   a,(hl) AF:00c0 BC:0300 DE:cd29 HL:6803 SP:dfd9
67eb  jr   nc,$67df AF:0070 BC:0300 DE:cd29 HL:6803 SP:dfd9
67ed  ld   a,$e6 AF:0070 BC:0300 DE:cd29 HL:6803 SP:dfd9
67ef  ld   (de),a AF:e670 BC:0300 DE:cd29 HL:6803 SP:dfd9
67f0  jr   $67df AF:e670 BC:0300 DE:cd29 HL:6803 SP:dfd9
67df  inc  hl AF:e670 BC:0300 DE:cd29 HL:6803 SP:dfd9
67e0  ld   a,(hl) AF:e670 BC:0300 DE:cd29 HL:6804 SP:dfd9
67e1  cp   a,$ff AF:1470 BC:0300 DE:cd29 HL:6804 SP:dfd9
67e3  jr   z,$67f2 AF:1470 BC:0300 DE:cd29 HL:6804 SP:dfd9
67e5  ld   a,(de) AF:1470 BC:0300 DE:cd29 HL:6804 SP:dfd9
67e6  cp   a,(hl) AF:e670 BC:0300 DE:cd29 HL:6804 SP:dfd9
67e7  inc  hl AF:e640 BC:0300 DE:cd29 HL:6804 SP:dfd9
67e8  jr   c,$67df AF:e640 BC:0300 DE:cd29 HL:6805 SP:dfd9
67ea  cp   a,(hl) AF:e640 BC:0300 DE:cd29 HL:6805 SP:dfd9
67eb  jr   nc,$67df AF:e660 BC:0300 DE:cd29 HL:6805 SP:dfd9
67df  inc  hl AF:e660 BC:0300 DE:cd29 HL:6805 SP:dfd9
67e0  ld   a,(hl) AF:e660 BC:0300 DE:cd29 HL:6806 SP:dfd9
67e1  cp   a,$ff AF:1d60 BC:0300 DE:cd29 HL:6806 SP:dfd9
67e3  jr   z,$67f2 AF:1d70 BC:0300 DE:cd29 HL:6806 SP:dfd9
67e5  ld   a,(de) AF:1d70 BC:0300 DE:cd29 HL:6806 SP:dfd9
67e6  cp   a,(hl) AF:e670 BC:0300 DE:cd29 HL:6806 SP:dfd9
03ae  push af AF:e670 BC:0300 DE:cd29 HL:6806 SP:dfd7
03af  ld   a,($ffd0) AF:e670 BC:0300 DE:cd29 HL:6806 SP:dfd5
03b1  and  a,a AF:0070 BC:0300 DE:cd29 HL:6806 SP:dfd5
03b2  jr   z,$03df AF:00a0 BC:0300 DE:cd29 HL:6806 SP:dfd5
03df  pop  af AF:00a0 BC:0300 DE:cd29 HL:6806 SP:dfd5
03e0  reti AF:e670 BC:0300 DE:cd29 HL:6806 SP:dfd7
67e6  cp   a,(hl) AF:e670 BC:0300 DE:cd29 HL:6806 SP:dfd9
67e7  inc  hl AF:e660 BC:0300 DE:cd29 HL:6806 SP:dfd9
67e8  jr   c,$67df AF:e660 BC:0300 DE:cd29 HL:6807 SP:dfd9
67ea  cp   a,(hl) AF:e660 BC:0300 DE:cd29 HL:6807 SP:dfd9
67eb  jr   nc,$67df AF:e640 BC:0300 DE:cd29 HL:6807 SP:dfd9
67df  inc  hl AF:e640 BC:0300 DE:cd29 HL:6807 SP:dfd9
67e0  ld   a,(hl) AF:e640 BC:0300 DE:cd29 HL:6808 SP:dfd9
67e1  cp   a,$ff AF:3540 BC:0300 DE:cd29 HL:6808 SP:dfd9
67e3  jr   z,$67f2 AF:3570 BC:0300 DE:cd29 HL:6808 SP:dfd9
67e5  ld   a,(de) AF:3570 BC:0300 DE:cd29 HL:6808 SP:dfd9
67e6  cp   a,(hl) AF:e670 BC:0300 DE:cd29 HL:6808 SP:dfd9
67e7  inc  hl AF:e640 BC:0300 DE:cd29 HL:6808 SP:dfd9
67e8  jr   c,$67df AF:e640 BC:0300 DE:cd29 HL:6809 SP:dfd9
67ea  cp   a,(hl) AF:e640 BC:0300 DE:cd29 HL:6809 SP:dfd9
67eb  jr   nc,$67df AF:e660 BC:0300 DE:cd29 HL:6809 SP:dfd9
67df  inc  hl AF:e660 BC:0300 DE:cd29 HL:6809 SP:dfd9
67e0  ld   a,(hl) AF:e660 BC:0300 DE:cd29 HL:680a SP:dfd9
67e1  cp   a,$ff AF:4960 BC:0300 DE:cd29 HL:680a SP:dfd9
67e3  jr   z,$67f2 AF:4970 BC:0300 DE:cd29 HL:680a SP:dfd9
67e5  ld   a,(de) AF:4970 BC:0300 DE:cd29 HL:680a SP:dfd9
67e6  cp   a,(hl) AF:e670 BC:0300 DE:cd29 HL:680a SP:dfd9
67e7  inc  hl AF:e660 BC:0300 DE:cd29 HL:680a SP:dfd9
67e8  jr   c,$67df AF:e660 BC:0300 DE:cd29 HL:680b SP:dfd9
67ea  cp   a,(hl) AF:e660 BC:0300 DE:cd29 HL:680b SP:dfd9
67eb  jr   nc,$67df AF:e660 BC:0300 DE:cd29 HL:680b SP:dfd9
67df  inc  hl AF:e660 BC:0300 DE:cd29 HL:680b SP:dfd9
67e0  ld   a,(hl) AF:e660 BC:0300 DE:cd29 HL:680c SP:dfd9
67e1  cp   a,$ff AF:ff60 BC:0300 DE:cd29 HL:680c SP:dfd9
67e3  jr   z,$67f2 AF:ffc0 BC:0300 DE:cd29 HL:680c SP:dfd9
67f2  inc  de AF:ffc0 BC:0300 DE:cd29 HL:680c SP:dfd9
67f3  dec  b AF:ffc0 BC:0300 DE:cd2a HL:680c SP:dfd9
67f4  jr   nz,$67d6 AF:ff40 BC:0200 DE:cd2a HL:680c SP:dfd9
67d6  ld   a,(de) AF:ff40 BC:0200 DE:cd2a HL:680c SP:dfd9
67d7  cp   a,$50 AF:0040 BC:0200 DE:cd2a HL:680c SP:dfd9
67d9  jr   z,$67ff AF:0050 BC:0200 DE:cd2a HL:680c SP:dfd9
67db  ld   hl,$6802 AF:0050 BC:0200 DE:cd2a HL:680c SP:dfd9
67de  dec  hl AF:0050 BC:0200 DE:cd2a HL:6802 SP:dfd9
67df  inc  hl AF:0050 BC:0200 DE:cd2a HL:6801 SP:dfd9
67e0  ld   a,(hl) AF:0050 BC:0200 DE:cd2a HL:6802 SP:dfd9
67e1  cp   a,$ff AF:0050 BC:0200 DE:cd2a HL:6802 SP:dfd9
67e3  jr   z,$67f2 AF:0070 BC:0200 DE:cd2a HL:6802 SP:dfd9
67e5  ld   a,(de) AF:0070 BC:0200 DE:cd2a HL:6802 SP:dfd9
03ae  push af AF:0070 BC:0200 DE:cd2a HL:6802 SP:dfd7
03af  ld   a,($ffd0) AF:0070 BC:0200 DE:cd2a HL:6802 SP:dfd5
03b1  and  a,a AF:0070 BC:0200 DE:cd2a HL:6802 SP:dfd5
03b2  jr   z,$03df AF:00a0 BC:0200 DE:cd2a HL:6802 SP:dfd5
03df  pop  af AF:00a0 BC:0200 DE:cd2a HL:6802 SP:dfd5
03e0  reti AF:0070 BC:0200 DE:cd2a HL:6802 SP:dfd7
67e5  ld   a,(de) AF:0070 BC:0200 DE:cd2a HL:6802 SP:dfd9
67e6  cp   a,(hl) AF:0070 BC:0200 DE:cd2a HL:6802 SP:dfd9
67e7  inc  hl AF:00c0 BC:0200 DE:cd2a HL:6802 SP:dfd9
67e8  jr   c,$67df AF:00c0 BC:0200 DE:cd2a HL:6803 SP:dfd9
67ea  cp   a,(hl) AF:00c0 BC:0200 DE:cd2a HL:6803 SP:dfd9
67eb  jr   nc,$67df AF:0070 BC:0200 DE:cd2a HL:6803 SP:dfd9
67ed  ld   a,$e6 AF:0070 BC:0200 DE:cd2a HL:6803 SP:dfd9
67ef  ld   (de),a AF:e670 BC:0200 DE:cd2a HL:6803 SP:dfd9
67f0  jr   $67df AF:e670 BC:0200 DE:cd2a HL:6803 SP:dfd9
67df  inc  hl AF:e670 BC:0200 DE:cd2a HL:6803 SP:dfd9
67e0  ld   a,(hl) AF:e670 BC:0200 DE:cd2a HL:6804 SP:dfd9
67e1  cp   a,$ff AF:1470 BC:0200 DE:cd2a HL:6804 SP:dfd9
67e3  jr   z,$67f2 AF:1470 BC:0200 DE:cd2a HL:6804 SP:dfd9
67e5  ld   a,(de) AF:1470 BC:0200 DE:cd2a HL:6804 SP:dfd9
67e6  cp   a,(hl) AF:e670 BC:0200 DE:cd2a HL:6804 SP:dfd9
67e7  inc  hl AF:e640 BC:0200 DE:cd2a HL:6804 SP:dfd9
67e8  jr   c,$67df AF:e640 BC:0200 DE:cd2a HL:6805 SP:dfd9
67ea  cp   a,(hl) AF:e640 BC:0200 DE:cd2a HL:6805 SP:dfd9
67eb  jr   nc,$67df AF:e660 BC:0200 DE:cd2a HL:6805 SP:dfd9
67df  inc  hl AF:e660 BC:0200 DE:cd2a HL:6805 SP:dfd9
67e0  ld   a,(hl) AF:e660 BC:0200 DE:cd2a HL:6806 SP:dfd9
67e1  cp   a,$ff AF:1d60 BC:0200 DE:cd2a HL:6806 SP:dfd9
67e3  jr   z,$67f2 AF:1d70 BC:0200 DE:cd2a HL:6806 SP:dfd9
67e5  ld   a,(de) AF:1d70 BC:0200 DE:cd2a HL:6806 SP:dfd9
67e6  cp   a,(hl) AF:e670 BC:0200 DE:cd2a HL:6806 SP:dfd9
67e7  inc  hl AF:e660 BC:0200 DE:cd2a HL:6806 SP:dfd9
67e8  jr   c,$67df AF:e660 BC:0200 DE:cd2a HL:6807 SP:dfd9
67ea  cp   a,(hl) AF:e660 BC:0200 DE:cd2a HL:6807 SP:dfd9
67eb  jr   nc,$67df AF:e640 BC:0200 DE:cd2a HL:6807 SP:dfd9
67df  inc  hl AF:e640 BC:0200 DE:cd2a HL:6807 SP:dfd9
67e0  ld   a,(hl) AF:e640 BC:0200 DE:cd2a HL:6808 SP:dfd9
67e1  cp   a,$ff AF:3540 BC:0200 DE:cd2a HL:6808 SP:dfd9
67e3  jr   z,$67f2 AF:3570 BC:0200 DE:cd2a HL:6808 SP:dfd9
67e5  ld   a,(de) AF:3570 BC:0200 DE:cd2a HL:6808 SP:dfd9
67e6  cp   a,(hl) AF:e670 BC:0200 DE:cd2a HL:6808 SP:dfd9
67e7  inc  hl AF:e640 BC:0200 DE:cd2a HL:6808 SP:dfd9
67e8  jr   c,$67df AF:e640 BC:0200 DE:cd2a HL:6809 SP:dfd9
67ea  cp   a,(hl) AF:e640 BC:0200 DE:cd2a HL:6809 SP:dfd9
67eb  jr   nc,$67df AF:e660 BC:0200 DE:cd2a HL:6809 SP:dfd9
67df  inc  hl AF:e660 BC:0200 DE:cd2a HL:6809 SP:dfd9
67e0  ld   a,(hl) AF:e660 BC:0200 DE:cd2a HL:680a SP:dfd9
67e1  cp   a,$ff AF:4960 BC:0200 DE:cd2a HL:680a SP:dfd9
67e3  jr   z,$67f2 AF:4970 BC:0200 DE:cd2a HL:680a SP:dfd9
03ae  push af AF:4970 BC:0200 DE:cd2a HL:680a SP:dfd7
03af  ld   a,($ffd0) AF:4970 BC:0200 DE:cd2a HL:680a SP:dfd5
03b1  and  a,a AF:0070 BC:0200 DE:cd2a HL:680a SP:dfd5
03b2  jr   z,$03df AF:00a0 BC:0200 DE:cd2a HL:680a SP:dfd5
03df  pop  af AF:00a0 BC:0200 DE:cd2a HL:680a SP:dfd5
03e0  reti AF:4970 BC:0200 DE:cd2a HL:680a SP:dfd7
67e3  jr   z,$67f2 AF:4970 BC:0200 DE:cd2a HL:680a SP:dfd9
67e5  ld   a,(de) AF:4970 BC:0200 DE:cd2a HL:680a SP:dfd9
67e6  cp   a,(hl) AF:e670 BC:0200 DE:cd2a HL:680a SP:dfd9
67e7  inc  hl AF:e660 BC:0200 DE:cd2a HL:680a SP:dfd9
67e8  jr   c,$67df AF:e660 BC:0200 DE:cd2a HL:680b SP:dfd9
67ea  cp   a,(hl) AF:e660 BC:0200 DE:cd2a HL:680b SP:dfd9
67eb  jr   nc,$67df AF:e660 BC:0200 DE:cd2a HL:680b SP:dfd9
67df  inc  hl AF:e660 BC:0200 DE:cd2a HL:680b SP:dfd9
67e0  ld   a,(hl) AF:e660 BC:0200 DE:cd2a HL:680c SP:dfd9
67e1  cp   a,$ff AF:ff60 BC:0200 DE:cd2a HL:680c SP:dfd9
67e3  jr   z,$67f2 AF:ffc0 BC:0200 DE:cd2a HL:680c SP:dfd9
67f2  inc  de AF:ffc0 BC:0200 DE:cd2a HL:680c SP:dfd9
67f3  dec  b AF:ffc0 BC:0200 DE:cd2b HL:680c SP:dfd9
67f4  jr   nz,$67d6 AF:ff40 BC:0100 DE:cd2b HL:680c SP:dfd9
67d6  ld   a,(de) AF:ff40 BC:0100 DE:cd2b HL:680c SP:dfd9
67d7  cp   a,$50 AF:1b40 BC:0100 DE:cd2b HL:680c SP:dfd9
67d9  jr   z,$67ff AF:1b50 BC:0100 DE:cd2b HL:680c SP:dfd9
67db  ld   hl,$6802 AF:1b50 BC:0100 DE:cd2b HL:680c SP:dfd9
67de  dec  hl AF:1b50 BC:0100 DE:cd2b HL:6802 SP:dfd9
67df  inc  hl AF:1b50 BC:0100 DE:cd2b HL:6801 SP:dfd9
67e0  ld   a,(hl) AF:1b50 BC:0100 DE:cd2b HL:6802 SP:dfd9
67e1  cp   a,$ff AF:0050 BC:0100 DE:cd2b HL:6802 SP:dfd9
67e3  jr   z,$67f2 AF:0070 BC:0100 DE:cd2b HL:6802 SP:dfd9
67e5  ld   a,(de) AF:0070 BC:0100 DE:cd2b HL:6802 SP:dfd9
67e6  cp   a,(hl) AF:1b70 BC:0100 DE:cd2b HL:6802 SP:dfd9
67e7  inc  hl AF:1b40 BC:0100 DE:cd2b HL:6802 SP:dfd9
67e8  jr   c,$67df AF:1b40 BC:0100 DE:cd2b HL:6803 SP:dfd9
67ea  cp   a,(hl) AF:1b40 BC:0100 DE:cd2b HL:6803 SP:dfd9
67eb  jr   nc,$67df AF:1b40 BC:0100 DE:cd2b HL:6803 SP:dfd9
67df  inc  hl AF:1b40 BC:0100 DE:cd2b HL:6803 SP:dfd9
67e0  ld   a,(hl) AF:1b40 BC:0100 DE:cd2b HL:6804 SP:dfd9
67e1  cp   a,$ff AF:1440 BC:0100 DE:cd2b HL:6804 SP:dfd9
67e3  jr   z,$67f2 AF:1470 BC:0100 DE:cd2b HL:6804 SP:dfd9
67e5  ld   a,(de) AF:1470 BC:0100 DE:cd2b HL:6804 SP:dfd9
67e6  cp   a,(hl) AF:1b70 BC:0100 DE:cd2b HL:6804 SP:dfd9
67e7  inc  hl AF:1b40 BC:0100 DE:cd2b HL:6804 SP:dfd9
67e8  jr   c,$67df AF:1b40 BC:0100 DE:cd2b HL:6805 SP:dfd9
67ea  cp   a,(hl) AF:1b40 BC:0100 DE:cd2b HL:6805 SP:dfd9
67eb  jr   nc,$67df AF:1b40 BC:0100 DE:cd2b HL:6805 SP:dfd9
67df  inc  hl AF:1b40 BC:0100 DE:cd2b HL:6805 SP:dfd9
67e0  ld   a,(hl) AF:1b40 BC:0100 DE:cd2b HL:6806 SP:dfd9
67e1  cp   a,$ff AF:1d40 BC:0100 DE:cd2b HL:6806 SP:dfd9
03ae  push af AF:1d40 BC:0100 DE:cd2b HL:6806 SP:dfd7
03af  ld   a,($ffd0) AF:1d40 BC:0100 DE:cd2b HL:6806 SP:dfd5
03b1  and  a,a AF:0040 BC:0100 DE:cd2b HL:6806 SP:dfd5
03b2  jr   z,$03df AF:00a0 BC:0100 DE:cd2b HL:6806 SP:dfd5
03df  pop  af AF:00a0 BC:0100 DE:cd2b HL:6806 SP:dfd5
03e0  reti AF:1d40 BC:0100 DE:cd2b HL:6806 SP:dfd7
67e1  cp   a,$ff AF:1d40 BC:0100 DE:cd2b HL:6806 SP:dfd9
67e3  jr   z,$67f2 AF:1d70 BC:0100 DE:cd2b HL:6806 SP:dfd9
67e5  ld   a,(de) AF:1d70 BC:0100 DE:cd2b HL:6806 SP:dfd9
67e6  cp   a,(hl) AF:1b70 BC:0100 DE:cd2b HL:6806 SP:dfd9
67e7  inc  hl AF:1b70 BC:0100 DE:cd2b HL:6806 SP:dfd9
67e8  jr   c,$67df AF:1b70 BC:0100 DE:cd2b HL:6807 SP:dfd9
67df  inc  hl AF:1b70 BC:0100 DE:cd2b HL:6807 SP:dfd9
67e0  ld   a,(hl) AF:1b70 BC:0100 DE:cd2b HL:6808 SP:dfd9
67e1  cp   a,$ff AF:3570 BC:0100 DE:cd2b HL:6808 SP:dfd9
67e3  jr   z,$67f2 AF:3570 BC:0100 DE:cd2b HL:6808 SP:dfd9
67e5  ld   a,(de) AF:3570 BC:0100 DE:cd2b HL:6808 SP:dfd9
67e6  cp   a,(hl) AF:1b70 BC:0100 DE:cd2b HL:6808 SP:dfd9
67e7  inc  hl AF:1b50 BC:0100 DE:cd2b HL:6808 SP:dfd9
67e8  jr   c,$67df AF:1b50 BC:0100 DE:cd2b HL:6809 SP:dfd9
67df  inc  hl AF:1b50 BC:0100 DE:cd2b HL:6809 SP:dfd9
67e0  ld   a,(hl) AF:1b50 BC:0100 DE:cd2b HL:680a SP:dfd9
67e1  cp   a,$ff AF:4950 BC:0100 DE:cd2b HL:680a SP:dfd9
67e3  jr   z,$67f2 AF:4970 BC:0100 DE:cd2b HL:680a SP:dfd9
67e5  ld   a,(de) AF:4970 BC:0100 DE:cd2b HL:680a SP:dfd9
67e6  cp   a,(hl) AF:1b70 BC:0100 DE:cd2b HL:680a SP:dfd9
67e7  inc  hl AF:1b50 BC:0100 DE:cd2b HL:680a SP:dfd9
67e8  jr   c,$67df AF:1b50 BC:0100 DE:cd2b HL:680b SP:dfd9
67df  inc  hl AF:1b50 BC:0100 DE:cd2b HL:680b SP:dfd9
67e0  ld   a,(hl) AF:1b50 BC:0100 DE:cd2b HL:680c SP:dfd9
67e1  cp   a,$ff AF:ff50 BC:0100 DE:cd2b HL:680c SP:dfd9
67e3  jr   z,$67f2 AF:ffc0 BC:0100 DE:cd2b HL:680c SP:dfd9
67f2  inc  de AF:ffc0 BC:0100 DE:cd2b HL:680c SP:dfd9
67f3  dec  b AF:ffc0 BC:0100 DE:cd2c HL:680c SP:dfd9
67f4  jr   nz,$67d6 AF:ffc0 BC:0000 DE:cd2c HL:680c SP:dfd9
67f6  pop  de AF:ffc0 BC:0000 DE:cd2c HL:680c SP:dfd9
67f7  push de AF:ffc0 BC:0000 DE:cd26 HL:680c SP:dfdb
67f8  ld   a,$e6 AF:ffc0 BC:0000 DE:cd26 HL:680c SP:dfd9
67fa  ld   (de),a AF:e6c0 BC:0000 DE:cd26 HL:680c SP:dfd9
67fb  inc  de AF:e6c0 BC:0000 DE:cd26 HL:680c SP:dfd9
67fc  ld   a,$50 AF:e6c0 BC:0000 DE:cd27 HL:680c SP:dfd9
67fe  ld   (de),a AF:50c0 BC:0000 DE:cd27 HL:680c SP:dfd9
67ff  pop  de AF:50c0 BC:0000 DE:cd27 HL:680c SP:dfd9
6800  pop  bc AF:50c0 BC:0000 DE:cd26 HL:680c SP:dfdb
6801  ret AF:50c0 BC:0000 DE:cd26 HL:680c SP:dfdd
2f8c  ld   a,b AF:50c0 BC:0000 DE:cd26 HL:680c SP:dfdf
03ae  push af AF:50c0 BC:0000 DE:cd26 HL:680c SP:dfdd
03af  ld   a,($ffd0) AF:50c0 BC:0000 DE:cd26 HL:680c SP:dfdb
03b1  and  a,a AF:00c0 BC:0000 DE:cd26 HL:680c SP:dfdb
03b2  jr   z,$03df AF:00a0 BC:0000 DE:cd26 HL:680c SP:dfdb
03df  pop  af AF:00a0 BC:0000 DE:cd26 HL:680c SP:dfdb
03e0  reti AF:50c0 BC:0000 DE:cd26 HL:680c SP:dfdd
2f8c  ld   a,b AF:50c0 BC:0000 DE:cd26 HL:680c SP:dfdf
2f8d  ld   ($cd54),a AF:00c0 BC:0000 DE:cd26 HL:680c SP:dfdf
2f90  ld   a,c AF:00c0 BC:0000 DE:cd26 HL:680c SP:dfdf
2f91  ld   ($cd55),a AF:00c0 BC:0000 DE:cd26 HL:680c SP:dfdf
2f94  pop  bc AF:00c0 BC:0000 DE:cd26 HL:680c SP:dfdf
2f95  ld   a,b AF:00c0 BC:04c0 DE:cd26 HL:680c SP:dfe1
2f96  call $3286 AF:04c0 BC:04c0 DE:cd26 HL:680c SP:dfe1
3286  ld   ($ff98),a AF:04c0 BC:04c0 DE:cd26 HL:680c SP:dfdf
3288  ld   ($2000),a AF:04c0 BC:04c0 DE:cd26 HL:680c SP:dfdf
328b  ret AF:04c0 BC:04c0 DE:cd26 HL:680c SP:dfdf
2f99  ld   a,($cd54) AF:04c0 BC:04c0 DE:cd26 HL:680c SP:dfe1
2f9c  ld   b,a AF:00c0 BC:04c0 DE:cd26 HL:680c SP:dfe1
2f9d  ld   a,($cd55) AF:00c0 BC:00c0 DE:cd26 HL:680c SP:dfe1
2fa0  ld   c,a AF:00c0 BC:00c0 DE:cd26 HL:680c SP:dfe1
2fa1  ret AF:00c0 BC:0000 DE:cd26 HL:680c SP:dfe1
3a73  pop  bc AF:00c0 BC:0000 DE:cd26 HL:680c SP:dfe3
3a74  pop  hl AF:00c0 BC:0100 DE:cd26 HL:680c SP:dfe5
3a75  ret AF:00c0 BC:0100 DE:cd26 HL:d7f6 SP:dfe7
6590  ld   hl,$cd26 AF:00c0 BC:0100 DE:cd26 HL:d7f6 SP:dfe9
6593  ld   de,$cd11 AF:00c0 BC:0100 DE:cd26 HL:cd26 SP:dfe9
6596  ld   bc,$0006 AF:00c0 BC:0100 DE:cd11 HL:cd26 SP:dfe9
6599  call $32ce AF:00c0 BC:0006 DE:cd11 HL:cd26 SP:dfe9
32ce  ld   a,b AF:00c0 BC:0006 DE:cd11 HL:cd26 SP:dfe7
32cf  and  a,a AF:00c0 BC:0006 DE:cd11 HL:cd26 SP:dfe7
32d0  jr   z,$32de AF:00a0 BC:0006 DE:cd11 HL:cd26 SP:dfe7
32de  ldi  a,(hl) AF:00a0 BC:0006 DE:cd11 HL:cd26 SP:dfe7
32df  ld   (de),a AF:e6a0 BC:0006 DE:cd11 HL:cd27 SP:dfe7
32e0  inc  de AF:e6a0 BC:0006 DE:cd11 HL:cd27 SP:dfe7
32e1  dec  c AF:e6a0 BC:0006 DE:cd12 HL:cd27 SP:dfe7
32e2  jr   nz,$32de AF:e640 BC:0005 DE:cd12 HL:cd27 SP:dfe7
32de  ldi  a,(hl) AF:e640 BC:0005 DE:cd12 HL:cd27 SP:dfe7
03ae  push af AF:e640 BC:0005 DE:cd12 HL:cd27 SP:dfe5
03af  ld   a,($ffd0) AF:e640 BC:0005 DE:cd12 HL:cd27 SP:dfe3
03b1  and  a,a AF:0040 BC:0005 DE:cd12 HL:cd27 SP:dfe3
03b2  jr   z,$03df AF:00a0 BC:0005 DE:cd12 HL:cd27 SP:dfe3
03df  pop  af AF:00a0 BC:0005 DE:cd12 HL:cd27 SP:dfe3
03e0  reti AF:e640 BC:0005 DE:cd12 HL:cd27 SP:dfe5
32de  ldi  a,(hl) AF:e640 BC:0005 DE:cd12 HL:cd27 SP:dfe7
32df  ld   (de),a AF:5040 BC:0005 DE:cd12 HL:cd28 SP:dfe7
32e0  inc  de AF:5040 BC:0005 DE:cd12 HL:cd28 SP:dfe7
32e1  dec  c AF:5040 BC:0005 DE:cd13 HL:cd28 SP:dfe7
32e2  jr   nz,$32de AF:5040 BC:0004 DE:cd13 HL:cd28 SP:dfe7
32de  ldi  a,(hl) AF:5040 BC:0004 DE:cd13 HL:cd28 SP:dfe7
32df  ld   (de),a AF:e640 BC:0004 DE:cd13 HL:cd29 SP:dfe7
32e0  inc  de AF:e640 BC:0004 DE:cd13 HL:cd29 SP:dfe7
32e1  dec  c AF:e640 BC:0004 DE:cd14 HL:cd29 SP:dfe7
32e2  jr   nz,$32de AF:e640 BC:0003 DE:cd14 HL:cd29 SP:dfe7
32de  ldi  a,(hl) AF:e640 BC:0003 DE:cd14 HL:cd29 SP:dfe7
32df  ld   (de),a AF:e640 BC:0003 DE:cd14 HL:cd2a SP:dfe7
32e0  inc  de AF:e640 BC:0003 DE:cd14 HL:cd2a SP:dfe7
32e1  dec  c AF:e640 BC:0003 DE:cd15 HL:cd2a SP:dfe7
32e2  jr   nz,$32de AF:e640 BC:0002 DE:cd15 HL:cd2a SP:dfe7
32de  ldi  a,(hl) AF:e640 BC:0002 DE:cd15 HL:cd2a SP:dfe7
32df  ld   (de),a AF:e640 BC:0002 DE:cd15 HL:cd2b SP:dfe7
32e0  inc  de AF:e640 BC:0002 DE:cd15 HL:cd2b SP:dfe7
32e1  dec  c AF:e640 BC:0002 DE:cd16 HL:cd2b SP:dfe7
32e2  jr   nz,$32de AF:e640 BC:0001 DE:cd16 HL:cd2b SP:dfe7
32de  ldi  a,(hl) AF:e640 BC:0001 DE:cd16 HL:cd2b SP:dfe7
32df  ld   (de),a AF:1b40 BC:0001 DE:cd16 HL:cd2c SP:dfe7
32e0  inc  de AF:1b40 BC:0001 DE:cd16 HL:cd2c SP:dfe7
32e1  dec  c AF:1b40 BC:0001 DE:cd17 HL:cd2c SP:dfe7
32e2  jr   nz,$32de AF:1bc0 BC:0000 DE:cd17 HL:cd2c SP:dfe7
32e4  ret AF:1bc0 BC:0000 DE:cd17 HL:cd2c SP:dfe7
659c  ld   a,($cc2a) AF:1bc0 BC:0000 DE:cd17 HL:cd2c SP:dfe9
659f  cp   a,$01 AF:02c0 BC:0000 DE:cd17 HL:cd2c SP:dfe9
65a1  jr   nz,$65ab AF:0240 BC:0000 DE:cd17 HL:cd2c SP:dfe9
65ab  call $666c AF:0240 BC:0000 DE:cd17 HL:cd2c SP:dfe9
666c  call $0e89 AF:0240 BC:0000 DE:cd17 HL:cd2c SP:dfe7
0e89  ld   hl,$c390 AF:0240 BC:0000 DE:cd17 HL:cd2c SP:dfe5
0e8c  ld   b,$04 AF:0240 BC:0000 DE:cd17 HL:c390 SP:dfe5
0e8e  ld   c,$12 AF:0240 BC:0400 DE:cd17 HL:c390 SP:dfe5
0e90  jp   $0e3d AF:0240 BC:0412 DE:cd17 HL:c390 SP:dfe5
0e3d  push hl AF:0240 BC:0412 DE:cd17 HL:c390 SP:dfe5
0e3e  ld   a,$79 AF:0240 BC:0412 DE:cd17 HL:c390 SP:dfe3
03ae  push af AF:0240 BC:0412 DE:cd17 HL:c390 SP:dfe1
03af  ld   a,($ffd0) AF:0240 BC:0412 DE:cd17 HL:c390 SP:dfdf
03b1  and  a,a AF:0040 BC:0412 DE:cd17 HL:c390 SP:dfdf
03b2  jr   z,$03df AF:00a0 BC:0412 DE:cd17 HL:c390 SP:dfdf
03df  pop  af AF:00a0 BC:0412 DE:cd17 HL:c390 SP:dfdf
03e0  reti AF:0240 BC:0412 DE:cd17 HL:c390 SP:dfe1
0e3e  ld   a,$79 AF:0240 BC:0412 DE:cd17 HL:c390 SP:dfe3
0e40  ldi  (hl),a AF:7940 BC:0412 DE:cd17 HL:c390 SP:dfe3
0e41  inc  a AF:7940 BC:0412 DE:cd17 HL:c391 SP:dfe3
0e42  call $0e6a AF:7a00 BC:0412 DE:cd17 HL:c391 SP:dfe3
0e6a  ld   d,c AF:7a00 BC:0412 DE:cd17 HL:c391 SP:dfe1
0e6b  ldi  (hl),a AF:7a00 BC:0412 DE:1217 HL:c391 SP:dfe1
0e6c  dec  d AF:7a00 BC:0412 DE:1217 HL:c392 SP:dfe1
0e6d  jr   nz,$0e6b AF:7a40 BC:0412 DE:1117 HL:c392 SP:dfe1
0e6b  ldi  (hl),a AF:7a40 BC:0412 DE:1117 HL:c392 SP:dfe1
0e6c  dec  d AF:7a40 BC:0412 DE:1117 HL:c393 SP:dfe1
0e6d  jr   nz,$0e6b AF:7a40 BC:0412 DE:1017 HL:c393 SP:dfe1
0e6b  ldi  (hl),a AF:7a40 BC:0412 DE:1017 HL:c393 SP:dfe1
0e6c  dec  d AF:7a40 BC:0412 DE:1017 HL:c394 SP:dfe1
0e6d  jr   nz,$0e6b AF:7a60 BC:0412 DE:0f17 HL:c394 SP:dfe1
0e6b  ldi  (hl),a AF:7a60 BC:0412 DE:0f17 HL:c394 SP:dfe1
0e6c  dec  d AF:7a60 BC:0412 DE:0f17 HL:c395 SP:dfe1
0e6d  jr   nz,$0e6b AF:7a40 BC:0412 DE:0e17 HL:c395 SP:dfe1
0e6b  ldi  (hl),a AF:7a40 BC:0412 DE:0e17 HL:c395 SP:dfe1
0e6c  dec  d AF:7a40 BC:0412 DE:0e17 HL:c396 SP:dfe1
0e6d  jr   nz,$0e6b AF:7a40 BC:0412 DE:0d17 HL:c396 SP:dfe1
0e6b  ldi  (hl),a AF:7a40 BC:0412 DE:0d17 HL:c396 SP:dfe1
0e6c  dec  d AF:7a40 BC:0412 DE:0d17 HL:c397 SP:dfe1
0e6d  jr   nz,$0e6b AF:7a40 BC:0412 DE:0c17 HL:c397 SP:dfe1
0e6b  ldi  (hl),a AF:7a40 BC:0412 DE:0c17 HL:c397 SP:dfe1
0e6c  dec  d AF:7a40 BC:0412 DE:0c17 HL:c398 SP:dfe1
0e6d  jr   nz,$0e6b AF:7a40 BC:0412 DE:0b17 HL:c398 SP:dfe1
0e6b  ldi  (hl),a AF:7a40 BC:0412 DE:0b17 HL:c398 SP:dfe1
0e6c  dec  d AF:7a40 BC:0412 DE:0b17 HL:c399 SP:dfe1
0e6d  jr   nz,$0e6b AF:7a40 BC:0412 DE:0a17 HL:c399 SP:dfe1
0e6b  ldi  (hl),a AF:7a40 BC:0412 DE:0a17 HL:c399 SP:dfe1
0e6c  dec  d AF:7a40 BC:0412 DE:0a17 HL:c39a SP:dfe1
0e6d  jr   nz,$0e6b AF:7a40 BC:0412 DE:0917 HL:c39a SP:dfe1
0e6b  ldi  (hl),a AF:7a40 BC:0412 DE:0917 HL:c39a SP:dfe1
0e6c  dec  d AF:7a40 BC:0412 DE:0917 HL:c39b SP:dfe1
0e6d  jr   nz,$0e6b AF:7a40 BC:0412 DE:0817 HL:c39b SP:dfe1
0e6b  ldi  (hl),a AF:7a40 BC:0412 DE:0817 HL:c39b SP:dfe1
0e6c  dec  d AF:7a40 BC:0412 DE:0817 HL:c39c SP:dfe1
0e6d  jr   nz,$0e6b AF:7a40 BC:0412 DE:0717 HL:c39c SP:dfe1
0e6b  ldi  (hl),a AF:7a40 BC:0412 DE:0717 HL:c39c SP:dfe1
0e6c  dec  d AF:7a40 BC:0412 DE:0717 HL:c39d SP:dfe1
0e6d  jr   nz,$0e6b AF:7a40 BC:0412 DE:0617 HL:c39d SP:dfe1
0e6b  ldi  (hl),a AF:7a40 BC:0412 DE:0617 HL:c39d SP:dfe1
0e6c  dec  d AF:7a40 BC:0412 DE:0617 HL:c39e SP:dfe1
03ae  push af AF:7a40 BC:0412 DE:0617 HL:c39e SP:dfdf
03af  ld   a,($ffd0) AF:7a40 BC:0412 DE:0617 HL:c39e SP:dfdd
03b1  and  a,a AF:0040 BC:0412 DE:0617 HL:c39e SP:dfdd
03b2  jr   z,$03df AF:00a0 BC:0412 DE:0617 HL:c39e SP:dfdd
03df  pop  af AF:00a0 BC:0412 DE:0617 HL:c39e SP:dfdd
03e0  reti AF:7a40 BC:0412 DE:0617 HL:c39e SP:dfdf
0e6c  dec  d AF:7a40 BC:0412 DE:0617 HL:c39e SP:dfe1
0e6d  jr   nz,$0e6b AF:7a40 BC:0412 DE:0517 HL:c39e SP:dfe1
0e6b  ldi  (hl),a AF:7a40 BC:0412 DE:0517 HL:c39e SP:dfe1
0e6c  dec  d AF:7a40 BC:0412 DE:0517 HL:c39f SP:dfe1
0e6d  jr   nz,$0e6b AF:7a40 BC:0412 DE:0417 HL:c39f SP:dfe1
0e6b  ldi  (hl),a AF:7a40 BC:0412 DE:0417 HL:c39f SP:dfe1
0e6c  dec  d AF:7a40 BC:0412 DE:0417 HL:c3a0 SP:dfe1
0e6d  jr   nz,$0e6b AF:7a40 BC:0412 DE:0317 HL:c3a0 SP:dfe1
0e6b  ldi  (hl),a AF:7a40 BC:0412 DE:0317 HL:c3a0 SP:dfe1
0e6c  dec  d AF:7a40 BC:0412 DE:0317 HL:c3a1 SP:dfe1
0e6d  jr   nz,$0e6b AF:7a40 BC:0412 DE:0217 HL:c3a1 SP:dfe1
0e6b  ldi  (hl),a AF:7a40 BC:0412 DE:0217 HL:c3a1 SP:dfe1
0e6c  dec  d AF:7a40 BC:0412 DE:0217 HL:c3a2 SP:dfe1
0e6d  jr   nz,$0e6b AF:7a40 BC:0412 DE:0117 HL:c3a2 SP:dfe1
0e6b  ldi  (hl),a AF:7a40 BC:0412 DE:0117 HL:c3a2 SP:dfe1
0e6c  dec  d AF:7a40 BC:0412 DE:0117 HL:c3a3 SP:dfe1
0e6d  jr   nz,$0e6b AF:7ac0 BC:0412 DE:0017 HL:c3a3 SP:dfe1
0e6f  ret AF:7ac0 BC:0412 DE:0017 HL:c3a3 SP:dfe1
0e45  inc  a AF:7ac0 BC:0412 DE:0017 HL:c3a3 SP:dfe3
0e46  ld   (hl),a AF:7b00 BC:0412 DE:0017 HL:c3a3 SP:dfe3
0e47  pop  hl AF:7b00 BC:0412 DE:0017 HL:c3a3 SP:dfe3
0e48  ld   de,$0014 AF:7b00 BC:0412 DE:0017 HL:c390 SP:dfe5
0e4b  add  hl,de AF:7b00 BC:0412 DE:0014 HL:c390 SP:dfe5
0e4c  push hl AF:7b00 BC:0412 DE:0014 HL:c3a4 SP:dfe5
0e4d  ld   a,$7c AF:7b00 BC:0412 DE:0014 HL:c3a4 SP:dfe3
0e4f  ldi  (hl),a AF:7c00 BC:0412 DE:0014 HL:c3a4 SP:dfe3
0e50  ld   a,$7f AF:7c00 BC:0412 DE:0014 HL:c3a5 SP:dfe3
0e52  call $0e6a AF:7f00 BC:0412 DE:0014 HL:c3a5 SP:dfe3
0e6a  ld   d,c AF:7f00 BC:0412 DE:0014 HL:c3a5 SP:dfe1
0e6b  ldi  (hl),a AF:7f00 BC:0412 DE:1214 HL:c3a5 SP:dfe1
0e6c  dec  d AF:7f00 BC:0412 DE:1214 HL:c3a6 SP:dfe1
0e6d  jr   nz,$0e6b AF:7f40 BC:0412 DE:1114 HL:c3a6 SP:dfe1
0e6b  ldi  (hl),a AF:7f40 BC:0412 DE:1114 HL:c3a6 SP:dfe1
0e6c  dec  d AF:7f40 BC:0412 DE:1114 HL:c3a7 SP:dfe1
0e6d  jr   nz,$0e6b AF:7f40 BC:0412 DE:1014 HL:c3a7 SP:dfe1
0e6b  ldi  (hl),a AF:7f40 BC:0412 DE:1014 HL:c3a7 SP:dfe1
0e6c  dec  d AF:7f40 BC:0412 DE:1014 HL:c3a8 SP:dfe1
0e6d  jr   nz,$0e6b AF:7f60 BC:0412 DE:0f14 HL:c3a8 SP:dfe1
0e6b  ldi  (hl),a AF:7f60 BC:0412 DE:0f14 HL:c3a8 SP:dfe1
0e6c  dec  d AF:7f60 BC:0412 DE:0f14 HL:c3a9 SP:dfe1
0e6d  jr   nz,$0e6b AF:7f40 BC:0412 DE:0e14 HL:c3a9 SP:dfe1
03ae  push af AF:7f40 BC:0412 DE:0e14 HL:c3a9 SP:dfdf
03af  ld   a,($ffd0) AF:7f40 BC:0412 DE:0e14 HL:c3a9 SP:dfdd
03b1  and  a,a AF:0040 BC:0412 DE:0e14 HL:c3a9 SP:dfdd
03b2  jr   z,$03df AF:00a0 BC:0412 DE:0e14 HL:c3a9 SP:dfdd
03df  pop  af AF:00a0 BC:0412 DE:0e14 HL:c3a9 SP:dfdd
03e0  reti AF:7f40 BC:0412 DE:0e14 HL:c3a9 SP:dfdf
0e6d  jr   nz,$0e6b AF:7f40 BC:0412 DE:0e14 HL:c3a9 SP:dfe1
0e6b  ldi  (hl),a AF:7f40 BC:0412 DE:0e14 HL:c3a9 SP:dfe1
0e6c  dec  d AF:7f40 BC:0412 DE:0e14 HL:c3aa SP:dfe1
0e6d  jr   nz,$0e6b AF:7f40 BC:0412 DE:0d14 HL:c3aa SP:dfe1
0e6b  ldi  (hl),a AF:7f40 BC:0412 DE:0d14 HL:c3aa SP:dfe1
0e6c  dec  d AF:7f40 BC:0412 DE:0d14 HL:c3ab SP:dfe1
0e6d  jr   nz,$0e6b AF:7f40 BC:0412 DE:0c14 HL:c3ab SP:dfe1
0e6b  ldi  (hl),a AF:7f40 BC:0412 DE:0c14 HL:c3ab SP:dfe1
0e6c  dec  d AF:7f40 BC:0412 DE:0c14 HL:c3ac SP:dfe1
0e6d  jr   nz,$0e6b AF:7f40 BC:0412 DE:0b14 HL:c3ac SP:dfe1
0e6b  ldi  (hl),a AF:7f40 BC:0412 DE:0b14 HL:c3ac SP:dfe1
0e6c  dec  d AF:7f40 BC:0412 DE:0b14 HL:c3ad SP:dfe1
0e6d  jr   nz,$0e6b AF:7f40 BC:0412 DE:0a14 HL:c3ad SP:dfe1
0e6b  ldi  (hl),a AF:7f40 BC:0412 DE:0a14 HL:c3ad SP:dfe1
0e6c  dec  d AF:7f40 BC:0412 DE:0a14 HL:c3ae SP:dfe1
0e6d  jr   nz,$0e6b AF:7f40 BC:0412 DE:0914 HL:c3ae SP:dfe1
0e6b  ldi  (hl),a AF:7f40 BC:0412 DE:0914 HL:c3ae SP:dfe1
0e6c  dec  d AF:7f40 BC:0412 DE:0914 HL:c3af SP:dfe1
0e6d  jr   nz,$0e6b AF:7f40 BC:0412 DE:0814 HL:c3af SP:dfe1
0e6b  ldi  (hl),a AF:7f40 BC:0412 DE:0814 HL:c3af SP:dfe1
0e6c  dec  d AF:7f40 BC:0412 DE:0814 HL:c3b0 SP:dfe1
0e6d  jr   nz,$0e6b AF:7f40 BC:0412 DE:0714 HL:c3b0 SP:dfe1
0e6b  ldi  (hl),a AF:7f40 BC:0412 DE:0714 HL:c3b0 SP:dfe1
0e6c  dec  d AF:7f40 BC:0412 DE:0714 HL:c3b1 SP:dfe1
0e6d  jr   nz,$0e6b AF:7f40 BC:0412 DE:0614 HL:c3b1 SP:dfe1
0e6b  ldi  (hl),a AF:7f40 BC:0412 DE:0614 HL:c3b1 SP:dfe1
0e6c  dec  d AF:7f40 BC:0412 DE:0614 HL:c3b2 SP:dfe1
0e6d  jr   nz,$0e6b AF:7f40 BC:0412 DE:0514 HL:c3b2 SP:dfe1
0e6b  ldi  (hl),a AF:7f40 BC:0412 DE:0514 HL:c3b2 SP:dfe1
0e6c  dec  d AF:7f40 BC:0412 DE:0514 HL:c3b3 SP:dfe1
0e6d  jr   nz,$0e6b AF:7f40 BC:0412 DE:0414 HL:c3b3 SP:dfe1
0e6b  ldi  (hl),a AF:7f40 BC:0412 DE:0414 HL:c3b3 SP:dfe1
0e6c  dec  d AF:7f40 BC:0412 DE:0414 HL:c3b4 SP:dfe1
0e6d  jr   nz,$0e6b AF:7f40 BC:0412 DE:0314 HL:c3b4 SP:dfe1
0e6b  ldi  (hl),a AF:7f40 BC:0412 DE:0314 HL:c3b4 SP:dfe1
0e6c  dec  d AF:7f40 BC:0412 DE:0314 HL:c3b5 SP:dfe1
0e6d  jr   nz,$0e6b AF:7f40 BC:0412 DE:0214 HL:c3b5 SP:dfe1
0e6b  ldi  (hl),a AF:7f40 BC:0412 DE:0214 HL:c3b5 SP:dfe1
0e6c  dec  d AF:7f40 BC:0412 DE:0214 HL:c3b6 SP:dfe1
0e6d  jr   nz,$0e6b AF:7f40 BC:0412 DE:0114 HL:c3b6 SP:dfe1
0e6b  ldi  (hl),a AF:7f40 BC:0412 DE:0114 HL:c3b6 SP:dfe1
0e6c  dec  d AF:7f40 BC:0412 DE:0114 HL:c3b7 SP:dfe1
0e6d  jr   nz,$0e6b AF:7fc0 BC:0412 DE:0014 HL:c3b7 SP:dfe1
0e6f  ret AF:7fc0 BC:0412 DE:0014 HL:c3b7 SP:dfe1
0e55  ld   (hl),$7c AF:7fc0 BC:0412 DE:0014 HL:c3b7 SP:dfe3
03ae  push af AF:7fc0 BC:0412 DE:0014 HL:c3b7 SP:dfe1
03af  ld   a,($ffd0) AF:7fc0 BC:0412 DE:0014 HL:c3b7 SP:dfdf
03b1  and  a,a AF:00c0 BC:0412 DE:0014 HL:c3b7 SP:dfdf
03b2  jr   z,$03df AF:00a0 BC:0412 DE:0014 HL:c3b7 SP:dfdf
03df  pop  af AF:00a0 BC:0412 DE:0014 HL:c3b7 SP:dfdf
03e0  reti AF:7fc0 BC:0412 DE:0014 HL:c3b7 SP:dfe1
0e55  ld   (hl),$7c AF:7fc0 BC:0412 DE:0014 HL:c3b7 SP:dfe3
0e57  pop  hl AF:7fc0 BC:0412 DE:0014 HL:c3b7 SP:dfe3
0e58  ld   de,$0014 AF:7fc0 BC:0412 DE:0014 HL:c3a4 SP:dfe5
0e5b  add  hl,de AF:7fc0 BC:0412 DE:0014 HL:c3a4 SP:dfe5
0e5c  dec  b AF:7f80 BC:0412 DE:0014 HL:c3b8 SP:dfe5
0e5d  jr   nz,$0e4c AF:7f40 BC:0312 DE:0014 HL:c3b8 SP:dfe5
0e4c  push hl AF:7f40 BC:0312 DE:0014 HL:c3b8 SP:dfe5
0e4d  ld   a,$7c AF:7f40 BC:0312 DE:0014 HL:c3b8 SP:dfe3
0e4f  ldi  (hl),a AF:7c40 BC:0312 DE:0014 HL:c3b8 SP:dfe3
0e50  ld   a,$7f AF:7c40 BC:0312 DE:0014 HL:c3b9 SP:dfe3
0e52  call $0e6a AF:7f40 BC:0312 DE:0014 HL:c3b9 SP:dfe3
0e6a  ld   d,c AF:7f40 BC:0312 DE:0014 HL:c3b9 SP:dfe1
0e6b  ldi  (hl),a AF:7f40 BC:0312 DE:1214 HL:c3b9 SP:dfe1
0e6c  dec  d AF:7f40 BC:0312 DE:1214 HL:c3ba SP:dfe1
0e6d  jr   nz,$0e6b AF:7f40 BC:0312 DE:1114 HL:c3ba SP:dfe1
0e6b  ldi  (hl),a AF:7f40 BC:0312 DE:1114 HL:c3ba SP:dfe1
0e6c  dec  d AF:7f40 BC:0312 DE:1114 HL:c3bb SP:dfe1
0e6d  jr   nz,$0e6b AF:7f40 BC:0312 DE:1014 HL:c3bb SP:dfe1
0e6b  ldi  (hl),a AF:7f40 BC:0312 DE:1014 HL:c3bb SP:dfe1
0e6c  dec  d AF:7f40 BC:0312 DE:1014 HL:c3bc SP:dfe1
0e6d  jr   nz,$0e6b AF:7f60 BC:0312 DE:0f14 HL:c3bc SP:dfe1
0e6b  ldi  (hl),a AF:7f60 BC:0312 DE:0f14 HL:c3bc SP:dfe1
0e6c  dec  d AF:7f60 BC:0312 DE:0f14 HL:c3bd SP:dfe1
0e6d  jr   nz,$0e6b AF:7f40 BC:0312 DE:0e14 HL:c3bd SP:dfe1
0e6b  ldi  (hl),a AF:7f40 BC:0312 DE:0e14 HL:c3bd SP:dfe1
0e6c  dec  d AF:7f40 BC:0312 DE:0e14 HL:c3be SP:dfe1
0e6d  jr   nz,$0e6b AF:7f40 BC:0312 DE:0d14 HL:c3be SP:dfe1
0e6b  ldi  (hl),a AF:7f40 BC:0312 DE:0d14 HL:c3be SP:dfe1
0e6c  dec  d AF:7f40 BC:0312 DE:0d14 HL:c3bf SP:dfe1
0e6d  jr   nz,$0e6b AF:7f40 BC:0312 DE:0c14 HL:c3bf SP:dfe1
0e6b  ldi  (hl),a AF:7f40 BC:0312 DE:0c14 HL:c3bf SP:dfe1
0e6c  dec  d AF:7f40 BC:0312 DE:0c14 HL:c3c0 SP:dfe1
0e6d  jr   nz,$0e6b AF:7f40 BC:0312 DE:0b14 HL:c3c0 SP:dfe1
0e6b  ldi  (hl),a AF:7f40 BC:0312 DE:0b14 HL:c3c0 SP:dfe1
0e6c  dec  d AF:7f40 BC:0312 DE:0b14 HL:c3c1 SP:dfe1
0e6d  jr   nz,$0e6b AF:7f40 BC:0312 DE:0a14 HL:c3c1 SP:dfe1
0e6b  ldi  (hl),a AF:7f40 BC:0312 DE:0a14 HL:c3c1 SP:dfe1
0e6c  dec  d AF:7f40 BC:0312 DE:0a14 HL:c3c2 SP:dfe1
0e6d  jr   nz,$0e6b AF:7f40 BC:0312 DE:0914 HL:c3c2 SP:dfe1
0e6b  ldi  (hl),a AF:7f40 BC:0312 DE:0914 HL:c3c2 SP:dfe1
03ae  push af AF:7f40 BC:0312 DE:0914 HL:c3c2 SP:dfdf
03af  ld   a,($ffd0) AF:7f40 BC:0312 DE:0914 HL:c3c2 SP:dfdd
03b1  and  a,a AF:0040 BC:0312 DE:0914 HL:c3c2 SP:dfdd
03b2  jr   z,$03df AF:00a0 BC:0312 DE:0914 HL:c3c2 SP:dfdd
03df  pop  af AF:00a0 BC:0312 DE:0914 HL:c3c2 SP:dfdd
03e0  reti AF:7f40 BC:0312 DE:0914 HL:c3c2 SP:dfdf
0e6b  ldi  (hl),a AF:7f40 BC:0312 DE:0914 HL:c3c2 SP:dfe1
0e6c  dec  d AF:7f40 BC:0312 DE:0914 HL:c3c3 SP:dfe1
0e6d  jr   nz,$0e6b AF:7f40 BC:0312 DE:0814 HL:c3c3 SP:dfe1
0e6b  ldi  (hl),a AF:7f40 BC:0312 DE:0814 HL:c3c3 SP:dfe1
0e6c  dec  d AF:7f40 BC:0312 DE:0814 HL:c3c4 SP:dfe1
0e6d  jr   nz,$0e6b AF:7f40 BC:0312 DE:0714 HL:c3c4 SP:dfe1
0e6b  ldi  (hl),a AF:7f40 BC:0312 DE:0714 HL:c3c4 SP:dfe1
0e6c  dec  d AF:7f40 BC:0312 DE:0714 HL:c3c5 SP:dfe1
0e6d  jr   nz,$0e6b AF:7f40 BC:0312 DE:0614 HL:c3c5 SP:dfe1
0e6b  ldi  (hl),a AF:7f40 BC:0312 DE:0614 HL:c3c5 SP:dfe1
0e6c  dec  d AF:7f40 BC:0312 DE:0614 HL:c3c6 SP:dfe1
0e6d  jr   nz,$0e6b AF:7f40 BC:0312 DE:0514 HL:c3c6 SP:dfe1
0e6b  ldi  (hl),a AF:7f40 BC:0312 DE:0514 HL:c3c6 SP:dfe1
0e6c  dec  d AF:7f40 BC:0312 DE:0514 HL:c3c7 SP:dfe1
0e6d  jr   nz,$0e6b AF:7f40 BC:0312 DE:0414 HL:c3c7 SP:dfe1
0e6b  ldi  (hl),a AF:7f40 BC:0312 DE:0414 HL:c3c7 SP:dfe1
0e6c  dec  d AF:7f40 BC:0312 DE:0414 HL:c3c8 SP:dfe1
0e6d  jr   nz,$0e6b AF:7f40 BC:0312 DE:0314 HL:c3c8 SP:dfe1
0e6b  ldi  (hl),a AF:7f40 BC:0312 DE:0314 HL:c3c8 SP:dfe1
0e6c  dec  d AF:7f40 BC:0312 DE:0314 HL:c3c9 SP:dfe1
0e6d  jr   nz,$0e6b AF:7f40 BC:0312 DE:0214 HL:c3c9 SP:dfe1
0e6b  ldi  (hl),a AF:7f40 BC:0312 DE:0214 HL:c3c9 SP:dfe1
0e6c  dec  d AF:7f40 BC:0312 DE:0214 HL:c3ca SP:dfe1
0e6d  jr   nz,$0e6b AF:7f40 BC:0312 DE:0114 HL:c3ca SP:dfe1
0e6b  ldi  (hl),a AF:7f40 BC:0312 DE:0114 HL:c3ca SP:dfe1
0e6c  dec  d AF:7f40 BC:0312 DE:0114 HL:c3cb SP:dfe1
0e6d  jr   nz,$0e6b AF:7fc0 BC:0312 DE:0014 HL:c3cb SP:dfe1
0e6f  ret AF:7fc0 BC:0312 DE:0014 HL:c3cb SP:dfe1
0e55  ld   (hl),$7c AF:7fc0 BC:0312 DE:0014 HL:c3cb SP:dfe3
0e57  pop  hl AF:7fc0 BC:0312 DE:0014 HL:c3cb SP:dfe3
0e58  ld   de,$0014 AF:7fc0 BC:0312 DE:0014 HL:c3b8 SP:dfe5
0e5b  add  hl,de AF:7fc0 BC:0312 DE:0014 HL:c3b8 SP:dfe5
0e5c  dec  b AF:7f80 BC:0312 DE:0014 HL:c3cc SP:dfe5
0e5d  jr   nz,$0e4c AF:7f40 BC:0212 DE:0014 HL:c3cc SP:dfe5
0e4c  push hl AF:7f40 BC:0212 DE:0014 HL:c3cc SP:dfe5
0e4d  ld   a,$7c AF:7f40 BC:0212 DE:0014 HL:c3cc SP:dfe3
0e4f  ldi  (hl),a AF:7c40 BC:0212 DE:0014 HL:c3cc SP:dfe3
0e50  ld   a,$7f AF:7c40 BC:0212 DE:0014 HL:c3cd SP:dfe3
0e52  call $0e6a AF:7f40 BC:0212 DE:0014 HL:c3cd SP:dfe3
0e6a  ld   d,c AF:7f40 BC:0212 DE:0014 HL:c3cd SP:dfe1
03ae  push af AF:7f40 BC:0212 DE:0014 HL:c3cd SP:dfdf
03af  ld   a,($ffd0) AF:7f40 BC:0212 DE:0014 HL:c3cd SP:dfdd
03b1  and  a,a AF:0040 BC:0212 DE:0014 HL:c3cd SP:dfdd
03b2  jr   z,$03df AF:00a0 BC:0212 DE:0014 HL:c3cd SP:dfdd
03df  pop  af AF:00a0 BC:0212 DE:0014 HL:c3cd SP:dfdd
03e0  reti AF:7f40 BC:0212 DE:0014 HL:c3cd SP:dfdf
0e6a  ld   d,c AF:7f40 BC:0212 DE:0014 HL:c3cd SP:dfe1
0e6b  ldi  (hl),a AF:7f40 BC:0212 DE:1214 HL:c3cd SP:dfe1
0e6c  dec  d AF:7f40 BC:0212 DE:1214 HL:c3ce SP:dfe1
0e6d  jr   nz,$0e6b AF:7f40 BC:0212 DE:1114 HL:c3ce SP:dfe1
0e6b  ldi  (hl),a AF:7f40 BC:0212 DE:1114 HL:c3ce SP:dfe1
0e6c  dec  d AF:7f40 BC:0212 DE:1114 HL:c3cf SP:dfe1
0e6d  jr   nz,$0e6b AF:7f40 BC:0212 DE:1014 HL:c3cf SP:dfe1
0e6b  ldi  (hl),a AF:7f40 BC:0212 DE:1014 HL:c3cf SP:dfe1
0e6c  dec  d AF:7f40 BC:0212 DE:1014 HL:c3d0 SP:dfe1
0e6d  jr   nz,$0e6b AF:7f60 BC:0212 DE:0f14 HL:c3d0 SP:dfe1
0e6b  ldi  (hl),a AF:7f60 BC:0212 DE:0f14 HL:c3d0 SP:dfe1
0e6c  dec  d AF:7f60 BC:0212 DE:0f14 HL:c3d1 SP:dfe1
0e6d  jr   nz,$0e6b AF:7f40 BC:0212 DE:0e14 HL:c3d1 SP:dfe1
0e6b  ldi  (hl),a AF:7f40 BC:0212 DE:0e14 HL:c3d1 SP:dfe1
0e6c  dec  d AF:7f40 BC:0212 DE:0e14 HL:c3d2 SP:dfe1
0e6d  jr   nz,$0e6b AF:7f40 BC:0212 DE:0d14 HL:c3d2 SP:dfe1
0e6b  ldi  (hl),a AF:7f40 BC:0212 DE:0d14 HL:c3d2 SP:dfe1
0e6c  dec  d AF:7f40 BC:0212 DE:0d14 HL:c3d3 SP:dfe1
0e6d  jr   nz,$0e6b AF:7f40 BC:0212 DE:0c14 HL:c3d3 SP:dfe1
0e6b  ldi  (hl),a AF:7f40 BC:0212 DE:0c14 HL:c3d3 SP:dfe1
0e6c  dec  d AF:7f40 BC:0212 DE:0c14 HL:c3d4 SP:dfe1
0e6d  jr   nz,$0e6b AF:7f40 BC:0212 DE:0b14 HL:c3d4 SP:dfe1
0e6b  ldi  (hl),a AF:7f40 BC:0212 DE:0b14 HL:c3d4 SP:dfe1
0e6c  dec  d AF:7f40 BC:0212 DE:0b14 HL:c3d5 SP:dfe1
0e6d  jr   nz,$0e6b AF:7f40 BC:0212 DE:0a14 HL:c3d5 SP:dfe1
0e6b  ldi  (hl),a AF:7f40 BC:0212 DE:0a14 HL:c3d5 SP:dfe1
0e6c  dec  d AF:7f40 BC:0212 DE:0a14 HL:c3d6 SP:dfe1
0e6d  jr   nz,$0e6b AF:7f40 BC:0212 DE:0914 HL:c3d6 SP:dfe1
0e6b  ldi  (hl),a AF:7f40 BC:0212 DE:0914 HL:c3d6 SP:dfe1
0e6c  dec  d AF:7f40 BC:0212 DE:0914 HL:c3d7 SP:dfe1
0e6d  jr   nz,$0e6b AF:7f40 BC:0212 DE:0814 HL:c3d7 SP:dfe1
0e6b  ldi  (hl),a AF:7f40 BC:0212 DE:0814 HL:c3d7 SP:dfe1
0e6c  dec  d AF:7f40 BC:0212 DE:0814 HL:c3d8 SP:dfe1
0e6d  jr   nz,$0e6b AF:7f40 BC:0212 DE:0714 HL:c3d8 SP:dfe1
0e6b  ldi  (hl),a AF:7f40 BC:0212 DE:0714 HL:c3d8 SP:dfe1
0e6c  dec  d AF:7f40 BC:0212 DE:0714 HL:c3d9 SP:dfe1
0e6d  jr   nz,$0e6b AF:7f40 BC:0212 DE:0614 HL:c3d9 SP:dfe1
0e6b  ldi  (hl),a AF:7f40 BC:0212 DE:0614 HL:c3d9 SP:dfe1
0e6c  dec  d AF:7f40 BC:0212 DE:0614 HL:c3da SP:dfe1
0e6d  jr   nz,$0e6b AF:7f40 BC:0212 DE:0514 HL:c3da SP:dfe1
0e6b  ldi  (hl),a AF:7f40 BC:0212 DE:0514 HL:c3da SP:dfe1
0e6c  dec  d AF:7f40 BC:0212 DE:0514 HL:c3db SP:dfe1
0e6d  jr   nz,$0e6b AF:7f40 BC:0212 DE:0414 HL:c3db SP:dfe1
0e6b  ldi  (hl),a AF:7f40 BC:0212 DE:0414 HL:c3db SP:dfe1
03ae  push af AF:7f40 BC:0212 DE:0414 HL:c3db SP:dfdf
03af  ld   a,($ffd0) AF:7f40 BC:0212 DE:0414 HL:c3db SP:dfdd
03b1  and  a,a AF:0040 BC:0212 DE:0414 HL:c3db SP:dfdd
03b2  jr   z,$03df AF:00a0 BC:0212 DE:0414 HL:c3db SP:dfdd
03df  pop  af AF:00a0 BC:0212 DE:0414 HL:c3db SP:dfdd
03e0  reti AF:7f40 BC:0212 DE:0414 HL:c3db SP:dfdf
0e6b  ldi  (hl),a AF:7f40 BC:0212 DE:0414 HL:c3db SP:dfe1
0e6c  dec  d AF:7f40 BC:0212 DE:0414 HL:c3dc SP:dfe1
0e6d  jr   nz,$0e6b AF:7f40 BC:0212 DE:0314 HL:c3dc SP:dfe1
0e6b  ldi  (hl),a AF:7f40 BC:0212 DE:0314 HL:c3dc SP:dfe1
0e6c  dec  d AF:7f40 BC:0212 DE:0314 HL:c3dd SP:dfe1
0e6d  jr   nz,$0e6b AF:7f40 BC:0212 DE:0214 HL:c3dd SP:dfe1
0e6b  ldi  (hl),a AF:7f40 BC:0212 DE:0214 HL:c3dd SP:dfe1
0e6c  dec  d AF:7f40 BC:0212 DE:0214 HL:c3de SP:dfe1
0e6d  jr   nz,$0e6b AF:7f40 BC:0212 DE:0114 HL:c3de SP:dfe1
0e6b  ldi  (hl),a AF:7f40 BC:0212 DE:0114 HL:c3de SP:dfe1
0e6c  dec  d AF:7f40 BC:0212 DE:0114 HL:c3df SP:dfe1
0e6d  jr   nz,$0e6b AF:7fc0 BC:0212 DE:0014 HL:c3df SP:dfe1
0e6f  ret AF:7fc0 BC:0212 DE:0014 HL:c3df SP:dfe1
0e55  ld   (hl),$7c AF:7fc0 BC:0212 DE:0014 HL:c3df SP:dfe3
0e57  pop  hl AF:7fc0 BC:0212 DE:0014 HL:c3df SP:dfe3
0e58  ld   de,$0014 AF:7fc0 BC:0212 DE:0014 HL:c3cc SP:dfe5
0e5b  add  hl,de AF:7fc0 BC:0212 DE:0014 HL:c3cc SP:dfe5
0e5c  dec  b AF:7f80 BC:0212 DE:0014 HL:c3e0 SP:dfe5
0e5d  jr   nz,$0e4c AF:7f40 BC:0112 DE:0014 HL:c3e0 SP:dfe5
0e4c  push hl AF:7f40 BC:0112 DE:0014 HL:c3e0 SP:dfe5
0e4d  ld   a,$7c AF:7f40 BC:0112 DE:0014 HL:c3e0 SP:dfe3
0e4f  ldi  (hl),a AF:7c40 BC:0112 DE:0014 HL:c3e0 SP:dfe3
0e50  ld   a,$7f AF:7c40 BC:0112 DE:0014 HL:c3e1 SP:dfe3
0e52  call $0e6a AF:7f40 BC:0112 DE:0014 HL:c3e1 SP:dfe3
0e6a  ld   d,c AF:7f40 BC:0112 DE:0014 HL:c3e1 SP:dfe1
0e6b  ldi  (hl),a AF:7f40 BC:0112 DE:1214 HL:c3e1 SP:dfe1
0e6c  dec  d AF:7f40 BC:0112 DE:1214 HL:c3e2 SP:dfe1
0e6d  jr   nz,$0e6b AF:7f40 BC:0112 DE:1114 HL:c3e2 SP:dfe1
0e6b  ldi  (hl),a AF:7f40 BC:0112 DE:1114 HL:c3e2 SP:dfe1
0e6c  dec  d AF:7f40 BC:0112 DE:1114 HL:c3e3 SP:dfe1
0e6d  jr   nz,$0e6b AF:7f40 BC:0112 DE:1014 HL:c3e3 SP:dfe1
0e6b  ldi  (hl),a AF:7f40 BC:0112 DE:1014 HL:c3e3 SP:dfe1
0e6c  dec  d AF:7f40 BC:0112 DE:1014 HL:c3e4 SP:dfe1
0e6d  jr   nz,$0e6b AF:7f60 BC:0112 DE:0f14 HL:c3e4 SP:dfe1
0e6b  ldi  (hl),a AF:7f60 BC:0112 DE:0f14 HL:c3e4 SP:dfe1
0e6c  dec  d AF:7f60 BC:0112 DE:0f14 HL:c3e5 SP:dfe1
0e6d  jr   nz,$0e6b AF:7f40 BC:0112 DE:0e14 HL:c3e5 SP:dfe1
0e6b  ldi  (hl),a AF:7f40 BC:0112 DE:0e14 HL:c3e5 SP:dfe1
0e6c  dec  d AF:7f40 BC:0112 DE:0e14 HL:c3e6 SP:dfe1
0e6d  jr   nz,$0e6b AF:7f40 BC:0112 DE:0d14 HL:c3e6 SP:dfe1
03ae  push af AF:7f40 BC:0112 DE:0d14 HL:c3e6 SP:dfdf
03af  ld   a,($ffd0) AF:7f40 BC:0112 DE:0d14 HL:c3e6 SP:dfdd
03b1  and  a,a AF:0040 BC:0112 DE:0d14 HL:c3e6 SP:dfdd
03b2  jr   z,$03df AF:00a0 BC:0112 DE:0d14 HL:c3e6 SP:dfdd
03df  pop  af AF:00a0 BC:0112 DE:0d14 HL:c3e6 SP:dfdd
03e0  reti AF:7f40 BC:0112 DE:0d14 HL:c3e6 SP:dfdf
0e6d  jr   nz,$0e6b AF:7f40 BC:0112 DE:0d14 HL:c3e6 SP:dfe1
0e6b  ldi  (hl),a AF:7f40 BC:0112 DE:0d14 HL:c3e6 SP:dfe1
0e6c  dec  d AF:7f40 BC:0112 DE:0d14 HL:c3e7 SP:dfe1
0e6d  jr   nz,$0e6b AF:7f40 BC:0112 DE:0c14 HL:c3e7 SP:dfe1
0e6b  ldi  (hl),a AF:7f40 BC:0112 DE:0c14 HL:c3e7 SP:dfe1
0e6c  dec  d AF:7f40 BC:0112 DE:0c14 HL:c3e8 SP:dfe1
0e6d  jr   nz,$0e6b AF:7f40 BC:0112 DE:0b14 HL:c3e8 SP:dfe1
0e6b  ldi  (hl),a AF:7f40 BC:0112 DE:0b14 HL:c3e8 SP:dfe1
0e6c  dec  d AF:7f40 BC:0112 DE:0b14 HL:c3e9 SP:dfe1
0e6d  jr   nz,$0e6b AF:7f40 BC:0112 DE:0a14 HL:c3e9 SP:dfe1
0e6b  ldi  (hl),a AF:7f40 BC:0112 DE:0a14 HL:c3e9 SP:dfe1
0e6c  dec  d AF:7f40 BC:0112 DE:0a14 HL:c3ea SP:dfe1
0e6d  jr   nz,$0e6b AF:7f40 BC:0112 DE:0914 HL:c3ea SP:dfe1
0e6b  ldi  (hl),a AF:7f40 BC:0112 DE:0914 HL:c3ea SP:dfe1
0e6c  dec  d AF:7f40 BC:0112 DE:0914 HL:c3eb SP:dfe1
0e6d  jr   nz,$0e6b AF:7f40 BC:0112 DE:0814 HL:c3eb SP:dfe1
0e6b  ldi  (hl),a AF:7f40 BC:0112 DE:0814 HL:c3eb SP:dfe1
0e6c  dec  d AF:7f40 BC:0112 DE:0814 HL:c3ec SP:dfe1
0e6d  jr   nz,$0e6b AF:7f40 BC:0112 DE:0714 HL:c3ec SP:dfe1
0e6b  ldi  (hl),a AF:7f40 BC:0112 DE:0714 HL:c3ec SP:dfe1
0e6c  dec  d AF:7f40 BC:0112 DE:0714 HL:c3ed SP:dfe1
0e6d  jr   nz,$0e6b AF:7f40 BC:0112 DE:0614 HL:c3ed SP:dfe1
0e6b  ldi  (hl),a AF:7f40 BC:0112 DE:0614 HL:c3ed SP:dfe1
0e6c  dec  d AF:7f40 BC:0112 DE:0614 HL:c3ee SP:dfe1
0e6d  jr   nz,$0e6b AF:7f40 BC:0112 DE:0514 HL:c3ee SP:dfe1
0e6b  ldi  (hl),a AF:7f40 BC:0112 DE:0514 HL:c3ee SP:dfe1
0e6c  dec  d AF:7f40 BC:0112 DE:0514 HL:c3ef SP:dfe1
0e6d  jr   nz,$0e6b AF:7f40 BC:0112 DE:0414 HL:c3ef SP:dfe1
0e6b  ldi  (hl),a AF:7f40 BC:0112 DE:0414 HL:c3ef SP:dfe1
0e6c  dec  d AF:7f40 BC:0112 DE:0414 HL:c3f0 SP:dfe1
0e6d  jr   nz,$0e6b AF:7f40 BC:0112 DE:0314 HL:c3f0 SP:dfe1
0e6b  ldi  (hl),a AF:7f40 BC:0112 DE:0314 HL:c3f0 SP:dfe1
0e6c  dec  d AF:7f40 BC:0112 DE:0314 HL:c3f1 SP:dfe1
0e6d  jr   nz,$0e6b AF:7f40 BC:0112 DE:0214 HL:c3f1 SP:dfe1
0e6b  ldi  (hl),a AF:7f40 BC:0112 DE:0214 HL:c3f1 SP:dfe1
0e6c  dec  d AF:7f40 BC:0112 DE:0214 HL:c3f2 SP:dfe1
0e6d  jr   nz,$0e6b AF:7f40 BC:0112 DE:0114 HL:c3f2 SP:dfe1
0e6b  ldi  (hl),a AF:7f40 BC:0112 DE:0114 HL:c3f2 SP:dfe1
0e6c  dec  d AF:7f40 BC:0112 DE:0114 HL:c3f3 SP:dfe1
0e6d  jr   nz,$0e6b AF:7fc0 BC:0112 DE:0014 HL:c3f3 SP:dfe1
0e6f  ret AF:7fc0 BC:0112 DE:0014 HL:c3f3 SP:dfe1
0e55  ld   (hl),$7c AF:7fc0 BC:0112 DE:0014 HL:c3f3 SP:dfe3
0e57  pop  hl AF:7fc0 BC:0112 DE:0014 HL:c3f3 SP:dfe3
03ae  push af AF:7fc0 BC:0112 DE:0014 HL:c3f3 SP:dfe1
03af  ld   a,($ffd0) AF:7fc0 BC:0112 DE:0014 HL:c3f3 SP:dfdf
03b1  and  a,a AF:00c0 BC:0112 DE:0014 HL:c3f3 SP:dfdf
03b2  jr   z,$03df AF:00a0 BC:0112 DE:0014 HL:c3f3 SP:dfdf
03df  pop  af AF:00a0 BC:0112 DE:0014 HL:c3f3 SP:dfdf
03e0  reti AF:7fc0 BC:0112 DE:0014 HL:c3f3 SP:dfe1
0e57  pop  hl AF:7fc0 BC:0112 DE:0014 HL:c3f3 SP:dfe3
0e58  ld   de,$0014 AF:7fc0 BC:0112 DE:0014 HL:c3e0 SP:dfe5
0e5b  add  hl,de AF:7fc0 BC:0112 DE:0014 HL:c3e0 SP:dfe5
0e5c  dec  b AF:7f80 BC:0112 DE:0014 HL:c3f4 SP:dfe5
0e5d  jr   nz,$0e4c AF:7fc0 BC:0012 DE:0014 HL:c3f4 SP:dfe5
0e5f  ld   a,$7d AF:7fc0 BC:0012 DE:0014 HL:c3f4 SP:dfe5
0e61  ldi  (hl),a AF:7dc0 BC:0012 DE:0014 HL:c3f4 SP:dfe5
0e62  ld   a,$7a AF:7dc0 BC:0012 DE:0014 HL:c3f5 SP:dfe5
0e64  call $0e6a AF:7ac0 BC:0012 DE:0014 HL:c3f5 SP:dfe5
0e6a  ld   d,c AF:7ac0 BC:0012 DE:0014 HL:c3f5 SP:dfe3
0e6b  ldi  (hl),a AF:7ac0 BC:0012 DE:1214 HL:c3f5 SP:dfe3
0e6c  dec  d AF:7ac0 BC:0012 DE:1214 HL:c3f6 SP:dfe3
0e6d  jr   nz,$0e6b AF:7a40 BC:0012 DE:1114 HL:c3f6 SP:dfe3
0e6b  ldi  (hl),a AF:7a40 BC:0012 DE:1114 HL:c3f6 SP:dfe3
0e6c  dec  d AF:7a40 BC:0012 DE:1114 HL:c3f7 SP:dfe3
0e6d  jr   nz,$0e6b AF:7a40 BC:0012 DE:1014 HL:c3f7 SP:dfe3
0e6b  ldi  (hl),a AF:7a40 BC:0012 DE:1014 HL:c3f7 SP:dfe3
0e6c  dec  d AF:7a40 BC:0012 DE:1014 HL:c3f8 SP:dfe3
0e6d  jr   nz,$0e6b AF:7a60 BC:0012 DE:0f14 HL:c3f8 SP:dfe3
0e6b  ldi  (hl),a AF:7a60 BC:0012 DE:0f14 HL:c3f8 SP:dfe3
0e6c  dec  d AF:7a60 BC:0012 DE:0f14 HL:c3f9 SP:dfe3
0e6d  jr   nz,$0e6b AF:7a40 BC:0012 DE:0e14 HL:c3f9 SP:dfe3
0e6b  ldi  (hl),a AF:7a40 BC:0012 DE:0e14 HL:c3f9 SP:dfe3
0e6c  dec  d AF:7a40 BC:0012 DE:0e14 HL:c3fa SP:dfe3
0e6d  jr   nz,$0e6b AF:7a40 BC:0012 DE:0d14 HL:c3fa SP:dfe3
0e6b  ldi  (hl),a AF:7a40 BC:0012 DE:0d14 HL:c3fa SP:dfe3
0e6c  dec  d AF:7a40 BC:0012 DE:0d14 HL:c3fb SP:dfe3
0e6d  jr   nz,$0e6b AF:7a40 BC:0012 DE:0c14 HL:c3fb SP:dfe3
0e6b  ldi  (hl),a AF:7a40 BC:0012 DE:0c14 HL:c3fb SP:dfe3
0e6c  dec  d AF:7a40 BC:0012 DE:0c14 HL:c3fc SP:dfe3
0e6d  jr   nz,$0e6b AF:7a40 BC:0012 DE:0b14 HL:c3fc SP:dfe3
0e6b  ldi  (hl),a AF:7a40 BC:0012 DE:0b14 HL:c3fc SP:dfe3
0e6c  dec  d AF:7a40 BC:0012 DE:0b14 HL:c3fd SP:dfe3
0e6d  jr   nz,$0e6b AF:7a40 BC:0012 DE:0a14 HL:c3fd SP:dfe3
0e6b  ldi  (hl),a AF:7a40 BC:0012 DE:0a14 HL:c3fd SP:dfe3
0e6c  dec  d AF:7a40 BC:0012 DE:0a14 HL:c3fe SP:dfe3
0e6d  jr   nz,$0e6b AF:7a40 BC:0012 DE:0914 HL:c3fe SP:dfe3
0e6b  ldi  (hl),a AF:7a40 BC:0012 DE:0914 HL:c3fe SP:dfe3
0e6c  dec  d AF:7a40 BC:0012 DE:0914 HL:c3ff SP:dfe3
0e6d  jr   nz,$0e6b AF:7a40 BC:0012 DE:0814 HL:c3ff SP:dfe3
0e6b  ldi  (hl),a AF:7a40 BC:0012 DE:0814 HL:c3ff SP:dfe3
0e6c  dec  d AF:7a40 BC:0012 DE:0814 HL:c400 SP:dfe3
0e6d  jr   nz,$0e6b AF:7a40 BC:0012 DE:0714 HL:c400 SP:dfe3
03ae  push af AF:7a40 BC:0012 DE:0714 HL:c400 SP:dfe1
03af  ld   a,($ffd0) AF:7a40 BC:0012 DE:0714 HL:c400 SP:dfdf
03b1  and  a,a AF:0040 BC:0012 DE:0714 HL:c400 SP:dfdf
03b2  jr   z,$03df AF:00a0 BC:0012 DE:0714 HL:c400 SP:dfdf
03df  pop  af AF:00a0 BC:0012 DE:0714 HL:c400 SP:dfdf
03e0  reti AF:7a40 BC:0012 DE:0714 HL:c400 SP:dfe1
0e6d  jr   nz,$0e6b AF:7a40 BC:0012 DE:0714 HL:c400 SP:dfe3
0e6b  ldi  (hl),a AF:7a40 BC:0012 DE:0714 HL:c400 SP:dfe3
0e6c  dec  d AF:7a40 BC:0012 DE:0714 HL:c401 SP:dfe3
0e6d  jr   nz,$0e6b AF:7a40 BC:0012 DE:0614 HL:c401 SP:dfe3
0e6b  ldi  (hl),a AF:7a40 BC:0012 DE:0614 HL:c401 SP:dfe3
0e6c  dec  d AF:7a40 BC:0012 DE:0614 HL:c402 SP:dfe3
0e6d  jr   nz,$0e6b AF:7a40 BC:0012 DE:0514 HL:c402 SP:dfe3
0e6b  ldi  (hl),a AF:7a40 BC:0012 DE:0514 HL:c402 SP:dfe3
0e6c  dec  d AF:7a40 BC:0012 DE:0514 HL:c403 SP:dfe3
0e6d  jr   nz,$0e6b AF:7a40 BC:0012 DE:0414 HL:c403 SP:dfe3
0e6b  ldi  (hl),a AF:7a40 BC:0012 DE:0414 HL:c403 SP:dfe3
0e6c  dec  d AF:7a40 BC:0012 DE:0414 HL:c404 SP:dfe3
0e6d  jr   nz,$0e6b AF:7a40 BC:0012 DE:0314 HL:c404 SP:dfe3
0e6b  ldi  (hl),a AF:7a40 BC:0012 DE:0314 HL:c404 SP:dfe3
0e6c  dec  d AF:7a40 BC:0012 DE:0314 HL:c405 SP:dfe3
0e6d  jr   nz,$0e6b AF:7a40 BC:0012 DE:0214 HL:c405 SP:dfe3
0e6b  ldi  (hl),a AF:7a40 BC:0012 DE:0214 HL:c405 SP:dfe3
0e6c  dec  d AF:7a40 BC:0012 DE:0214 HL:c406 SP:dfe3
0e6d  jr   nz,$0e6b AF:7a40 BC:0012 DE:0114 HL:c406 SP:dfe3
0e6b  ldi  (hl),a AF:7a40 BC:0012 DE:0114 HL:c406 SP:dfe3
0e6c  dec  d AF:7a40 BC:0012 DE:0114 HL:c407 SP:dfe3
0e6d  jr   nz,$0e6b AF:7ac0 BC:0012 DE:0014 HL:c407 SP:dfe3
0e6f  ret AF:7ac0 BC:0012 DE:0014 HL:c407 SP:dfe3
0e67  ld   (hl),$7e AF:7ac0 BC:0012 DE:0014 HL:c407 SP:dfe5
0e69  ret AF:7ac0 BC:0012 DE:0014 HL:c407 SP:dfe5
666f  call $6784 AF:7ac0 BC:0012 DE:0014 HL:c407 SP:dfe7
6784  push af AF:7ac0 BC:0012 DE:0014 HL:c407 SP:dfe5
6785  ld   a,$01 AF:7ac0 BC:0012 DE:0014 HL:c407 SP:dfe3
6787  call $3c07 AF:01c0 BC:0012 DE:0014 HL:c407 SP:dfe3
3c07  push bc AF:01c0 BC:0012 DE:0014 HL:c407 SP:dfe1
3c08  ld   hl,$d6b2 AF:01c0 BC:0012 DE:0014 HL:c407 SP:dfdf
3c0b  ld   c,a AF:01c0 BC:0012 DE:0014 HL:d6b2 SP:dfdf
3c0c  ld   b,$00 AF:01c0 BC:0001 DE:0014 HL:d6b2 SP:dfdf
3c0e  add  hl,bc AF:01c0 BC:0001 DE:0014 HL:d6b2 SP:dfdf
3c0f  ld   bc,$0030 AF:0180 BC:0001 DE:0014 HL:d6b3 SP:dfdf
3c12  ld   a,($cd79) AF:0180 BC:0030 DE:0014 HL:d6b3 SP:dfdf
03ae  push af AF:0180 BC:0030 DE:0014 HL:d6b3 SP:dfdd
03af  ld   a,($ffd0) AF:0180 BC:0030 DE:0014 HL:d6b3 SP:dfdb
03b1  and  a,a AF:0080 BC:0030 DE:0014 HL:d6b3 SP:dfdb
03b2  jr   z,$03df AF:00a0 BC:0030 DE:0014 HL:d6b3 SP:dfdb
03df  pop  af AF:00a0 BC:0030 DE:0014 HL:d6b3 SP:dfdb
03e0  reti AF:0180 BC:0030 DE:0014 HL:d6b3 SP:dfdd
3c12  ld   a,($cd79) AF:0180 BC:0030 DE:0014 HL:d6b3 SP:dfdf
3c15  call $33ed AF:0180 BC:0030 DE:0014 HL:d6b3 SP:dfdf
33ed  and  a,a AF:0180 BC:0030 DE:0014 HL:d6b3 SP:dfdd
33ee  ret  z AF:0120 BC:0030 DE:0014 HL:d6b3 SP:dfdd
33ef  add  hl,bc AF:0120 BC:0030 DE:0014 HL:d6b3 SP:dfdd
33f0  dec  a AF:0100 BC:0030 DE:0014 HL:d6e3 SP:dfdd
33f1  jr   nz,$33ef AF:00c0 BC:0030 DE:0014 HL:d6e3 SP:dfdd
33f3  ret AF:00c0 BC:0030 DE:0014 HL:d6e3 SP:dfdd
3c18  pop  bc AF:00c0 BC:0030 DE:0014 HL:d6e3 SP:dfdf
3c19  ret AF:00c0 BC:0012 DE:0014 HL:d6e3 SP:dfe1
678a  pop  af AF:00c0 BC:0012 DE:0014 HL:d6e3 SP:dfe3
678b  ret AF:7ac0 BC:0012 DE:0014 HL:d6e3 SP:dfe5
6672  ld   a,(hl) AF:7ac0 BC:0012 DE:0014 HL:d6e3 SP:dfe7
6673  and  a,a AF:a6c0 BC:0012 DE:0014 HL:d6e3 SP:dfe7
6674  jr   z,$6692 AF:a620 BC:0012 DE:0014 HL:d6e3 SP:dfe7
6676  ld   ($cd76),a AF:a620 BC:0012 DE:0014 HL:d6e3 SP:dfe7
6679  call $678c AF:a620 BC:0012 DE:0014 HL:d6e3 SP:dfe7
678c  ld   a,$01 AF:a620 BC:0012 DE:0014 HL:d6e3 SP:dfe5
678e  ld   ($cd7d),a AF:0120 BC:0012 DE:0014 HL:d6e3 SP:dfe5
6791  ld   hl,$d19e AF:0120 BC:0012 DE:0014 HL:d6e3 SP:dfe5
6794  call $321d AF:0120 BC:0012 DE:0014 HL:d19e SP:dfe5
321d  push bc AF:0120 BC:0012 DE:0014 HL:d19e SP:dfe3
321e  ld   a,($ff98) AF:0120 BC:0012 DE:0014 HL:d19e SP:dfe1
3220  push af AF:0420 BC:0012 DE:0014 HL:d19e SP:dfe1
3221  ld   a,$03 AF:0420 BC:0012 DE:0014 HL:d19e SP:dfdf
3223  call $3286 AF:0320 BC:0012 DE:0014 HL:d19e SP:dfdf
3286  ld   ($ff98),a AF:0320 BC:0012 DE:0014 HL:d19e SP:dfdd
3288  ld   ($2000),a AF:0320 BC:0012 DE:0014 HL:d19e SP:dfdd
03ae  push af AF:0320 BC:0012 DE:0014 HL:d19e SP:dfdb
03af  ld   a,($ffd0) AF:0320 BC:0012 DE:0014 HL:d19e SP:dfd9
03b1  and  a,a AF:0020 BC:0012 DE:0014 HL:d19e SP:dfd9
03b2  jr   z,$03df AF:00a0 BC:0012 DE:0014 HL:d19e SP:dfd9
03df  pop  af AF:00a0 BC:0012 DE:0014 HL:d19e SP:dfd9
03e0  reti AF:0320 BC:0012 DE:0014 HL:d19e SP:dfdb
3288  ld   ($2000),a AF:0320 BC:0012 DE:0014 HL:d19e SP:dfdd
328b  ret AF:0320 BC:0012 DE:0014 HL:d19e SP:dfdd
3226  push hl AF:0320 BC:0012 DE:0014 HL:d19e SP:dfdf
3227  push de AF:0320 BC:0012 DE:0014 HL:d19e SP:dfdd
3228  call $4a89 AF:0320 BC:0012 DE:0014 HL:d19e SP:dfdb
4a89  call $4b44 AF:0320 BC:0012 DE:0014 HL:d19e SP:dfd9
4b44  ld   a,l AF:0320 BC:0012 DE:0014 HL:d19e SP:dfd7
4b45  cp   a,$9e AF:9e20 BC:0012 DE:0014 HL:d19e SP:dfd7
4b47  ret  nz AF:9ec0 BC:0012 DE:0014 HL:d19e SP:dfd7
4b48  ld   a,h AF:9ec0 BC:0012 DE:0014 HL:d19e SP:dfd7
4b49  cp   a,$d1 AF:d1c0 BC:0012 DE:0014 HL:d19e SP:dfd7
4b4b  ret AF:d1c0 BC:0012 DE:0014 HL:d19e SP:dfd7
4a8c  jp   nz,$4b4c AF:d1c0 BC:0012 DE:0014 HL:d19e SP:dfd9
4a8f  push hl AF:d1c0 BC:0012 DE:0014 HL:d19e SP:dfd9
4a90  ld   hl,$53ab AF:d1c0 BC:0012 DE:0014 HL:d19e SP:dfd7
4a93  ld   a,$03 AF:d1c0 BC:0012 DE:0014 HL:53ab SP:dfd7
4a95  call $2f6c AF:03c0 BC:0012 DE:0014 HL:53ab SP:dfd7
2f6c  push af AF:03c0 BC:0012 DE:0014 HL:53ab SP:dfd5
2f6d  ld   a,b AF:03c0 BC:0012 DE:0014 HL:53ab SP:dfd3
2f6e  ld   ($cd54),a AF:00c0 BC:0012 DE:0014 HL:53ab SP:dfd3
2f71  ld   a,c AF:00c0 BC:0012 DE:0014 HL:53ab SP:dfd3
2f72  ld   ($cd55),a AF:12c0 BC:0012 DE:0014 HL:53ab SP:dfd3
2f75  pop  af AF:12c0 BC:0012 DE:0014 HL:53ab SP:dfd3
2f76  ld   b,a AF:03c0 BC:0012 DE:0014 HL:53ab SP:dfd5
2f77  ld   a,($ff98) AF:03c0 BC:0312 DE:0014 HL:53ab SP:dfd5
2f79  push af AF:03c0 BC:0312 DE:0014 HL:53ab SP:dfd5
2f7a  ld   a,b AF:03c0 BC:0312 DE:0014 HL:53ab SP:dfd3
2f7b  call $3286 AF:03c0 BC:0312 DE:0014 HL:53ab SP:dfd3
3286  ld   ($ff98),a AF:03c0 BC:0312 DE:0014 HL:53ab SP:dfd1
03ae  push af AF:03c0 BC:0312 DE:0014 HL:53ab SP:dfcf
03af  ld   a,($ffd0) AF:03c0 BC:0312 DE:0014 HL:53ab SP:dfcd
03b1  and  a,a AF:00c0 BC:0312 DE:0014 HL:53ab SP:dfcd
03b2  jr   z,$03df AF:00a0 BC:0312 DE:0014 HL:53ab SP:dfcd
03df  pop  af AF:00a0 BC:0312 DE:0014 HL:53ab SP:dfcd
03e0  reti AF:03c0 BC:0312 DE:0014 HL:53ab SP:dfcf
3286  ld   ($ff98),a AF:03c0 BC:0312 DE:0014 HL:53ab SP:dfd1
3288  ld   ($2000),a AF:03c0 BC:0312 DE:0014 HL:53ab SP:dfd1
328b  ret AF:03c0 BC:0312 DE:0014 HL:53ab SP:dfd1
2f7e  ld   bc,$2f8c AF:03c0 BC:0312 DE:0014 HL:53ab SP:dfd3
2f81  push bc AF:03c0 BC:2f8c DE:0014 HL:53ab SP:dfd3
2f82  push hl AF:03c0 BC:2f8c DE:0014 HL:53ab SP:dfd1
2f83  ld   a,($cd54) AF:03c0 BC:2f8c DE:0014 HL:53ab SP:dfcf
2f86  ld   b,a AF:00c0 BC:2f8c DE:0014 HL:53ab SP:dfcf
2f87  ld   a,($cd55) AF:00c0 BC:008c DE:0014 HL:53ab SP:dfcf
2f8a  ld   c,a AF:12c0 BC:008c DE:0014 HL:53ab SP:dfcf
2f8b  ret AF:12c0 BC:0012 DE:0014 HL:53ab SP:dfcf
53ab  ld   a,$05 AF:12c0 BC:0012 DE:0014 HL:53ab SP:dfd1
53ad  call $53ce AF:05c0 BC:0012 DE:0014 HL:53ab SP:dfd1
53ce  push hl AF:05c0 BC:0012 DE:0014 HL:53ab SP:dfcf
53cf  push bc AF:05c0 BC:0012 DE:0014 HL:53ab SP:dfcd
53d0  ld   hl,$68f0 AF:05c0 BC:0012 DE:0014 HL:53ab SP:dfcb
53d3  ld   c,a AF:05c0 BC:0012 DE:0014 HL:68f0 SP:dfcb
53d4  ld   b,$00 AF:05c0 BC:0005 DE:0014 HL:68f0 SP:dfcb
53d6  add  hl,bc AF:05c0 BC:0005 DE:0014 HL:68f0 SP:dfcb
53d7  xor  a,a AF:0580 BC:0005 DE:0014 HL:68f5 SP:dfcb
53d8  ld   ($cdba),a AF:0080 BC:0005 DE:0014 HL:68f5 SP:dfcb
53db  ld   a,($cd76) AF:0080 BC:0005 DE:0014 HL:68f5 SP:dfcb
53de  dec  a AF:a680 BC:0005 DE:0014 HL:68f5 SP:dfcb
53df  ld   c,a AF:a540 BC:0005 DE:0014 HL:68f5 SP:dfcb
53e0  ld   a,$07 AF:a540 BC:00a5 DE:0014 HL:68f5 SP:dfcb
53e2  call $33ed AF:0740 BC:00a5 DE:0014 HL:68f5 SP:dfcb
33ed  and  a,a AF:0740 BC:00a5 DE:0014 HL:68f5 SP:dfc9
33ee  ret  z AF:0720 BC:00a5 DE:0014 HL:68f5 SP:dfc9
33ef  add  hl,bc AF:0720 BC:00a5 DE:0014 HL:68f5 SP:dfc9
03ae  push af AF:0720 BC:00a5 DE:0014 HL:68f5 SP:dfc7
03af  ld   a,($ffd0) AF:0720 BC:00a5 DE:0014 HL:68f5 SP:dfc5
03b1  and  a,a AF:0020 BC:00a5 DE:0014 HL:68f5 SP:dfc5
03b2  jr   z,$03df AF:00a0 BC:00a5 DE:0014 HL:68f5 SP:dfc5
03df  pop  af AF:00a0 BC:00a5 DE:0014 HL:68f5 SP:dfc5
03e0  reti AF:0720 BC:00a5 DE:0014 HL:68f5 SP:dfc7
33ef  add  hl,bc AF:0720 BC:00a5 DE:0014 HL:68f5 SP:dfc9
33f0  dec  a AF:0700 BC:00a5 DE:0014 HL:699a SP:dfc9
33f1  jr   nz,$33ef AF:0640 BC:00a5 DE:0014 HL:699a SP:dfc9
33ef  add  hl,bc AF:0640 BC:00a5 DE:0014 HL:699a SP:dfc9
33f0  dec  a AF:0600 BC:00a5 DE:0014 HL:6a3f SP:dfc9
33f1  jr   nz,$33ef AF:0540 BC:00a5 DE:0014 HL:6a3f SP:dfc9
33ef  add  hl,bc AF:0540 BC:00a5 DE:0014 HL:6a3f SP:dfc9
33f0  dec  a AF:0500 BC:00a5 DE:0014 HL:6ae4 SP:dfc9
33f1  jr   nz,$33ef AF:0440 BC:00a5 DE:0014 HL:6ae4 SP:dfc9
33ef  add  hl,bc AF:0440 BC:00a5 DE:0014 HL:6ae4 SP:dfc9
33f0  dec  a AF:0400 BC:00a5 DE:0014 HL:6b89 SP:dfc9
33f1  jr   nz,$33ef AF:0340 BC:00a5 DE:0014 HL:6b89 SP:dfc9
33ef  add  hl,bc AF:0340 BC:00a5 DE:0014 HL:6b89 SP:dfc9
33f0  dec  a AF:0300 BC:00a5 DE:0014 HL:6c2e SP:dfc9
33f1  jr   nz,$33ef AF:0240 BC:00a5 DE:0014 HL:6c2e SP:dfc9
33ef  add  hl,bc AF:0240 BC:00a5 DE:0014 HL:6c2e SP:dfc9
33f0  dec  a AF:0200 BC:00a5 DE:0014 HL:6cd3 SP:dfc9
33f1  jr   nz,$33ef AF:0140 BC:00a5 DE:0014 HL:6cd3 SP:dfc9
33ef  add  hl,bc AF:0140 BC:00a5 DE:0014 HL:6cd3 SP:dfc9
33f0  dec  a AF:0100 BC:00a5 DE:0014 HL:6d78 SP:dfc9
33f1  jr   nz,$33ef AF:00c0 BC:00a5 DE:0014 HL:6d78 SP:dfc9
33f3  ret AF:00c0 BC:00a5 DE:0014 HL:6d78 SP:dfc9
53e5  ld   a,$01 AF:00c0 BC:00a5 DE:0014 HL:6d78 SP:dfcb
53e7  call $32e5 AF:01c0 BC:00a5 DE:0014 HL:6d78 SP:dfcb
32e5  ld   ($ce3c),a AF:01c0 BC:00a5 DE:0014 HL:6d78 SP:dfc9
32e8  ld   a,($ff98) AF:01c0 BC:00a5 DE:0014 HL:6d78 SP:dfc9
32ea  push af AF:03c0 BC:00a5 DE:0014 HL:6d78 SP:dfc9
32eb  ld   a,($ce3c) AF:03c0 BC:00a5 DE:0014 HL:6d78 SP:dfc7
32ee  call $3286 AF:01c0 BC:00a5 DE:0014 HL:6d78 SP:dfc7
3286  ld   ($ff98),a AF:01c0 BC:00a5 DE:0014 HL:6d78 SP:dfc5
3288  ld   ($2000),a AF:01c0 BC:00a5 DE:0014 HL:6d78 SP:dfc5
328b  ret AF:01c0 BC:00a5 DE:0014 HL:6d78 SP:dfc5
32f1  ld   a,(hl) AF:01c0 BC:00a5 DE:0014 HL:6d78 SP:dfc7
32f2  ld   ($ce3c),a AF:00c0 BC:00a5 DE:0014 HL:6d78 SP:dfc7
03ae  push af AF:00c0 BC:00a5 DE:0014 HL:6d78 SP:dfc5
03af  ld   a,($ffd0) AF:00c0 BC:00a5 DE:0014 HL:6d78 SP:dfc3
03b1  and  a,a AF:00c0 BC:00a5 DE:0014 HL:6d78 SP:dfc3
03b2  jr   z,$03df AF:00a0 BC:00a5 DE:0014 HL:6d78 SP:dfc3
03df  pop  af AF:00a0 BC:00a5 DE:0014 HL:6d78 SP:dfc3
03e0  reti AF:00c0 BC:00a5 DE:0014 HL:6d78 SP:dfc5
32f2  ld   ($ce3c),a AF:00c0 BC:00a5 DE:0014 HL:6d78 SP:dfc7
32f5  pop  af AF:00c0 BC:00a5 DE:0014 HL:6d78 SP:dfc7
32f6  call $3286 AF:03c0 BC:00a5 DE:0014 HL:6d78 SP:dfc9
3286  ld   ($ff98),a AF:03c0 BC:00a5 DE:0014 HL:6d78 SP:dfc7
3288  ld   ($2000),a AF:03c0 BC:00a5 DE:0014 HL:6d78 SP:dfc7
328b  ret AF:03c0 BC:00a5 DE:0014 HL:6d78 SP:dfc7
32f9  ld   a,($ce3c) AF:03c0 BC:00a5 DE:0014 HL:6d78 SP:dfc9
32fc  ret AF:00c0 BC:00a5 DE:0014 HL:6d78 SP:dfc9
53ea  pop  bc AF:00c0 BC:00a5 DE:0014 HL:6d78 SP:dfcb
53eb  pop  hl AF:00c0 BC:0012 DE:0014 HL:6d78 SP:dfcd
53ec  ret AF:00c0 BC:0012 DE:0014 HL:53ab SP:dfcf
53b0  and  a,$0f AF:00c0 BC:0012 DE:0014 HL:53ab SP:dfd1
53b2  ld   ($cdba),a AF:00a0 BC:0012 DE:0014 HL:53ab SP:dfd1
53b5  ret AF:00a0 BC:0012 DE:0014 HL:53ab SP:dfd1
2f8c  ld   a,b AF:00a0 BC:0012 DE:0014 HL:53ab SP:dfd3
2f8d  ld   ($cd54),a AF:00a0 BC:0012 DE:0014 HL:53ab SP:dfd3
2f90  ld   a,c AF:00a0 BC:0012 DE:0014 HL:53ab SP:dfd3
2f91  ld   ($cd55),a AF:12a0 BC:0012 DE:0014 HL:53ab SP:dfd3
2f94  pop  bc AF:12a0 BC:0012 DE:0014 HL:53ab SP:dfd3
2f95  ld   a,b AF:12a0 BC:03c0 DE:0014 HL:53ab SP:dfd5
2f96  call $3286 AF:03a0 BC:03c0 DE:0014 HL:53ab SP:dfd5
3286  ld   ($ff98),a AF:03a0 BC:03c0 DE:0014 HL:53ab SP:dfd3
3288  ld   ($2000),a AF:03a0 BC:03c0 DE:0014 HL:53ab SP:dfd3
328b  ret AF:03a0 BC:03c0 DE:0014 HL:53ab SP:dfd3
2f99  ld   a,($cd54) AF:03a0 BC:03c0 DE:0014 HL:53ab SP:dfd5
2f9c  ld   b,a AF:00a0 BC:03c0 DE:0014 HL:53ab SP:dfd5
03ae  push af AF:00a0 BC:03c0 DE:0014 HL:53ab SP:dfd3
03af  ld   a,($ffd0) AF:00a0 BC:03c0 DE:0014 HL:53ab SP:dfd1
03b1  and  a,a AF:00a0 BC:03c0 DE:0014 HL:53ab SP:dfd1
03b2  jr   z,$03df AF:00a0 BC:03c0 DE:0014 HL:53ab SP:dfd1
03df  pop  af AF:00a0 BC:03c0 DE:0014 HL:53ab SP:dfd1
03e0  reti AF:00a0 BC:03c0 DE:0014 HL:53ab SP:dfd3
2f9c  ld   b,a AF:00a0 BC:03c0 DE:0014 HL:53ab SP:dfd5
2f9d  ld   a,($cd55) AF:00a0 BC:00c0 DE:0014 HL:53ab SP:dfd5
2fa0  ld   c,a AF:12a0 BC:00c0 DE:0014 HL:53ab SP:dfd5
2fa1  ret AF:12a0 BC:0012 DE:0014 HL:53ab SP:dfd5
4a98  ld   a,($cdba) AF:12a0 BC:0012 DE:0014 HL:53ab SP:dfd7
4a9b  dec  a AF:00a0 BC:0012 DE:0014 HL:53ab SP:dfd7
4a9c  ld   hl,$4aa2 AF:ff60 BC:0012 DE:0014 HL:53ab SP:dfd7
4a9f  jp   $3591 AF:ff60 BC:0012 DE:0014 HL:4aa2 SP:dfd7
3591  push de AF:ff60 BC:0012 DE:0014 HL:4aa2 SP:dfd7
3592  ld   d,$00 AF:ff60 BC:0012 DE:0014 HL:4aa2 SP:dfd5
3594  ld   e,a AF:ff60 BC:0012 DE:0014 HL:4aa2 SP:dfd5
3595  add  hl,de AF:ff60 BC:0012 DE:00ff HL:4aa2 SP:dfd5
3596  add  hl,de AF:ff00 BC:0012 DE:00ff HL:4ba1 SP:dfd5
3597  pop  de AF:ff00 BC:0012 DE:00ff HL:4ca0 SP:dfd5
3598  ldi  a,(hl) AF:ff00 BC:0012 DE:0014 HL:4ca0 SP:dfd7
3599  ld   h,(hl) AF:7700 BC:0012 DE:0014 HL:4ca1 SP:dfd7
359a  ld   l,a AF:7700 BC:0012 DE:0014 HL:eaa1 SP:dfd7
359b  jp   hl AF:7700 BC:0012 DE:0014 HL:ea77 SP:dfd7
ea77  nop AF:7700 BC:0012 DE:0014 HL:ea77 SP:dfd7
ea78  nop AF:7700 BC:0012 DE:0014 HL:ea77 SP:dfd7
ea79  nop AF:7700 BC:0012 DE:0014 HL:ea77 SP:dfd7
ea7a  nop AF:7700 BC:0012 DE:0014 HL:ea77 SP:dfd7
ea7b  nop AF:7700 BC:0012 DE:0014 HL:ea77 SP:dfd7
ea7c  nop AF:7700 BC:0012 DE:0014 HL:ea77 SP:dfd7
ea7d  nop AF:7700 BC:0012 DE:0014 HL:ea77 SP:dfd7
ea7e  nop AF:7700 BC:0012 DE:0014 HL:ea77 SP:dfd7
ea7f  nop AF:7700 BC:0012 DE:0014 HL:ea77 SP:dfd7
ea80  ld   de,$d9d9 AF:7700 BC:0012 DE:0014 HL:ea77 SP:dfd7
ea83  adc  a,h AF:7700 BC:0012 DE:d9d9 HL:ea77 SP:dfd7
ea84  adc  a,h AF:6130 BC:0012 DE:d9d9 HL:ea77 SP:dfd7
ea85  adc  a,h AF:4c10 BC:0012 DE:d9d9 HL:ea77 SP:dfd7
ea86  inc  c AF:3730 BC:0012 DE:d9d9 HL:ea77 SP:dfd7
ea87  call $08e7 AF:3710 BC:0013 DE:d9d9 HL:ea77 SP:dfd7
08e7  jp   $0324 AF:3710 BC:0013 DE:d9d9 HL:ea77 SP:dfd5
0324  call $0317 AF:3710 BC:0013 DE:d9d9 HL:ea77 SP:dfd5
0317  ld   a,$01 AF:3710 BC:0013 DE:d9d9 HL:ea77 SP:dfd3
0319  ld   ($cc33),a AF:0110 BC:0013 DE:d9d9 HL:ea77 SP:dfd3
031c  halt AF:0110 BC:0013 DE:d9d9 HL:ea77 SP:dfd3
031d  ld   a,($cc33) AF:0110 BC:0013 DE:d9d9 HL:ea77 SP:dfd3
03ae  push af AF:0110 BC:0013 DE:d9d9 HL:ea77 SP:dfd1
03af  ld   a,($ffd0) AF:0110 BC:0013 DE:d9d9 HL:ea77 SP:dfcf
03b1  and  a,a AF:0010 BC:0013 DE:d9d9 HL:ea77 SP:dfcf
03b2  jr   z,$03df AF:00a0 BC:0013 DE:d9d9 HL:ea77 SP:dfcf
03df  pop  af AF:00a0 BC:0013 DE:d9d9 HL:ea77 SP:dfcf
03e0  reti AF:0110 BC:0013 DE:d9d9 HL:ea77 SP:dfd1
031d  ld   a,($cc33) AF:0110 BC:0013 DE:d9d9 HL:ea77 SP:dfd3
0320  and  a,a AF:0110 BC:0013 DE:d9d9 HL:ea77 SP:dfd3
0321  jr   nz,$031c AF:0120 BC:0013 DE:d9d9 HL:ea77 SP:dfd3
031c  halt AF:0120 BC:0013 DE:d9d9 HL:ea77 SP:dfd3
031d  ld   a,($cc33) AF:0120 BC:0013 DE:d9d9 HL:ea77 SP:dfd3
03ae  push af AF:0120 BC:0013 DE:d9d9 HL:ea77 SP:dfd1
03af  ld   a,($ffd0) AF:0120 BC:0013 DE:d9d9 HL:ea77 SP:dfcf
03b1  and  a,a AF:0020 BC:0013 DE:d9d9 HL:ea77 SP:dfcf
03b2  jr   z,$03df AF:00a0 BC:0013 DE:d9d9 HL:ea77 SP:dfcf
03df  pop  af AF:00a0 BC:0013 DE:d9d9 HL:ea77 SP:dfcf
03e0  reti AF:0120 BC:0013 DE:d9d9 HL:ea77 SP:dfd1
031d  ld   a,($cc33) AF:0120 BC:0013 DE:d9d9 HL:ea77 SP:dfd3
0320  and  a,a AF:0120 BC:0013 DE:d9d9 HL:ea77 SP:dfd3
0321  jr   nz,$031c AF:0120 BC:0013 DE:d9d9 HL:ea77 SP:dfd3
031c  halt AF:0120 BC:0013 DE:d9d9 HL:ea77 SP:dfd3
031d  ld   a,($cc33) AF:0120 BC:0013 DE:d9d9 HL:ea77 SP:dfd3
03ae  push af AF:0120 BC:0013 DE:d9d9 HL:ea77 SP:dfd1
03af  ld   a,($ffd0) AF:0120 BC:0013 DE:d9d9 HL:ea77 SP:dfcf
03b1  and  a,a AF:0020 BC:0013 DE:d9d9 HL:ea77 SP:dfcf
03b2  jr   z,$03df AF:00a0 BC:0013 DE:d9d9 HL:ea77 SP:dfcf
03df  pop  af AF:00a0 BC:0013 DE:d9d9 HL:ea77 SP:dfcf
03e0  reti AF:0120 BC:0013 DE:d9d9 HL:ea77 SP:dfd1
031d  ld   a,($cc33) AF:0120 BC:0013 DE:d9d9 HL:ea77 SP:dfd3
0320  and  a,a AF:0120 BC:0013 DE:d9d9 HL:ea77 SP:dfd3
0321  jr   nz,$031c AF:0120 BC:0013 DE:d9d9 HL:ea77 SP:dfd3
031c  halt AF:0120 BC:0013 DE:d9d9 HL:ea77 SP:dfd3
031d  ld   a,($cc33) AF:0120 BC:0013 DE:d9d9 HL:ea77 SP:dfd3
03ae  push af AF:0120 BC:0013 DE:d9d9 HL:ea77 SP:dfd1
03af  ld   a,($ffd0) AF:0120 BC:0013 DE:d9d9 HL:ea77 SP:dfcf
03b1  and  a,a AF:0020 BC:0013 DE:d9d9 HL:ea77 SP:dfcf
03b2  jr   z,$03df AF:00a0 BC:0013 DE:d9d9 HL:ea77 SP:dfcf
03df  pop  af AF:00a0 BC:0013 DE:d9d9 HL:ea77 SP:dfcf
03e0  reti AF:0120 BC:0013 DE:d9d9 HL:ea77 SP:dfd1
031d  ld   a,($cc33) AF:0120 BC:0013 DE:d9d9 HL:ea77 SP:dfd3
0320  and  a,a AF:0120 BC:0013 DE:d9d9 HL:ea77 SP:dfd3
0321  jr   nz,$031c AF:0120 BC:0013 DE:d9d9 HL:ea77 SP:dfd3
031c  halt AF:0120 BC:0013 DE:d9d9 HL:ea77 SP:dfd3
031d  ld   a,($cc33) AF:0120 BC:0013 DE:d9d9 HL:ea77 SP:dfd3
03ae  push af AF:0120 BC:0013 DE:d9d9 HL:ea77 SP:dfd1
03af  ld   a,($ffd0) AF:0120 BC:0013 DE:d9d9 HL:ea77 SP:dfcf
03b1  and  a,a AF:0020 BC:0013 DE:d9d9 HL:ea77 SP:dfcf
03b2  jr   z,$03df AF:00a0 BC:0013 DE:d9d9 HL:ea77 SP:dfcf
03df  pop  af AF:00a0 BC:0013 DE:d9d9 HL:ea77 SP:dfcf
03e0  reti AF:0120 BC:0013 DE:d9d9 HL:ea77 SP:dfd1
031d  ld   a,($cc33) AF:0120 BC:0013 DE:d9d9 HL:ea77 SP:dfd3
0320  and  a,a AF:0120 BC:0013 DE:d9d9 HL:ea77 SP:dfd3
0321  jr   nz,$031c AF:0120 BC:0013 DE:d9d9 HL:ea77 SP:dfd3
031c  halt AF:0120 BC:0013 DE:d9d9 HL:ea77 SP:dfd3
031d  ld   a,($cc33) AF:0120 BC:0013 DE:d9d9 HL:ea77 SP:dfd3
03ae  push af AF:0120 BC:0013 DE:d9d9 HL:ea77 SP:dfd1
03af  ld   a,($ffd0) AF:0120 BC:0013 DE:d9d9 HL:ea77 SP:dfcf
03b1  and  a,a AF:0020 BC:0013 DE:d9d9 HL:ea77 SP:dfcf
03b2  jr   z,$03df AF:00a0 BC:0013 DE:d9d9 HL:ea77 SP:dfcf
03df  pop  af AF:00a0 BC:0013 DE:d9d9 HL:ea77 SP:dfcf
03e0  reti AF:0120 BC:0013 DE:d9d9 HL:ea77 SP:dfd1
031d  ld   a,($cc33) AF:0120 BC:0013 DE:d9d9 HL:ea77 SP:dfd3
0320  and  a,a AF:0120 BC:0013 DE:d9d9 HL:ea77 SP:dfd3
0321  jr   nz,$031c AF:0120 BC:0013 DE:d9d9 HL:ea77 SP:dfd3
031c  halt AF:0120 BC:0013 DE:d9d9 HL:ea77 SP:dfd3
031d  ld   a,($cc33) AF:0120 BC:0013 DE:d9d9 HL:ea77 SP:dfd3
03ae  push af AF:0120 BC:0013 DE:d9d9 HL:ea77 SP:dfd1
03af  ld   a,($ffd0) AF:0120 BC:0013 DE:d9d9 HL:ea77 SP:dfcf
03b1  and  a,a AF:0020 BC:0013 DE:d9d9 HL:ea77 SP:dfcf
03b2  jr   z,$03df AF:00a0 BC:0013 DE:d9d9 HL:ea77 SP:dfcf
03df  pop  af AF:00a0 BC:0013 DE:d9d9 HL:ea77 SP:dfcf
03e0  reti AF:0120 BC:0013 DE:d9d9 HL:ea77 SP:dfd1
031d  ld   a,($cc33) AF:0120 BC:0013 DE:d9d9 HL:ea77 SP:dfd3
0320  and  a,a AF:0120 BC:0013 DE:d9d9 HL:ea77 SP:dfd3
0321  jr   nz,$031c AF:0120 BC:0013 DE:d9d9 HL:ea77 SP:dfd3
031c  halt AF:0120 BC:0013 DE:d9d9 HL:ea77 SP:dfd3
031d  ld   a,($cc33) AF:0120 BC:0013 DE:d9d9 HL:ea77 SP:dfd3
03ae  push af AF:0120 BC:0013 DE:d9d9 HL:ea77 SP:dfd1
03af  ld   a,($ffd0) AF:0120 BC:0013 DE:d9d9 HL:ea77 SP:dfcf
03b1  and  a,a AF:0020 BC:0013 DE:d9d9 HL:ea77 SP:dfcf
03b2  jr   z,$03df AF:00a0 BC:0013 DE:d9d9 HL:ea77 SP:dfcf
03df  pop  af AF:00a0 BC:0013 DE:d9d9 HL:ea77 SP:dfcf
03e0  reti AF:0120 BC:0013 DE:d9d9 HL:ea77 SP:dfd1
031d  ld   a,($cc33) AF:0120 BC:0013 DE:d9d9 HL:ea77 SP:dfd3
0320  and  a,a AF:0120 BC:0013 DE:d9d9 HL:ea77 SP:dfd3
0321  jr   nz,$031c AF:0120 BC:0013 DE:d9d9 HL:ea77 SP:dfd3
031c  halt AF:0120 BC:0013 DE:d9d9 HL:ea77 SP:dfd3
031d  ld   a,($cc33) AF:0120 BC:0013 DE:d9d9 HL:ea77 SP:dfd3
03ae  push af AF:0120 BC:0013 DE:d9d9 HL:ea77 SP:dfd1
03af  ld   a,($ffd0) AF:0120 BC:0013 DE:d9d9 HL:ea77 SP:dfcf
03b1  and  a,a AF:0020 BC:0013 DE:d9d9 HL:ea77 SP:dfcf
03b2  jr   z,$03df AF:00a0 BC:0013 DE:d9d9 HL:ea77 SP:dfcf
03df  pop  af AF:00a0 BC:0013 DE:d9d9 HL:ea77 SP:dfcf
03e0  reti AF:0120 BC:0013 DE:d9d9 HL:ea77 SP:dfd1
031d  ld   a,($cc33) AF:0120 BC:0013 DE:d9d9 HL:ea77 SP:dfd3
0320  and  a,a AF:0120 BC:0013 DE:d9d9 HL:ea77 SP:dfd3
0321  jr   nz,$031c AF:0120 BC:0013 DE:d9d9 HL:ea77 SP:dfd3
031c  halt AF:0120 BC:0013 DE:d9d9 HL:ea77 SP:dfd3
031d  ld   a,($cc33) AF:0120 BC:0013 DE:d9d9 HL:ea77 SP:dfd3
03ae  push af AF:0120 BC:0013 DE:d9d9 HL:ea77 SP:dfd1
03af  ld   a,($ffd0) AF:0120 BC:0013 DE:d9d9 HL:ea77 SP:dfcf
03b1  and  a,a AF:0020 BC:0013 DE:d9d9 HL:ea77 SP:dfcf
03b2  jr   z,$03df AF:00a0 BC:0013 DE:d9d9 HL:ea77 SP:dfcf
03df  pop  af AF:00a0 BC:0013 DE:d9d9 HL:ea77 SP:dfcf
03e0  reti AF:0120 BC:0013 DE:d9d9 HL:ea77 SP:dfd1
031d  ld   a,($cc33) AF:0120 BC:0013 DE:d9d9 HL:ea77 SP:dfd3
0320  and  a,a AF:0120 BC:0013 DE:d9d9 HL:ea77 SP:dfd3
0321  jr   nz,$031c AF:0120 BC:0013 DE:d9d9 HL:ea77 SP:dfd3
031c  halt AF:0120 BC:0013 DE:d9d9 HL:ea77 SP:dfd3
031d  ld   a,($cc33) AF:0120 BC:0013 DE:d9d9 HL:ea77 SP:dfd3
03ae  push af AF:0120 BC:0013 DE:d9d9 HL:ea77 SP:dfd1
03af  ld   a,($ffd0) AF:0120 BC:0013 DE:d9d9 HL:ea77 SP:dfcf
03b1  and  a,a AF:0020 BC:0013 DE:d9d9 HL:ea77 SP:dfcf
03b2  jr   z,$03df AF:00a0 BC:0013 DE:d9d9 HL:ea77 SP:dfcf
03df  pop  af AF:00a0 BC:0013 DE:d9d9 HL:ea77 SP:dfcf
03e0  reti AF:0120 BC:0013 DE:d9d9 HL:ea77 SP:dfd1
031d  ld   a,($cc33) AF:0120 BC:0013 DE:d9d9 HL:ea77 SP:dfd3
0320  and  a,a AF:0120 BC:0013 DE:d9d9 HL:ea77 SP:dfd3
0321  jr   nz,$031c AF:0120 BC:0013 DE:d9d9 HL:ea77 SP:dfd3
031c  halt AF:0120 BC:0013 DE:d9d9 HL:ea77 SP:dfd3
031d  ld   a,($cc33) AF:0120 BC:0013 DE:d9d9 HL:ea77 SP:dfd3
03ae  push af AF:0120 BC:0013 DE:d9d9 HL:ea77 SP:dfd1
03af  ld   a,($ffd0) AF:0120 BC:0013 DE:d9d9 HL:ea77 SP:dfcf
03b1  and  a,a AF:0020 BC:0013 DE:d9d9 HL:ea77 SP:dfcf
03b2  jr   z,$03df AF:00a0 BC:0013 DE:d9d9 HL:ea77 SP:dfcf
03df  pop  af AF:00a0 BC:0013 DE:d9d9 HL:ea77 SP:dfcf
03e0  reti AF:0120 BC:0013 DE:d9d9 HL:ea77 SP:dfd1
031d  ld   a,($cc33) AF:0120 BC:0013 DE:d9d9 HL:ea77 SP:dfd3
0320  and  a,a AF:0120 BC:0013 DE:d9d9 HL:ea77 SP:dfd3
0321  jr   nz,$031c AF:0120 BC:0013 DE:d9d9 HL:ea77 SP:dfd3
031c  halt AF:0120 BC:0013 DE:d9d9 HL:ea77 SP:dfd3
031d  ld   a,($cc33) AF:0120 BC:0013 DE:d9d9 HL:ea77 SP:dfd3
03ae  push af AF:0120 BC:0013 DE:d9d9 HL:ea77 SP:dfd1
03af  ld   a,($ffd0) AF:0120 BC:0013 DE:d9d9 HL:ea77 SP:dfcf
03b1  and  a,a AF:0020 BC:0013 DE:d9d9 HL:ea77 SP:dfcf
03b2  jr   z,$03df AF:00a0 BC:0013 DE:d9d9 HL:ea77 SP:dfcf
03df  pop  af AF:00a0 BC:0013 DE:d9d9 HL:ea77 SP:dfcf
03e0  reti AF:0120 BC:0013 DE:d9d9 HL:ea77 SP:dfd1
031d  ld   a,($cc33) AF:0120 BC:0013 DE:d9d9 HL:ea77 SP:dfd3
0320  and  a,a AF:0120 BC:0013 DE:d9d9 HL:ea77 SP:dfd3
0321  jr   nz,$031c AF:0120 BC:0013 DE:d9d9 HL:ea77 SP:dfd3
031c  halt AF:0120 BC:0013 DE:d9d9 HL:ea77 SP:dfd3
031d  ld   a,($cc33) AF:0120 BC:0013 DE:d9d9 HL:ea77 SP:dfd3
03ae  push af AF:0120 BC:0013 DE:d9d9 HL:ea77 SP:dfd1
03af  ld   a,($ffd0) AF:0120 BC:0013 DE:d9d9 HL:ea77 SP:dfcf
03b1  and  a,a AF:0020 BC:0013 DE:d9d9 HL:ea77 SP:dfcf
03b2  jr   z,$03df AF:00a0 BC:0013 DE:d9d9 HL:ea77 SP:dfcf
03df  pop  af AF:00a0 BC:0013 DE:d9d9 HL:ea77 SP:dfcf
03e0  reti AF:0120 BC:0013 DE:d9d9 HL:ea77 SP:dfd1
031d  ld   a,($cc33) AF:0120 BC:0013 DE:d9d9 HL:ea77 SP:dfd3
0320  and  a,a AF:0120 BC:0013 DE:d9d9 HL:ea77 SP:dfd3
0321  jr   nz,$031c AF:0120 BC:0013 DE:d9d9 HL:ea77 SP:dfd3
031c  halt AF:0120 BC:0013 DE:d9d9 HL:ea77 SP:dfd3
031d  ld   a,($cc33) AF:0120 BC:0013 DE:d9d9 HL:ea77 SP:dfd3
03ae  push af AF:0120 BC:0013 DE:d9d9 HL:ea77 SP:dfd1
03af  ld   a,($ffd0) AF:0120 BC:0013 DE:d9d9 HL:ea77 SP:dfcf
03b1  and  a,a AF:0020 BC:0013 DE:d9d9 HL:ea77 SP:dfcf
03b2  jr   z,$03df AF:00a0 BC:0013 DE:d9d9 HL:ea77 SP:dfcf
03df  pop  af AF:00a0 BC:0013 DE:d9d9 HL:ea77 SP:dfcf
03e0  reti AF:0120 BC:0013 DE:d9d9 HL:ea77 SP:dfd1
031d  ld   a,($cc33) AF:0120 BC:0013 DE:d9d9 HL:ea77 SP:dfd3
0320  and  a,a AF:0120 BC:0013 DE:d9d9 HL:ea77 SP:dfd3
0321  jr   nz,$031c AF:0120 BC:0013 DE:d9d9 HL:ea77 SP:dfd3
031c  halt AF:0120 BC:0013 DE:d9d9 HL:ea77 SP:dfd3
031d  ld   a,($cc33) AF:0120 BC:0013 DE:d9d9 HL:ea77 SP:dfd3
03ae  push af AF:0120 BC:0013 DE:d9d9 HL:ea77 SP:dfd1
03af  ld   a,($ffd0) AF:0120 BC:0013 DE:d9d9 HL:ea77 SP:dfcf
03b1  and  a,a AF:0020 BC:0013 DE:d9d9 HL:ea77 SP:dfcf
03b2  jr   z,$03df AF:00a0 BC:0013 DE:d9d9 HL:ea77 SP:dfcf
03df  pop  af AF:00a0 BC:0013 DE:d9d9 HL:ea77 SP:dfcf
03e0  reti AF:0120 BC:0013 DE:d9d9 HL:ea77 SP:dfd1
031d  ld   a,($cc33) AF:0120 BC:0013 DE:d9d9 HL:ea77 SP:dfd3
0320  and  a,a AF:0120 BC:0013 DE:d9d9 HL:ea77 SP:dfd3
0321  jr   nz,$031c AF:0120 BC:0013 DE:d9d9 HL:ea77 SP:dfd3
031c  halt AF:0120 BC:0013 DE:d9d9 HL:ea77 SP:dfd3
031d  ld   a,($cc33) AF:0120 BC:0013 DE:d9d9 HL:ea77 SP:dfd3
03ae  push af AF:0120 BC:0013 DE:d9d9 HL:ea77 SP:dfd1
03af  ld   a,($ffd0) AF:0120 BC:0013 DE:d9d9 HL:ea77 SP:dfcf
03b1  and  a,a AF:0020 BC:0013 DE:d9d9 HL:ea77 SP:dfcf
03b2  jr   z,$03df AF:00a0 BC:0013 DE:d9d9 HL:ea77 SP:dfcf
03df  pop  af AF:00a0 BC:0013 DE:d9d9 HL:ea77 SP:dfcf
03e0  reti AF:0120 BC:0013 DE:d9d9 HL:ea77 SP:dfd1
031d  ld   a,($cc33) AF:0120 BC:0013 DE:d9d9 HL:ea77 SP:dfd3
0320  and  a,a AF:0120 BC:0013 DE:d9d9 HL:ea77 SP:dfd3
0321  jr   nz,$031c AF:0120 BC:0013 DE:d9d9 HL:ea77 SP:dfd3
031c  halt AF:0120 BC:0013 DE:d9d9 HL:ea77 SP:dfd3
031d  ld   a,($cc33) AF:0120 BC:0013 DE:d9d9 HL:ea77 SP:dfd3
03ae  push af AF:0120 BC:0013 DE:d9d9 HL:ea77 SP:dfd1
03af  ld   a,($ffd0) AF:0120 BC:0013 DE:d9d9 HL:ea77 SP:dfcf
03b1  and  a,a AF:0020 BC:0013 DE:d9d9 HL:ea77 SP:dfcf
03b2  jr   z,$03df AF:00a0 BC:0013 DE:d9d9 HL:ea77 SP:dfcf
03df  pop  af AF:00a0 BC:0013 DE:d9d9 HL:ea77 SP:dfcf
03e0  reti AF:0120 BC:0013 DE:d9d9 HL:ea77 SP:dfd1
031d  ld   a,($cc33) AF:0120 BC:0013 DE:d9d9 HL:ea77 SP:dfd3
0320  and  a,a AF:0120 BC:0013 DE:d9d9 HL:ea77 SP:dfd3
0321  jr   nz,$031c AF:0120 BC:0013 DE:d9d9 HL:ea77 SP:dfd3
031c  halt AF:0120 BC:0013 DE:d9d9 HL:ea77 SP:dfd3
031d  ld   a,($cc33) AF:0120 BC:0013 DE:d9d9 HL:ea77 SP:dfd3
03ae  push af AF:0120 BC:0013 DE:d9d9 HL:ea77 SP:dfd1
03af  ld   a,($ffd0) AF:0120 BC:0013 DE:d9d9 HL:ea77 SP:dfcf
03b1  and  a,a AF:0020 BC:0013 DE:d9d9 HL:ea77 SP:dfcf
03b2  jr   z,$03df AF:00a0 BC:0013 DE:d9d9 HL:ea77 SP:dfcf
03df  pop  af AF:00a0 BC:0013 DE:d9d9 HL:ea77 SP:dfcf
03e0  reti AF:0120 BC:0013 DE:d9d9 HL:ea77 SP:dfd1
031d  ld   a,($cc33) AF:0120 BC:0013 DE:d9d9 HL:ea77 SP:dfd3
0320  and  a,a AF:0120 BC:0013 DE:d9d9 HL:ea77 SP:dfd3
0321  jr   nz,$031c AF:0120 BC:0013 DE:d9d9 HL:ea77 SP:dfd3
031c  halt AF:0120 BC:0013 DE:d9d9 HL:ea77 SP:dfd3
031d  ld   a,($cc33) AF:0120 BC:0013 DE:d9d9 HL:ea77 SP:dfd3
03ae  push af AF:0120 BC:0013 DE:d9d9 HL:ea77 SP:dfd1
03af  ld   a,($ffd0) AF:0120 BC:0013 DE:d9d9 HL:ea77 SP:dfcf
03b1  and  a,a AF:0020 BC:0013 DE:d9d9 HL:ea77 SP:dfcf
03b2  jr   z,$03df AF:00a0 BC:0013 DE:d9d9 HL:ea77 SP:dfcf
03df  pop  af AF:00a0 BC:0013 DE:d9d9 HL:ea77 SP:dfcf
03e0  reti AF:0120 BC:0013 DE:d9d9 HL:ea77 SP:dfd1
031d  ld   a,($cc33) AF:0120 BC:0013 DE:d9d9 HL:ea77 SP:dfd3
0320  and  a,a AF:0120 BC:0013 DE:d9d9 HL:ea77 SP:dfd3
0321  jr   nz,$031c AF:0120 BC:0013 DE:d9d9 HL:ea77 SP:dfd3
031c  halt AF:0120 BC:0013 DE:d9d9 HL:ea77 SP:dfd3
031d  ld   a,($cc33) AF:0120 BC:0013 DE:d9d9 HL:ea77 SP:dfd3
03ae  push af AF:0120 BC:0013 DE:d9d9 HL:ea77 SP:dfd1
03af  ld   a,($ffd0) AF:0120 BC:0013 DE:d9d9 HL:ea77 SP:dfcf
03b1  and  a,a AF:0020 BC:0013 DE:d9d9 HL:ea77 SP:dfcf
03b2  jr   z,$03df AF:00a0 BC:0013 DE:d9d9 HL:ea77 SP:dfcf
03df  pop  af AF:00a0 BC:0013 DE:d9d9 HL:ea77 SP:dfcf
03e0  reti AF:0120 BC:0013 DE:d9d9 HL:ea77 SP:dfd1
031d  ld   a,($cc33) AF:0120 BC:0013 DE:d9d9 HL:ea77 SP:dfd3
0320  and  a,a AF:0120 BC:0013 DE:d9d9 HL:ea77 SP:dfd3
0321  jr   nz,$031c AF:0120 BC:0013 DE:d9d9 HL:ea77 SP:dfd3
031c  halt AF:0120 BC:0013 DE:d9d9 HL:ea77 SP:dfd3
031d  ld   a,($cc33) AF:0120 BC:0013 DE:d9d9 HL:ea77 SP:dfd3
03ae  push af AF:0120 BC:0013 DE:d9d9 HL:ea77 SP:dfd1
03af  ld   a,($ffd0) AF:0120 BC:0013 DE:d9d9 HL:ea77 SP:dfcf
03b1  and  a,a AF:0020 BC:0013 DE:d9d9 HL:ea77 SP:dfcf
03b2  jr   z,$03df AF:00a0 BC:0013 DE:d9d9 HL:ea77 SP:dfcf
03df  pop  af AF:00a0 BC:0013 DE:d9d9 HL:ea77 SP:dfcf
03e0  reti AF:0120 BC:0013 DE:d9d9 HL:ea77 SP:dfd1
031d  ld   a,($cc33) AF:0120 BC:0013 DE:d9d9 HL:ea77 SP:dfd3
0320  and  a,a AF:0120 BC:0013 DE:d9d9 HL:ea77 SP:dfd3
0321  jr   nz,$031c AF:0120 BC:0013 DE:d9d9 HL:ea77 SP:dfd3
031c  halt AF:0120 BC:0013 DE:d9d9 HL:ea77 SP:dfd3
031d  ld   a,($cc33) AF:0120 BC:0013 DE:d9d9 HL:ea77 SP:dfd3
03ae  push af AF:0120 BC:0013 DE:d9d9 HL:ea77 SP:dfd1
03af  ld   a,($ffd0) AF:0120 BC:0013 DE:d9d9 HL:ea77 SP:dfcf
03b1  and  a,a AF:0020 BC:0013 DE:d9d9 HL:ea77 SP:dfcf
03b2  jr   z,$03df AF:00a0 BC:0013 DE:d9d9 HL:ea77 SP:dfcf
03df  pop  af AF:00a0 BC:0013 DE:d9d9 HL:ea77 SP:dfcf
03e0  reti AF:0120 BC:0013 DE:d9d9 HL:ea77 SP:dfd1
031d  ld   a,($cc33) AF:0120 BC:0013 DE:d9d9 HL:ea77 SP:dfd3
0320  and  a,a AF:0120 BC:0013 DE:d9d9 HL:ea77 SP:dfd3
0321  jr   nz,$031c AF:0120 BC:0013 DE:d9d9 HL:ea77 SP:dfd3
031c  halt AF:0120 BC:0013 DE:d9d9 HL:ea77 SP:dfd3
031d  ld   a,($cc33) AF:0120 BC:0013 DE:d9d9 HL:ea77 SP:dfd3
03ae  push af AF:0120 BC:0013 DE:d9d9 HL:ea77 SP:dfd1
03af  ld   a,($ffd0) AF:0120 BC:0013 DE:d9d9 HL:ea77 SP:dfcf
03b1  and  a,a AF:0020 BC:0013 DE:d9d9 HL:ea77 SP:dfcf
03b2  jr   z,$03df AF:00a0 BC:0013 DE:d9d9 HL:ea77 SP:dfcf
03df  pop  af AF:00a0 BC:0013 DE:d9d9 HL:ea77 SP:dfcf
03e0  reti AF:0120 BC:0013 DE:d9d9 HL:ea77 SP:dfd1
031d  ld   a,($cc33) AF:0120 BC:0013 DE:d9d9 HL:ea77 SP:dfd3
0320  and  a,a AF:0120 BC:0013 DE:d9d9 HL:ea77 SP:dfd3
0321  jr   nz,$031c AF:0120 BC:0013 DE:d9d9 HL:ea77 SP:dfd3
031c  halt AF:0120 BC:0013 DE:d9d9 HL:ea77 SP:dfd3
031d  ld   a,($cc33) AF:0120 BC:0013 DE:d9d9 HL:ea77 SP:dfd3
03ae  push af AF:0120 BC:0013 DE:d9d9 HL:ea77 SP:dfd1
03af  ld   a,($ffd0) AF:0120 BC:0013 DE:d9d9 HL:ea77 SP:dfcf
03b1  and  a,a AF:0020 BC:0013 DE:d9d9 HL:ea77 SP:dfcf
03b2  jr   z,$03df AF:00a0 BC:0013 DE:d9d9 HL:ea77 SP:dfcf
03df  pop  af AF:00a0 BC:0013 DE:d9d9 HL:ea77 SP:dfcf
03e0  reti AF:0120 BC:0013 DE:d9d9 HL:ea77 SP:dfd1
031d  ld   a,($cc33) AF:0120 BC:0013 DE:d9d9 HL:ea77 SP:dfd3
0320  and  a,a AF:0120 BC:0013 DE:d9d9 HL:ea77 SP:dfd3
0321  jr   nz,$031c AF:0120 BC:0013 DE:d9d9 HL:ea77 SP:dfd3
031c  halt AF:0120 BC:0013 DE:d9d9 HL:ea77 SP:dfd3
031d  ld   a,($cc33) AF:0120 BC:0013 DE:d9d9 HL:ea77 SP:dfd3
03ae  push af AF:0120 BC:0013 DE:d9d9 HL:ea77 SP:dfd1
03af  ld   a,($ffd0) AF:0120 BC:0013 DE:d9d9 HL:ea77 SP:dfcf
03b1  and  a,a AF:0020 BC:0013 DE:d9d9 HL:ea77 SP:dfcf
03b2  jr   z,$03df AF:00a0 BC:0013 DE:d9d9 HL:ea77 SP:dfcf
03df  pop  af AF:00a0 BC:0013 DE:d9d9 HL:ea77 SP:dfcf
03e0  reti AF:0120 BC:0013 DE:d9d9 HL:ea77 SP:dfd1
031d  ld   a,($cc33) AF:0120 BC:0013 DE:d9d9 HL:ea77 SP:dfd3
0320  and  a,a AF:0120 BC:0013 DE:d9d9 HL:ea77 SP:dfd3
0321  jr   nz,$031c AF:0120 BC:0013 DE:d9d9 HL:ea77 SP:dfd3
031c  halt AF:0120 BC:0013 DE:d9d9 HL:ea77 SP:dfd3
031d  ld   a,($cc33) AF:0120 BC:0013 DE:d9d9 HL:ea77 SP:dfd3
03ae  push af AF:0120 BC:0013 DE:d9d9 HL:ea77 SP:dfd1
03af  ld   a,($ffd0) AF:0120 BC:0013 DE:d9d9 HL:ea77 SP:dfcf
03b1  and  a,a AF:0020 BC:0013 DE:d9d9 HL:ea77 SP:dfcf
03b2  jr   z,$03df AF:00a0 BC:0013 DE:d9d9 HL:ea77 SP:dfcf
03df  pop  af AF:00a0 BC:0013 DE:d9d9 HL:ea77 SP:dfcf
03e0  reti AF:0120 BC:0013 DE:d9d9 HL:ea77 SP:dfd1
031d  ld   a,($cc33) AF:0120 BC:0013 DE:d9d9 HL:ea77 SP:dfd3
0320  and  a,a AF:0120 BC:0013 DE:d9d9 HL:ea77 SP:dfd3
0321  jr   nz,$031c AF:0120 BC:0013 DE:d9d9 HL:ea77 SP:dfd3
031c  halt AF:0120 BC:0013 DE:d9d9 HL:ea77 SP:dfd3
031d  ld   a,($cc33) AF:0120 BC:0013 DE:d9d9 HL:ea77 SP:dfd3
03ae  push af AF:0120 BC:0013 DE:d9d9 HL:ea77 SP:dfd1
03af  ld   a,($ffd0) AF:0120 BC:0013 DE:d9d9 HL:ea77 SP:dfcf
03b1  and  a,a AF:0020 BC:0013 DE:d9d9 HL:ea77 SP:dfcf
03b2  jr   z,$03df AF:00a0 BC:0013 DE:d9d9 HL:ea77 SP:dfcf
03df  pop  af AF:00a0 BC:0013 DE:d9d9 HL:ea77 SP:dfcf
03e0  reti AF:0120 BC:0013 DE:d9d9 HL:ea77 SP:dfd1
031d  ld   a,($cc33) AF:0120 BC:0013 DE:d9d9 HL:ea77 SP:dfd3
0320  and  a,a AF:0120 BC:0013 DE:d9d9 HL:ea77 SP:dfd3
0321  jr   nz,$031c AF:0120 BC:0013 DE:d9d9 HL:ea77 SP:dfd3
031c  halt AF:0120 BC:0013 DE:d9d9 HL:ea77 SP:dfd3
031d  ld   a,($cc33) AF:0120 BC:0013 DE:d9d9 HL:ea77 SP:dfd3
03ae  push af AF:0120 BC:0013 DE:d9d9 HL:ea77 SP:dfd1
03af  ld   a,($ffd0) AF:0120 BC:0013 DE:d9d9 HL:ea77 SP:dfcf
03b1  and  a,a AF:0020 BC:0013 DE:d9d9 HL:ea77 SP:dfcf
03b2  jr   z,$03df AF:00a0 BC:0013 DE:d9d9 HL:ea77 SP:dfcf
03df  pop  af AF:00a0 BC:0013 DE:d9d9 HL:ea77 SP:dfcf
03e0  reti AF:0120 BC:0013 DE:d9d9 HL:ea77 SP:dfd1
031d  ld   a,($cc33) AF:0120 BC:0013 DE:d9d9 HL:ea77 SP:dfd3
0320  and  a,a AF:0120 BC:0013 DE:d9d9 HL:ea77 SP:dfd3
0321  jr   nz,$031c AF:0120 BC:0013 DE:d9d9 HL:ea77 SP:dfd3
031c  halt AF:0120 BC:0013 DE:d9d9 HL:ea77 SP:dfd3
031d  ld   a,($cc33) AF:0120 BC:0013 DE:d9d9 HL:ea77 SP:dfd3
03ae  push af AF:0120 BC:0013 DE:d9d9 HL:ea77 SP:dfd1
03af  ld   a,($ffd0) AF:0120 BC:0013 DE:d9d9 HL:ea77 SP:dfcf
03b1  and  a,a AF:0020 BC:0013 DE:d9d9 HL:ea77 SP:dfcf
03b2  jr   z,$03df AF:00a0 BC:0013 DE:d9d9 HL:ea77 SP:dfcf
03df  pop  af AF:00a0 BC:0013 DE:d9d9 HL:ea77 SP:dfcf
03e0  reti AF:0120 BC:0013 DE:d9d9 HL:ea77 SP:dfd1
031d  ld   a,($cc33) AF:0120 BC:0013 DE:d9d9 HL:ea77 SP:dfd3
0320  and  a,a AF:0120 BC:0013 DE:d9d9 HL:ea77 SP:dfd3
0321  jr   nz,$031c AF:0120 BC:0013 DE:d9d9 HL:ea77 SP:dfd3
031c  halt AF:0120 BC:0013 DE:d9d9 HL:ea77 SP:dfd3
031d  ld   a,($cc33) AF:0120 BC:0013 DE:d9d9 HL:ea77 SP:dfd3
03ae  push af AF:0120 BC:0013 DE:d9d9 HL:ea77 SP:dfd1
03af  ld   a,($ffd0) AF:0120 BC:0013 DE:d9d9 HL:ea77 SP:dfcf
03b1  and  a,a AF:0020 BC:0013 DE:d9d9 HL:ea77 SP:dfcf
03b2  jr   z,$03df AF:00a0 BC:0013 DE:d9d9 HL:ea77 SP:dfcf
03df  pop  af AF:00a0 BC:0013 DE:d9d9 HL:ea77 SP:dfcf
03e0  reti AF:0120 BC:0013 DE:d9d9 HL:ea77 SP:dfd1
031d  ld   a,($cc33) AF:0120 BC:0013 DE:d9d9 HL:ea77 SP:dfd3
0320  and  a,a AF:0120 BC:0013 DE:d9d9 HL:ea77 SP:dfd3
0321  jr   nz,$031c AF:0120 BC:0013 DE:d9d9 HL:ea77 SP:dfd3
031c  halt AF:0120 BC:0013 DE:d9d9 HL:ea77 SP:dfd3
031d  ld   a,($cc33) AF:0120 BC:0013 DE:d9d9 HL:ea77 SP:dfd3
03ae  push af AF:0120 BC:0013 DE:d9d9 HL:ea77 SP:dfd1
03af  ld   a,($ffd0) AF:0120 BC:0013 DE:d9d9 HL:ea77 SP:dfcf
03b1  and  a,a AF:0020 BC:0013 DE:d9d9 HL:ea77 SP:dfcf
03b2  jr   z,$03df AF:00a0 BC:0013 DE:d9d9 HL:ea77 SP:dfcf
03df  pop  af AF:00a0 BC:0013 DE:d9d9 HL:ea77 SP:dfcf
03e0  reti AF:0120 BC:0013 DE:d9d9 HL:ea77 SP:dfd1
031d  ld   a,($cc33) AF:0120 BC:0013 DE:d9d9 HL:ea77 SP:dfd3
0320  and  a,a AF:0120 BC:0013 DE:d9d9 HL:ea77 SP:dfd3
0321  jr   nz,$031c AF:0120 BC:0013 DE:d9d9 HL:ea77 SP:dfd3
031c  halt AF:0120 BC:0013 DE:d9d9 HL:ea77 SP:dfd3
031d  ld   a,($cc33) AF:0120 BC:0013 DE:d9d9 HL:ea77 SP:dfd3
03ae  push af AF:0120 BC:0013 DE:d9d9 HL:ea77 SP:dfd1
03af  ld   a,($ffd0) AF:0120 BC:0013 DE:d9d9 HL:ea77 SP:dfcf
03b1  and  a,a AF:0020 BC:0013 DE:d9d9 HL:ea77 SP:dfcf
03b2  jr   z,$03df AF:00a0 BC:0013 DE:d9d9 HL:ea77 SP:dfcf
03df  pop  af AF:00a0 BC:0013 DE:d9d9 HL:ea77 SP:dfcf
03e0  reti AF:0120 BC:0013 DE:d9d9 HL:ea77 SP:dfd1
031d  ld   a,($cc33) AF:0120 BC:0013 DE:d9d9 HL:ea77 SP:dfd3
0320  and  a,a AF:0120 BC:0013 DE:d9d9 HL:ea77 SP:dfd3
0321  jr   nz,$031c AF:0120 BC:0013 DE:d9d9 HL:ea77 SP:dfd3
031c  halt AF:0120 BC:0013 DE:d9d9 HL:ea77 SP:dfd3
031d  ld   a,($cc33) AF:0120 BC:0013 DE:d9d9 HL:ea77 SP:dfd3
03ae  push af AF:0120 BC:0013 DE:d9d9 HL:ea77 SP:dfd1
03af  ld   a,($ffd0) AF:0120 BC:0013 DE:d9d9 HL:ea77 SP:dfcf
03b1  and  a,a AF:0020 BC:0013 DE:d9d9 HL:ea77 SP:dfcf
03b2  jr   z,$03df AF:00a0 BC:0013 DE:d9d9 HL:ea77 SP:dfcf
03df  pop  af AF:00a0 BC:0013 DE:d9d9 HL:ea77 SP:dfcf
03e0  reti AF:0120 BC:0013 DE:d9d9 HL:ea77 SP:dfd1
031d  ld   a,($cc33) AF:0120 BC:0013 DE:d9d9 HL:ea77 SP:dfd3
0320  and  a,a AF:0120 BC:0013 DE:d9d9 HL:ea77 SP:dfd3
0321  jr   nz,$031c AF:0120 BC:0013 DE:d9d9 HL:ea77 SP:dfd3
031c  halt AF:0120 BC:0013 DE:d9d9 HL:ea77 SP:dfd3
031d  ld   a,($cc33) AF:0120 BC:0013 DE:d9d9 HL:ea77 SP:dfd3
03ae  push af AF:0120 BC:0013 DE:d9d9 HL:ea77 SP:dfd1
03af  ld   a,($ffd0) AF:0120 BC:0013 DE:d9d9 HL:ea77 SP:dfcf
03b1  and  a,a AF:0020 BC:0013 DE:d9d9 HL:ea77 SP:dfcf
03b2  jr   z,$03df AF:00a0 BC:0013 DE:d9d9 HL:ea77 SP:dfcf
03df  pop  af AF:00a0 BC:0013 DE:d9d9 HL:ea77 SP:dfcf
03e0  reti AF:0120 BC:0013 DE:d9d9 HL:ea77 SP:dfd1
031d  ld   a,($cc33) AF:0120 BC:0013 DE:d9d9 HL:ea77 SP:dfd3
0320  and  a,a AF:0120 BC:0013 DE:d9d9 HL:ea77 SP:dfd3
0321  jr   nz,$031c AF:0120 BC:0013 DE:d9d9 HL:ea77 SP:dfd3
031c  halt AF:0120 BC:0013 DE:d9d9 HL:ea77 SP:dfd3
031d  ld   a,($cc33) AF:0120 BC:0013 DE:d9d9 HL:ea77 SP:dfd3
03ae  push af AF:0120 BC:0013 DE:d9d9 HL:ea77 SP:dfd1
03af  ld   a,($ffd0) AF:0120 BC:0013 DE:d9d9 HL:ea77 SP:dfcf
03b1  and  a,a AF:0020 BC:0013 DE:d9d9 HL:ea77 SP:dfcf
03b2  jr   z,$03df AF:00a0 BC:0013 DE:d9d9 HL:ea77 SP:dfcf
03df  pop  af AF:00a0 BC:0013 DE:d9d9 HL:ea77 SP:dfcf
03e0  reti AF:0120 BC:0013 DE:d9d9 HL:ea77 SP:dfd1
031d  ld   a,($cc33) AF:0120 BC:0013 DE:d9d9 HL:ea77 SP:dfd3
0320  and  a,a AF:0120 BC:0013 DE:d9d9 HL:ea77 SP:dfd3
0321  jr   nz,$031c AF:0120 BC:0013 DE:d9d9 HL:ea77 SP:dfd3
031c  halt AF:0120 BC:0013 DE:d9d9 HL:ea77 SP:dfd3
031d  ld   a,($cc33) AF:0120 BC:0013 DE:d9d9 HL:ea77 SP:dfd3
03ae  push af AF:0120 BC:0013 DE:d9d9 HL:ea77 SP:dfd1
03af  ld   a,($ffd0) AF:0120 BC:0013 DE:d9d9 HL:ea77 SP:dfcf
03b1  and  a,a AF:0020 BC:0013 DE:d9d9 HL:ea77 SP:dfcf
03b2  jr   z,$03df AF:00a0 BC:0013 DE:d9d9 HL:ea77 SP:dfcf
03df  pop  af AF:00a0 BC:0013 DE:d9d9 HL:ea77 SP:dfcf
03e0  reti AF:0120 BC:0013 DE:d9d9 HL:ea77 SP:dfd1
031d  ld   a,($cc33) AF:0120 BC:0013 DE:d9d9 HL:ea77 SP:dfd3
0320  and  a,a AF:0120 BC:0013 DE:d9d9 HL:ea77 SP:dfd3
0321  jr   nz,$031c AF:0120 BC:0013 DE:d9d9 HL:ea77 SP:dfd3
031c  halt AF:0120 BC:0013 DE:d9d9 HL:ea77 SP:dfd3
031d  ld   a,($cc33) AF:0120 BC:0013 DE:d9d9 HL:ea77 SP:dfd3
03ae  push af AF:0120 BC:0013 DE:d9d9 HL:ea77 SP:dfd1
03af  ld   a,($ffd0) AF:0120 BC:0013 DE:d9d9 HL:ea77 SP:dfcf
03b1  and  a,a AF:0020 BC:0013 DE:d9d9 HL:ea77 SP:dfcf
03b2  jr   z,$03df AF:00a0 BC:0013 DE:d9d9 HL:ea77 SP:dfcf
03df  pop  af AF:00a0 BC:0013 DE:d9d9 HL:ea77 SP:dfcf
03e0  reti AF:0120 BC:0013 DE:d9d9 HL:ea77 SP:dfd1
031d  ld   a,($cc33) AF:0120 BC:0013 DE:d9d9 HL:ea77 SP:dfd3
0320  and  a,a AF:0120 BC:0013 DE:d9d9 HL:ea77 SP:dfd3
0321  jr   nz,$031c AF:0120 BC:0013 DE:d9d9 HL:ea77 SP:dfd3
031c  halt AF:0120 BC:0013 DE:d9d9 HL:ea77 SP:dfd3
031d  ld   a,($cc33) AF:0120 BC:0013 DE:d9d9 HL:ea77 SP:dfd3
03ae  push af AF:0120 BC:0013 DE:d9d9 HL:ea77 SP:dfd1
03af  ld   a,($ffd0) AF:0120 BC:0013 DE:d9d9 HL:ea77 SP:dfcf
03b1  and  a,a AF:0020 BC:0013 DE:d9d9 HL:ea77 SP:dfcf
03b2  jr   z,$03df AF:00a0 BC:0013 DE:d9d9 HL:ea77 SP:dfcf
03df  pop  af AF:00a0 BC:0013 DE:d9d9 HL:ea77 SP:dfcf
03e0  reti AF:0120 BC:0013 DE:d9d9 HL:ea77 SP:dfd1
031d  ld   a,($cc33) AF:0120 BC:0013 DE:d9d9 HL:ea77 SP:dfd3
0320  and  a,a AF:0120 BC:0013 DE:d9d9 HL:ea77 SP:dfd3
0321  jr   nz,$031c AF:0120 BC:0013 DE:d9d9 HL:ea77 SP:dfd3
031c  halt AF:0120 BC:0013 DE:d9d9 HL:ea77 SP:dfd3
031d  ld   a,($cc33) AF:0120 BC:0013 DE:d9d9 HL:ea77 SP:dfd3
03ae  push af AF:0120 BC:0013 DE:d9d9 HL:ea77 SP:dfd1
03af  ld   a,($ffd0) AF:0120 BC:0013 DE:d9d9 HL:ea77 SP:dfcf
03b1  and  a,a AF:0020 BC:0013 DE:d9d9 HL:ea77 SP:dfcf
03b2  jr   z,$03df AF:00a0 BC:0013 DE:d9d9 HL:ea77 SP:dfcf
03df  pop  af AF:00a0 BC:0013 DE:d9d9 HL:ea77 SP:dfcf
03e0  reti AF:0120 BC:0013 DE:d9d9 HL:ea77 SP:dfd1
031d  ld   a,($cc33) AF:0120 BC:0013 DE:d9d9 HL:ea77 SP:dfd3
0320  and  a,a AF:0120 BC:0013 DE:d9d9 HL:ea77 SP:dfd3
0321  jr   nz,$031c AF:0120 BC:0013 DE:d9d9 HL:ea77 SP:dfd3
031c  halt AF:0120 BC:0013 DE:d9d9 HL:ea77 SP:dfd3
031d  ld   a,($cc33) AF:0120 BC:0013 DE:d9d9 HL:ea77 SP:dfd3
03ae  push af AF:0120 BC:0013 DE:d9d9 HL:ea77 SP:dfd1
03af  ld   a,($ffd0) AF:0120 BC:0013 DE:d9d9 HL:ea77 SP:dfcf
03b1  and  a,a AF:0020 BC:0013 DE:d9d9 HL:ea77 SP:dfcf
03b2  jr   z,$03df AF:00a0 BC:0013 DE:d9d9 HL:ea77 SP:dfcf
03df  pop  af AF:00a0 BC:0013 DE:d9d9 HL:ea77 SP:dfcf
03e0  reti AF:0120 BC:0013 DE:d9d9 HL:ea77 SP:dfd1
031d  ld   a,($cc33) AF:0120 BC:0013 DE:d9d9 HL:ea77 SP:dfd3
0320  and  a,a AF:0120 BC:0013 DE:d9d9 HL:ea77 SP:dfd3
0321  jr   nz,$031c AF:0120 BC:0013 DE:d9d9 HL:ea77 SP:dfd3
031c  halt AF:0120 BC:0013 DE:d9d9 HL:ea77 SP:dfd3
031d  ld   a,($cc33) AF:0120 BC:0013 DE:d9d9 HL:ea77 SP:dfd3
03ae  push af AF:0120 BC:0013 DE:d9d9 HL:ea77 SP:dfd1
03af  ld   a,($ffd0) AF:0120 BC:0013 DE:d9d9 HL:ea77 SP:dfcf
03b1  and  a,a AF:0020 BC:0013 DE:d9d9 HL:ea77 SP:dfcf
03b2  jr   z,$03df AF:00a0 BC:0013 DE:d9d9 HL:ea77 SP:dfcf
03df  pop  af AF:00a0 BC:0013 DE:d9d9 HL:ea77 SP:dfcf
03e0  reti AF:0120 BC:0013 DE:d9d9 HL:ea77 SP:dfd1
031d  ld   a,($cc33) AF:0120 BC:0013 DE:d9d9 HL:ea77 SP:dfd3
0320  and  a,a AF:0120 BC:0013 DE:d9d9 HL:ea77 SP:dfd3
0321  jr   nz,$031c AF:0120 BC:0013 DE:d9d9 HL:ea77 SP:dfd3
031c  halt AF:0120 BC:0013 DE:d9d9 HL:ea77 SP:dfd3
031d  ld   a,($cc33) AF:0120 BC:0013 DE:d9d9 HL:ea77 SP:dfd3
03ae  push af AF:0120 BC:0013 DE:d9d9 HL:ea77 SP:dfd1
03af  ld   a,($ffd0) AF:0120 BC:0013 DE:d9d9 HL:ea77 SP:dfcf
03b1  and  a,a AF:0020 BC:0013 DE:d9d9 HL:ea77 SP:dfcf
03b2  jr   z,$03df AF:00a0 BC:0013 DE:d9d9 HL:ea77 SP:dfcf
03df  pop  af AF:00a0 BC:0013 DE:d9d9 HL:ea77 SP:dfcf
03e0  reti AF:0120 BC:0013 DE:d9d9 HL:ea77 SP:dfd1
031d  ld   a,($cc33) AF:0120 BC:0013 DE:d9d9 HL:ea77 SP:dfd3
0320  and  a,a AF:0120 BC:0013 DE:d9d9 HL:ea77 SP:dfd3
0321  jr   nz,$031c AF:0120 BC:0013 DE:d9d9 HL:ea77 SP:dfd3
031c  halt AF:0120 BC:0013 DE:d9d9 HL:ea77 SP:dfd3
031d  ld   a,($cc33) AF:0120 BC:0013 DE:d9d9 HL:ea77 SP:dfd3
03ae  push af AF:0120 BC:0013 DE:d9d9 HL:ea77 SP:dfd1
03af  ld   a,($ffd0) AF:0120 BC:0013 DE:d9d9 HL:ea77 SP:dfcf
03b1  and  a,a AF:0020 BC:0013 DE:d9d9 HL:ea77 SP:dfcf
03b2  jr   z,$03df AF:00a0 BC:0013 DE:d9d9 HL:ea77 SP:dfcf
03df  pop  af AF:00a0 BC:0013 DE:d9d9 HL:ea77 SP:dfcf
03e0  reti AF:0120 BC:0013 DE:d9d9 HL:ea77 SP:dfd1
031d  ld   a,($cc33) AF:0120 BC:0013 DE:d9d9 HL:ea77 SP:dfd3
0320  and  a,a AF:0120 BC:0013 DE:d9d9 HL:ea77 SP:dfd3
0321  jr   nz,$031c AF:0120 BC:0013 DE:d9d9 HL:ea77 SP:dfd3
031c  halt AF:0120 BC:0013 DE:d9d9 HL:ea77 SP:dfd3
031d  ld   a,($cc33) AF:0120 BC:0013 DE:d9d9 HL:ea77 SP:dfd3
03ae  push af AF:0120 BC:0013 DE:d9d9 HL:ea77 SP:dfd1
03af  ld   a,($ffd0) AF:0120 BC:0013 DE:d9d9 HL:ea77 SP:dfcf
03b1  and  a,a AF:0020 BC:0013 DE:d9d9 HL:ea77 SP:dfcf
03b2  jr   z,$03df AF:00a0 BC:0013 DE:d9d9 HL:ea77 SP:dfcf
03df  pop  af AF:00a0 BC:0013 DE:d9d9 HL:ea77 SP:dfcf
03e0  reti AF:0120 BC:0013 DE:d9d9 HL:ea77 SP:dfd1
031d  ld   a,($cc33) AF:0120 BC:0013 DE:d9d9 HL:ea77 SP:dfd3
0320  and  a,a AF:0120 BC:0013 DE:d9d9 HL:ea77 SP:dfd3
0321  jr   nz,$031c AF:0120 BC:0013 DE:d9d9 HL:ea77 SP:dfd3
031c  halt AF:0120 BC:0013 DE:d9d9 HL:ea77 SP:dfd3
031d  ld   a,($cc33) AF:0120 BC:0013 DE:d9d9 HL:ea77 SP:dfd3
03ae  push af AF:0120 BC:0013 DE:d9d9 HL:ea77 SP:dfd1
03af  ld   a,($ffd0) AF:0120 BC:0013 DE:d9d9 HL:ea77 SP:dfcf
03b1  and  a,a AF:0020 BC:0013 DE:d9d9 HL:ea77 SP:dfcf
03b2  jr   z,$03df AF:00a0 BC:0013 DE:d9d9 HL:ea77 SP:dfcf
03df  pop  af AF:00a0 BC:0013 DE:d9d9 HL:ea77 SP:dfcf
03e0  reti AF:0120 BC:0013 DE:d9d9 HL:ea77 SP:dfd1
031d  ld   a,($cc33) AF:0120 BC:0013 DE:d9d9 HL:ea77 SP:dfd3
0320  and  a,a AF:0120 BC:0013 DE:d9d9 HL:ea77 SP:dfd3
0321  jr   nz,$031c AF:0120 BC:0013 DE:d9d9 HL:ea77 SP:dfd3
031c  halt AF:0120 BC:0013 DE:d9d9 HL:ea77 SP:dfd3
031d  ld   a,($cc33) AF:0120 BC:0013 DE:d9d9 HL:ea77 SP:dfd3
03ae  push af AF:0120 BC:0013 DE:d9d9 HL:ea77 SP:dfd1
03af  ld   a,($ffd0) AF:0120 BC:0013 DE:d9d9 HL:ea77 SP:dfcf
03b1  and  a,a AF:0020 BC:0013 DE:d9d9 HL:ea77 SP:dfcf
03b2  jr   z,$03df AF:00a0 BC:0013 DE:d9d9 HL:ea77 SP:dfcf
03df  pop  af AF:00a0 BC:0013 DE:d9d9 HL:ea77 SP:dfcf
03e0  reti AF:0120 BC:0013 DE:d9d9 HL:ea77 SP:dfd1
031d  ld   a,($cc33) AF:0120 BC:0013 DE:d9d9 HL:ea77 SP:dfd3
0320  and  a,a AF:0120 BC:0013 DE:d9d9 HL:ea77 SP:dfd3
0321  jr   nz,$031c AF:0120 BC:0013 DE:d9d9 HL:ea77 SP:dfd3
031c  halt AF:0120 BC:0013 DE:d9d9 HL:ea77 SP:dfd3
031d  ld   a,($cc33) AF:0120 BC:0013 DE:d9d9 HL:ea77 SP:dfd3
03ae  push af AF:0120 BC:0013 DE:d9d9 HL:ea77 SP:dfd1
03af  ld   a,($ffd0) AF:0120 BC:0013 DE:d9d9 HL:ea77 SP:dfcf
03b1  and  a,a AF:0020 BC:0013 DE:d9d9 HL:ea77 SP:dfcf
03b2  jr   z,$03df AF:00a0 BC:0013 DE:d9d9 HL:ea77 SP:dfcf
03df  pop  af AF:00a0 BC:0013 DE:d9d9 HL:ea77 SP:dfcf
03e0  reti AF:0120 BC:0013 DE:d9d9 HL:ea77 SP:dfd1
031d  ld   a,($cc33) AF:0120 BC:0013 DE:d9d9 HL:ea77 SP:dfd3
0320  and  a,a AF:0120 BC:0013 DE:d9d9 HL:ea77 SP:dfd3
0321  jr   nz,$031c AF:0120 BC:0013 DE:d9d9 HL:ea77 SP:dfd3
031c  halt AF:0120 BC:0013 DE:d9d9 HL:ea77 SP:dfd3
031d  ld   a,($cc33) AF:0120 BC:0013 DE:d9d9 HL:ea77 SP:dfd3
03ae  push af AF:0120 BC:0013 DE:d9d9 HL:ea77 SP:dfd1
03af  ld   a,($ffd0) AF:0120 BC:0013 DE:d9d9 HL:ea77 SP:dfcf
03b1  and  a,a AF:0020 BC:0013 DE:d9d9 HL:ea77 SP:dfcf
03b2  jr   z,$03df AF:00a0 BC:0013 DE:d9d9 HL:ea77 SP:dfcf
03df  pop  af AF:00a0 BC:0013 DE:d9d9 HL:ea77 SP:dfcf
03e0  reti AF:0120 BC:0013 DE:d9d9 HL:ea77 SP:dfd1
031d  ld   a,($cc33) AF:0120 BC:0013 DE:d9d9 HL:ea77 SP:dfd3
0320  and  a,a AF:0120 BC:0013 DE:d9d9 HL:ea77 SP:dfd3
0321  jr   nz,$031c AF:0120 BC:0013 DE:d9d9 HL:ea77 SP:dfd3
031c  halt AF:0120 BC:0013 DE:d9d9 HL:ea77 SP:dfd3
031d  ld   a,($cc33) AF:0120 BC:0013 DE:d9d9 HL:ea77 SP:dfd3
03ae  push af AF:0120 BC:0013 DE:d9d9 HL:ea77 SP:dfd1
03af  ld   a,($ffd0) AF:0120 BC:0013 DE:d9d9 HL:ea77 SP:dfcf
03b1  and  a,a AF:0020 BC:0013 DE:d9d9 HL:ea77 SP:dfcf
03b2  jr   z,$03df AF:00a0 BC:0013 DE:d9d9 HL:ea77 SP:dfcf
03df  pop  af AF:00a0 BC:0013 DE:d9d9 HL:ea77 SP:dfcf
03e0  reti AF:0120 BC:0013 DE:d9d9 HL:ea77 SP:dfd1
031d  ld   a,($cc33) AF:0120 BC:0013 DE:d9d9 HL:ea77 SP:dfd3
0320  and  a,a AF:0120 BC:0013 DE:d9d9 HL:ea77 SP:dfd3
0321  jr   nz,$031c AF:0120 BC:0013 DE:d9d9 HL:ea77 SP:dfd3
031c  halt AF:0120 BC:0013 DE:d9d9 HL:ea77 SP:dfd3
031d  ld   a,($cc33) AF:0120 BC:0013 DE:d9d9 HL:ea77 SP:dfd3
03ae  push af AF:0120 BC:0013 DE:d9d9 HL:ea77 SP:dfd1
03af  ld   a,($ffd0) AF:0120 BC:0013 DE:d9d9 HL:ea77 SP:dfcf
03b1  and  a,a AF:0020 BC:0013 DE:d9d9 HL:ea77 SP:dfcf
03b2  jr   z,$03df AF:00a0 BC:0013 DE:d9d9 HL:ea77 SP:dfcf
03df  pop  af AF:00a0 BC:0013 DE:d9d9 HL:ea77 SP:dfcf
03e0  reti AF:0120 BC:0013 DE:d9d9 HL:ea77 SP:dfd1
031d  ld   a,($cc33) AF:0120 BC:0013 DE:d9d9 HL:ea77 SP:dfd3
0320  and  a,a AF:0120 BC:0013 DE:d9d9 HL:ea77 SP:dfd3
0321  jr   nz,$031c AF:0120 BC:0013 DE:d9d9 HL:ea77 SP:dfd3
031c  halt AF:0120 BC:0013 DE:d9d9 HL:ea77 SP:dfd3
031d  ld   a,($cc33) AF:0120 BC:0013 DE:d9d9 HL:ea77 SP:dfd3
03ae  push af AF:0120 BC:0013 DE:d9d9 HL:ea77 SP:dfd1
03af  ld   a,($ffd0) AF:0120 BC:0013 DE:d9d9 HL:ea77 SP:dfcf
03b1  and  a,a AF:0020 BC:0013 DE:d9d9 HL:ea77 SP:dfcf
03b2  jr   z,$03df AF:00a0 BC:0013 DE:d9d9 HL:ea77 SP:dfcf
03df  pop  af AF:00a0 BC:0013 DE:d9d9 HL:ea77 SP:dfcf
03e0  reti AF:0120 BC:0013 DE:d9d9 HL:ea77 SP:dfd1
031d  ld   a,($cc33) AF:0120 BC:0013 DE:d9d9 HL:ea77 SP:dfd3
0320  and  a,a AF:0120 BC:0013 DE:d9d9 HL:ea77 SP:dfd3
0321  jr   nz,$031c AF:0120 BC:0013 DE:d9d9 HL:ea77 SP:dfd3
031c  halt AF:0120 BC:0013 DE:d9d9 HL:ea77 SP:dfd3
031d  ld   a,($cc33) AF:0120 BC:0013 DE:d9d9 HL:ea77 SP:dfd3
03ae  push af AF:0120 BC:0013 DE:d9d9 HL:ea77 SP:dfd1
03af  ld   a,($ffd0) AF:0120 BC:0013 DE:d9d9 HL:ea77 SP:dfcf
03b1  and  a,a AF:0020 BC:0013 DE:d9d9 HL:ea77 SP:dfcf
03b2  jr   z,$03df AF:00a0 BC:0013 DE:d9d9 HL:ea77 SP:dfcf
03df  pop  af AF:00a0 BC:0013 DE:d9d9 HL:ea77 SP:dfcf
03e0  reti AF:0120 BC:0013 DE:d9d9 HL:ea77 SP:dfd1
031d  ld   a,($cc33) AF:0120 BC:0013 DE:d9d9 HL:ea77 SP:dfd3
0320  and  a,a AF:0120 BC:0013 DE:d9d9 HL:ea77 SP:dfd3
0321  jr   nz,$031c AF:0120 BC:0013 DE:d9d9 HL:ea77 SP:dfd3
031c  halt AF:0120 BC:0013 DE:d9d9 HL:ea77 SP:dfd3
031d  ld   a,($cc33) AF:0120 BC:0013 DE:d9d9 HL:ea77 SP:dfd3
03ae  push af AF:0120 BC:0013 DE:d9d9 HL:ea77 SP:dfd1
03af  ld   a,($ffd0) AF:0120 BC:0013 DE:d9d9 HL:ea77 SP:dfcf
03b1  and  a,a AF:0020 BC:0013 DE:d9d9 HL:ea77 SP:dfcf
03b2  jr   z,$03df AF:00a0 BC:0013 DE:d9d9 HL:ea77 SP:dfcf
03df  pop  af AF:00a0 BC:0013 DE:d9d9 HL:ea77 SP:dfcf
03e0  reti AF:0120 BC:0013 DE:d9d9 HL:ea77 SP:dfd1
031d  ld   a,($cc33) AF:0120 BC:0013 DE:d9d9 HL:ea77 SP:dfd3
0320  and  a,a AF:0120 BC:0013 DE:d9d9 HL:ea77 SP:dfd3
0321  jr   nz,$031c AF:0120 BC:0013 DE:d9d9 HL:ea77 SP:dfd3
031c  halt AF:0120 BC:0013 DE:d9d9 HL:ea77 SP:dfd3
031d  ld   a,($cc33) AF:0120 BC:0013 DE:d9d9 HL:ea77 SP:dfd3
03ae  push af AF:0120 BC:0013 DE:d9d9 HL:ea77 SP:dfd1
03af  ld   a,($ffd0) AF:0120 BC:0013 DE:d9d9 HL:ea77 SP:dfcf
03b1  and  a,a AF:0020 BC:0013 DE:d9d9 HL:ea77 SP:dfcf
03b2  jr   z,$03df AF:00a0 BC:0013 DE:d9d9 HL:ea77 SP:dfcf
03df  pop  af AF:00a0 BC:0013 DE:d9d9 HL:ea77 SP:dfcf
03e0  reti AF:0120 BC:0013 DE:d9d9 HL:ea77 SP:dfd1
031d  ld   a,($cc33) AF:0120 BC:0013 DE:d9d9 HL:ea77 SP:dfd3
0320  and  a,a AF:0120 BC:0013 DE:d9d9 HL:ea77 SP:dfd3
0321  jr   nz,$031c AF:0120 BC:0013 DE:d9d9 HL:ea77 SP:dfd3
031c  halt AF:0120 BC:0013 DE:d9d9 HL:ea77 SP:dfd3
031d  ld   a,($cc33) AF:0120 BC:0013 DE:d9d9 HL:ea77 SP:dfd3
03ae  push af AF:0120 BC:0013 DE:d9d9 HL:ea77 SP:dfd1
03af  ld   a,($ffd0) AF:0120 BC:0013 DE:d9d9 HL:ea77 SP:dfcf
03b1  and  a,a AF:0020 BC:0013 DE:d9d9 HL:ea77 SP:dfcf
03b2  jr   z,$03df AF:00a0 BC:0013 DE:d9d9 HL:ea77 SP:dfcf
03df  pop  af AF:00a0 BC:0013 DE:d9d9 HL:ea77 SP:dfcf
03e0  reti AF:0120 BC:0013 DE:d9d9 HL:ea77 SP:dfd1
031d  ld   a,($cc33) AF:0120 BC:0013 DE:d9d9 HL:ea77 SP:dfd3
0320  and  a,a AF:0120 BC:0013 DE:d9d9 HL:ea77 SP:dfd3
0321  jr   nz,$031c AF:0120 BC:0013 DE:d9d9 HL:ea77 SP:dfd3
031c  halt AF:0120 BC:0013 DE:d9d9 HL:ea77 SP:dfd3
031d  ld   a,($cc33) AF:0120 BC:0013 DE:d9d9 HL:ea77 SP:dfd3
03ae  push af AF:0120 BC:0013 DE:d9d9 HL:ea77 SP:dfd1
03af  ld   a,($ffd0) AF:0120 BC:0013 DE:d9d9 HL:ea77 SP:dfcf
03b1  and  a,a AF:0020 BC:0013 DE:d9d9 HL:ea77 SP:dfcf
03b2  jr   z,$03df AF:00a0 BC:0013 DE:d9d9 HL:ea77 SP:dfcf
03df  pop  af AF:00a0 BC:0013 DE:d9d9 HL:ea77 SP:dfcf
03e0  reti AF:0120 BC:0013 DE:d9d9 HL:ea77 SP:dfd1
031d  ld   a,($cc33) AF:0120 BC:0013 DE:d9d9 HL:ea77 SP:dfd3
0320  and  a,a AF:0120 BC:0013 DE:d9d9 HL:ea77 SP:dfd3
0321  jr   nz,$031c AF:0120 BC:0013 DE:d9d9 HL:ea77 SP:dfd3
031c  halt AF:0120 BC:0013 DE:d9d9 HL:ea77 SP:dfd3
031d  ld   a,($cc33) AF:0120 BC:0013 DE:d9d9 HL:ea77 SP:dfd3
03ae  push af AF:0120 BC:0013 DE:d9d9 HL:ea77 SP:dfd1
03af  ld   a,($ffd0) AF:0120 BC:0013 DE:d9d9 HL:ea77 SP:dfcf
03b1  and  a,a AF:0020 BC:0013 DE:d9d9 HL:ea77 SP:dfcf
03b2  jr   z,$03df AF:00a0 BC:0013 DE:d9d9 HL:ea77 SP:dfcf
03df  pop  af AF:00a0 BC:0013 DE:d9d9 HL:ea77 SP:dfcf
03e0  reti AF:0120 BC:0013 DE:d9d9 HL:ea77 SP:dfd1
031d  ld   a,($cc33) AF:0120 BC:0013 DE:d9d9 HL:ea77 SP:dfd3
0320  and  a,a AF:0120 BC:0013 DE:d9d9 HL:ea77 SP:dfd3
0321  jr   nz,$031c AF:0120 BC:0013 DE:d9d9 HL:ea77 SP:dfd3
031c  halt AF:0120 BC:0013 DE:d9d9 HL:ea77 SP:dfd3
031d  ld   a,($cc33) AF:0120 BC:0013 DE:d9d9 HL:ea77 SP:dfd3
03ae  push af AF:0120 BC:0013 DE:d9d9 HL:ea77 SP:dfd1
03af  ld   a,($ffd0) AF:0120 BC:0013 DE:d9d9 HL:ea77 SP:dfcf
03b1  and  a,a AF:0020 BC:0013 DE:d9d9 HL:ea77 SP:dfcf
03b2  jr   z,$03df AF:00a0 BC:0013 DE:d9d9 HL:ea77 SP:dfcf
03df  pop  af AF:00a0 BC:0013 DE:d9d9 HL:ea77 SP:dfcf
03e0  reti AF:0120 BC:0013 DE:d9d9 HL:ea77 SP:dfd1
031d  ld   a,($cc33) AF:0120 BC:0013 DE:d9d9 HL:ea77 SP:dfd3
0320  and  a,a AF:0120 BC:0013 DE:d9d9 HL:ea77 SP:dfd3
0321  jr   nz,$031c AF:0120 BC:0013 DE:d9d9 HL:ea77 SP:dfd3
031c  halt AF:0120 BC:0013 DE:d9d9 HL:ea77 SP:dfd3
031d  ld   a,($cc33) AF:0120 BC:0013 DE:d9d9 HL:ea77 SP:dfd3
03ae  push af AF:0120 BC:0013 DE:d9d9 HL:ea77 SP:dfd1
03af  ld   a,($ffd0) AF:0120 BC:0013 DE:d9d9 HL:ea77 SP:dfcf
03b1  and  a,a AF:0020 BC:0013 DE:d9d9 HL:ea77 SP:dfcf
03b2  jr   z,$03df AF:00a0 BC:0013 DE:d9d9 HL:ea77 SP:dfcf
03df  pop  af AF:00a0 BC:0013 DE:d9d9 HL:ea77 SP:dfcf
03e0  reti AF:0120 BC:0013 DE:d9d9 HL:ea77 SP:dfd1
031d  ld   a,($cc33) AF:0120 BC:0013 DE:d9d9 HL:ea77 SP:dfd3
0320  and  a,a AF:0120 BC:0013 DE:d9d9 HL:ea77 SP:dfd3
0321  jr   nz,$031c AF:0120 BC:0013 DE:d9d9 HL:ea77 SP:dfd3
031c  halt AF:0120 BC:0013 DE:d9d9 HL:ea77 SP:dfd3
031d  ld   a,($cc33) AF:0120 BC:0013 DE:d9d9 HL:ea77 SP:dfd3
03ae  push af AF:0120 BC:0013 DE:d9d9 HL:ea77 SP:dfd1
03af  ld   a,($ffd0) AF:0120 BC:0013 DE:d9d9 HL:ea77 SP:dfcf
03b1  and  a,a AF:0020 BC:0013 DE:d9d9 HL:ea77 SP:dfcf
03b2  jr   z,$03df AF:00a0 BC:0013 DE:d9d9 HL:ea77 SP:dfcf
03df  pop  af AF:00a0 BC:0013 DE:d9d9 HL:ea77 SP:dfcf
03e0  reti AF:0120 BC:0013 DE:d9d9 HL:ea77 SP:dfd1
031d  ld   a,($cc33) AF:0120 BC:0013 DE:d9d9 HL:ea77 SP:dfd3
0320  and  a,a AF:0120 BC:0013 DE:d9d9 HL:ea77 SP:dfd3
0321  jr   nz,$031c AF:0120 BC:0013 DE:d9d9 HL:ea77 SP:dfd3
031c  halt AF:0120 BC:0013 DE:d9d9 HL:ea77 SP:dfd3
031d  ld   a,($cc33) AF:0120 BC:0013 DE:d9d9 HL:ea77 SP:dfd3
03ae  push af AF:0120 BC:0013 DE:d9d9 HL:ea77 SP:dfd1
03af  ld   a,($ffd0) AF:0120 BC:0013 DE:d9d9 HL:ea77 SP:dfcf
03b1  and  a,a AF:0020 BC:0013 DE:d9d9 HL:ea77 SP:dfcf
03b2  jr   z,$03df AF:00a0 BC:0013 DE:d9d9 HL:ea77 SP:dfcf
03df  pop  af AF:00a0 BC:0013 DE:d9d9 HL:ea77 SP:dfcf
03e0  reti AF:0120 BC:0013 DE:d9d9 HL:ea77 SP:dfd1
031d  ld   a,($cc33) AF:0120 BC:0013 DE:d9d9 HL:ea77 SP:dfd3
0320  and  a,a AF:0120 BC:0013 DE:d9d9 HL:ea77 SP:dfd3
0321  jr   nz,$031c AF:0120 BC:0013 DE:d9d9 HL:ea77 SP:dfd3
031c  halt AF:0120 BC:0013 DE:d9d9 HL:ea77 SP:dfd3
031d  ld   a,($cc33) AF:0120 BC:0013 DE:d9d9 HL:ea77 SP:dfd3
03ae  push af AF:0120 BC:0013 DE:d9d9 HL:ea77 SP:dfd1
03af  ld   a,($ffd0) AF:0120 BC:0013 DE:d9d9 HL:ea77 SP:dfcf
03b1  and  a,a AF:0020 BC:0013 DE:d9d9 HL:ea77 SP:dfcf
03b2  jr   z,$03df AF:00a0 BC:0013 DE:d9d9 HL:ea77 SP:dfcf
03df  pop  af AF:00a0 BC:0013 DE:d9d9 HL:ea77 SP:dfcf
03e0  reti AF:0120 BC:0013 DE:d9d9 HL:ea77 SP:dfd1
031d  ld   a,($cc33) AF:0120 BC:0013 DE:d9d9 HL:ea77 SP:dfd3
0320  and  a,a AF:0120 BC:0013 DE:d9d9 HL:ea77 SP:dfd3
0321  jr   nz,$031c AF:0120 BC:0013 DE:d9d9 HL:ea77 SP:dfd3
031c  halt AF:0120 BC:0013 DE:d9d9 HL:ea77 SP:dfd3
031d  ld   a,($cc33) AF:0120 BC:0013 DE:d9d9 HL:ea77 SP:dfd3
03ae  push af AF:0120 BC:0013 DE:d9d9 HL:ea77 SP:dfd1
03af  ld   a,($ffd0) AF:0120 BC:0013 DE:d9d9 HL:ea77 SP:dfcf
03b1  and  a,a AF:0020 BC:0013 DE:d9d9 HL:ea77 SP:dfcf
03b2  jr   z,$03df AF:00a0 BC:0013 DE:d9d9 HL:ea77 SP:dfcf
03df  pop  af AF:00a0 BC:0013 DE:d9d9 HL:ea77 SP:dfcf
03e0  reti AF:0120 BC:0013 DE:d9d9 HL:ea77 SP:dfd1
031d  ld   a,($cc33) AF:0120 BC:0013 DE:d9d9 HL:ea77 SP:dfd3
0320  and  a,a AF:0120 BC:0013 DE:d9d9 HL:ea77 SP:dfd3
0321  jr   nz,$031c AF:0120 BC:0013 DE:d9d9 HL:ea77 SP:dfd3
031c  halt AF:0120 BC:0013 DE:d9d9 HL:ea77 SP:dfd3
031d  ld   a,($cc33) AF:0120 BC:0013 DE:d9d9 HL:ea77 SP:dfd3
03ae  push af AF:0120 BC:0013 DE:d9d9 HL:ea77 SP:dfd1
03af  ld   a,($ffd0) AF:0120 BC:0013 DE:d9d9 HL:ea77 SP:dfcf
03b1  and  a,a AF:0020 BC:0013 DE:d9d9 HL:ea77 SP:dfcf
03b2  jr   z,$03df AF:00a0 BC:0013 DE:d9d9 HL:ea77 SP:dfcf
03df  pop  af AF:00a0 BC:0013 DE:d9d9 HL:ea77 SP:dfcf
03e0  reti AF:0120 BC:0013 DE:d9d9 HL:ea77 SP:dfd1
031d  ld   a,($cc33) AF:0120 BC:0013 DE:d9d9 HL:ea77 SP:dfd3
0320  and  a,a AF:0120 BC:0013 DE:d9d9 HL:ea77 SP:dfd3
0321  jr   nz,$031c AF:0120 BC:0013 DE:d9d9 HL:ea77 SP:dfd3
031c  halt AF:0120 BC:0013 DE:d9d9 HL:ea77 SP:dfd3
031d  ld   a,($cc33) AF:0120 BC:0013 DE:d9d9 HL:ea77 SP:dfd3
03ae  push af AF:0120 BC:0013 DE:d9d9 HL:ea77 SP:dfd1
03af  ld   a,($ffd0) AF:0120 BC:0013 DE:d9d9 HL:ea77 SP:dfcf
03b1  and  a,a AF:0020 BC:0013 DE:d9d9 HL:ea77 SP:dfcf
03b2  jr   z,$03df AF:00a0 BC:0013 DE:d9d9 HL:ea77 SP:dfcf
03df  pop  af AF:00a0 BC:0013 DE:d9d9 HL:ea77 SP:dfcf
03e0  reti AF:0120 BC:0013 DE:d9d9 HL:ea77 SP:dfd1
031d  ld   a,($cc33) AF:0120 BC:0013 DE:d9d9 HL:ea77 SP:dfd3
0320  and  a,a AF:0120 BC:0013 DE:d9d9 HL:ea77 SP:dfd3
0321  jr   nz,$031c AF:0120 BC:0013 DE:d9d9 HL:ea77 SP:dfd3
031c  halt AF:0120 BC:0013 DE:d9d9 HL:ea77 SP:dfd3
031d  ld   a,($cc33) AF:0120 BC:0013 DE:d9d9 HL:ea77 SP:dfd3
03ae  push af AF:0120 BC:0013 DE:d9d9 HL:ea77 SP:dfd1
03af  ld   a,($ffd0) AF:0120 BC:0013 DE:d9d9 HL:ea77 SP:dfcf
03b1  and  a,a AF:0020 BC:0013 DE:d9d9 HL:ea77 SP:dfcf
03b2  jr   z,$03df AF:00a0 BC:0013 DE:d9d9 HL:ea77 SP:dfcf
03df  pop  af AF:00a0 BC:0013 DE:d9d9 HL:ea77 SP:dfcf
03e0  reti AF:0120 BC:0013 DE:d9d9 HL:ea77 SP:dfd1
031d  ld   a,($cc33) AF:0120 BC:0013 DE:d9d9 HL:ea77 SP:dfd3
0320  and  a,a AF:0120 BC:0013 DE:d9d9 HL:ea77 SP:dfd3
0321  jr   nz,$031c AF:0120 BC:0013 DE:d9d9 HL:ea77 SP:dfd3
031c  halt AF:0120 BC:0013 DE:d9d9 HL:ea77 SP:dfd3
031d  ld   a,($cc33) AF:0120 BC:0013 DE:d9d9 HL:ea77 SP:dfd3
03ae  push af AF:0120 BC:0013 DE:d9d9 HL:ea77 SP:dfd1
03af  ld   a,($ffd0) AF:0120 BC:0013 DE:d9d9 HL:ea77 SP:dfcf
03b1  and  a,a AF:0020 BC:0013 DE:d9d9 HL:ea77 SP:dfcf
03b2  jr   z,$03df AF:00a0 BC:0013 DE:d9d9 HL:ea77 SP:dfcf
03df  pop  af AF:00a0 BC:0013 DE:d9d9 HL:ea77 SP:dfcf
03e0  reti AF:0120 BC:0013 DE:d9d9 HL:ea77 SP:dfd1
031d  ld   a,($cc33) AF:0120 BC:0013 DE:d9d9 HL:ea77 SP:dfd3
0320  and  a,a AF:0120 BC:0013 DE:d9d9 HL:ea77 SP:dfd3
0321  jr   nz,$031c AF:0120 BC:0013 DE:d9d9 HL:ea77 SP:dfd3
031c  halt AF:0120 BC:0013 DE:d9d9 HL:ea77 SP:dfd3
031d  ld   a,($cc33) AF:0120 BC:0013 DE:d9d9 HL:ea77 SP:dfd3
03ae  push af AF:0120 BC:0013 DE:d9d9 HL:ea77 SP:dfd1
03af  ld   a,($ffd0) AF:0120 BC:0013 DE:d9d9 HL:ea77 SP:dfcf
03b1  and  a,a AF:0020 BC:0013 DE:d9d9 HL:ea77 SP:dfcf
03b2  jr   z,$03df AF:00a0 BC:0013 DE:d9d9 HL:ea77 SP:dfcf
03df  pop  af AF:00a0 BC:0013 DE:d9d9 HL:ea77 SP:dfcf
03e0  reti AF:0120 BC:0013 DE:d9d9 HL:ea77 SP:dfd1
031d  ld   a,($cc33) AF:0120 BC:0013 DE:d9d9 HL:ea77 SP:dfd3
0320  and  a,a AF:0120 BC:0013 DE:d9d9 HL:ea77 SP:dfd3
0321  jr   nz,$031c AF:0120 BC:0013 DE:d9d9 HL:ea77 SP:dfd3
031c  halt AF:0120 BC:0013 DE:d9d9 HL:ea77 SP:dfd3
031d  ld   a,($cc33) AF:0120 BC:0013 DE:d9d9 HL:ea77 SP:dfd3
03ae  push af AF:0120 BC:0013 DE:d9d9 HL:ea77 SP:dfd1
03af  ld   a,($ffd0) AF:0120 BC:0013 DE:d9d9 HL:ea77 SP:dfcf
03b1  and  a,a AF:0020 BC:0013 DE:d9d9 HL:ea77 SP:dfcf
03b2  jr   z,$03df AF:00a0 BC:0013 DE:d9d9 HL:ea77 SP:dfcf
03df  pop  af AF:00a0 BC:0013 DE:d9d9 HL:ea77 SP:dfcf
03e0  reti AF:0120 BC:0013 DE:d9d9 HL:ea77 SP:dfd1
031d  ld   a,($cc33) AF:0120 BC:0013 DE:d9d9 HL:ea77 SP:dfd3
0320  and  a,a AF:0120 BC:0013 DE:d9d9 HL:ea77 SP:dfd3
0321  jr   nz,$031c AF:0120 BC:0013 DE:d9d9 HL:ea77 SP:dfd3
031c  halt AF:0120 BC:0013 DE:d9d9 HL:ea77 SP:dfd3
031d  ld   a,($cc33) AF:0120 BC:0013 DE:d9d9 HL:ea77 SP:dfd3
03ae  push af AF:0120 BC:0013 DE:d9d9 HL:ea77 SP:dfd1
03af  ld   a,($ffd0) AF:0120 BC:0013 DE:d9d9 HL:ea77 SP:dfcf
03b1  and  a,a AF:0020 BC:0013 DE:d9d9 HL:ea77 SP:dfcf
03b2  jr   z,$03df AF:00a0 BC:0013 DE:d9d9 HL:ea77 SP:dfcf
03df  pop  af AF:00a0 BC:0013 DE:d9d9 HL:ea77 SP:dfcf
03e0  reti AF:0120 BC:0013 DE:d9d9 HL:ea77 SP:dfd1
031d  ld   a,($cc33) AF:0120 BC:0013 DE:d9d9 HL:ea77 SP:dfd3
0320  and  a,a AF:0120 BC:0013 DE:d9d9 HL:ea77 SP:dfd3
0321  jr   nz,$031c AF:0120 BC:0013 DE:d9d9 HL:ea77 SP:dfd3
031c  halt AF:0120 BC:0013 DE:d9d9 HL:ea77 SP:dfd3
031d  ld   a,($cc33) AF:0120 BC:0013 DE:d9d9 HL:ea77 SP:dfd3
03ae  push af AF:0120 BC:0013 DE:d9d9 HL:ea77 SP:dfd1
03af  ld   a,($ffd0) AF:0120 BC:0013 DE:d9d9 HL:ea77 SP:dfcf
03b1  and  a,a AF:0020 BC:0013 DE:d9d9 HL:ea77 SP:dfcf
03b2  jr   z,$03df AF:00a0 BC:0013 DE:d9d9 HL:ea77 SP:dfcf
03df  pop  af AF:00a0 BC:0013 DE:d9d9 HL:ea77 SP:dfcf
03e0  reti AF:0120 BC:0013 DE:d9d9 HL:ea77 SP:dfd1
031d  ld   a,($cc33) AF:0120 BC:0013 DE:d9d9 HL:ea77 SP:dfd3
0320  and  a,a AF:0120 BC:0013 DE:d9d9 HL:ea77 SP:dfd3
0321  jr   nz,$031c AF:0120 BC:0013 DE:d9d9 HL:ea77 SP:dfd3
031c  halt AF:0120 BC:0013 DE:d9d9 HL:ea77 SP:dfd3
031d  ld   a,($cc33) AF:0120 BC:0013 DE:d9d9 HL:ea77 SP:dfd3
03ae  push af AF:0120 BC:0013 DE:d9d9 HL:ea77 SP:dfd1
03af  ld   a,($ffd0) AF:0120 BC:0013 DE:d9d9 HL:ea77 SP:dfcf
03b1  and  a,a AF:0020 BC:0013 DE:d9d9 HL:ea77 SP:dfcf
03b2  jr   z,$03df AF:00a0 BC:0013 DE:d9d9 HL:ea77 SP:dfcf
03df  pop  af AF:00a0 BC:0013 DE:d9d9 HL:ea77 SP:dfcf
03e0  reti AF:0120 BC:0013 DE:d9d9 HL:ea77 SP:dfd1
031d  ld   a,($cc33) AF:0120 BC:0013 DE:d9d9 HL:ea77 SP:dfd3
0320  and  a,a AF:0120 BC:0013 DE:d9d9 HL:ea77 SP:dfd3
0321  jr   nz,$031c AF:0120 BC:0013 DE:d9d9 HL:ea77 SP:dfd3
031c  halt AF:0120 BC:0013 DE:d9d9 HL:ea77 SP:dfd3
031d  ld   a,($cc33) AF:0120 BC:0013 DE:d9d9 HL:ea77 SP:dfd3
03ae  push af AF:0120 BC:0013 DE:d9d9 HL:ea77 SP:dfd1
03af  ld   a,($ffd0) AF:0120 BC:0013 DE:d9d9 HL:ea77 SP:dfcf
03b1  and  a,a AF:0020 BC:0013 DE:d9d9 HL:ea77 SP:dfcf
03b2  jr   z,$03df AF:00a0 BC:0013 DE:d9d9 HL:ea77 SP:dfcf
03df  pop  af AF:00a0 BC:0013 DE:d9d9 HL:ea77 SP:dfcf
03e0  reti AF:0120 BC:0013 DE:d9d9 HL:ea77 SP:dfd1
031d  ld   a,($cc33) AF:0120 BC:0013 DE:d9d9 HL:ea77 SP:dfd3
0320  and  a,a AF:0120 BC:0013 DE:d9d9 HL:ea77 SP:dfd3
0321  jr   nz,$031c AF:0120 BC:0013 DE:d9d9 HL:ea77 SP:dfd3
031c  halt AF:0120 BC:0013 DE:d9d9 HL:ea77 SP:dfd3
031d  ld   a,($cc33) AF:0120 BC:0013 DE:d9d9 HL:ea77 SP:dfd3
03ae  push af AF:0120 BC:0013 DE:d9d9 HL:ea77 SP:dfd1
03af  ld   a,($ffd0) AF:0120 BC:0013 DE:d9d9 HL:ea77 SP:dfcf
03b1  and  a,a AF:0020 BC:0013 DE:d9d9 HL:ea77 SP:dfcf
03b2  jr   z,$03df AF:00a0 BC:0013 DE:d9d9 HL:ea77 SP:dfcf
03df  pop  af AF:00a0 BC:0013 DE:d9d9 HL:ea77 SP:dfcf
03e0  reti AF:0120 BC:0013 DE:d9d9 HL:ea77 SP:dfd1
031d  ld   a,($cc33) AF:0120 BC:0013 DE:d9d9 HL:ea77 SP:dfd3
0320  and  a,a AF:0120 BC:0013 DE:d9d9 HL:ea77 SP:dfd3
0321  jr   nz,$031c AF:0120 BC:0013 DE:d9d9 HL:ea77 SP:dfd3
031c  halt AF:0120 BC:0013 DE:d9d9 HL:ea77 SP:dfd3
031d  ld   a,($cc33) AF:0120 BC:0013 DE:d9d9 HL:ea77 SP:dfd3
03ae  push af AF:0120 BC:0013 DE:d9d9 HL:ea77 SP:dfd1
03af  ld   a,($ffd0) AF:0120 BC:0013 DE:d9d9 HL:ea77 SP:dfcf
03b1  and  a,a AF:0020 BC:0013 DE:d9d9 HL:ea77 SP:dfcf
03b2  jr   z,$03df AF:00a0 BC:0013 DE:d9d9 HL:ea77 SP:dfcf
03df  pop  af AF:00a0 BC:0013 DE:d9d9 HL:ea77 SP:dfcf
03e0  reti AF:0120 BC:0013 DE:d9d9 HL:ea77 SP:dfd1
031d  ld   a,($cc33) AF:0120 BC:0013 DE:d9d9 HL:ea77 SP:dfd3
0320  and  a,a AF:0120 BC:0013 DE:d9d9 HL:ea77 SP:dfd3
0321  jr   nz,$031c AF:0120 BC:0013 DE:d9d9 HL:ea77 SP:dfd3
031c  halt AF:0120 BC:0013 DE:d9d9 HL:ea77 SP:dfd3
031d  ld   a,($cc33) AF:0120 BC:0013 DE:d9d9 HL:ea77 SP:dfd3
03ae  push af AF:0120 BC:0013 DE:d9d9 HL:ea77 SP:dfd1
03af  ld   a,($ffd0) AF:0120 BC:0013 DE:d9d9 HL:ea77 SP:dfcf
03b1  and  a,a AF:0020 BC:0013 DE:d9d9 HL:ea77 SP:dfcf
03b2  jr   z,$03df AF:00a0 BC:0013 DE:d9d9 HL:ea77 SP:dfcf
03df  pop  af AF:00a0 BC:0013 DE:d9d9 HL:ea77 SP:dfcf
03e0  reti AF:0120 BC:0013 DE:d9d9 HL:ea77 SP:dfd1
031d  ld   a,($cc33) AF:0120 BC:0013 DE:d9d9 HL:ea77 SP:dfd3
0320  and  a,a AF:0120 BC:0013 DE:d9d9 HL:ea77 SP:dfd3
0321  jr   nz,$031c AF:0120 BC:0013 DE:d9d9 HL:ea77 SP:dfd3
031c  halt AF:0120 BC:0013 DE:d9d9 HL:ea77 SP:dfd3
031d  ld   a,($cc33) AF:0120 BC:0013 DE:d9d9 HL:ea77 SP:dfd3
0150  push af AF:0120 BC:0013 DE:d9d9 HL:ea77 SP:dfd1
0151  push bc AF:0120 BC:0013 DE:d9d9 HL:ea77 SP:dfcf
0152  push de AF:0120 BC:0013 DE:d9d9 HL:ea77 SP:dfcd
0153  push hl AF:0120 BC:0013 DE:d9d9 HL:ea77 SP:dfcb
0154  ld   a,($ff99) AF:0120 BC:0013 DE:d9d9 HL:ea77 SP:dfc9
0156  and  a,$03 AF:0020 BC:0013 DE:d9d9 HL:ea77 SP:dfc9
0158  ld   e,a AF:00a0 BC:0013 DE:d9d9 HL:ea77 SP:dfc9
0159  ld   d,$00 AF:00a0 BC:0013 DE:d900 HL:ea77 SP:dfc9
015b  ld   hl,$016d AF:00a0 BC:0013 DE:0000 HL:ea77 SP:dfc9
015e  add  hl,de AF:00a0 BC:0013 DE:0000 HL:016d SP:dfc9
015f  add  hl,de AF:0080 BC:0013 DE:0000 HL:016d SP:dfc9
0160  ldi  a,(hl) AF:0080 BC:0013 DE:0000 HL:016d SP:dfc9
0161  ld   h,(hl) AF:7580 BC:0013 DE:0000 HL:016e SP:dfc9
0162  ld   l,a AF:7580 BC:0013 DE:0000 HL:016e SP:dfc9
0163  ld   de,$0168 AF:7580 BC:0013 DE:0000 HL:0175 SP:dfc9
0166  push de AF:7580 BC:0013 DE:0168 HL:0175 SP:dfc9
0167  jp   hl AF:7580 BC:0013 DE:0168 HL:0175 SP:dfc7
0175  ld   a,($ff97) AF:7580 BC:0013 DE:0168 HL:0175 SP:dfc7
0177  inc  a AF:ef80 BC:0013 DE:0168 HL:0175 SP:dfc7
0178  ld   ($ff97),a AF:f020 BC:0013 DE:0168 HL:0175 SP:dfc7
017a  bit  0,a AF:f020 BC:0013 DE:0168 HL:0175 SP:dfc7
017c  jr   nz,$0184 AF:f0a0 BC:0013 DE:0168 HL:0175 SP:dfc7
017e  ld   a,($fff1) AF:f0a0 BC:0013 DE:0168 HL:0175 SP:dfc7
0180  ld   b,a AF:30a0 BC:0013 DE:0168 HL:0175 SP:dfc7
0181  ld   a,($ff44) AF:30a0 BC:3013 DE:0168 HL:0175 SP:dfc7
0183  adc  a,b AF:90a0 BC:3013 DE:0168 HL:0175 SP:dfc7
0184  ld   b,a AF:c000 BC:3013 DE:0168 HL:0175 SP:dfc7
0185  ld   a,($ffef) AF:c000 BC:c013 DE:0168 HL:0175 SP:dfc7
0187  adc  a,b AF:2100 BC:c013 DE:0168 HL:0175 SP:dfc7
0188  ld   ($ffef),a AF:e100 BC:c013 DE:0168 HL:0175 SP:dfc7
018a  ld   b,a AF:e100 BC:c013 DE:0168 HL:0175 SP:dfc7
018b  ld   a,($fff0) AF:e100 BC:e113 DE:0168 HL:0175 SP:dfc7
018d  sbc  a,b AF:1d00 BC:e113 DE:0168 HL:0175 SP:dfc7
018e  ld   ($fff0),a AF:3c50 BC:e113 DE:0168 HL:0175 SP:dfc7
0190  ld   a,($ff8f) AF:3c50 BC:e113 DE:0168 HL:0175 SP:dfc7
0192  ld   ($fff1),a AF:3050 BC:e113 DE:0168 HL:0175 SP:dfc7
0194  ld   a,($ff98) AF:3050 BC:e113 DE:0168 HL:0175 SP:dfc7
0196  ld   ($ce3b),a AF:0350 BC:e113 DE:0168 HL:0175 SP:dfc7
0199  ld   a,($ffd9) AF:0350 BC:e113 DE:0168 HL:0175 SP:dfc7
019b  ld   ($ff43),a AF:0050 BC:e113 DE:0168 HL:0175 SP:dfc7
019d  ld   a,($ffda) AF:0050 BC:e113 DE:0168 HL:0175 SP:dfc7
019f  ld   ($ff42),a AF:0050 BC:e113 DE:0168 HL:0175 SP:dfc7
01a1  ld   a,($ccce) AF:0050 BC:e113 DE:0168 HL:0175 SP:dfc7
01a4  and  a,a AF:0050 BC:e113 DE:0168 HL:0175 SP:dfc7
01a5  jr   nz,$01af AF:00a0 BC:e113 DE:0168 HL:0175 SP:dfc7
01a7  ld   a,($ffdc) AF:00a0 BC:e113 DE:0168 HL:0175 SP:dfc7
01a9  ld   ($ff4a),a AF:90a0 BC:e113 DE:0168 HL:0175 SP:dfc7
01ab  ld   a,($ffdb) AF:90a0 BC:e113 DE:0168 HL:0175 SP:dfc7
01ad  ld   ($ff4b),a AF:07a0 BC:e113 DE:0168 HL:0175 SP:dfc7
01af  call $13ee AF:07a0 BC:e113 DE:0168 HL:0175 SP:dfc7
13ee  ld   a,($ffde) AF:07a0 BC:e113 DE:0168 HL:0175 SP:dfc5
13f0  and  a,a AF:01a0 BC:e113 DE:0168 HL:0175 SP:dfc5
13f1  ret  z AF:0120 BC:e113 DE:0168 HL:0175 SP:dfc5
13f2  ld   ($ffe3),sp AF:0120 BC:e113 DE:0168 HL:0175 SP:dfc5
13f5  ld   a,($ffdf) AF:0120 BC:e113 DE:0168 HL:0175 SP:dfc5
13f7  and  a,a AF:0020 BC:e113 DE:0168 HL:0175 SP:dfc5
13f8  jr   z,$140e AF:00a0 BC:e113 DE:0168 HL:0175 SP:dfc5
140e  ld   hl,$c2a0 AF:00a0 BC:e113 DE:0168 HL:0175 SP:dfc5
1411  ld   sp,hl AF:00a0 BC:e113 DE:0168 HL:c2a0 SP:dfc5
1412  ld   a,($ffe1) AF:00a0 BC:e113 DE:0168 HL:c2a0 SP:c2a0
1414  ld   h,a AF:98a0 BC:e113 DE:0168 HL:c2a0 SP:c2a0
1415  ld   a,($ffe0) AF:98a0 BC:e113 DE:0168 HL:98a0 SP:c2a0
1417  ld   l,a AF:00a0 BC:e113 DE:0168 HL:98a0 SP:c2a0
1418  ld   a,$01 AF:00a0 BC:e113 DE:0168 HL:9800 SP:c2a0
141a  jr   $142c AF:01a0 BC:e113 DE:0168 HL:9800 SP:c2a0
142c  ld   ($ffdf),a AF:01a0 BC:e113 DE:0168 HL:9800 SP:c2a0
142e  ld   a,$06 AF:01a0 BC:e113 DE:0168 HL:9800 SP:c2a0
1430  ld   bc,$000d AF:06a0 BC:e113 DE:0168 HL:9800 SP:c2a0
1433  pop  de AF:06a0 BC:000d DE:0168 HL:9800 SP:c2a0
1434  ld   (hl),e AF:06a0 BC:000d DE:7f7f HL:9800 SP:c2a2
1435  inc  l AF:06a0 BC:000d DE:7f7f HL:9800 SP:c2a2
1436  ld   (hl),d AF:0600 BC:000d DE:7f7f HL:9801 SP:c2a2
1437  inc  l AF:0600 BC:000d DE:7f7f HL:9801 SP:c2a2
1438  pop  de AF:0600 BC:000d DE:7f7f HL:9802 SP:c2a2
1439  ld   (hl),e AF:0600 BC:000d DE:7f7f HL:9802 SP:c2a4
143a  inc  l AF:0600 BC:000d DE:7f7f HL:9802 SP:c2a4
143b  ld   (hl),d AF:0600 BC:000d DE:7f7f HL:9803 SP:c2a4
143c  inc  l AF:0600 BC:000d DE:7f7f HL:9803 SP:c2a4
143d  pop  de AF:0600 BC:000d DE:7f7f HL:9804 SP:c2a4
143e  ld   (hl),e AF:0600 BC:000d DE:7f7f HL:9804 SP:c2a6
143f  inc  l AF:0600 BC:000d DE:7f7f HL:9804 SP:c2a6
1440  ld   (hl),d AF:0600 BC:000d DE:7f7f HL:9805 SP:c2a6
1441  inc  l AF:0600 BC:000d DE:7f7f HL:9805 SP:c2a6
1442  pop  de AF:0600 BC:000d DE:7f7f HL:9806 SP:c2a6
1443  ld   (hl),e AF:0600 BC:000d DE:7f7f HL:9806 SP:c2a8
1444  inc  l AF:0600 BC:000d DE:7f7f HL:9806 SP:c2a8
1445  ld   (hl),d AF:0600 BC:000d DE:7f7f HL:9807 SP:c2a8
1446  inc  l AF:0600 BC:000d DE:7f7f HL:9807 SP:c2a8
1447  pop  de AF:0600 BC:000d DE:7f7f HL:9808 SP:c2a8
1448  ld   (hl),e AF:0600 BC:000d DE:decb HL:9808 SP:c2aa
1449  inc  l AF:0600 BC:000d DE:decb HL:9808 SP:c2aa
144a  ld   (hl),d AF:0600 BC:000d DE:decb HL:9809 SP:c2aa
144b  inc  l AF:0600 BC:000d DE:decb HL:9809 SP:c2aa
144c  pop  de AF:0600 BC:000d DE:decb HL:980a SP:c2aa
144d  ld   (hl),e AF:0600 BC:000d DE:60bc HL:980a SP:c2ac
144e  inc  l AF:0600 BC:000d DE:60bc HL:980a SP:c2ac
144f  ld   (hl),d AF:0600 BC:000d DE:60bc HL:980b SP:c2ac
1450  inc  l AF:0600 BC:000d DE:60bc HL:980b SP:c2ac
1451  pop  de AF:0600 BC:000d DE:60bc HL:980c SP:c2ac
1452  ld   (hl),e AF:0600 BC:000d DE:6261 HL:980c SP:c2ae
1453  inc  l AF:0600 BC:000d DE:6261 HL:980c SP:c2ae
1454  ld   (hl),d AF:0600 BC:000d DE:6261 HL:980d SP:c2ae
1455  inc  l AF:0600 BC:000d DE:6261 HL:980d SP:c2ae
1456  pop  de AF:0600 BC:000d DE:6261 HL:980e SP:c2ae
1457  ld   (hl),e AF:0600 BC:000d DE:6262 HL:980e SP:c2b0
1458  inc  l AF:0600 BC:000d DE:6262 HL:980e SP:c2b0
1459  ld   (hl),d AF:0600 BC:000d DE:6262 HL:980f SP:c2b0
145a  inc  l AF:0600 BC:000d DE:6262 HL:980f SP:c2b0
145b  pop  de AF:0620 BC:000d DE:6262 HL:9810 SP:c2b0
145c  ld   (hl),e AF:0620 BC:000d DE:6262 HL:9810 SP:c2b2
145d  inc  l AF:0620 BC:000d DE:6262 HL:9810 SP:c2b2
145e  ld   (hl),d AF:0600 BC:000d DE:6262 HL:9811 SP:c2b2
145f  inc  l AF:0600 BC:000d DE:6262 HL:9811 SP:c2b2
1460  pop  de AF:0600 BC:000d DE:6262 HL:9812 SP:c2b2
1461  ld   (hl),e AF:0600 BC:000d DE:6b62 HL:9812 SP:c2b4
1462  inc  l AF:0600 BC:000d DE:6b62 HL:9812 SP:c2b4
1463  ld   (hl),d AF:0600 BC:000d DE:6b62 HL:9813 SP:c2b4
1464  add  hl,bc AF:0600 BC:000d DE:6b62 HL:9813 SP:c2b4
1465  dec  a AF:0600 BC:000d DE:6b62 HL:9820 SP:c2b4
1466  jr   nz,$1433 AF:0540 BC:000d DE:6b62 HL:9820 SP:c2b4
1433  pop  de AF:0540 BC:000d DE:6b62 HL:9820 SP:c2b4
1434  ld   (hl),e AF:0540 BC:000d DE:7f7f HL:9820 SP:c2b6
1435  inc  l AF:0540 BC:000d DE:7f7f HL:9820 SP:c2b6
1436  ld   (hl),d AF:0500 BC:000d DE:7f7f HL:9821 SP:c2b6
1437  inc  l AF:0500 BC:000d DE:7f7f HL:9821 SP:c2b6
1438  pop  de AF:0500 BC:000d DE:7f7f HL:9822 SP:c2b6
1439  ld   (hl),e AF:0500 BC:000d DE:e67f HL:9822 SP:c2b8
143a  inc  l AF:0500 BC:000d DE:e67f HL:9822 SP:c2b8
143b  ld   (hl),d AF:0500 BC:000d DE:e67f HL:9823 SP:c2b8
143c  inc  l AF:0500 BC:000d DE:e67f HL:9823 SP:c2b8
143d  pop  de AF:0500 BC:000d DE:e67f HL:9824 SP:c2b8
143e  ld   (hl),e AF:0500 BC:000d DE:7f7f HL:9824 SP:c2ba
143f  inc  l AF:0500 BC:000d DE:7f7f HL:9824 SP:c2ba
1440  ld   (hl),d AF:0500 BC:000d DE:7f7f HL:9825 SP:c2ba
1441  inc  l AF:0500 BC:000d DE:7f7f HL:9825 SP:c2ba
1442  pop  de AF:0500 BC:000d DE:7f7f HL:9826 SP:c2ba
1443  ld   (hl),e AF:0500 BC:000d DE:7f7f HL:9826 SP:c2bc
1444  inc  l AF:0500 BC:000d DE:7f7f HL:9826 SP:c2bc
1445  ld   (hl),d AF:0500 BC:000d DE:7f7f HL:9827 SP:c2bc
1446  inc  l AF:0500 BC:000d DE:7f7f HL:9827 SP:c2bc
1447  pop  de AF:0500 BC:000d DE:7f7f HL:9828 SP:c2bc
1448  ld   (hl),e AF:0500 BC:000d DE:f66e HL:9828 SP:c2be
1449  inc  l AF:0500 BC:000d DE:f66e HL:9828 SP:c2be
144a  ld   (hl),d AF:0500 BC:000d DE:f66e HL:9829 SP:c2be
144b  inc  l AF:0500 BC:000d DE:f66e HL:9829 SP:c2be
144c  pop  de AF:0500 BC:000d DE:f66e HL:982a SP:c2be
144d  ld   (hl),e AF:0500 BC:000d DE:7f7f HL:982a SP:c2c0
144e  inc  l AF:0500 BC:000d DE:7f7f HL:982a SP:c2c0
144f  ld   (hl),d AF:0500 BC:000d DE:7f7f HL:982b SP:c2c0
1450  inc  l AF:0500 BC:000d DE:7f7f HL:982b SP:c2c0
1451  pop  de AF:0500 BC:000d DE:7f7f HL:982c SP:c2c0
1452  ld   (hl),e AF:0500 BC:000d DE:7f7f HL:982c SP:c2c2
1453  inc  l AF:0500 BC:000d DE:7f7f HL:982c SP:c2c2
1454  ld   (hl),d AF:0500 BC:000d DE:7f7f HL:982d SP:c2c2
1455  inc  l AF:0500 BC:000d DE:7f7f HL:982d SP:c2c2
1456  pop  de AF:0500 BC:000d DE:7f7f HL:982e SP:c2c2
1457  ld   (hl),e AF:0500 BC:000d DE:f3f6 HL:982e SP:c2c4
1458  inc  l AF:0500 BC:000d DE:f3f6 HL:982e SP:c2c4
1459  ld   (hl),d AF:0500 BC:000d DE:f3f6 HL:982f SP:c2c4
145a  inc  l AF:0500 BC:000d DE:f3f6 HL:982f SP:c2c4
145b  pop  de AF:0520 BC:000d DE:f3f6 HL:9830 SP:c2c4
145c  ld   (hl),e AF:0520 BC:000d DE:7f7f HL:9830 SP:c2c6
145d  inc  l AF:0520 BC:000d DE:7f7f HL:9830 SP:c2c6
145e  ld   (hl),d AF:0500 BC:000d DE:7f7f HL:9831 SP:c2c6
145f  inc  l AF:0500 BC:000d DE:7f7f HL:9831 SP:c2c6
1460  pop  de AF:0500 BC:000d DE:7f7f HL:9832 SP:c2c6
1461  ld   (hl),e AF:0500 BC:000d DE:7ff6 HL:9832 SP:c2c8
1462  inc  l AF:0500 BC:000d DE:7ff6 HL:9832 SP:c2c8
1463  ld   (hl),d AF:0500 BC:000d DE:7ff6 HL:9833 SP:c2c8
1464  add  hl,bc AF:0500 BC:000d DE:7ff6 HL:9833 SP:c2c8
1465  dec  a AF:0500 BC:000d DE:7ff6 HL:9840 SP:c2c8
1466  jr   nz,$1433 AF:0440 BC:000d DE:7ff6 HL:9840 SP:c2c8
1433  pop  de AF:0440 BC:000d DE:7ff6 HL:9840 SP:c2c8
1434  ld   (hl),e AF:0440 BC:000d DE:7f7f HL:9840 SP:c2ca
1435  inc  l AF:0440 BC:000d DE:7f7f HL:9840 SP:c2ca
1436  ld   (hl),d AF:0400 BC:000d DE:7f7f HL:9841 SP:c2ca
1437  inc  l AF:0400 BC:000d DE:7f7f HL:9841 SP:c2ca
1438  pop  de AF:0400 BC:000d DE:7f7f HL:9842 SP:c2ca
1439  ld   (hl),e AF:0400 BC:000d DE:7f7f HL:9842 SP:c2cc
143a  inc  l AF:0400 BC:000d DE:7f7f HL:9842 SP:c2cc
143b  ld   (hl),d AF:0400 BC:000d DE:7f7f HL:9843 SP:c2cc
143c  inc  l AF:0400 BC:000d DE:7f7f HL:9843 SP:c2cc
143d  pop  de AF:0400 BC:000d DE:7f7f HL:9844 SP:c2cc
143e  ld   (hl),e AF:0400 BC:000d DE:7f7f HL:9844 SP:c2ce
143f  inc  l AF:0400 BC:000d DE:7f7f HL:9844 SP:c2ce
1440  ld   (hl),d AF:0400 BC:000d DE:7f7f HL:9845 SP:c2ce
1441  inc  l AF:0400 BC:000d DE:7f7f HL:9845 SP:c2ce
1442  pop  de AF:0400 BC:000d DE:7f7f HL:9846 SP:c2ce
1443  ld   (hl),e AF:0400 BC:000d DE:7f7f HL:9846 SP:c2d0
1444  inc  l AF:0400 BC:000d DE:7f7f HL:9846 SP:c2d0
1445  ld   (hl),d AF:0400 BC:000d DE:7f7f HL:9847 SP:c2d0
1446  inc  l AF:0400 BC:000d DE:7f7f HL:9847 SP:c2d0
1447  pop  de AF:0400 BC:000d DE:7f7f HL:9848 SP:c2d0
1448  ld   (hl),e AF:0400 BC:000d DE:decb HL:9848 SP:c2d2
1449  inc  l AF:0400 BC:000d DE:decb HL:9848 SP:c2d2
144a  ld   (hl),d AF:0400 BC:000d DE:decb HL:9849 SP:c2d2
144b  inc  l AF:0400 BC:000d DE:decb HL:9849 SP:c2d2
144c  pop  de AF:0400 BC:000d DE:decb HL:984a SP:c2d2
144d  ld   (hl),e AF:0400 BC:000d DE:60bc HL:984a SP:c2d4
144e  inc  l AF:0400 BC:000d DE:60bc HL:984a SP:c2d4
144f  ld   (hl),d AF:0400 BC:000d DE:60bc HL:984b SP:c2d4
1450  inc  l AF:0400 BC:000d DE:60bc HL:984b SP:c2d4
1451  pop  de AF:0400 BC:000d DE:60bc HL:984c SP:c2d4
1452  ld   (hl),e AF:0400 BC:000d DE:6261 HL:984c SP:c2d6
1453  inc  l AF:0400 BC:000d DE:6261 HL:984c SP:c2d6
1454  ld   (hl),d AF:0400 BC:000d DE:6261 HL:984d SP:c2d6
1455  inc  l AF:0400 BC:000d DE:6261 HL:984d SP:c2d6
1456  pop  de AF:0400 BC:000d DE:6261 HL:984e SP:c2d6
1457  ld   (hl),e AF:0400 BC:000d DE:6262 HL:984e SP:c2d8
1458  inc  l AF:0400 BC:000d DE:6262 HL:984e SP:c2d8
1459  ld   (hl),d AF:0400 BC:000d DE:6262 HL:984f SP:c2d8
145a  inc  l AF:0400 BC:000d DE:6262 HL:984f SP:c2d8
145b  pop  de AF:0420 BC:000d DE:6262 HL:9850 SP:c2d8
145c  ld   (hl),e AF:0420 BC:000d DE:6262 HL:9850 SP:c2da
145d  inc  l AF:0420 BC:000d DE:6262 HL:9850 SP:c2da
145e  ld   (hl),d AF:0400 BC:000d DE:6262 HL:9851 SP:c2da
145f  inc  l AF:0400 BC:000d DE:6262 HL:9851 SP:c2da
1460  pop  de AF:0400 BC:000d DE:6262 HL:9852 SP:c2da
1461  ld   (hl),e AF:0400 BC:000d DE:6b62 HL:9852 SP:c2dc
1462  inc  l AF:0400 BC:000d DE:6b62 HL:9852 SP:c2dc
1463  ld   (hl),d AF:0400 BC:000d DE:6b62 HL:9853 SP:c2dc
1464  add  hl,bc AF:0400 BC:000d DE:6b62 HL:9853 SP:c2dc
1465  dec  a AF:0400 BC:000d DE:6b62 HL:9860 SP:c2dc
1466  jr   nz,$1433 AF:0340 BC:000d DE:6b62 HL:9860 SP:c2dc
1433  pop  de AF:0340 BC:000d DE:6b62 HL:9860 SP:c2dc
1434  ld   (hl),e AF:0340 BC:000d DE:7fec HL:9860 SP:c2de
1435  inc  l AF:0340 BC:000d DE:7fec HL:9860 SP:c2de
1436  ld   (hl),d AF:0300 BC:000d DE:7fec HL:9861 SP:c2de
1437  inc  l AF:0300 BC:000d DE:7fec HL:9861 SP:c2de
1438  pop  de AF:0300 BC:000d DE:7fec HL:9862 SP:c2de
1439  ld   (hl),e AF:0300 BC:000d DE:e67f HL:9862 SP:c2e0
143a  inc  l AF:0300 BC:000d DE:e67f HL:9862 SP:c2e0
143b  ld   (hl),d AF:0300 BC:000d DE:e67f HL:9863 SP:c2e0
143c  inc  l AF:0300 BC:000d DE:e67f HL:9863 SP:c2e0
143d  pop  de AF:0300 BC:000d DE:e67f HL:9864 SP:c2e0
143e  ld   (hl),e AF:0300 BC:000d DE:7f7f HL:9864 SP:c2e2
143f  inc  l AF:0300 BC:000d DE:7f7f HL:9864 SP:c2e2
1440  ld   (hl),d AF:0300 BC:000d DE:7f7f HL:9865 SP:c2e2
1441  inc  l AF:0300 BC:000d DE:7f7f HL:9865 SP:c2e2
1442  pop  de AF:0300 BC:000d DE:7f7f HL:9866 SP:c2e2
1443  ld   (hl),e AF:0300 BC:000d DE:7f7f HL:9866 SP:c2e4
1444  inc  l AF:0300 BC:000d DE:7f7f HL:9866 SP:c2e4
1445  ld   (hl),d AF:0300 BC:000d DE:7f7f HL:9867 SP:c2e4
1446  inc  l AF:0300 BC:000d DE:7f7f HL:9867 SP:c2e4
1447  pop  de AF:0300 BC:000d DE:7f7f HL:9868 SP:c2e4
1448  ld   (hl),e AF:0300 BC:000d DE:f66e HL:9868 SP:c2e6
1449  inc  l AF:0300 BC:000d DE:f66e HL:9868 SP:c2e6
144a  ld   (hl),d AF:0300 BC:000d DE:f66e HL:9869 SP:c2e6
144b  inc  l AF:0300 BC:000d DE:f66e HL:9869 SP:c2e6
144c  pop  de AF:0300 BC:000d DE:f66e HL:986a SP:c2e6
144d  ld   (hl),e AF:0300 BC:000d DE:7f7f HL:986a SP:c2e8
144e  inc  l AF:0300 BC:000d DE:7f7f HL:986a SP:c2e8
144f  ld   (hl),d AF:0300 BC:000d DE:7f7f HL:986b SP:c2e8
1450  inc  l AF:0300 BC:000d DE:7f7f HL:986b SP:c2e8
1451  pop  de AF:0300 BC:000d DE:7f7f HL:986c SP:c2e8
1452  ld   (hl),e AF:0300 BC:000d DE:7f7f HL:986c SP:c2ea
1453  inc  l AF:0300 BC:000d DE:7f7f HL:986c SP:c2ea
1454  ld   (hl),d AF:0300 BC:000d DE:7f7f HL:986d SP:c2ea
1455  inc  l AF:0300 BC:000d DE:7f7f HL:986d SP:c2ea
1456  pop  de AF:0300 BC:000d DE:7f7f HL:986e SP:c2ea
1457  ld   (hl),e AF:0300 BC:000d DE:f3f6 HL:986e SP:c2ec
1458  inc  l AF:0300 BC:000d DE:f3f6 HL:986e SP:c2ec
1459  ld   (hl),d AF:0300 BC:000d DE:f3f6 HL:986f SP:c2ec
145a  inc  l AF:0300 BC:000d DE:f3f6 HL:986f SP:c2ec
145b  pop  de AF:0320 BC:000d DE:f3f6 HL:9870 SP:c2ec
145c  ld   (hl),e AF:0320 BC:000d DE:7f7f HL:9870 SP:c2ee
145d  inc  l AF:0320 BC:000d DE:7f7f HL:9870 SP:c2ee
145e  ld   (hl),d AF:0300 BC:000d DE:7f7f HL:9871 SP:c2ee
145f  inc  l AF:0300 BC:000d DE:7f7f HL:9871 SP:c2ee
1460  pop  de AF:0300 BC:000d DE:7f7f HL:9872 SP:c2ee
1461  ld   (hl),e AF:0300 BC:000d DE:7ff6 HL:9872 SP:c2f0
1462  inc  l AF:0300 BC:000d DE:7ff6 HL:9872 SP:c2f0
1463  ld   (hl),d AF:0300 BC:000d DE:7ff6 HL:9873 SP:c2f0
1464  add  hl,bc AF:0300 BC:000d DE:7ff6 HL:9873 SP:c2f0
1465  dec  a AF:0300 BC:000d DE:7ff6 HL:9880 SP:c2f0
1466  jr   nz,$1433 AF:0240 BC:000d DE:7ff6 HL:9880 SP:c2f0
1433  pop  de AF:0240 BC:000d DE:7ff6 HL:9880 SP:c2f0
1434  ld   (hl),e AF:0240 BC:000d DE:7f7f HL:9880 SP:c2f2
1435  inc  l AF:0240 BC:000d DE:7f7f HL:9880 SP:c2f2
1436  ld   (hl),d AF:0200 BC:000d DE:7f7f HL:9881 SP:c2f2
1437  inc  l AF:0200 BC:000d DE:7f7f HL:9881 SP:c2f2
1438  pop  de AF:0200 BC:000d DE:7f7f HL:9882 SP:c2f2
1439  ld   (hl),e AF:0200 BC:000d DE:7f7f HL:9882 SP:c2f4
143a  inc  l AF:0200 BC:000d DE:7f7f HL:9882 SP:c2f4
143b  ld   (hl),d AF:0200 BC:000d DE:7f7f HL:9883 SP:c2f4
143c  inc  l AF:0200 BC:000d DE:7f7f HL:9883 SP:c2f4
143d  pop  de AF:0200 BC:000d DE:7f7f HL:9884 SP:c2f4
143e  ld   (hl),e AF:0200 BC:000d DE:7a79 HL:9884 SP:c2f6
143f  inc  l AF:0200 BC:000d DE:7a79 HL:9884 SP:c2f6
1440  ld   (hl),d AF:0200 BC:000d DE:7a79 HL:9885 SP:c2f6
1441  inc  l AF:0200 BC:000d DE:7a79 HL:9885 SP:c2f6
1442  pop  de AF:0200 BC:000d DE:7a79 HL:9886 SP:c2f6
1443  ld   (hl),e AF:0200 BC:000d DE:7a7a HL:9886 SP:c2f8
1444  inc  l AF:0200 BC:000d DE:7a7a HL:9886 SP:c2f8
1445  ld   (hl),d AF:0200 BC:000d DE:7a7a HL:9887 SP:c2f8
1446  inc  l AF:0200 BC:000d DE:7a7a HL:9887 SP:c2f8
1447  pop  de AF:0200 BC:000d DE:7a7a HL:9888 SP:c2f8
1448  ld   (hl),e AF:0200 BC:000d DE:7a7a HL:9888 SP:c2fa
1449  inc  l AF:0200 BC:000d DE:7a7a HL:9888 SP:c2fa
144a  ld   (hl),d AF:0200 BC:000d DE:7a7a HL:9889 SP:c2fa
144b  inc  l AF:0200 BC:000d DE:7a7a HL:9889 SP:c2fa
144c  pop  de AF:0200 BC:000d DE:7a7a HL:988a SP:c2fa
144d  ld   (hl),e AF:0200 BC:000d DE:7a7a HL:988a SP:c2fc
144e  inc  l AF:0200 BC:000d DE:7a7a HL:988a SP:c2fc
144f  ld   (hl),d AF:0200 BC:000d DE:7a7a HL:988b SP:c2fc
1450  inc  l AF:0200 BC:000d DE:7a7a HL:988b SP:c2fc
1451  pop  de AF:0200 BC:000d DE:7a7a HL:988c SP:c2fc
1452  ld   (hl),e AF:0200 BC:000d DE:7a7a HL:988c SP:c2fe
1453  inc  l AF:0200 BC:000d DE:7a7a HL:988c SP:c2fe
1454  ld   (hl),d AF:0200 BC:000d DE:7a7a HL:988d SP:c2fe
1455  inc  l AF:0200 BC:000d DE:7a7a HL:988d SP:c2fe
1456  pop  de AF:0200 BC:000d DE:7a7a HL:988e SP:c2fe
1457  ld   (hl),e AF:0200 BC:000d DE:7f7b HL:988e SP:c300
1458  inc  l AF:0200 BC:000d DE:7f7b HL:988e SP:c300
1459  ld   (hl),d AF:0200 BC:000d DE:7f7b HL:988f SP:c300
145a  inc  l AF:0200 BC:000d DE:7f7b HL:988f SP:c300
145b  pop  de AF:0220 BC:000d DE:7f7b HL:9890 SP:c300
145c  ld   (hl),e AF:0220 BC:000d DE:7f7f HL:9890 SP:c302
145d  inc  l AF:0220 BC:000d DE:7f7f HL:9890 SP:c302
145e  ld   (hl),d AF:0200 BC:000d DE:7f7f HL:9891 SP:c302
145f  inc  l AF:0200 BC:000d DE:7f7f HL:9891 SP:c302
1460  pop  de AF:0200 BC:000d DE:7f7f HL:9892 SP:c302
1461  ld   (hl),e AF:0200 BC:000d DE:7f7f HL:9892 SP:c304
1462  inc  l AF:0200 BC:000d DE:7f7f HL:9892 SP:c304
1463  ld   (hl),d AF:0200 BC:000d DE:7f7f HL:9893 SP:c304
1464  add  hl,bc AF:0200 BC:000d DE:7f7f HL:9893 SP:c304
1465  dec  a AF:0200 BC:000d DE:7f7f HL:98a0 SP:c304
1466  jr   nz,$1433 AF:0140 BC:000d DE:7f7f HL:98a0 SP:c304
1433  pop  de AF:0140 BC:000d DE:7f7f HL:98a0 SP:c304
1434  ld   (hl),e AF:0140 BC:000d DE:7f7f HL:98a0 SP:c306
1435  inc  l AF:0140 BC:000d DE:7f7f HL:98a0 SP:c306
1436  ld   (hl),d AF:0100 BC:000d DE:7f7f HL:98a1 SP:c306
1437  inc  l AF:0100 BC:000d DE:7f7f HL:98a1 SP:c306
1438  pop  de AF:0100 BC:000d DE:7f7f HL:98a2 SP:c306
1439  ld   (hl),e AF:0100 BC:000d DE:7f7f HL:98a2 SP:c308
143a  inc  l AF:0100 BC:000d DE:7f7f HL:98a2 SP:c308
143b  ld   (hl),d AF:0100 BC:000d DE:7f7f HL:98a3 SP:c308
143c  inc  l AF:0100 BC:000d DE:7f7f HL:98a3 SP:c308
143d  pop  de AF:0100 BC:000d DE:7f7f HL:98a4 SP:c308
143e  ld   (hl),e AF:0100 BC:000d DE:7f7c HL:98a4 SP:c30a
143f  inc  l AF:0100 BC:000d DE:7f7c HL:98a4 SP:c30a
1440  ld   (hl),d AF:0100 BC:000d DE:7f7c HL:98a5 SP:c30a
1441  inc  l AF:0100 BC:000d DE:7f7c HL:98a5 SP:c30a
1442  pop  de AF:0100 BC:000d DE:7f7c HL:98a6 SP:c30a
1443  ld   (hl),e AF:0100 BC:000d DE:7f7f HL:98a6 SP:c30c
1444  inc  l AF:0100 BC:000d DE:7f7f HL:98a6 SP:c30c
1445  ld   (hl),d AF:0100 BC:000d DE:7f7f HL:98a7 SP:c30c
1446  inc  l AF:0100 BC:000d DE:7f7f HL:98a7 SP:c30c
1447  pop  de AF:0100 BC:000d DE:7f7f HL:98a8 SP:c30c
1448  ld   (hl),e AF:0100 BC:000d DE:7fe5 HL:98a8 SP:c30e
1449  inc  l AF:0100 BC:000d DE:7fe5 HL:98a8 SP:c30e
144a  ld   (hl),d AF:0100 BC:000d DE:7fe5 HL:98a9 SP:c30e
144b  inc  l AF:0100 BC:000d DE:7fe5 HL:98a9 SP:c30e
144c  pop  de AF:0100 BC:000d DE:7fe5 HL:98aa SP:c30e
144d  ld   (hl),e AF:0100 BC:000d DE:7f7f HL:98aa SP:c310
144e  inc  l AF:0100 BC:000d DE:7f7f HL:98aa SP:c310
144f  ld   (hl),d AF:0100 BC:000d DE:7f7f HL:98ab SP:c310
1450  inc  l AF:0100 BC:000d DE:7f7f HL:98ab SP:c310
1451  pop  de AF:0100 BC:000d DE:7f7f HL:98ac SP:c310
1452  ld   (hl),e AF:0100 BC:000d DE:7f7f HL:98ac SP:c312
1453  inc  l AF:0100 BC:000d DE:7f7f HL:98ac SP:c312
1454  ld   (hl),d AF:0100 BC:000d DE:7f7f HL:98ad SP:c312
1455  inc  l AF:0100 BC:000d DE:7f7f HL:98ad SP:c312
1456  pop  de AF:0100 BC:000d DE:7f7f HL:98ae SP:c312
1457  ld   (hl),e AF:0100 BC:000d DE:7f7c HL:98ae SP:c314
1458  inc  l AF:0100 BC:000d DE:7f7c HL:98ae SP:c314
1459  ld   (hl),d AF:0100 BC:000d DE:7f7c HL:98af SP:c314
145a  inc  l AF:0100 BC:000d DE:7f7c HL:98af SP:c314
145b  pop  de AF:0120 BC:000d DE:7f7c HL:98b0 SP:c314
145c  ld   (hl),e AF:0120 BC:000d DE:7f7f HL:98b0 SP:c316
145d  inc  l AF:0120 BC:000d DE:7f7f HL:98b0 SP:c316
145e  ld   (hl),d AF:0100 BC:000d DE:7f7f HL:98b1 SP:c316
145f  inc  l AF:0100 BC:000d DE:7f7f HL:98b1 SP:c316
1460  pop  de AF:0100 BC:000d DE:7f7f HL:98b2 SP:c316
1461  ld   (hl),e AF:0100 BC:000d DE:7f7f HL:98b2 SP:c318
1462  inc  l AF:0100 BC:000d DE:7f7f HL:98b2 SP:c318
1463  ld   (hl),d AF:0100 BC:000d DE:7f7f HL:98b3 SP:c318
1464  add  hl,bc AF:0100 BC:000d DE:7f7f HL:98b3 SP:c318
1465  dec  a AF:0100 BC:000d DE:7f7f HL:98c0 SP:c318
1466  jr   nz,$1433 AF:00c0 BC:000d DE:7f7f HL:98c0 SP:c318
1468  ld   a,($ffe3) AF:00c0 BC:000d DE:7f7f HL:98c0 SP:c318
146a  ld   l,a AF:c5c0 BC:000d DE:7f7f HL:98c0 SP:c318
146b  ld   a,($ffe4) AF:c5c0 BC:000d DE:7f7f HL:98c5 SP:c318
146d  ld   h,a AF:dfc0 BC:000d DE:7f7f HL:98c5 SP:c318
146e  ld   sp,hl AF:dfc0 BC:000d DE:7f7f HL:dfc5 SP:c318
146f  ret AF:dfc0 BC:000d DE:7f7f HL:dfc5 SP:dfc5
01b2  call $123a AF:dfc0 BC:000d DE:7f7f HL:dfc5 SP:dfc7
123a  ld   a,($ffe5) AF:dfc0 BC:000d DE:7f7f HL:dfc5 SP:dfc5
123c  and  a,a AF:00c0 BC:000d DE:7f7f HL:dfc5 SP:dfc5
123d  ret  z AF:00a0 BC:000d DE:7f7f HL:dfc5 SP:dfc5
01b5  call $14c7 AF:00a0 BC:000d DE:7f7f HL:dfc5 SP:dfc7
14c7  ld   a,($cb62) AF:00a0 BC:000d DE:7f7f HL:dfc5 SP:dfc5
14ca  and  a,a AF:00a0 BC:000d DE:7f7f HL:dfc5 SP:dfc5
14cb  ret  z AF:00a0 BC:000d DE:7f7f HL:dfc5 SP:dfc5
01b8  call $1470 AF:00a0 BC:000d DE:7f7f HL:dfc5 SP:dfc7
1470  ld   a,($cb67) AF:00a0 BC:000d DE:7f7f HL:dfc5 SP:dfc5
1473  and  a,a AF:00a0 BC:000d DE:7f7f HL:dfc5 SP:dfc5
1474  ret  z AF:00a0 BC:000d DE:7f7f HL:dfc5 SP:dfc5
01bb  call $1522 AF:00a0 BC:000d DE:7f7f HL:dfc5 SP:dfc7
1522  ld   a,($ff98) AF:00a0 BC:000d DE:7f7f HL:dfc5 SP:dfc5
1524  push af AF:03a0 BC:000d DE:7f7f HL:dfc5 SP:dfc5
1525  ld   a,$23 AF:03a0 BC:000d DE:7f7f HL:dfc5 SP:dfc3
1527  call $3286 AF:23a0 BC:000d DE:7f7f HL:dfc5 SP:dfc3
3286  ld   ($ff98),a AF:23a0 BC:000d DE:7f7f HL:dfc5 SP:dfc1
3288  ld   ($2000),a AF:23a0 BC:000d DE:7f7f HL:dfc5 SP:dfc1
328b  ret AF:23a0 BC:000d DE:7f7f HL:dfc5 SP:dfc1
152a  call $4000 AF:23a0 BC:000d DE:7f7f HL:dfc5 SP:dfc3
4000  ld   a,($ffe8) AF:23a0 BC:000d DE:7f7f HL:dfc5 SP:dfc1
4002  and  a,a AF:01a0 BC:000d DE:7f7f HL:dfc5 SP:dfc1
4003  ret  z AF:0120 BC:000d DE:7f7f HL:dfc5 SP:dfc1
4004  ld   a,($d6a6) AF:0120 BC:000d DE:7f7f HL:dfc5 SP:dfc1
4007  ld   e,a AF:7720 BC:000d DE:7f7f HL:dfc5 SP:dfc1
4008  ld   a,($d6a7) AF:7720 BC:000d DE:7f77 HL:dfc5 SP:dfc1
400b  ld   d,a AF:4020 BC:000d DE:7f77 HL:dfc5 SP:dfc1
400c  ld   a,($ffe9) AF:4020 BC:000d DE:4077 HL:dfc5 SP:dfc1
400e  ld   l,a AF:0020 BC:000d DE:4077 HL:dfc5 SP:dfc1
400f  inc  a AF:0020 BC:000d DE:4077 HL:df00 SP:dfc1
4010  ld   ($ffe9),a AF:0100 BC:000d DE:4077 HL:df00 SP:dfc1
4012  ld   h,$00 AF:0100 BC:000d DE:4077 HL:df00 SP:dfc1
4014  add  hl,hl AF:0100 BC:000d DE:4077 HL:0000 SP:dfc1
4015  add  hl,hl AF:0100 BC:000d DE:4077 HL:0000 SP:dfc1
4016  add  hl,de AF:0100 BC:000d DE:4077 HL:0000 SP:dfc1
4017  ld   e,(hl) AF:0100 BC:000d DE:4077 HL:4077 SP:dfc1
4018  inc  hl AF:0100 BC:000d DE:4030 HL:4077 SP:dfc1
4019  ld   d,(hl) AF:0100 BC:000d DE:4030 HL:4078 SP:dfc1
401a  inc  hl AF:0100 BC:000d DE:9530 HL:4078 SP:dfc1
401b  ldi  a,(hl) AF:0100 BC:000d DE:9530 HL:4079 SP:dfc1
401c  ld   h,(hl) AF:d400 BC:000d DE:9530 HL:407a SP:dfc1
401d  ld   l,a AF:d400 BC:000d DE:9530 HL:417a SP:dfc1
401e  jp   hl AF:d400 BC:000d DE:9530 HL:41d4 SP:dfc1
41d4  ld   hl,sp+$0000 AF:d400 BC:000d DE:9530 HL:41d4 SP:dfc1
41d6  ld   b,h AF:d400 BC:000d DE:9530 HL:dfc1 SP:dfc1
41d7  ld   c,l AF:d400 BC:df0d DE:9530 HL:dfc1 SP:dfc1
41d8  ld   h,d AF:d400 BC:dfc1 DE:9530 HL:dfc1 SP:dfc1
41d9  ld   l,e AF:d400 BC:dfc1 DE:9530 HL:95c1 SP:dfc1
41da  ld   sp,hl AF:d400 BC:dfc1 DE:9530 HL:9530 SP:dfc1
41db  ld   hl,$cb3c AF:d400 BC:dfc1 DE:9530 HL:9530 SP:9530
41de  pop  de AF:d400 BC:dfc1 DE:9530 HL:cb3c SP:9530
41df  ld   (hl),e AF:d400 BC:dfc1 DE:ba45 HL:cb3c SP:9532
41e0  inc  hl AF:d400 BC:dfc1 DE:ba45 HL:cb3c SP:9532
41e1  ld   (hl),d AF:d400 BC:dfc1 DE:ba45 HL:cb3d SP:9532
41e2  pop  de AF:d400 BC:dfc1 DE:ba45 HL:cb3d SP:9532
41e3  inc  hl AF:d400 BC:dfc1 DE:54ab HL:cb3d SP:9534
41e4  ld   (hl),e AF:d400 BC:dfc1 DE:54ab HL:cb3e SP:9534
41e5  inc  hl AF:d400 BC:dfc1 DE:54ab HL:cb3e SP:9534
41e6  ld   (hl),d AF:d400 BC:dfc1 DE:54ab HL:cb3f SP:9534
41e7  pop  de AF:d400 BC:dfc1 DE:54ab HL:cb3f SP:9534
41e8  inc  hl AF:d400 BC:dfc1 DE:0876 HL:cb3f SP:9536
41e9  ld   (hl),e AF:d400 BC:dfc1 DE:0876 HL:cb40 SP:9536
41ea  inc  hl AF:d400 BC:dfc1 DE:0876 HL:cb40 SP:9536
41eb  ld   (hl),d AF:d400 BC:dfc1 DE:0876 HL:cb41 SP:9536
41ec  pop  de AF:d400 BC:dfc1 DE:0876 HL:cb41 SP:9536
41ed  inc  hl AF:d400 BC:dfc1 DE:912c HL:cb41 SP:9538
41ee  ld   (hl),e AF:d400 BC:dfc1 DE:912c HL:cb42 SP:9538
41ef  inc  hl AF:d400 BC:dfc1 DE:912c HL:cb42 SP:9538
41f0  ld   (hl),d AF:d400 BC:dfc1 DE:912c HL:cb43 SP:9538
41f1  pop  de AF:d400 BC:dfc1 DE:912c HL:cb43 SP:9538
41f2  inc  hl AF:d400 BC:dfc1 DE:c318 HL:cb43 SP:953a
41f3  ld   (hl),e AF:d400 BC:dfc1 DE:c318 HL:cb44 SP:953a
41f4  inc  hl AF:d400 BC:dfc1 DE:c318 HL:cb44 SP:953a
41f5  ld   (hl),d AF:d400 BC:dfc1 DE:c318 HL:cb45 SP:953a
41f6  pop  de AF:d400 BC:dfc1 DE:c318 HL:cb45 SP:953a
41f7  inc  hl AF:d400 BC:dfc1 DE:c300 HL:cb45 SP:953c
41f8  ld   (hl),e AF:d400 BC:dfc1 DE:c300 HL:cb46 SP:953c
41f9  inc  hl AF:d400 BC:dfc1 DE:c300 HL:cb46 SP:953c
41fa  ld   (hl),d AF:d400 BC:dfc1 DE:c300 HL:cb47 SP:953c
41fb  pop  de AF:d400 BC:dfc1 DE:c300 HL:cb47 SP:953c
41fc  inc  hl AF:d400 BC:dfc1 DE:e700 HL:cb47 SP:953e
41fd  ld   (hl),e AF:d400 BC:dfc1 DE:e700 HL:cb48 SP:953e
41fe  inc  hl AF:d400 BC:dfc1 DE:e700 HL:cb48 SP:953e
41ff  ld   (hl),d AF:d400 BC:dfc1 DE:e700 HL:cb49 SP:953e
4200  pop  de AF:d400 BC:dfc1 DE:e700 HL:cb49 SP:953e
4201  inc  hl AF:d400 BC:dfc1 DE:ff00 HL:cb49 SP:9540
4202  ld   (hl),e AF:d400 BC:dfc1 DE:ff00 HL:cb4a SP:9540
4203  inc  hl AF:d400 BC:dfc1 DE:ff00 HL:cb4a SP:9540
4204  ld   (hl),d AF:d400 BC:dfc1 DE:ff00 HL:cb4b SP:9540
4205  ld   h,b AF:d400 BC:dfc1 DE:ff00 HL:cb4b SP:9540
4206  ld   l,c AF:d400 BC:dfc1 DE:ff00 HL:df4b SP:9540
4207  ld   sp,hl AF:d400 BC:dfc1 DE:ff00 HL:dfc1 SP:9540
4208  ret AF:d400 BC:dfc1 DE:ff00 HL:dfc1 SP:dfc1
152d  pop  af AF:d400 BC:dfc1 DE:ff00 HL:dfc1 SP:dfc3
152e  jp   $3286 AF:03a0 BC:dfc1 DE:ff00 HL:dfc1 SP:dfc5
3286  ld   ($ff98),a AF:03a0 BC:dfc1 DE:ff00 HL:dfc1 SP:dfc5
3288  ld   ($2000),a AF:03a0 BC:dfc1 DE:ff00 HL:dfc1 SP:dfc5
328b  ret AF:03a0 BC:dfc1 DE:ff00 HL:dfc1 SP:dfc5
01be  call $1558 AF:03a0 BC:dfc1 DE:ff00 HL:dfc1 SP:dfc7
1558  ld   a,($cb71) AF:03a0 BC:dfc1 DE:ff00 HL:dfc1 SP:dfc5
155b  and  a,a AF:00a0 BC:dfc1 DE:ff00 HL:dfc1 SP:dfc5
155c  ret  z AF:00a0 BC:dfc1 DE:ff00 HL:dfc1 SP:dfc5
01c1  call $1531 AF:00a0 BC:dfc1 DE:ff00 HL:dfc1 SP:dfc7
1531  nop AF:00a0 BC:dfc1 DE:ff00 HL:dfc1 SP:dfc5
1532  ld   hl,$ff40 AF:00a0 BC:dfc1 DE:ff00 HL:dfc1 SP:dfc5
1535  set  1,(hl) AF:00a0 BC:dfc1 DE:ff00 HL:ff40 SP:dfc5
1537  ret AF:00a0 BC:dfc1 DE:ff00 HL:ff40 SP:dfc5
01c4  call $ff80 AF:00a0 BC:dfc1 DE:ff00 HL:ff40 SP:dfc7
ff80  ld   a,$c2 AF:00a0 BC:dfc1 DE:ff00 HL:ff40 SP:dfc5
ff82  ld   ($ff46),a AF:c2a0 BC:dfc1 DE:ff00 HL:ff40 SP:dfc5
ff84  ld   a,$28 AF:c2a0 BC:dfc1 DE:ff00 HL:ff40 SP:dfc5
ff86  dec  a AF:28a0 BC:dfc1 DE:ff00 HL:ff40 SP:dfc5
ff87  jr   nz,$ff86 AF:2740 BC:dfc1 DE:ff00 HL:ff40 SP:dfc5
ff86  dec  a AF:2740 BC:dfc1 DE:ff00 HL:ff40 SP:dfc5
ff87  jr   nz,$ff86 AF:2640 BC:dfc1 DE:ff00 HL:ff40 SP:dfc5
ff86  dec  a AF:2640 BC:dfc1 DE:ff00 HL:ff40 SP:dfc5
ff87  jr   nz,$ff86 AF:2540 BC:dfc1 DE:ff00 HL:ff40 SP:dfc5
ff86  dec  a AF:2540 BC:dfc1 DE:ff00 HL:ff40 SP:dfc5
ff87  jr   nz,$ff86 AF:2440 BC:dfc1 DE:ff00 HL:ff40 SP:dfc5
ff86  dec  a AF:2440 BC:dfc1 DE:ff00 HL:ff40 SP:dfc5
ff87  jr   nz,$ff86 AF:2340 BC:dfc1 DE:ff00 HL:ff40 SP:dfc5
ff86  dec  a AF:2340 BC:dfc1 DE:ff00 HL:ff40 SP:dfc5
ff87  jr   nz,$ff86 AF:2240 BC:dfc1 DE:ff00 HL:ff40 SP:dfc5
ff86  dec  a AF:2240 BC:dfc1 DE:ff00 HL:ff40 SP:dfc5
ff87  jr   nz,$ff86 AF:2140 BC:dfc1 DE:ff00 HL:ff40 SP:dfc5
ff86  dec  a AF:2140 BC:dfc1 DE:ff00 HL:ff40 SP:dfc5
ff87  jr   nz,$ff86 AF:2040 BC:dfc1 DE:ff00 HL:ff40 SP:dfc5
ff86  dec  a AF:2040 BC:dfc1 DE:ff00 HL:ff40 SP:dfc5
ff87  jr   nz,$ff86 AF:1f60 BC:dfc1 DE:ff00 HL:ff40 SP:dfc5
ff86  dec  a AF:1f60 BC:dfc1 DE:ff00 HL:ff40 SP:dfc5
ff87  jr   nz,$ff86 AF:1e40 BC:dfc1 DE:ff00 HL:ff40 SP:dfc5
ff86  dec  a AF:1e40 BC:dfc1 DE:ff00 HL:ff40 SP:dfc5
ff87  jr   nz,$ff86 AF:1d40 BC:dfc1 DE:ff00 HL:ff40 SP:dfc5
ff86  dec  a AF:1d40 BC:dfc1 DE:ff00 HL:ff40 SP:dfc5
ff87  jr   nz,$ff86 AF:1c40 BC:dfc1 DE:ff00 HL:ff40 SP:dfc5
ff86  dec  a AF:1c40 BC:dfc1 DE:ff00 HL:ff40 SP:dfc5
ff87  jr   nz,$ff86 AF:1b40 BC:dfc1 DE:ff00 HL:ff40 SP:dfc5
ff86  dec  a AF:1b40 BC:dfc1 DE:ff00 HL:ff40 SP:dfc5
ff87  jr   nz,$ff86 AF:1a40 BC:dfc1 DE:ff00 HL:ff40 SP:dfc5
ff86  dec  a AF:1a40 BC:dfc1 DE:ff00 HL:ff40 SP:dfc5
ff87  jr   nz,$ff86 AF:1940 BC:dfc1 DE:ff00 HL:ff40 SP:dfc5
ff86  dec  a AF:1940 BC:dfc1 DE:ff00 HL:ff40 SP:dfc5
ff87  jr   nz,$ff86 AF:1840 BC:dfc1 DE:ff00 HL:ff40 SP:dfc5
ff86  dec  a AF:1840 BC:dfc1 DE:ff00 HL:ff40 SP:dfc5
ff87  jr   nz,$ff86 AF:1740 BC:dfc1 DE:ff00 HL:ff40 SP:dfc5
ff86  dec  a AF:1740 BC:dfc1 DE:ff00 HL:ff40 SP:dfc5
ff87  jr   nz,$ff86 AF:1640 BC:dfc1 DE:ff00 HL:ff40 SP:dfc5
ff86  dec  a AF:1640 BC:dfc1 DE:ff00 HL:ff40 SP:dfc5
ff87  jr   nz,$ff86 AF:1540 BC:dfc1 DE:ff00 HL:ff40 SP:dfc5
ff86  dec  a AF:1540 BC:dfc1 DE:ff00 HL:ff40 SP:dfc5
ff87  jr   nz,$ff86 AF:1440 BC:dfc1 DE:ff00 HL:ff40 SP:dfc5
ff86  dec  a AF:1440 BC:dfc1 DE:ff00 HL:ff40 SP:dfc5
ff87  jr   nz,$ff86 AF:1340 BC:dfc1 DE:ff00 HL:ff40 SP:dfc5
ff86  dec  a AF:1340 BC:dfc1 DE:ff00 HL:ff40 SP:dfc5
ff87  jr   nz,$ff86 AF:1240 BC:dfc1 DE:ff00 HL:ff40 SP:dfc5
ff86  dec  a AF:1240 BC:dfc1 DE:ff00 HL:ff40 SP:dfc5
ff87  jr   nz,$ff86 AF:1140 BC:dfc1 DE:ff00 HL:ff40 SP:dfc5
ff86  dec  a AF:1140 BC:dfc1 DE:ff00 HL:ff40 SP:dfc5
ff87  jr   nz,$ff86 AF:1040 BC:dfc1 DE:ff00 HL:ff40 SP:dfc5
ff86  dec  a AF:1040 BC:dfc1 DE:ff00 HL:ff40 SP:dfc5
ff87  jr   nz,$ff86 AF:0f60 BC:dfc1 DE:ff00 HL:ff40 SP:dfc5
ff86  dec  a AF:0f60 BC:dfc1 DE:ff00 HL:ff40 SP:dfc5
ff87  jr   nz,$ff86 AF:0e40 BC:dfc1 DE:ff00 HL:ff40 SP:dfc5
ff86  dec  a AF:0e40 BC:dfc1 DE:ff00 HL:ff40 SP:dfc5
ff87  jr   nz,$ff86 AF:0d40 BC:dfc1 DE:ff00 HL:ff40 SP:dfc5
ff86  dec  a AF:0d40 BC:dfc1 DE:ff00 HL:ff40 SP:dfc5
ff87  jr   nz,$ff86 AF:0c40 BC:dfc1 DE:ff00 HL:ff40 SP:dfc5
ff86  dec  a AF:0c40 BC:dfc1 DE:ff00 HL:ff40 SP:dfc5
ff87  jr   nz,$ff86 AF:0b40 BC:dfc1 DE:ff00 HL:ff40 SP:dfc5
ff86  dec  a AF:0b40 BC:dfc1 DE:ff00 HL:ff40 SP:dfc5
ff87  jr   nz,$ff86 AF:0a40 BC:dfc1 DE:ff00 HL:ff40 SP:dfc5
ff86  dec  a AF:0a40 BC:dfc1 DE:ff00 HL:ff40 SP:dfc5
ff87  jr   nz,$ff86 AF:0940 BC:dfc1 DE:ff00 HL:ff40 SP:dfc5
ff86  dec  a AF:0940 BC:dfc1 DE:ff00 HL:ff40 SP:dfc5
ff87  jr   nz,$ff86 AF:0840 BC:dfc1 DE:ff00 HL:ff40 SP:dfc5
ff86  dec  a AF:0840 BC:dfc1 DE:ff00 HL:ff40 SP:dfc5
ff87  jr   nz,$ff86 AF:0740 BC:dfc1 DE:ff00 HL:ff40 SP:dfc5
ff86  dec  a AF:0740 BC:dfc1 DE:ff00 HL:ff40 SP:dfc5
ff87  jr   nz,$ff86 AF:0640 BC:dfc1 DE:ff00 HL:ff40 SP:dfc5
ff86  dec  a AF:0640 BC:dfc1 DE:ff00 HL:ff40 SP:dfc5
ff87  jr   nz,$ff86 AF:0540 BC:dfc1 DE:ff00 HL:ff40 SP:dfc5
ff86  dec  a AF:0540 BC:dfc1 DE:ff00 HL:ff40 SP:dfc5
ff87  jr   nz,$ff86 AF:0440 BC:dfc1 DE:ff00 HL:ff40 SP:dfc5
ff86  dec  a AF:0440 BC:dfc1 DE:ff00 HL:ff40 SP:dfc5
ff87  jr   nz,$ff86 AF:0340 BC:dfc1 DE:ff00 HL:ff40 SP:dfc5
ff86  dec  a AF:0340 BC:dfc1 DE:ff00 HL:ff40 SP:dfc5
ff87  jr   nz,$ff86 AF:0240 BC:dfc1 DE:ff00 HL:ff40 SP:dfc5
ff86  dec  a AF:0240 BC:dfc1 DE:ff00 HL:ff40 SP:dfc5
ff87  jr   nz,$ff86 AF:0140 BC:dfc1 DE:ff00 HL:ff40 SP:dfc5
ff86  dec  a AF:0140 BC:dfc1 DE:ff00 HL:ff40 SP:dfc5
ff87  jr   nz,$ff86 AF:00c0 BC:dfc1 DE:ff00 HL:ff40 SP:dfc5
ff89  ret AF:00c0 BC:dfc1 DE:ff00 HL:ff40 SP:dfc5
01c7  xor  a,a AF:00c0 BC:dfc1 DE:ff00 HL:ff40 SP:dfc7
01c8  ld   ($cc33),a AF:0080 BC:dfc1 DE:ff00 HL:ff40 SP:dfc7
01cb  ld   a,($cc32) AF:0080 BC:dfc1 DE:ff00 HL:ff40 SP:dfc7
01ce  and  a,a AF:0f80 BC:dfc1 DE:ff00 HL:ff40 SP:dfc7
01cf  jr   z,$01d5 AF:0f20 BC:dfc1 DE:ff00 HL:ff40 SP:dfc7
01d1  dec  a AF:0f20 BC:dfc1 DE:ff00 HL:ff40 SP:dfc7
01d2  ld   ($cc32),a AF:0e40 BC:dfc1 DE:ff00 HL:ff40 SP:dfc7
01d5  call $07fe AF:0e40 BC:dfc1 DE:ff00 HL:ff40 SP:dfc7
07fe  ld   a,($d4ab) AF:0e40 BC:dfc1 DE:ff00 HL:ff40 SP:dfc5
0801  and  a,$d0 AF:0040 BC:dfc1 DE:ff00 HL:ff40 SP:dfc5
0803  ret  nz AF:00a0 BC:dfc1 DE:ff00 HL:ff40 SP:dfc5
0804  ld   a,$20 AF:00a0 BC:dfc1 DE:ff00 HL:ff40 SP:dfc5
0806  ld   ($ff00),a AF:20a0 BC:dfc1 DE:ff00 HL:ff40 SP:dfc5
0808  ld   a,($ff00) AF:20a0 BC:dfc1 DE:ff00 HL:ff40 SP:dfc5
080a  ld   a,($ff00) AF:2fa0 BC:dfc1 DE:ff00 HL:ff40 SP:dfc5
080c  cpl AF:2fa0 BC:dfc1 DE:ff00 HL:ff40 SP:dfc5
080d  and  a,$0f AF:d0e0 BC:dfc1 DE:ff00 HL:ff40 SP:dfc5
080f  swap a AF:00a0 BC:dfc1 DE:ff00 HL:ff40 SP:dfc5
0811  ld   b,a AF:0080 BC:dfc1 DE:ff00 HL:ff40 SP:dfc5
0812  ld   a,$10 AF:0080 BC:00c1 DE:ff00 HL:ff40 SP:dfc5
0814  ld   ($ff00),a AF:1080 BC:00c1 DE:ff00 HL:ff40 SP:dfc5
0816  ld   a,($ff00) AF:1080 BC:00c1 DE:ff00 HL:ff40 SP:dfc5
0818  ld   a,($ff00) AF:1f80 BC:00c1 DE:ff00 HL:ff40 SP:dfc5
081a  ld   a,($ff00) AF:1f80 BC:00c1 DE:ff00 HL:ff40 SP:dfc5
081c  ld   a,($ff00) AF:1f80 BC:00c1 DE:ff00 HL:ff40 SP:dfc5
081e  ld   a,($ff00) AF:1f80 BC:00c1 DE:ff00 HL:ff40 SP:dfc5
0820  ld   a,($ff00) AF:1f80 BC:00c1 DE:ff00 HL:ff40 SP:dfc5
0822  cpl AF:1f80 BC:00c1 DE:ff00 HL:ff40 SP:dfc5
0823  and  a,$0f AF:e0e0 BC:00c1 DE:ff00 HL:ff40 SP:dfc5
0825  or   a,b AF:00a0 BC:00c1 DE:ff00 HL:ff40 SP:dfc5
0826  ld   b,a AF:0080 BC:00c1 DE:ff00 HL:ff40 SP:dfc5
0827  ld   a,$30 AF:0080 BC:00c1 DE:ff00 HL:ff40 SP:dfc5
0829  ld   ($ff00),a AF:3080 BC:00c1 DE:ff00 HL:ff40 SP:dfc5
082b  ld   a,($ff9f) AF:3080 BC:00c1 DE:ff00 HL:ff40 SP:dfc5
082d  ld   e,a AF:0180 BC:00c1 DE:ff00 HL:ff40 SP:dfc5
082e  xor  a,b AF:0180 BC:00c1 DE:ff01 HL:ff40 SP:dfc5
082f  ld   d,a AF:0100 BC:00c1 DE:ff01 HL:ff40 SP:dfc5
0830  and  a,e AF:0100 BC:00c1 DE:0101 HL:ff40 SP:dfc5
0831  ld   ($ff9d),a AF:0120 BC:00c1 DE:0101 HL:ff40 SP:dfc5
0833  ld   a,d AF:0120 BC:00c1 DE:0101 HL:ff40 SP:dfc5
0834  and  a,b AF:0120 BC:00c1 DE:0101 HL:ff40 SP:dfc5
0835  ld   ($ff9e),a AF:00a0 BC:00c1 DE:0101 HL:ff40 SP:dfc5
0837  ld   c,a AF:00a0 BC:00c1 DE:0101 HL:ff40 SP:dfc5
0838  ld   a,($ffa0) AF:00a0 BC:0000 DE:0101 HL:ff40 SP:dfc5
083a  or   a,c AF:c3a0 BC:0000 DE:0101 HL:ff40 SP:dfc5
083b  ld   ($ffa0),a AF:c300 BC:0000 DE:0101 HL:ff40 SP:dfc5
083d  ld   a,b AF:c300 BC:0000 DE:0101 HL:ff40 SP:dfc5
083e  ld   ($ff9f),a AF:0000 BC:0000 DE:0101 HL:ff40 SP:dfc5
0840  ld   ($ffa6),a AF:0000 BC:0000 DE:0101 HL:ff40 SP:dfc5
0842  and  a,$0f AF:0000 BC:0000 DE:0101 HL:ff40 SP:dfc5
0844  cp   a,$0f AF:00a0 BC:0000 DE:0101 HL:ff40 SP:dfc5
0846  jp   z,$051c AF:0070 BC:0000 DE:0101 HL:ff40 SP:dfc5
0849  ret AF:0070 BC:0000 DE:0101 HL:ff40 SP:dfc5
01d8  xor  a,a AF:0070 BC:0000 DE:0101 HL:ff40 SP:dfc7
01d9  ld   ($ff0f),a AF:0080 BC:0000 DE:0101 HL:ff40 SP:dfc7
01db  ld   a,$0a AF:0080 BC:0000 DE:0101 HL:ff40 SP:dfc7
01dd  ld   ($ffff),a AF:0a80 BC:0000 DE:0101 HL:ff40 SP:dfc7
01df  ld   a,$02 AF:0a80 BC:0000 DE:0101 HL:ff40 SP:dfc7
01e1  ld   ($ff0f),a AF:0280 BC:0000 DE:0101 HL:ff40 SP:dfc7
01e3  ei AF:0280 BC:0000 DE:0101 HL:ff40 SP:dfc7
01e4  call $3c9f AF:0280 BC:0000 DE:0101 HL:ff40 SP:dfc7
3c9f  push hl AF:0280 BC:0000 DE:0101 HL:ff40 SP:dfc5
03ae  push af AF:0280 BC:0000 DE:0101 HL:ff40 SP:dfc3
03af  ld   a,($ffd0) AF:0280 BC:0000 DE:0101 HL:ff40 SP:dfc1
03b1  and  a,a AF:0080 BC:0000 DE:0101 HL:ff40 SP:dfc1
03b2  jr   z,$03df AF:00a0 BC:0000 DE:0101 HL:ff40 SP:dfc1
03df  pop  af AF:00a0 BC:0000 DE:0101 HL:ff40 SP:dfc1
03e0  reti AF:0280 BC:0000 DE:0101 HL:ff40 SP:dfc3
3c9f  push hl AF:0280 BC:0000 DE:0101 HL:ff40 SP:dfc5
03ae  push af AF:0280 BC:0000 DE:0101 HL:ff40 SP:dfc3
03af  ld   a,($ffd0) AF:0280 BC:0000 DE:0101 HL:ff40 SP:dfc1
03b1  and  a,a AF:0080 BC:0000 DE:0101 HL:ff40 SP:dfc1
03b2  jr   z,$03df AF:00a0 BC:0000 DE:0101 HL:ff40 SP:dfc1
03df  pop  af AF:00a0 BC:0000 DE:0101 HL:ff40 SP:dfc1
03e0  reti AF:0280 BC:0000 DE:0101 HL:ff40 SP:dfc3
3c9f  push hl AF:0280 BC:0000 DE:0101 HL:ff40 SP:dfc5
3ca0  push de AF:0280 BC:0000 DE:0101 HL:ff40 SP:dfc3
3ca1  push bc AF:0280 BC:0000 DE:0101 HL:ff40 SP:dfc1
3ca2  push af AF:0280 BC:0000 DE:0101 HL:ff40 SP:dfbf
3ca3  ld   a,($ff98) AF:0280 BC:0000 DE:0101 HL:ff40 SP:dfbd
3ca5  push af AF:0380 BC:0000 DE:0101 HL:ff40 SP:dfbd
3ca6  ld   a,$3a AF:0380 BC:0000 DE:0101 HL:ff40 SP:dfbb
3ca8  ld   ($2000),a AF:3a80 BC:0000 DE:0101 HL:ff40 SP:dfbb
3cab  ld   ($ff98),a AF:3a80 BC:0000 DE:0101 HL:ff40 SP:dfbb
3cad  call $4037 AF:3a80 BC:0000 DE:0101 HL:ff40 SP:dfbb
4037  xor  a,a AF:3a80 BC:0000 DE:0101 HL:ff40 SP:dfb9
4038  ld   ($c198),a AF:0080 BC:0000 DE:0101 HL:ff40 SP:dfb9
403b  ld   ($c19a),a AF:0080 BC:0000 DE:0101 HL:ff40 SP:dfb9
403e  ld   bc,$c000 AF:0080 BC:0000 DE:0101 HL:ff40 SP:dfb9
4041  ld   hl,$0003 AF:0080 BC:c000 DE:0101 HL:ff40 SP:dfb9
4044  add  hl,bc AF:0080 BC:c000 DE:0101 HL:0003 SP:dfb9
4045  bit  0,(hl) AF:0080 BC:c000 DE:0101 HL:c003 SP:dfb9
4047  jr   z,$404c AF:0020 BC:c000 DE:0101 HL:c003 SP:dfb9
4049  call $4061 AF:0020 BC:c000 DE:0101 HL:c003 SP:dfb9
4061  ld   hl,$0015 AF:0020 BC:c000 DE:0101 HL:c003 SP:dfb7
4064  add  hl,bc AF:0020 BC:c000 DE:0101 HL:0015 SP:dfb7
4065  ld   a,(hl) AF:0000 BC:c000 DE:0101 HL:c015 SP:dfb7
4066  cp   a,$01 AF:2a00 BC:c000 DE:0101 HL:c015 SP:dfb7
03ae  push af AF:2a00 BC:c000 DE:0101 HL:c015 SP:dfb5
03af  ld   a,($ffd0) AF:2a00 BC:c000 DE:0101 HL:c015 SP:dfb3
03b1  and  a,a AF:0000 BC:c000 DE:0101 HL:c015 SP:dfb3
03b2  jr   z,$03df AF:00a0 BC:c000 DE:0101 HL:c015 SP:dfb3
03df  pop  af AF:00a0 BC:c000 DE:0101 HL:c015 SP:dfb3
03e0  reti AF:2a00 BC:c000 DE:0101 HL:c015 SP:dfb5
4066  cp   a,$01 AF:2a00 BC:c000 DE:0101 HL:c015 SP:dfb7
4068  jr   z,$4070 AF:2a40 BC:c000 DE:0101 HL:c015 SP:dfb7
406a  and  a,a AF:2a40 BC:c000 DE:0101 HL:c015 SP:dfb7
406b  jr   z,$4070 AF:2a20 BC:c000 DE:0101 HL:c015 SP:dfb7
406d  dec  (hl) AF:2a20 BC:c000 DE:0101 HL:c015 SP:dfb7
406e  jr   $4076 AF:2a40 BC:c000 DE:0101 HL:c015 SP:dfb7
4076  call $40b6 AF:2a40 BC:c000 DE:0101 HL:c015 SP:dfb7
40b6  ld   hl,$000e AF:2a40 BC:c000 DE:0101 HL:c015 SP:dfb5
40b9  add  hl,bc AF:2a40 BC:c000 DE:0101 HL:000e SP:dfb5
40ba  ld   a,(hl) AF:2a00 BC:c000 DE:0101 HL:c00e SP:dfb5
40bb  ld   ($c191),a AF:8000 BC:c000 DE:0101 HL:c00e SP:dfb5
40be  ld   hl,$000f AF:8000 BC:c000 DE:0101 HL:c00e SP:dfb5
40c1  add  hl,bc AF:8000 BC:c000 DE:0101 HL:000f SP:dfb5
40c2  ld   a,(hl) AF:8000 BC:c000 DE:0101 HL:c00f SP:dfb5
40c3  ld   ($c192),a AF:a100 BC:c000 DE:0101 HL:c00f SP:dfb5
40c6  ld   hl,$0010 AF:a100 BC:c000 DE:0101 HL:c00f SP:dfb5
40c9  add  hl,bc AF:a100 BC:c000 DE:0101 HL:0010 SP:dfb5
40ca  ldi  a,(hl) AF:a100 BC:c000 DE:0101 HL:c010 SP:dfb5
40cb  ld   ($c193),a AF:2000 BC:c000 DE:0101 HL:c011 SP:dfb5
40ce  ld   a,(hl) AF:2000 BC:c000 DE:0101 HL:c011 SP:dfb5
40cf  ld   ($c194),a AF:0700 BC:c000 DE:0101 HL:c011 SP:dfb5
40d2  ld   a,$3f AF:0700 BC:c000 DE:0101 HL:c011 SP:dfb5
40d4  ld   ($c195),a AF:3f00 BC:c000 DE:0101 HL:c011 SP:dfb5
40d7  call $45d8 AF:3f00 BC:c000 DE:0101 HL:c011 SP:dfb5
45d8  ld   hl,$0004 AF:3f00 BC:c000 DE:0101 HL:c011 SP:dfb3
45db  add  hl,bc AF:3f00 BC:c000 DE:0101 HL:0004 SP:dfb3
45dc  bit  2,(hl) AF:3f00 BC:c000 DE:0101 HL:c004 SP:dfb3
45de  call nz,$4605 AF:3fa0 BC:c000 DE:0101 HL:c004 SP:dfb3
45e1  bit  6,(hl) AF:3fa0 BC:c000 DE:0101 HL:c004 SP:dfb3
45e3  call nz,$472b AF:3fa0 BC:c000 DE:0101 HL:c004 SP:dfb3
45e6  bit  4,(hl) AF:3fa0 BC:c000 DE:0101 HL:c004 SP:dfb3
03ae  push af AF:3fa0 BC:c000 DE:0101 HL:c004 SP:dfb1
03af  ld   a,($ffd0) AF:3fa0 BC:c000 DE:0101 HL:c004 SP:dfaf
03b1  and  a,a AF:00a0 BC:c000 DE:0101 HL:c004 SP:dfaf
03b2  jr   z,$03df AF:00a0 BC:c000 DE:0101 HL:c004 SP:dfaf
03df  pop  af AF:00a0 BC:c000 DE:0101 HL:c004 SP:dfaf
03e0  reti AF:3fa0 BC:c000 DE:0101 HL:c004 SP:dfb1
45e6  bit  4,(hl) AF:3fa0 BC:c000 DE:0101 HL:c004 SP:dfb3
45e8  call nz,$4713 AF:3f20 BC:c000 DE:0101 HL:c004 SP:dfb3
4713  push hl AF:3f20 BC:c000 DE:0101 HL:c004 SP:dfb1
4714  ld   hl,$0027 AF:3f20 BC:c000 DE:0101 HL:c004 SP:dfaf
4717  add  hl,bc AF:3f20 BC:c000 DE:0101 HL:0027 SP:dfaf
4718  ld   e,(hl) AF:3f00 BC:c000 DE:0101 HL:c027 SP:dfaf
4719  inc  hl AF:3f00 BC:c000 DE:0101 HL:c027 SP:dfaf
471a  ld   d,(hl) AF:3f00 BC:c000 DE:0101 HL:c028 SP:dfaf
471b  ld   hl,$c193 AF:3f00 BC:c000 DE:0001 HL:c028 SP:dfaf
471e  push hl AF:3f00 BC:c000 DE:0001 HL:c193 SP:dfaf
471f  ldi  a,(hl) AF:3f00 BC:c000 DE:0001 HL:c193 SP:dfad
4720  ld   h,(hl) AF:2000 BC:c000 DE:0001 HL:c194 SP:dfad
4721  ld   l,a AF:2000 BC:c000 DE:0001 HL:0794 SP:dfad
4722  add  hl,de AF:2000 BC:c000 DE:0001 HL:0720 SP:dfad
4723  ld   e,l AF:2000 BC:c000 DE:0001 HL:0721 SP:dfad
4724  ld   d,h AF:2000 BC:c000 DE:0021 HL:0721 SP:dfad
4725  pop  hl AF:2000 BC:c000 DE:0721 HL:0721 SP:dfad
4726  ld   (hl),e AF:2000 BC:c000 DE:0721 HL:c193 SP:dfaf
4727  inc  hl AF:2000 BC:c000 DE:0721 HL:c193 SP:dfaf
4728  ld   (hl),d AF:2000 BC:c000 DE:0721 HL:c194 SP:dfaf
4729  pop  hl AF:2000 BC:c000 DE:0721 HL:c194 SP:dfaf
472a  ret AF:2000 BC:c000 DE:0721 HL:c004 SP:dfb1
45eb  bit  1,(hl) AF:2000 BC:c000 DE:0721 HL:c004 SP:dfb3
45ed  call nz,$461b AF:20a0 BC:c000 DE:0721 HL:c004 SP:dfb3
45f0  bit  0,(hl) AF:20a0 BC:c000 DE:0721 HL:c004 SP:dfb3
45f2  call nz,$46ad AF:20a0 BC:c000 DE:0721 HL:c004 SP:dfb3
45f5  bit  5,(hl) AF:20a0 BC:c000 DE:0721 HL:c004 SP:dfb3
45f7  call nz,$475e AF:20a0 BC:c000 DE:0721 HL:c004 SP:dfb3
45fa  bit  3,(hl) AF:20a0 BC:c000 DE:0721 HL:c004 SP:dfb3
45fc  call nz,$46ff AF:20a0 BC:c000 DE:0721 HL:c004 SP:dfb3
45ff  bit  7,(hl) AF:20a0 BC:c000 DE:0721 HL:c004 SP:dfb3
4601  call nz,$47bb AF:20a0 BC:c000 DE:0721 HL:c004 SP:dfb3
4604  ret AF:20a0 BC:c000 DE:0721 HL:c004 SP:dfb3
03ae  push af AF:20a0 BC:c000 DE:0721 HL:c004 SP:dfb1
03af  ld   a,($ffd0) AF:20a0 BC:c000 DE:0721 HL:c004 SP:dfaf
03b1  and  a,a AF:00a0 BC:c000 DE:0721 HL:c004 SP:dfaf
03b2  jr   z,$03df AF:00a0 BC:c000 DE:0721 HL:c004 SP:dfaf
03df  pop  af AF:00a0 BC:c000 DE:0721 HL:c004 SP:dfaf
03e0  reti AF:20a0 BC:c000 DE:0721 HL:c004 SP:dfb1
4604  ret AF:20a0 BC:c000 DE:0721 HL:c004 SP:dfb3
40da  call $47f9 AF:20a0 BC:c000 DE:0721 HL:c004 SP:dfb5
47f9  ld   hl,$0003 AF:20a0 BC:c000 DE:0721 HL:c004 SP:dfb3
47fc  add  hl,bc AF:20a0 BC:c000 DE:0721 HL:0003 SP:dfb3
47fd  bit  4,(hl) AF:2080 BC:c000 DE:0721 HL:c003 SP:dfb3
47ff  ret  z AF:20a0 BC:c000 DE:0721 HL:c003 SP:dfb3
40dd  call $4839 AF:20a0 BC:c000 DE:0721 HL:c003 SP:dfb5
4839  ld   a,($c1b4) AF:20a0 BC:c000 DE:0721 HL:c003 SP:dfb3
483c  and  a,a AF:00a0 BC:c000 DE:0721 HL:c003 SP:dfb3
483d  ret  z AF:00a0 BC:c000 DE:0721 HL:c003 SP:dfb3
40e0  call $42bd AF:00a0 BC:c000 DE:0721 HL:c003 SP:dfb5
42bd  ld   a,($c198) AF:00a0 BC:c000 DE:0721 HL:c003 SP:dfb3
42c0  cp   a,$04 AF:00a0 BC:c000 DE:0721 HL:c003 SP:dfb3
42c2  jr   nc,$42ce AF:0070 BC:c000 DE:0721 HL:c003 SP:dfb3
42c4  ld   hl,$00cb AF:0070 BC:c000 DE:0721 HL:c003 SP:dfb3
42c7  add  hl,bc AF:0070 BC:c000 DE:0721 HL:00cb SP:dfb3
42c8  bit  0,(hl) AF:0000 BC:c000 DE:0721 HL:c0cb SP:dfb3
42ca  jr   z,$42ce AF:0020 BC:c000 DE:0721 HL:c0cb SP:dfb3
42cc  and  a,a AF:0020 BC:c000 DE:0721 HL:c0cb SP:dfb3
42cd  ret AF:00a0 BC:c000 DE:0721 HL:c0cb SP:dfb3
40e3  jr   nc,$40f3 AF:00a0 BC:c000 DE:0721 HL:c0cb SP:dfb5
40f3  ld   hl,$000c AF:00a0 BC:c000 DE:0721 HL:c0cb SP:dfb5
40f6  add  hl,bc AF:00a0 BC:c000 DE:0721 HL:000c SP:dfb5
40f7  xor  a,a AF:0080 BC:c000 DE:0721 HL:c00c SP:dfb5
40f8  ld   (hl),a AF:0080 BC:c000 DE:0721 HL:c00c SP:dfb5
40f9  ret AF:0080 BC:c000 DE:0721 HL:c00c SP:dfb5
4079  ret AF:0080 BC:c000 DE:0721 HL:c00c SP:dfb7
404c  ld   hl,$0032 AF:0080 BC:c000 DE:0721 HL:c00c SP:dfb9
03ae  push af AF:0080 BC:c000 DE:0721 HL:c00c SP:dfb7
03af  ld   a,($ffd0) AF:0080 BC:c000 DE:0721 HL:c00c SP:dfb5
03b1  and  a,a AF:0080 BC:c000 DE:0721 HL:c00c SP:dfb5
03b2  jr   z,$03df AF:00a0 BC:c000 DE:0721 HL:c00c SP:dfb5
03df  pop  af AF:00a0 BC:c000 DE:0721 HL:c00c SP:dfb5
03e0  reti AF:0080 BC:c000 DE:0721 HL:c00c SP:dfb7
404c  ld   hl,$0032 AF:0080 BC:c000 DE:0721 HL:c00c SP:dfb9
404f  add  hl,bc AF:0080 BC:c000 DE:0721 HL:0032 SP:dfb9
4050  ld   c,l AF:0080 BC:c000 DE:0721 HL:c032 SP:dfb9
4051  ld   b,h AF:0080 BC:c032 DE:0721 HL:c032 SP:dfb9
4052  ld   a,($c198) AF:0080 BC:c032 DE:0721 HL:c032 SP:dfb9
4055  inc  a AF:0080 BC:c032 DE:0721 HL:c032 SP:dfb9
4056  ld   ($c198),a AF:0100 BC:c032 DE:0721 HL:c032 SP:dfb9
4059  cp   a,$08 AF:0100 BC:c032 DE:0721 HL:c032 SP:dfb9
405b  jr   nz,$4041 AF:0170 BC:c032 DE:0721 HL:c032 SP:dfb9
4041  ld   hl,$0003 AF:0170 BC:c032 DE:0721 HL:c032 SP:dfb9
4044  add  hl,bc AF:0170 BC:c032 DE:0721 HL:0003 SP:dfb9
4045  bit  0,(hl) AF:0100 BC:c032 DE:0721 HL:c035 SP:dfb9
4047  jr   z,$404c AF:0120 BC:c032 DE:0721 HL:c035 SP:dfb9
4049  call $4061 AF:0120 BC:c032 DE:0721 HL:c035 SP:dfb9
4061  ld   hl,$0015 AF:0120 BC:c032 DE:0721 HL:c035 SP:dfb7
4064  add  hl,bc AF:0120 BC:c032 DE:0721 HL:0015 SP:dfb7
4065  ld   a,(hl) AF:0100 BC:c032 DE:0721 HL:c047 SP:dfb7
4066  cp   a,$01 AF:0e00 BC:c032 DE:0721 HL:c047 SP:dfb7
4068  jr   z,$4070 AF:0e40 BC:c032 DE:0721 HL:c047 SP:dfb7
406a  and  a,a AF:0e40 BC:c032 DE:0721 HL:c047 SP:dfb7
406b  jr   z,$4070 AF:0e20 BC:c032 DE:0721 HL:c047 SP:dfb7
406d  dec  (hl) AF:0e20 BC:c032 DE:0721 HL:c047 SP:dfb7
406e  jr   $4076 AF:0e40 BC:c032 DE:0721 HL:c047 SP:dfb7
4076  call $40b6 AF:0e40 BC:c032 DE:0721 HL:c047 SP:dfb7
40b6  ld   hl,$000e AF:0e40 BC:c032 DE:0721 HL:c047 SP:dfb5
40b9  add  hl,bc AF:0e40 BC:c032 DE:0721 HL:000e SP:dfb5
40ba  ld   a,(hl) AF:0e00 BC:c032 DE:0721 HL:c040 SP:dfb5
40bb  ld   ($c191),a AF:8000 BC:c032 DE:0721 HL:c040 SP:dfb5
40be  ld   hl,$000f AF:8000 BC:c032 DE:0721 HL:c040 SP:dfb5
40c1  add  hl,bc AF:8000 BC:c032 DE:0721 HL:000f SP:dfb5
40c2  ld   a,(hl) AF:8000 BC:c032 DE:0721 HL:c041 SP:dfb5
40c3  ld   ($c192),a AF:d100 BC:c032 DE:0721 HL:c041 SP:dfb5
40c6  ld   hl,$0010 AF:d100 BC:c032 DE:0721 HL:c041 SP:dfb5
40c9  add  hl,bc AF:d100 BC:c032 DE:0721 HL:0010 SP:dfb5
03ae  push af AF:d100 BC:c032 DE:0721 HL:0010 SP:dfb3
03af  ld   a,($ffd0) AF:d100 BC:c032 DE:0721 HL:0010 SP:dfb1
03b1  and  a,a AF:0000 BC:c032 DE:0721 HL:0010 SP:dfb1
03b2  jr   z,$03df AF:00a0 BC:c032 DE:0721 HL:0010 SP:dfb1
03df  pop  af AF:00a0 BC:c032 DE:0721 HL:0010 SP:dfb1
03e0  reti AF:d100 BC:c032 DE:0721 HL:0010 SP:dfb3
40c9  add  hl,bc AF:d100 BC:c032 DE:0721 HL:0010 SP:dfb5
40ca  ldi  a,(hl) AF:d100 BC:c032 DE:0721 HL:c042 SP:dfb5
40cb  ld   ($c193),a AF:4e00 BC:c032 DE:0721 HL:c043 SP:dfb5
40ce  ld   a,(hl) AF:4e00 BC:c032 DE:0721 HL:c043 SP:dfb5
40cf  ld   ($c194),a AF:0700 BC:c032 DE:0721 HL:c043 SP:dfb5
40d2  ld   a,$3f AF:0700 BC:c032 DE:0721 HL:c043 SP:dfb5
40d4  ld   ($c195),a AF:3f00 BC:c032 DE:0721 HL:c043 SP:dfb5
40d7  call $45d8 AF:3f00 BC:c032 DE:0721 HL:c043 SP:dfb5
45d8  ld   hl,$0004 AF:3f00 BC:c032 DE:0721 HL:c043 SP:dfb3
45db  add  hl,bc AF:3f00 BC:c032 DE:0721 HL:0004 SP:dfb3
45dc  bit  2,(hl) AF:3f00 BC:c032 DE:0721 HL:c036 SP:dfb3
45de  call nz,$4605 AF:3fa0 BC:c032 DE:0721 HL:c036 SP:dfb3
45e1  bit  6,(hl) AF:3fa0 BC:c032 DE:0721 HL:c036 SP:dfb3
45e3  call nz,$472b AF:3fa0 BC:c032 DE:0721 HL:c036 SP:dfb3
45e6  bit  4,(hl) AF:3fa0 BC:c032 DE:0721 HL:c036 SP:dfb3
45e8  call nz,$4713 AF:3fa0 BC:c032 DE:0721 HL:c036 SP:dfb3
45eb  bit  1,(hl) AF:3fa0 BC:c032 DE:0721 HL:c036 SP:dfb3
45ed  call nz,$461b AF:3fa0 BC:c032 DE:0721 HL:c036 SP:dfb3
45f0  bit  0,(hl) AF:3fa0 BC:c032 DE:0721 HL:c036 SP:dfb3
45f2  call nz,$46ad AF:3fa0 BC:c032 DE:0721 HL:c036 SP:dfb3
45f5  bit  5,(hl) AF:3fa0 BC:c032 DE:0721 HL:c036 SP:dfb3
45f7  call nz,$475e AF:3fa0 BC:c032 DE:0721 HL:c036 SP:dfb3
45fa  bit  3,(hl) AF:3fa0 BC:c032 DE:0721 HL:c036 SP:dfb3
45fc  call nz,$46ff AF:3fa0 BC:c032 DE:0721 HL:c036 SP:dfb3
45ff  bit  7,(hl) AF:3fa0 BC:c032 DE:0721 HL:c036 SP:dfb3
4601  call nz,$47bb AF:3fa0 BC:c032 DE:0721 HL:c036 SP:dfb3
4604  ret AF:3fa0 BC:c032 DE:0721 HL:c036 SP:dfb3
40da  call $47f9 AF:3fa0 BC:c032 DE:0721 HL:c036 SP:dfb5
47f9  ld   hl,$0003 AF:3fa0 BC:c032 DE:0721 HL:c036 SP:dfb3
03ae  push af AF:3fa0 BC:c032 DE:0721 HL:c036 SP:dfb1
03af  ld   a,($ffd0) AF:3fa0 BC:c032 DE:0721 HL:c036 SP:dfaf
03b1  and  a,a AF:00a0 BC:c032 DE:0721 HL:c036 SP:dfaf
03b2  jr   z,$03df AF:00a0 BC:c032 DE:0721 HL:c036 SP:dfaf
03df  pop  af AF:00a0 BC:c032 DE:0721 HL:c036 SP:dfaf
03e0  reti AF:3fa0 BC:c032 DE:0721 HL:c036 SP:dfb1
47f9  ld   hl,$0003 AF:3fa0 BC:c032 DE:0721 HL:c036 SP:dfb3
47fc  add  hl,bc AF:3fa0 BC:c032 DE:0721 HL:0003 SP:dfb3
47fd  bit  4,(hl) AF:3f80 BC:c032 DE:0721 HL:c035 SP:dfb3
47ff  ret  z AF:3fa0 BC:c032 DE:0721 HL:c035 SP:dfb3
40dd  call $4839 AF:3fa0 BC:c032 DE:0721 HL:c035 SP:dfb5
4839  ld   a,($c1b4) AF:3fa0 BC:c032 DE:0721 HL:c035 SP:dfb3
483c  and  a,a AF:00a0 BC:c032 DE:0721 HL:c035 SP:dfb3
483d  ret  z AF:00a0 BC:c032 DE:0721 HL:c035 SP:dfb3
40e0  call $42bd AF:00a0 BC:c032 DE:0721 HL:c035 SP:dfb5
42bd  ld   a,($c198) AF:00a0 BC:c032 DE:0721 HL:c035 SP:dfb3
42c0  cp   a,$04 AF:01a0 BC:c032 DE:0721 HL:c035 SP:dfb3
42c2  jr   nc,$42ce AF:0170 BC:c032 DE:0721 HL:c035 SP:dfb3
42c4  ld   hl,$00cb AF:0170 BC:c032 DE:0721 HL:c035 SP:dfb3
42c7  add  hl,bc AF:0170 BC:c032 DE:0721 HL:00cb SP:dfb3
42c8  bit  0,(hl) AF:0100 BC:c032 DE:0721 HL:c0fd SP:dfb3
42ca  jr   z,$42ce AF:01a0 BC:c032 DE:0721 HL:c0fd SP:dfb3
42ce  scf AF:01a0 BC:c032 DE:0721 HL:c0fd SP:dfb3
42cf  ret AF:0190 BC:c032 DE:0721 HL:c0fd SP:dfb3
40e3  jr   nc,$40f3 AF:0190 BC:c032 DE:0721 HL:c0fd SP:dfb5
40e5  call $40fa AF:0190 BC:c032 DE:0721 HL:c0fd SP:dfb5
40fa  ld   hl,$410b AF:0190 BC:c032 DE:0721 HL:c0fd SP:dfb3
40fd  ld   a,($c198) AF:0190 BC:c032 DE:0721 HL:410b SP:dfb3
4100  and  a,$07 AF:0190 BC:c032 DE:0721 HL:410b SP:dfb3
4102  add  a,a AF:0120 BC:c032 DE:0721 HL:410b SP:dfb3
4103  ld   e,a AF:0200 BC:c032 DE:0721 HL:410b SP:dfb3
4104  ld   d,$00 AF:0200 BC:c032 DE:0702 HL:410b SP:dfb3
4106  add  hl,de AF:0200 BC:c032 DE:0002 HL:410b SP:dfb3
4107  ldi  a,(hl) AF:0200 BC:c032 DE:0002 HL:410d SP:dfb3
4108  ld   h,(hl) AF:9000 BC:c032 DE:0002 HL:410e SP:dfb3
03ae  push af AF:9000 BC:c032 DE:0002 HL:410e SP:dfb1
03af  ld   a,($ffd0) AF:9000 BC:c032 DE:0002 HL:410e SP:dfaf
03b1  and  a,a AF:0000 BC:c032 DE:0002 HL:410e SP:dfaf
03b2  jr   z,$03df AF:00a0 BC:c032 DE:0002 HL:410e SP:dfaf
03df  pop  af AF:00a0 BC:c032 DE:0002 HL:410e SP:dfaf
03e0  reti AF:9000 BC:c032 DE:0002 HL:410e SP:dfb1
4108  ld   h,(hl) AF:9000 BC:c032 DE:0002 HL:410e SP:dfb3
4109  ld   l,a AF:9000 BC:c032 DE:0002 HL:410e SP:dfb3
410a  jp   hl AF:9000 BC:c032 DE:0002 HL:4190 SP:dfb3
4190  ld   hl,$000c AF:9000 BC:c032 DE:0002 HL:4190 SP:dfb3
4193  add  hl,bc AF:9000 BC:c032 DE:0002 HL:000c SP:dfb3
4194  bit  5,(hl) AF:9000 BC:c032 DE:0002 HL:c03e SP:dfb3
4196  jr   nz,$41ac AF:90a0 BC:c032 DE:0002 HL:c03e SP:dfb3
4198  bit  4,(hl) AF:90a0 BC:c032 DE:0002 HL:c03e SP:dfb3
419a  jr   nz,$41b8 AF:90a0 BC:c032 DE:0002 HL:c03e SP:dfb3
419c  bit  1,(hl) AF:90a0 BC:c032 DE:0002 HL:c03e SP:dfb3
419e  call nz,$41ec AF:90a0 BC:c032 DE:0002 HL:c03e SP:dfb3
41a1  bit  2,(hl) AF:90a0 BC:c032 DE:0002 HL:c03e SP:dfb3
41a3  call nz,$41df AF:90a0 BC:c032 DE:0002 HL:c03e SP:dfb3
41a6  bit  0,(hl) AF:90a0 BC:c032 DE:0002 HL:c03e SP:dfb3
41a8  call nz,$41d3 AF:90a0 BC:c032 DE:0002 HL:c03e SP:dfb3
41ab  ret AF:90a0 BC:c032 DE:0002 HL:c03e SP:dfb3
40e8  ld   hl,$001b AF:90a0 BC:c032 DE:0002 HL:c03e SP:dfb5
40eb  add  hl,bc AF:90a0 BC:c032 DE:0002 HL:001b SP:dfb5
40ec  ld   a,($c19a) AF:9080 BC:c032 DE:0002 HL:c04d SP:dfb5
40ef  or   a,(hl) AF:0080 BC:c032 DE:0002 HL:c04d SP:dfb5
40f0  ld   ($c19a),a AF:2200 BC:c032 DE:0002 HL:c04d SP:dfb5
40f3  ld   hl,$000c AF:2200 BC:c032 DE:0002 HL:c04d SP:dfb5
40f6  add  hl,bc AF:2200 BC:c032 DE:0002 HL:000c SP:dfb5
40f7  xor  a,a AF:2200 BC:c032 DE:0002 HL:c03e SP:dfb5
40f8  ld   (hl),a AF:0080 BC:c032 DE:0002 HL:c03e SP:dfb5
40f9  ret AF:0080 BC:c032 DE:0002 HL:c03e SP:dfb5
4079  ret AF:0080 BC:c032 DE:0002 HL:c03e SP:dfb7
404c  ld   hl,$0032 AF:0080 BC:c032 DE:0002 HL:c03e SP:dfb9
404f  add  hl,bc AF:0080 BC:c032 DE:0002 HL:0032 SP:dfb9
4050  ld   c,l AF:0080 BC:c032 DE:0002 HL:c064 SP:dfb9
4051  ld   b,h AF:0080 BC:c064 DE:0002 HL:c064 SP:dfb9
4052  ld   a,($c198) AF:0080 BC:c064 DE:0002 HL:c064 SP:dfb9
4055  inc  a AF:0180 BC:c064 DE:0002 HL:c064 SP:dfb9
4056  ld   ($c198),a AF:0200 BC:c064 DE:0002 HL:c064 SP:dfb9
4059  cp   a,$08 AF:0200 BC:c064 DE:0002 HL:c064 SP:dfb9
03ae  push af AF:0200 BC:c064 DE:0002 HL:c064 SP:dfb7
03af  ld   a,($ffd0) AF:0200 BC:c064 DE:0002 HL:c064 SP:dfb5
03b1  and  a,a AF:0000 BC:c064 DE:0002 HL:c064 SP:dfb5
03b2  jr   z,$03df AF:00a0 BC:c064 DE:0002 HL:c064 SP:dfb5
03df  pop  af AF:00a0 BC:c064 DE:0002 HL:c064 SP:dfb5
03e0  reti AF:0200 BC:c064 DE:0002 HL:c064 SP:dfb7
4059  cp   a,$08 AF:0200 BC:c064 DE:0002 HL:c064 SP:dfb9
405b  jr   nz,$4041 AF:0270 BC:c064 DE:0002 HL:c064 SP:dfb9
4041  ld   hl,$0003 AF:0270 BC:c064 DE:0002 HL:c064 SP:dfb9
4044  add  hl,bc AF:0270 BC:c064 DE:0002 HL:0003 SP:dfb9
4045  bit  0,(hl) AF:0200 BC:c064 DE:0002 HL:c067 SP:dfb9
4047  jr   z,$404c AF:0220 BC:c064 DE:0002 HL:c067 SP:dfb9
4049  call $4061 AF:0220 BC:c064 DE:0002 HL:c067 SP:dfb9
4061  ld   hl,$0015 AF:0220 BC:c064 DE:0002 HL:c067 SP:dfb7
4064  add  hl,bc AF:0220 BC:c064 DE:0002 HL:0015 SP:dfb7
4065  ld   a,(hl) AF:0200 BC:c064 DE:0002 HL:c079 SP:dfb7
4066  cp   a,$01 AF:1c00 BC:c064 DE:0002 HL:c079 SP:dfb7
4068  jr   z,$4070 AF:1c40 BC:c064 DE:0002 HL:c079 SP:dfb7
406a  and  a,a AF:1c40 BC:c064 DE:0002 HL:c079 SP:dfb7
406b  jr   z,$4070 AF:1c20 BC:c064 DE:0002 HL:c079 SP:dfb7
406d  dec  (hl) AF:1c20 BC:c064 DE:0002 HL:c079 SP:dfb7
406e  jr   $4076 AF:1c40 BC:c064 DE:0002 HL:c079 SP:dfb7
4076  call $40b6 AF:1c40 BC:c064 DE:0002 HL:c079 SP:dfb7
40b6  ld   hl,$000e AF:1c40 BC:c064 DE:0002 HL:c079 SP:dfb5
40b9  add  hl,bc AF:1c40 BC:c064 DE:0002 HL:000e SP:dfb5
40ba  ld   a,(hl) AF:1c00 BC:c064 DE:0002 HL:c072 SP:dfb5
40bb  ld   ($c191),a AF:0000 BC:c064 DE:0002 HL:c072 SP:dfb5
40be  ld   hl,$000f AF:0000 BC:c064 DE:0002 HL:c072 SP:dfb5
40c1  add  hl,bc AF:0000 BC:c064 DE:0002 HL:000f SP:dfb5
40c2  ld   a,(hl) AF:0000 BC:c064 DE:0002 HL:c073 SP:dfb5
40c3  ld   ($c192),a AF:1300 BC:c064 DE:0002 HL:c073 SP:dfb5
40c6  ld   hl,$0010 AF:1300 BC:c064 DE:0002 HL:c073 SP:dfb5
40c9  add  hl,bc AF:1300 BC:c064 DE:0002 HL:0010 SP:dfb5
40ca  ldi  a,(hl) AF:1300 BC:c064 DE:0002 HL:c074 SP:dfb5
40cb  ld   ($c193),a AF:1300 BC:c064 DE:0002 HL:c075 SP:dfb5
40ce  ld   a,(hl) AF:1300 BC:c064 DE:0002 HL:c075 SP:dfb5
40cf  ld   ($c194),a AF:0700 BC:c064 DE:0002 HL:c075 SP:dfb5
40d2  ld   a,$3f AF:0700 BC:c064 DE:0002 HL:c075 SP:dfb5
03ae  push af AF:0700 BC:c064 DE:0002 HL:c075 SP:dfb3
03af  ld   a,($ffd0) AF:0700 BC:c064 DE:0002 HL:c075 SP:dfb1
03b1  and  a,a AF:0000 BC:c064 DE:0002 HL:c075 SP:dfb1
03b2  jr   z,$03df AF:00a0 BC:c064 DE:0002 HL:c075 SP:dfb1
03df  pop  af AF:00a0 BC:c064 DE:0002 HL:c075 SP:dfb1
03e0  reti AF:0700 BC:c064 DE:0002 HL:c075 SP:dfb3
40d2  ld   a,$3f AF:0700 BC:c064 DE:0002 HL:c075 SP:dfb5
40d4  ld   ($c195),a AF:3f00 BC:c064 DE:0002 HL:c075 SP:dfb5
40d7  call $45d8 AF:3f00 BC:c064 DE:0002 HL:c075 SP:dfb5
45d8  ld   hl,$0004 AF:3f00 BC:c064 DE:0002 HL:c075 SP:dfb3
45db  add  hl,bc AF:3f00 BC:c064 DE:0002 HL:0004 SP:dfb3
45dc  bit  2,(hl) AF:3f00 BC:c064 DE:0002 HL:c068 SP:dfb3
45de  call nz,$4605 AF:3fa0 BC:c064 DE:0002 HL:c068 SP:dfb3
45e1  bit  6,(hl) AF:3fa0 BC:c064 DE:0002 HL:c068 SP:dfb3
45e3  call nz,$472b AF:3fa0 BC:c064 DE:0002 HL:c068 SP:dfb3
45e6  bit  4,(hl) AF:3fa0 BC:c064 DE:0002 HL:c068 SP:dfb3
45e8  call nz,$4713 AF:3fa0 BC:c064 DE:0002 HL:c068 SP:dfb3
45eb  bit  1,(hl) AF:3fa0 BC:c064 DE:0002 HL:c068 SP:dfb3
45ed  call nz,$461b AF:3fa0 BC:c064 DE:0002 HL:c068 SP:dfb3
45f0  bit  0,(hl) AF:3fa0 BC:c064 DE:0002 HL:c068 SP:dfb3
45f2  call nz,$46ad AF:3fa0 BC:c064 DE:0002 HL:c068 SP:dfb3
45f5  bit  5,(hl) AF:3fa0 BC:c064 DE:0002 HL:c068 SP:dfb3
45f7  call nz,$475e AF:3fa0 BC:c064 DE:0002 HL:c068 SP:dfb3
45fa  bit  3,(hl) AF:3fa0 BC:c064 DE:0002 HL:c068 SP:dfb3
45fc  call nz,$46ff AF:3fa0 BC:c064 DE:0002 HL:c068 SP:dfb3
45ff  bit  7,(hl) AF:3fa0 BC:c064 DE:0002 HL:c068 SP:dfb3
4601  call nz,$47bb AF:3fa0 BC:c064 DE:0002 HL:c068 SP:dfb3
4604  ret AF:3fa0 BC:c064 DE:0002 HL:c068 SP:dfb3
40da  call $47f9 AF:3fa0 BC:c064 DE:0002 HL:c068 SP:dfb5
47f9  ld   hl,$0003 AF:3fa0 BC:c064 DE:0002 HL:c068 SP:dfb3
47fc  add  hl,bc AF:3fa0 BC:c064 DE:0002 HL:0003 SP:dfb3
47fd  bit  4,(hl) AF:3f80 BC:c064 DE:0002 HL:c067 SP:dfb3
47ff  ret  z AF:3fa0 BC:c064 DE:0002 HL:c067 SP:dfb3
40dd  call $4839 AF:3fa0 BC:c064 DE:0002 HL:c067 SP:dfb5
03ae  push af AF:3fa0 BC:c064 DE:0002 HL:c067 SP:dfb3
03af  ld   a,($ffd0) AF:3fa0 BC:c064 DE:0002 HL:c067 SP:dfb1
03b1  and  a,a AF:00a0 BC:c064 DE:0002 HL:c067 SP:dfb1
03b2  jr   z,$03df AF:00a0 BC:c064 DE:0002 HL:c067 SP:dfb1
03df  pop  af AF:00a0 BC:c064 DE:0002 HL:c067 SP:dfb1
03e0  reti AF:3fa0 BC:c064 DE:0002 HL:c067 SP:dfb3
40dd  call $4839 AF:3fa0 BC:c064 DE:0002 HL:c067 SP:dfb5
4839  ld   a,($c1b4) AF:3fa0 BC:c064 DE:0002 HL:c067 SP:dfb3
483c  and  a,a AF:00a0 BC:c064 DE:0002 HL:c067 SP:dfb3
483d  ret  z AF:00a0 BC:c064 DE:0002 HL:c067 SP:dfb3
40e0  call $42bd AF:00a0 BC:c064 DE:0002 HL:c067 SP:dfb5
42bd  ld   a,($c198) AF:00a0 BC:c064 DE:0002 HL:c067 SP:dfb3
42c0  cp   a,$04 AF:02a0 BC:c064 DE:0002 HL:c067 SP:dfb3
42c2  jr   nc,$42ce AF:0270 BC:c064 DE:0002 HL:c067 SP:dfb3
42c4  ld   hl,$00cb AF:0270 BC:c064 DE:0002 HL:c067 SP:dfb3
42c7  add  hl,bc AF:0270 BC:c064 DE:0002 HL:00cb SP:dfb3
42c8  bit  0,(hl) AF:0200 BC:c064 DE:0002 HL:c12f SP:dfb3
42ca  jr   z,$42ce AF:02a0 BC:c064 DE:0002 HL:c12f SP:dfb3
42ce  scf AF:02a0 BC:c064 DE:0002 HL:c12f SP:dfb3
42cf  ret AF:0290 BC:c064 DE:0002 HL:c12f SP:dfb3
40e3  jr   nc,$40f3 AF:0290 BC:c064 DE:0002 HL:c12f SP:dfb5
40e5  call $40fa AF:0290 BC:c064 DE:0002 HL:c12f SP:dfb5
40fa  ld   hl,$410b AF:0290 BC:c064 DE:0002 HL:c12f SP:dfb3
40fd  ld   a,($c198) AF:0290 BC:c064 DE:0002 HL:410b SP:dfb3
4100  and  a,$07 AF:0290 BC:c064 DE:0002 HL:410b SP:dfb3
4102  add  a,a AF:0220 BC:c064 DE:0002 HL:410b SP:dfb3
4103  ld   e,a AF:0400 BC:c064 DE:0002 HL:410b SP:dfb3
4104  ld   d,$00 AF:0400 BC:c064 DE:0004 HL:410b SP:dfb3
4106  add  hl,de AF:0400 BC:c064 DE:0004 HL:410b SP:dfb3
4107  ldi  a,(hl) AF:0400 BC:c064 DE:0004 HL:410f SP:dfb3
4108  ld   h,(hl) AF:f700 BC:c064 DE:0004 HL:4110 SP:dfb3
4109  ld   l,a AF:f700 BC:c064 DE:0004 HL:4110 SP:dfb3
410a  jp   hl AF:f700 BC:c064 DE:0004 HL:41f7 SP:dfb3
41f7  ld   hl,$000c AF:f700 BC:c064 DE:0004 HL:41f7 SP:dfb3
41fa  add  hl,bc AF:f700 BC:c064 DE:0004 HL:000c SP:dfb3
41fb  bit  5,(hl) AF:f700 BC:c064 DE:0004 HL:c070 SP:dfb3
41fd  jr   nz,$420e AF:f7a0 BC:c064 DE:0004 HL:c070 SP:dfb3
41ff  bit  4,(hl) AF:f7a0 BC:c064 DE:0004 HL:c070 SP:dfb3
4201  jr   nz,$4212 AF:f7a0 BC:c064 DE:0004 HL:c070 SP:dfb3
03ae  push af AF:f7a0 BC:c064 DE:0004 HL:c070 SP:dfb1
03af  ld   a,($ffd0) AF:f7a0 BC:c064 DE:0004 HL:c070 SP:dfaf
03b1  and  a,a AF:00a0 BC:c064 DE:0004 HL:c070 SP:dfaf
03b2  jr   z,$03df AF:00a0 BC:c064 DE:0004 HL:c070 SP:dfaf
03df  pop  af AF:00a0 BC:c064 DE:0004 HL:c070 SP:dfaf
03e0  reti AF:f7a0 BC:c064 DE:0004 HL:c070 SP:dfb1
4201  jr   nz,$4212 AF:f7a0 BC:c064 DE:0004 HL:c070 SP:dfb3
4203  bit  1,(hl) AF:f7a0 BC:c064 DE:0004 HL:c070 SP:dfb3
4205  call nz,$422e AF:f7a0 BC:c064 DE:0004 HL:c070 SP:dfb3
4208  bit  2,(hl) AF:f7a0 BC:c064 DE:0004 HL:c070 SP:dfb3
420a  call nz,$4239 AF:f7a0 BC:c064 DE:0004 HL:c070 SP:dfb3
420d  ret AF:f7a0 BC:c064 DE:0004 HL:c070 SP:dfb3
40e8  ld   hl,$001b AF:f7a0 BC:c064 DE:0004 HL:c070 SP:dfb5
40eb  add  hl,bc AF:f7a0 BC:c064 DE:0004 HL:001b SP:dfb5
40ec  ld   a,($c19a) AF:f780 BC:c064 DE:0004 HL:c07f SP:dfb5
40ef  or   a,(hl) AF:2280 BC:c064 DE:0004 HL:c07f SP:dfb5
40f0  ld   ($c19a),a AF:6600 BC:c064 DE:0004 HL:c07f SP:dfb5
40f3  ld   hl,$000c AF:6600 BC:c064 DE:0004 HL:c07f SP:dfb5
40f6  add  hl,bc AF:6600 BC:c064 DE:0004 HL:000c SP:dfb5
40f7  xor  a,a AF:6600 BC:c064 DE:0004 HL:c070 SP:dfb5
40f8  ld   (hl),a AF:0080 BC:c064 DE:0004 HL:c070 SP:dfb5
40f9  ret AF:0080 BC:c064 DE:0004 HL:c070 SP:dfb5
4079  ret AF:0080 BC:c064 DE:0004 HL:c070 SP:dfb7
404c  ld   hl,$0032 AF:0080 BC:c064 DE:0004 HL:c070 SP:dfb9
404f  add  hl,bc AF:0080 BC:c064 DE:0004 HL:0032 SP:dfb9
4050  ld   c,l AF:0080 BC:c064 DE:0004 HL:c096 SP:dfb9
4051  ld   b,h AF:0080 BC:c096 DE:0004 HL:c096 SP:dfb9
4052  ld   a,($c198) AF:0080 BC:c096 DE:0004 HL:c096 SP:dfb9
4055  inc  a AF:0280 BC:c096 DE:0004 HL:c096 SP:dfb9
4056  ld   ($c198),a AF:0300 BC:c096 DE:0004 HL:c096 SP:dfb9
4059  cp   a,$08 AF:0300 BC:c096 DE:0004 HL:c096 SP:dfb9
405b  jr   nz,$4041 AF:0370 BC:c096 DE:0004 HL:c096 SP:dfb9
4041  ld   hl,$0003 AF:0370 BC:c096 DE:0004 HL:c096 SP:dfb9
4044  add  hl,bc AF:0370 BC:c096 DE:0004 HL:0003 SP:dfb9
4045  bit  0,(hl) AF:0300 BC:c096 DE:0004 HL:c099 SP:dfb9
4047  jr   z,$404c AF:0320 BC:c096 DE:0004 HL:c099 SP:dfb9
4049  call $4061 AF:0320 BC:c096 DE:0004 HL:c099 SP:dfb9
4061  ld   hl,$0015 AF:0320 BC:c096 DE:0004 HL:c099 SP:dfb7
03ae  push af AF:0320 BC:c096 DE:0004 HL:c099 SP:dfb5
03af  ld   a,($ffd0) AF:0320 BC:c096 DE:0004 HL:c099 SP:dfb3
03b1  and  a,a AF:0020 BC:c096 DE:0004 HL:c099 SP:dfb3
03b2  jr   z,$03df AF:00a0 BC:c096 DE:0004 HL:c099 SP:dfb3
03df  pop  af AF:00a0 BC:c096 DE:0004 HL:c099 SP:dfb3
03e0  reti AF:0320 BC:c096 DE:0004 HL:c099 SP:dfb5
4061  ld   hl,$0015 AF:0320 BC:c096 DE:0004 HL:c099 SP:dfb7
4064  add  hl,bc AF:0320 BC:c096 DE:0004 HL:0015 SP:dfb7
4065  ld   a,(hl) AF:0300 BC:c096 DE:0004 HL:c0ab SP:dfb7
4066  cp   a,$01 AF:0e00 BC:c096 DE:0004 HL:c0ab SP:dfb7
4068  jr   z,$4070 AF:0e40 BC:c096 DE:0004 HL:c0ab SP:dfb7
406a  and  a,a AF:0e40 BC:c096 DE:0004 HL:c0ab SP:dfb7
406b  jr   z,$4070 AF:0e20 BC:c096 DE:0004 HL:c0ab SP:dfb7
406d  dec  (hl) AF:0e20 BC:c096 DE:0004 HL:c0ab SP:dfb7
406e  jr   $4076 AF:0e40 BC:c096 DE:0004 HL:c0ab SP:dfb7
4076  call $40b6 AF:0e40 BC:c096 DE:0004 HL:c0ab SP:dfb7
40b6  ld   hl,$000e AF:0e40 BC:c096 DE:0004 HL:c0ab SP:dfb5
40b9  add  hl,bc AF:0e40 BC:c096 DE:0004 HL:000e SP:dfb5
40ba  ld   a,(hl) AF:0e00 BC:c096 DE:0004 HL:c0a4 SP:dfb5
40bb  ld   ($c191),a AF:0000 BC:c096 DE:0004 HL:c0a4 SP:dfb5
40be  ld   hl,$000f AF:0000 BC:c096 DE:0004 HL:c0a4 SP:dfb5
40c1  add  hl,bc AF:0000 BC:c096 DE:0004 HL:000f SP:dfb5
40c2  ld   a,(hl) AF:0000 BC:c096 DE:0004 HL:c0a5 SP:dfb5
40c3  ld   ($c192),a AF:0000 BC:c096 DE:0004 HL:c0a5 SP:dfb5
40c6  ld   hl,$0010 AF:0000 BC:c096 DE:0004 HL:c0a5 SP:dfb5
40c9  add  hl,bc AF:0000 BC:c096 DE:0004 HL:0010 SP:dfb5
40ca  ldi  a,(hl) AF:0000 BC:c096 DE:0004 HL:c0a6 SP:dfb5
40cb  ld   ($c193),a AF:0000 BC:c096 DE:0004 HL:c0a7 SP:dfb5
40ce  ld   a,(hl) AF:0000 BC:c096 DE:0004 HL:c0a7 SP:dfb5
40cf  ld   ($c194),a AF:0000 BC:c096 DE:0004 HL:c0a7 SP:dfb5
40d2  ld   a,$3f AF:0000 BC:c096 DE:0004 HL:c0a7 SP:dfb5
40d4  ld   ($c195),a AF:3f00 BC:c096 DE:0004 HL:c0a7 SP:dfb5
40d7  call $45d8 AF:3f00 BC:c096 DE:0004 HL:c0a7 SP:dfb5
45d8  ld   hl,$0004 AF:3f00 BC:c096 DE:0004 HL:c0a7 SP:dfb3
45db  add  hl,bc AF:3f00 BC:c096 DE:0004 HL:0004 SP:dfb3
45dc  bit  2,(hl) AF:3f00 BC:c096 DE:0004 HL:c09a SP:dfb3
45de  call nz,$4605 AF:3fa0 BC:c096 DE:0004 HL:c09a SP:dfb3
45e1  bit  6,(hl) AF:3fa0 BC:c096 DE:0004 HL:c09a SP:dfb3
03ae  push af AF:3fa0 BC:c096 DE:0004 HL:c09a SP:dfb1
03af  ld   a,($ffd0) AF:3fa0 BC:c096 DE:0004 HL:c09a SP:dfaf
03b1  and  a,a AF:00a0 BC:c096 DE:0004 HL:c09a SP:dfaf
03b2  jr   z,$03df AF:00a0 BC:c096 DE:0004 HL:c09a SP:dfaf
03df  pop  af AF:00a0 BC:c096 DE:0004 HL:c09a SP:dfaf
03e0  reti AF:3fa0 BC:c096 DE:0004 HL:c09a SP:dfb1
45e1  bit  6,(hl) AF:3fa0 BC:c096 DE:0004 HL:c09a SP:dfb3
45e3  call nz,$472b AF:3fa0 BC:c096 DE:0004 HL:c09a SP:dfb3
45e6  bit  4,(hl) AF:3fa0 BC:c096 DE:0004 HL:c09a SP:dfb3
45e8  call nz,$4713 AF:3fa0 BC:c096 DE:0004 HL:c09a SP:dfb3
45eb  bit  1,(hl) AF:3fa0 BC:c096 DE:0004 HL:c09a SP:dfb3
45ed  call nz,$461b AF:3fa0 BC:c096 DE:0004 HL:c09a SP:dfb3
45f0  bit  0,(hl) AF:3fa0 BC:c096 DE:0004 HL:c09a SP:dfb3
45f2  call nz,$46ad AF:3fa0 BC:c096 DE:0004 HL:c09a SP:dfb3
45f5  bit  5,(hl) AF:3fa0 BC:c096 DE:0004 HL:c09a SP:dfb3
45f7  call nz,$475e AF:3fa0 BC:c096 DE:0004 HL:c09a SP:dfb3
45fa  bit  3,(hl) AF:3fa0 BC:c096 DE:0004 HL:c09a SP:dfb3
45fc  call nz,$46ff AF:3fa0 BC:c096 DE:0004 HL:c09a SP:dfb3
45ff  bit  7,(hl) AF:3fa0 BC:c096 DE:0004 HL:c09a SP:dfb3
4601  call nz,$47bb AF:3fa0 BC:c096 DE:0004 HL:c09a SP:dfb3
4604  ret AF:3fa0 BC:c096 DE:0004 HL:c09a SP:dfb3
40da  call $47f9 AF:3fa0 BC:c096 DE:0004 HL:c09a SP:dfb5
47f9  ld   hl,$0003 AF:3fa0 BC:c096 DE:0004 HL:c09a SP:dfb3
47fc  add  hl,bc AF:3fa0 BC:c096 DE:0004 HL:0003 SP:dfb3
47fd  bit  4,(hl) AF:3f80 BC:c096 DE:0004 HL:c099 SP:dfb3
47ff  ret  z AF:3f20 BC:c096 DE:0004 HL:c099 SP:dfb3
4800  ld   a,($c1a1) AF:3f20 BC:c096 DE:0004 HL:c099 SP:dfb3
4803  and  a,a AF:0020 BC:c096 DE:0004 HL:c099 SP:dfb3
4804  jr   z,$480b AF:00a0 BC:c096 DE:0004 HL:c099 SP:dfb3
480b  ld   hl,$c19f AF:00a0 BC:c096 DE:0004 HL:c099 SP:dfb3
480e  ld   e,(hl) AF:00a0 BC:c096 DE:0004 HL:c19f SP:dfb3
480f  inc  hl AF:00a0 BC:c096 DE:00b2 HL:c19f SP:dfb3
4810  ld   d,(hl) AF:00a0 BC:c096 DE:00b2 HL:c1a0 SP:dfb3
4811  ld   a,(de) AF:00a0 BC:c096 DE:52b2 HL:c1a0 SP:dfb3
4812  inc  de AF:ffa0 BC:c096 DE:52b2 HL:c1a0 SP:dfb3
4813  cp   a,$ff AF:ffa0 BC:c096 DE:52b3 HL:c1a0 SP:dfb3
4815  jr   z,$4838 AF:ffc0 BC:c096 DE:52b3 HL:c1a0 SP:dfb3
03ae  push af AF:ffc0 BC:c096 DE:52b3 HL:c1a0 SP:dfb1
03af  ld   a,($ffd0) AF:ffc0 BC:c096 DE:52b3 HL:c1a0 SP:dfaf
03b1  and  a,a AF:00c0 BC:c096 DE:52b3 HL:c1a0 SP:dfaf
03b2  jr   z,$03df AF:00a0 BC:c096 DE:52b3 HL:c1a0 SP:dfaf
03df  pop  af AF:00a0 BC:c096 DE:52b3 HL:c1a0 SP:dfaf
03e0  reti AF:ffc0 BC:c096 DE:52b3 HL:c1a0 SP:dfb1
4815  jr   z,$4838 AF:ffc0 BC:c096 DE:52b3 HL:c1a0 SP:dfb3
4838  ret AF:ffc0 BC:c096 DE:52b3 HL:c1a0 SP:dfb3
40dd  call $4839 AF:ffc0 BC:c096 DE:52b3 HL:c1a0 SP:dfb5
4839  ld   a,($c1b4) AF:ffc0 BC:c096 DE:52b3 HL:c1a0 SP:dfb3
483c  and  a,a AF:00c0 BC:c096 DE:52b3 HL:c1a0 SP:dfb3
483d  ret  z AF:00a0 BC:c096 DE:52b3 HL:c1a0 SP:dfb3
40e0  call $42bd AF:00a0 BC:c096 DE:52b3 HL:c1a0 SP:dfb5
42bd  ld   a,($c198) AF:00a0 BC:c096 DE:52b3 HL:c1a0 SP:dfb3
42c0  cp   a,$04 AF:03a0 BC:c096 DE:52b3 HL:c1a0 SP:dfb3
42c2  jr   nc,$42ce AF:0370 BC:c096 DE:52b3 HL:c1a0 SP:dfb3
42c4  ld   hl,$00cb AF:0370 BC:c096 DE:52b3 HL:c1a0 SP:dfb3
42c7  add  hl,bc AF:0370 BC:c096 DE:52b3 HL:00cb SP:dfb3
42c8  bit  0,(hl) AF:0300 BC:c096 DE:52b3 HL:c161 SP:dfb3
42ca  jr   z,$42ce AF:03a0 BC:c096 DE:52b3 HL:c161 SP:dfb3
42ce  scf AF:03a0 BC:c096 DE:52b3 HL:c161 SP:dfb3
42cf  ret AF:0390 BC:c096 DE:52b3 HL:c161 SP:dfb3
40e3  jr   nc,$40f3 AF:0390 BC:c096 DE:52b3 HL:c161 SP:dfb5
40e5  call $40fa AF:0390 BC:c096 DE:52b3 HL:c161 SP:dfb5
40fa  ld   hl,$410b AF:0390 BC:c096 DE:52b3 HL:c161 SP:dfb3
40fd  ld   a,($c198) AF:0390 BC:c096 DE:52b3 HL:410b SP:dfb3
4100  and  a,$07 AF:0390 BC:c096 DE:52b3 HL:410b SP:dfb3
4102  add  a,a AF:0320 BC:c096 DE:52b3 HL:410b SP:dfb3
4103  ld   e,a AF:0600 BC:c096 DE:52b3 HL:410b SP:dfb3
4104  ld   d,$00 AF:0600 BC:c096 DE:5206 HL:410b SP:dfb3
4106  add  hl,de AF:0600 BC:c096 DE:0006 HL:410b SP:dfb3
4107  ldi  a,(hl) AF:0600 BC:c096 DE:0006 HL:4111 SP:dfb3
4108  ld   h,(hl) AF:7900 BC:c096 DE:0006 HL:4112 SP:dfb3
4109  ld   l,a AF:7900 BC:c096 DE:0006 HL:4212 SP:dfb3
410a  jp   hl AF:7900 BC:c096 DE:0006 HL:4279 SP:dfb3
4279  ld   hl,$000c AF:7900 BC:c096 DE:0006 HL:4279 SP:dfb3
427c  add  hl,bc AF:7900 BC:c096 DE:0006 HL:000c SP:dfb3
427d  bit  5,(hl) AF:7900 BC:c096 DE:0006 HL:c0a2 SP:dfb3
03ae  push af AF:7900 BC:c096 DE:0006 HL:c0a2 SP:dfb1
03af  ld   a,($ffd0) AF:7900 BC:c096 DE:0006 HL:c0a2 SP:dfaf
03b1  and  a,a AF:0000 BC:c096 DE:0006 HL:c0a2 SP:dfaf
03b2  jr   z,$03df AF:00a0 BC:c096 DE:0006 HL:c0a2 SP:dfaf
03df  pop  af AF:00a0 BC:c096 DE:0006 HL:c0a2 SP:dfaf
03e0  reti AF:7900 BC:c096 DE:0006 HL:c0a2 SP:dfb1
427d  bit  5,(hl) AF:7900 BC:c096 DE:0006 HL:c0a2 SP:dfb3
427f  jr   nz,$4290 AF:79a0 BC:c096 DE:0006 HL:c0a2 SP:dfb3
4281  bit  4,(hl) AF:79a0 BC:c096 DE:0006 HL:c0a2 SP:dfb3
4283  jr   nz,$4299 AF:79a0 BC:c096 DE:0006 HL:c0a2 SP:dfb3
4285  bit  1,(hl) AF:79a0 BC:c096 DE:0006 HL:c0a2 SP:dfb3
4287  call nz,$42ad AF:79a0 BC:c096 DE:0006 HL:c0a2 SP:dfb3
428a  bit  2,(hl) AF:79a0 BC:c096 DE:0006 HL:c0a2 SP:dfb3
428c  call nz,$42b3 AF:79a0 BC:c096 DE:0006 HL:c0a2 SP:dfb3
428f  ret AF:79a0 BC:c096 DE:0006 HL:c0a2 SP:dfb3
40e8  ld   hl,$001b AF:79a0 BC:c096 DE:0006 HL:c0a2 SP:dfb5
40eb  add  hl,bc AF:79a0 BC:c096 DE:0006 HL:001b SP:dfb5
40ec  ld   a,($c19a) AF:7980 BC:c096 DE:0006 HL:c0b1 SP:dfb5
40ef  or   a,(hl) AF:6680 BC:c096 DE:0006 HL:c0b1 SP:dfb5
40f0  ld   ($c19a),a AF:ee00 BC:c096 DE:0006 HL:c0b1 SP:dfb5
40f3  ld   hl,$000c AF:ee00 BC:c096 DE:0006 HL:c0b1 SP:dfb5
40f6  add  hl,bc AF:ee00 BC:c096 DE:0006 HL:000c SP:dfb5
40f7  xor  a,a AF:ee00 BC:c096 DE:0006 HL:c0a2 SP:dfb5
40f8  ld   (hl),a AF:0080 BC:c096 DE:0006 HL:c0a2 SP:dfb5
40f9  ret AF:0080 BC:c096 DE:0006 HL:c0a2 SP:dfb5
4079  ret AF:0080 BC:c096 DE:0006 HL:c0a2 SP:dfb7
404c  ld   hl,$0032 AF:0080 BC:c096 DE:0006 HL:c0a2 SP:dfb9
404f  add  hl,bc AF:0080 BC:c096 DE:0006 HL:0032 SP:dfb9
4050  ld   c,l AF:0080 BC:c096 DE:0006 HL:c0c8 SP:dfb9
4051  ld   b,h AF:0080 BC:c0c8 DE:0006 HL:c0c8 SP:dfb9
4052  ld   a,($c198) AF:0080 BC:c0c8 DE:0006 HL:c0c8 SP:dfb9
4055  inc  a AF:0380 BC:c0c8 DE:0006 HL:c0c8 SP:dfb9
4056  ld   ($c198),a AF:0400 BC:c0c8 DE:0006 HL:c0c8 SP:dfb9
4059  cp   a,$08 AF:0400 BC:c0c8 DE:0006 HL:c0c8 SP:dfb9
405b  jr   nz,$4041 AF:0470 BC:c0c8 DE:0006 HL:c0c8 SP:dfb9
4041  ld   hl,$0003 AF:0470 BC:c0c8 DE:0006 HL:c0c8 SP:dfb9
4044  add  hl,bc AF:0470 BC:c0c8 DE:0006 HL:0003 SP:dfb9
4045  bit  0,(hl) AF:0400 BC:c0c8 DE:0006 HL:c0cb SP:dfb9
4047  jr   z,$404c AF:0420 BC:c0c8 DE:0006 HL:c0cb SP:dfb9
4049  call $4061 AF:0420 BC:c0c8 DE:0006 HL:c0cb SP:dfb9
03ae  push af AF:0420 BC:c0c8 DE:0006 HL:c0cb SP:dfb7
03af  ld   a,($ffd0) AF:0420 BC:c0c8 DE:0006 HL:c0cb SP:dfb5
03b1  and  a,a AF:0020 BC:c0c8 DE:0006 HL:c0cb SP:dfb5
03b2  jr   z,$03df AF:00a0 BC:c0c8 DE:0006 HL:c0cb SP:dfb5
03df  pop  af AF:00a0 BC:c0c8 DE:0006 HL:c0cb SP:dfb5
03e0  reti AF:0420 BC:c0c8 DE:0006 HL:c0cb SP:dfb7
4049  call $4061 AF:0420 BC:c0c8 DE:0006 HL:c0cb SP:dfb9
4061  ld   hl,$0015 AF:0420 BC:c0c8 DE:0006 HL:c0cb SP:dfb7
4064  add  hl,bc AF:0420 BC:c0c8 DE:0006 HL:0015 SP:dfb7
4065  ld   a,(hl) AF:0400 BC:c0c8 DE:0006 HL:c0dd SP:dfb7
4066  cp   a,$01 AF:0000 BC:c0c8 DE:0006 HL:c0dd SP:dfb7
4068  jr   z,$4070 AF:0070 BC:c0c8 DE:0006 HL:c0dd SP:dfb7
406a  and  a,a AF:0070 BC:c0c8 DE:0006 HL:c0dd SP:dfb7
406b  jr   z,$4070 AF:00a0 BC:c0c8 DE:0006 HL:c0dd SP:dfb7
4070  call $407a AF:00a0 BC:c0c8 DE:0006 HL:c0dd SP:dfb7
407a  ld   hl,$0004 AF:00a0 BC:c0c8 DE:0006 HL:c0dd SP:dfb5
407d  add  hl,bc AF:00a0 BC:c0c8 DE:0006 HL:0004 SP:dfb5
407e  res  1,(hl) AF:0080 BC:c0c8 DE:0006 HL:c0cc SP:dfb5
4080  ret AF:0080 BC:c0c8 DE:0006 HL:c0cc SP:dfb5
4073  call $484f AF:0080 BC:c0c8 DE:0006 HL:c0cc SP:dfb7
484f  call $4c65 AF:0080 BC:c0c8 DE:0006 HL:c0cc SP:dfb5
4c65  push hl AF:0080 BC:c0c8 DE:0006 HL:c0cc SP:dfb3
4c66  push de AF:0080 BC:c0c8 DE:0006 HL:c0cc SP:dfb1
4c67  ld   hl,$0006 AF:0080 BC:c0c8 DE:0006 HL:c0cc SP:dfaf
4c6a  add  hl,bc AF:0080 BC:c0c8 DE:0006 HL:0006 SP:dfaf
4c6b  ld   e,(hl) AF:0080 BC:c0c8 DE:0006 HL:c0ce SP:dfaf
4c6c  inc  hl AF:0080 BC:c0c8 DE:0050 HL:c0ce SP:dfaf
4c6d  ld   d,(hl) AF:0080 BC:c0c8 DE:0050 HL:c0cf SP:dfaf
4c6e  ld   hl,$0002 AF:0080 BC:c0c8 DE:4650 HL:c0cf SP:dfaf
4c71  add  hl,bc AF:0080 BC:c0c8 DE:4650 HL:0002 SP:dfaf
4c72  ld   a,(hl) AF:0080 BC:c0c8 DE:4650 HL:c0ca SP:dfaf
4c73  call $3cbb AF:3c80 BC:c0c8 DE:4650 HL:c0ca SP:dfaf
3cbb  ld   ($2000),a AF:3c80 BC:c0c8 DE:4650 HL:c0ca SP:dfad
3cbe  ld   ($ff98),a AF:3c80 BC:c0c8 DE:4650 HL:c0ca SP:dfad
03ae  push af AF:3c80 BC:c0c8 DE:4650 HL:c0ca SP:dfab
03af  ld   a,($ffd0) AF:3c80 BC:c0c8 DE:4650 HL:c0ca SP:dfa9
03b1  and  a,a AF:0080 BC:c0c8 DE:4650 HL:c0ca SP:dfa9
03b2  jr   z,$03df AF:00a0 BC:c0c8 DE:4650 HL:c0ca SP:dfa9
03df  pop  af AF:00a0 BC:c0c8 DE:4650 HL:c0ca SP:dfa9
03e0  reti AF:3c80 BC:c0c8 DE:4650 HL:c0ca SP:dfab
3cbe  ld   ($ff98),a AF:3c80 BC:c0c8 DE:4650 HL:c0ca SP:dfad
3cc0  ld   a,(de) AF:3c80 BC:c0c8 DE:4650 HL:c0ca SP:dfad
3cc1  push af AF:db80 BC:c0c8 DE:4650 HL:c0ca SP:dfad
3cc2  ld   a,$3a AF:db80 BC:c0c8 DE:4650 HL:c0ca SP:dfab
3cc4  ld   ($2000),a AF:3a80 BC:c0c8 DE:4650 HL:c0ca SP:dfab
3cc7  ld   ($ff98),a AF:3a80 BC:c0c8 DE:4650 HL:c0ca SP:dfab
3cc9  pop  af AF:3a80 BC:c0c8 DE:4650 HL:c0ca SP:dfab
3cca  ret AF:db80 BC:c0c8 DE:4650 HL:c0ca SP:dfad
4c76  ld   ($c197),a AF:db80 BC:c0c8 DE:4650 HL:c0ca SP:dfaf
4c79  inc  de AF:db80 BC:c0c8 DE:4650 HL:c0ca SP:dfaf
4c7a  ld   hl,$0006 AF:db80 BC:c0c8 DE:4651 HL:c0ca SP:dfaf
4c7d  add  hl,bc AF:db80 BC:c0c8 DE:4651 HL:0006 SP:dfaf
4c7e  ld   (hl),e AF:db80 BC:c0c8 DE:4651 HL:c0ce SP:dfaf
4c7f  inc  hl AF:db80 BC:c0c8 DE:4651 HL:c0ce SP:dfaf
4c80  ld   (hl),d AF:db80 BC:c0c8 DE:4651 HL:c0cf SP:dfaf
4c81  pop  de AF:db80 BC:c0c8 DE:4651 HL:c0cf SP:dfaf
4c82  pop  hl AF:db80 BC:c0c8 DE:0006 HL:c0cf SP:dfb1
4c83  ret AF:db80 BC:c0c8 DE:0006 HL:c0cc SP:dfb3
4852  cp   a,$ff AF:db80 BC:c0c8 DE:0006 HL:c0cc SP:dfb5
4854  jr   z,$4876 AF:db70 BC:c0c8 DE:0006 HL:c0cc SP:dfb5
4856  cp   a,$d0 AF:db70 BC:c0c8 DE:0006 HL:c0cc SP:dfb5
4858  jr   nc,$489a AF:db40 BC:c0c8 DE:0006 HL:c0cc SP:dfb5
489a  call $4958 AF:db40 BC:c0c8 DE:0006 HL:c0cc SP:dfb5
4958  ld   a,($c197) AF:db40 BC:c0c8 DE:0006 HL:c0cc SP:dfb3
495b  sub  a,$d0 AF:db40 BC:c0c8 DE:0006 HL:c0cc SP:dfb3
495d  ld   e,a AF:0b40 BC:c0c8 DE:0006 HL:c0cc SP:dfb3
495e  ld   d,$00 AF:0b40 BC:c0c8 DE:000b HL:c0cc SP:dfb3
4960  ld   hl,$4969 AF:0b40 BC:c0c8 DE:000b HL:c0cc SP:dfb3
4963  add  hl,de AF:0b40 BC:c0c8 DE:000b HL:4969 SP:dfb3
4964  add  hl,de AF:0b00 BC:c0c8 DE:000b HL:4974 SP:dfb3
4965  ldi  a,(hl) AF:0b00 BC:c0c8 DE:000b HL:497f SP:dfb3
4966  ld   h,(hl) AF:b000 BC:c0c8 DE:000b HL:4980 SP:dfb3
03ae  push af AF:b000 BC:c0c8 DE:000b HL:4980 SP:dfb1
03af  ld   a,($ffd0) AF:b000 BC:c0c8 DE:000b HL:4980 SP:dfaf
03b1  and  a,a AF:0000 BC:c0c8 DE:000b HL:4980 SP:dfaf
03b2  jr   z,$03df AF:00a0 BC:c0c8 DE:000b HL:4980 SP:dfaf
03df  pop  af AF:00a0 BC:c0c8 DE:000b HL:4980 SP:dfaf
03e0  reti AF:b000 BC:c0c8 DE:000b HL:4980 SP:dfb1
4966  ld   h,(hl) AF:b000 BC:c0c8 DE:000b HL:4980 SP:dfb3
4967  ld   l,a AF:b000 BC:c0c8 DE:000b HL:4b80 SP:dfb3
4968  jp   hl AF:b000 BC:c0c8 DE:000b HL:4bb0 SP:dfb3
4bb0  call $4c65 AF:b000 BC:c0c8 DE:000b HL:4bb0 SP:dfb3
4c65  push hl AF:b000 BC:c0c8 DE:000b HL:4bb0 SP:dfb1
4c66  push de AF:b000 BC:c0c8 DE:000b HL:4bb0 SP:dfaf
4c67  ld   hl,$0006 AF:b000 BC:c0c8 DE:000b HL:4bb0 SP:dfad
4c6a  add  hl,bc AF:b000 BC:c0c8 DE:000b HL:0006 SP:dfad
4c6b  ld   e,(hl) AF:b000 BC:c0c8 DE:000b HL:c0ce SP:dfad
4c6c  inc  hl AF:b000 BC:c0c8 DE:0051 HL:c0ce SP:dfad
4c6d  ld   d,(hl) AF:b000 BC:c0c8 DE:0051 HL:c0cf SP:dfad
4c6e  ld   hl,$0002 AF:b000 BC:c0c8 DE:4651 HL:c0cf SP:dfad
4c71  add  hl,bc AF:b000 BC:c0c8 DE:4651 HL:0002 SP:dfad
4c72  ld   a,(hl) AF:b000 BC:c0c8 DE:4651 HL:c0ca SP:dfad
4c73  call $3cbb AF:3c00 BC:c0c8 DE:4651 HL:c0ca SP:dfad
3cbb  ld   ($2000),a AF:3c00 BC:c0c8 DE:4651 HL:c0ca SP:dfab
3cbe  ld   ($ff98),a AF:3c00 BC:c0c8 DE:4651 HL:c0ca SP:dfab
3cc0  ld   a,(de) AF:3c00 BC:c0c8 DE:4651 HL:c0ca SP:dfab
3cc1  push af AF:0200 BC:c0c8 DE:4651 HL:c0ca SP:dfab
3cc2  ld   a,$3a AF:0200 BC:c0c8 DE:4651 HL:c0ca SP:dfa9
3cc4  ld   ($2000),a AF:3a00 BC:c0c8 DE:4651 HL:c0ca SP:dfa9
3cc7  ld   ($ff98),a AF:3a00 BC:c0c8 DE:4651 HL:c0ca SP:dfa9
3cc9  pop  af AF:3a00 BC:c0c8 DE:4651 HL:c0ca SP:dfa9
3cca  ret AF:0200 BC:c0c8 DE:4651 HL:c0ca SP:dfab
4c76  ld   ($c197),a AF:0200 BC:c0c8 DE:4651 HL:c0ca SP:dfad
4c79  inc  de AF:0200 BC:c0c8 DE:4651 HL:c0ca SP:dfad
4c7a  ld   hl,$0006 AF:0200 BC:c0c8 DE:4652 HL:c0ca SP:dfad
4c7d  add  hl,bc AF:0200 BC:c0c8 DE:4652 HL:0006 SP:dfad
4c7e  ld   (hl),e AF:0200 BC:c0c8 DE:4652 HL:c0ce SP:dfad
4c7f  inc  hl AF:0200 BC:c0c8 DE:4652 HL:c0ce SP:dfad
4c80  ld   (hl),d AF:0200 BC:c0c8 DE:4652 HL:c0cf SP:dfad
4c81  pop  de AF:0200 BC:c0c8 DE:4652 HL:c0cf SP:dfad
03ae  push af AF:0200 BC:c0c8 DE:4652 HL:c0cf SP:dfab
03af  ld   a,($ffd0) AF:0200 BC:c0c8 DE:4652 HL:c0cf SP:dfa9
03b1  and  a,a AF:0000 BC:c0c8 DE:4652 HL:c0cf SP:dfa9
03b2  jr   z,$03df AF:00a0 BC:c0c8 DE:4652 HL:c0cf SP:dfa9
03df  pop  af AF:00a0 BC:c0c8 DE:4652 HL:c0cf SP:dfa9
03e0  reti AF:0200 BC:c0c8 DE:4652 HL:c0cf SP:dfab
4c81  pop  de AF:0200 BC:c0c8 DE:4652 HL:c0cf SP:dfad
4c82  pop  hl AF:0200 BC:c0c8 DE:000b HL:c0cf SP:dfaf
4c83  ret AF:0200 BC:c0c8 DE:000b HL:4bb0 SP:dfb1
4bb3  rrc  a AF:0200 BC:c0c8 DE:000b HL:4bb0 SP:dfb3
4bb4  rrc  a AF:0100 BC:c0c8 DE:000b HL:4bb0 SP:dfb3
4bb5  and  a,$c0 AF:8010 BC:c0c8 DE:000b HL:4bb0 SP:dfb3
4bb7  ld   hl,$000e AF:8020 BC:c0c8 DE:000b HL:4bb0 SP:dfb3
4bba  add  hl,bc AF:8020 BC:c0c8 DE:000b HL:000e SP:dfb3
4bbb  ld   (hl),a AF:8000 BC:c0c8 DE:000b HL:c0d6 SP:dfb3
4bbc  ret AF:8000 BC:c0c8 DE:000b HL:c0d6 SP:dfb3
489d  jr   $484f AF:8000 BC:c0c8 DE:000b HL:c0d6 SP:dfb5
484f  call $4c65 AF:8000 BC:c0c8 DE:000b HL:c0d6 SP:dfb5
4c65  push hl AF:8000 BC:c0c8 DE:000b HL:c0d6 SP:dfb3
4c66  push de AF:8000 BC:c0c8 DE:000b HL:c0d6 SP:dfb1
4c67  ld   hl,$0006 AF:8000 BC:c0c8 DE:000b HL:c0d6 SP:dfaf
4c6a  add  hl,bc AF:8000 BC:c0c8 DE:000b HL:0006 SP:dfaf
4c6b  ld   e,(hl) AF:8000 BC:c0c8 DE:000b HL:c0ce SP:dfaf
4c6c  inc  hl AF:8000 BC:c0c8 DE:0052 HL:c0ce SP:dfaf
4c6d  ld   d,(hl) AF:8000 BC:c0c8 DE:0052 HL:c0cf SP:dfaf
4c6e  ld   hl,$0002 AF:8000 BC:c0c8 DE:4652 HL:c0cf SP:dfaf
4c71  add  hl,bc AF:8000 BC:c0c8 DE:4652 HL:0002 SP:dfaf
4c72  ld   a,(hl) AF:8000 BC:c0c8 DE:4652 HL:c0ca SP:dfaf
4c73  call $3cbb AF:3c00 BC:c0c8 DE:4652 HL:c0ca SP:dfaf
3cbb  ld   ($2000),a AF:3c00 BC:c0c8 DE:4652 HL:c0ca SP:dfad
3cbe  ld   ($ff98),a AF:3c00 BC:c0c8 DE:4652 HL:c0ca SP:dfad
3cc0  ld   a,(de) AF:3c00 BC:c0c8 DE:4652 HL:c0ca SP:dfad
3cc1  push af AF:0000 BC:c0c8 DE:4652 HL:c0ca SP:dfad
3cc2  ld   a,$3a AF:0000 BC:c0c8 DE:4652 HL:c0ca SP:dfab
3cc4  ld   ($2000),a AF:3a00 BC:c0c8 DE:4652 HL:c0ca SP:dfab
3cc7  ld   ($ff98),a AF:3a00 BC:c0c8 DE:4652 HL:c0ca SP:dfab
3cc9  pop  af AF:3a00 BC:c0c8 DE:4652 HL:c0ca SP:dfab
03ae  push af AF:3a00 BC:c0c8 DE:4652 HL:c0ca SP:dfa9
03af  ld   a,($ffd0) AF:3a00 BC:c0c8 DE:4652 HL:c0ca SP:dfa7
03b1  and  a,a AF:0000 BC:c0c8 DE:4652 HL:c0ca SP:dfa7
03b2  jr   z,$03df AF:00a0 BC:c0c8 DE:4652 HL:c0ca SP:dfa7
03df  pop  af AF:00a0 BC:c0c8 DE:4652 HL:c0ca SP:dfa7
03e0  reti AF:3a00 BC:c0c8 DE:4652 HL:c0ca SP:dfa9
3cc9  pop  af AF:3a00 BC:c0c8 DE:4652 HL:c0ca SP:dfab
3cca  ret AF:0000 BC:c0c8 DE:4652 HL:c0ca SP:dfad
4c76  ld   ($c197),a AF:0000 BC:c0c8 DE:4652 HL:c0ca SP:dfaf
4c79  inc  de AF:0000 BC:c0c8 DE:4652 HL:c0ca SP:dfaf
4c7a  ld   hl,$0006 AF:0000 BC:c0c8 DE:4653 HL:c0ca SP:dfaf
4c7d  add  hl,bc AF:0000 BC:c0c8 DE:4653 HL:0006 SP:dfaf
4c7e  ld   (hl),e AF:0000 BC:c0c8 DE:4653 HL:c0ce SP:dfaf
4c7f  inc  hl AF:0000 BC:c0c8 DE:4653 HL:c0ce SP:dfaf
4c80  ld   (hl),d AF:0000 BC:c0c8 DE:4653 HL:c0cf SP:dfaf
4c81  pop  de AF:0000 BC:c0c8 DE:4653 HL:c0cf SP:dfaf
4c82  pop  hl AF:0000 BC:c0c8 DE:000b HL:c0cf SP:dfb1
4c83  ret AF:0000 BC:c0c8 DE:000b HL:c0d6 SP:dfb3
4852  cp   a,$ff AF:0000 BC:c0c8 DE:000b HL:c0d6 SP:dfb5
4854  jr   z,$4876 AF:0070 BC:c0c8 DE:000b HL:c0d6 SP:dfb5
4856  cp   a,$d0 AF:0070 BC:c0c8 DE:000b HL:c0d6 SP:dfb5
4858  jr   nc,$489a AF:0050 BC:c0c8 DE:000b HL:c0d6 SP:dfb5
485a  ld   hl,$0003 AF:0050 BC:c0c8 DE:000b HL:c0d6 SP:dfb5
485d  add  hl,bc AF:0050 BC:c0c8 DE:000b HL:0003 SP:dfb5
485e  bit  3,(hl) AF:0000 BC:c0c8 DE:000b HL:c0cb SP:dfb5
4860  jr   nz,$486e AF:0020 BC:c0c8 DE:000b HL:c0cb SP:dfb5
486e  call $48f5 AF:0020 BC:c0c8 DE:000b HL:c0cb SP:dfb5
48f5  ld   hl,$000c AF:0020 BC:c0c8 DE:000b HL:c0cb SP:dfb3
48f8  add  hl,bc AF:0020 BC:c0c8 DE:000b HL:000c SP:dfb3
48f9  set  4,(hl) AF:0000 BC:c0c8 DE:000b HL:c0d4 SP:dfb3
48fb  ld   a,($c197) AF:0000 BC:c0c8 DE:000b HL:c0d4 SP:dfb3
48fe  call $4cb4 AF:0000 BC:c0c8 DE:000b HL:c0d4 SP:dfb3
4cb4  inc  a AF:0000 BC:c0c8 DE:000b HL:c0d4 SP:dfb1
4cb5  ld   e,a AF:0100 BC:c0c8 DE:000b HL:c0d4 SP:dfb1
4cb6  ld   d,$00 AF:0100 BC:c0c8 DE:0001 HL:c0d4 SP:dfb1
4cb8  ld   hl,$002d AF:0100 BC:c0c8 DE:0001 HL:c0d4 SP:dfb1
4cbb  add  hl,bc AF:0100 BC:c0c8 DE:0001 HL:002d SP:dfb1
03ae  push af AF:0100 BC:c0c8 DE:0001 HL:002d SP:dfaf
03af  ld   a,($ffd0) AF:0100 BC:c0c8 DE:0001 HL:002d SP:dfad
03b1  and  a,a AF:0000 BC:c0c8 DE:0001 HL:002d SP:dfad
03b2  jr   z,$03df AF:00a0 BC:c0c8 DE:0001 HL:002d SP:dfad
03df  pop  af AF:00a0 BC:c0c8 DE:0001 HL:002d SP:dfad
03e0  reti AF:0100 BC:c0c8 DE:0001 HL:002d SP:dfaf
4cbb  add  hl,bc AF:0100 BC:c0c8 DE:0001 HL:002d SP:dfb1
4cbc  ld   a,(hl) AF:0100 BC:c0c8 DE:0001 HL:c0f5 SP:dfb1
4cbd  ld   l,$00 AF:0100 BC:c0c8 DE:0001 HL:c0f5 SP:dfb1
4cbf  call $4cdf AF:0100 BC:c0c8 DE:0001 HL:c000 SP:dfb1
4cdf  ld   h,$00 AF:0100 BC:c0c8 DE:0001 HL:c000 SP:dfaf
4ce1  srl  a AF:0100 BC:c0c8 DE:0001 HL:0000 SP:dfaf
4ce3  jr   nc,$4ce6 AF:0090 BC:c0c8 DE:0001 HL:0000 SP:dfaf
4ce5  add  hl,de AF:0090 BC:c0c8 DE:0001 HL:0000 SP:dfaf
4ce6  sla  e AF:0080 BC:c0c8 DE:0001 HL:0001 SP:dfaf
4ce8  rl   d AF:0000 BC:c0c8 DE:0002 HL:0001 SP:dfaf
4cea  and  a,a AF:0080 BC:c0c8 DE:0002 HL:0001 SP:dfaf
4ceb  jr   nz,$4ce1 AF:00a0 BC:c0c8 DE:0002 HL:0001 SP:dfaf
4ced  ret AF:00a0 BC:c0c8 DE:0002 HL:0001 SP:dfaf
4cc2  ld   a,l AF:00a0 BC:c0c8 DE:0002 HL:0001 SP:dfb1
4cc3  ld   hl,$0019 AF:01a0 BC:c0c8 DE:0002 HL:0001 SP:dfb1
4cc6  add  hl,bc AF:01a0 BC:c0c8 DE:0002 HL:0019 SP:dfb1
4cc7  ld   e,(hl) AF:0180 BC:c0c8 DE:0002 HL:c0e1 SP:dfb1
4cc8  inc  hl AF:0180 BC:c0c8 DE:0000 HL:c0e1 SP:dfb1
4cc9  ld   d,(hl) AF:0180 BC:c0c8 DE:0000 HL:c0e2 SP:dfb1
4cca  ld   hl,$0016 AF:0180 BC:c0c8 DE:0100 HL:c0e2 SP:dfb1
4ccd  add  hl,bc AF:0180 BC:c0c8 DE:0100 HL:0016 SP:dfb1
4cce  ld   l,(hl) AF:0180 BC:c0c8 DE:0100 HL:c0de SP:dfb1
4ccf  call $4cdf AF:0180 BC:c0c8 DE:0100 HL:c000 SP:dfb1
4cdf  ld   h,$00 AF:0180 BC:c0c8 DE:0100 HL:c000 SP:dfaf
4ce1  srl  a AF:0180 BC:c0c8 DE:0100 HL:0000 SP:dfaf
4ce3  jr   nc,$4ce6 AF:0090 BC:c0c8 DE:0100 HL:0000 SP:dfaf
4ce5  add  hl,de AF:0090 BC:c0c8 DE:0100 HL:0000 SP:dfaf
4ce6  sla  e AF:0080 BC:c0c8 DE:0100 HL:0100 SP:dfaf
4ce8  rl   d AF:0080 BC:c0c8 DE:0100 HL:0100 SP:dfaf
4cea  and  a,a AF:0000 BC:c0c8 DE:0200 HL:0100 SP:dfaf
4ceb  jr   nz,$4ce1 AF:00a0 BC:c0c8 DE:0200 HL:0100 SP:dfaf
4ced  ret AF:00a0 BC:c0c8 DE:0200 HL:0100 SP:dfaf
4cd2  ld   e,l AF:00a0 BC:c0c8 DE:0200 HL:0100 SP:dfb1
4cd3  ld   d,h AF:00a0 BC:c0c8 DE:0200 HL:0100 SP:dfb1
4cd4  ld   hl,$0016 AF:00a0 BC:c0c8 DE:0100 HL:0100 SP:dfb1
4cd7  add  hl,bc AF:00a0 BC:c0c8 DE:0100 HL:0016 SP:dfb1
4cd8  ld   (hl),e AF:0080 BC:c0c8 DE:0100 HL:c0de SP:dfb1
4cd9  ld   hl,$0015 AF:0080 BC:c0c8 DE:0100 HL:c0de SP:dfb1
4cdc  add  hl,bc AF:0080 BC:c0c8 DE:0100 HL:0015 SP:dfb1
03ae  push af AF:0080 BC:c0c8 DE:0100 HL:0015 SP:dfaf
03af  ld   a,($ffd0) AF:0080 BC:c0c8 DE:0100 HL:0015 SP:dfad
03b1  and  a,a AF:0080 BC:c0c8 DE:0100 HL:0015 SP:dfad
03b2  jr   z,$03df AF:00a0 BC:c0c8 DE:0100 HL:0015 SP:dfad
03df  pop  af AF:00a0 BC:c0c8 DE:0100 HL:0015 SP:dfad
03e0  reti AF:0080 BC:c0c8 DE:0100 HL:0015 SP:dfaf
4cdc  add  hl,bc AF:0080 BC:c0c8 DE:0100 HL:0015 SP:dfb1
4cdd  ld   (hl),d AF:0080 BC:c0c8 DE:0100 HL:c0dd SP:dfb1
4cde  ret AF:0080 BC:c0c8 DE:0100 HL:c0dd SP:dfb1
4901  call $4c65 AF:0080 BC:c0c8 DE:0100 HL:c0dd SP:dfb3
4c65  push hl AF:0080 BC:c0c8 DE:0100 HL:c0dd SP:dfb1
4c66  push de AF:0080 BC:c0c8 DE:0100 HL:c0dd SP:dfaf
4c67  ld   hl,$0006 AF:0080 BC:c0c8 DE:0100 HL:c0dd SP:dfad
4c6a  add  hl,bc AF:0080 BC:c0c8 DE:0100 HL:0006 SP:dfad
4c6b  ld   e,(hl) AF:0080 BC:c0c8 DE:0100 HL:c0ce SP:dfad
4c6c  inc  hl AF:0080 BC:c0c8 DE:0153 HL:c0ce SP:dfad
4c6d  ld   d,(hl) AF:0080 BC:c0c8 DE:0153 HL:c0cf SP:dfad
4c6e  ld   hl,$0002 AF:0080 BC:c0c8 DE:4653 HL:c0cf SP:dfad
4c71  add  hl,bc AF:0080 BC:c0c8 DE:4653 HL:0002 SP:dfad
4c72  ld   a,(hl) AF:0080 BC:c0c8 DE:4653 HL:c0ca SP:dfad
4c73  call $3cbb AF:3c80 BC:c0c8 DE:4653 HL:c0ca SP:dfad
3cbb  ld   ($2000),a AF:3c80 BC:c0c8 DE:4653 HL:c0ca SP:dfab
3cbe  ld   ($ff98),a AF:3c80 BC:c0c8 DE:4653 HL:c0ca SP:dfab
3cc0  ld   a,(de) AF:3c80 BC:c0c8 DE:4653 HL:c0ca SP:dfab
3cc1  push af AF:9180 BC:c0c8 DE:4653 HL:c0ca SP:dfab
3cc2  ld   a,$3a AF:9180 BC:c0c8 DE:4653 HL:c0ca SP:dfa9
3cc4  ld   ($2000),a AF:3a80 BC:c0c8 DE:4653 HL:c0ca SP:dfa9
3cc7  ld   ($ff98),a AF:3a80 BC:c0c8 DE:4653 HL:c0ca SP:dfa9
3cc9  pop  af AF:3a80 BC:c0c8 DE:4653 HL:c0ca SP:dfa9
3cca  ret AF:9180 BC:c0c8 DE:4653 HL:c0ca SP:dfab
4c76  ld   ($c197),a AF:9180 BC:c0c8 DE:4653 HL:c0ca SP:dfad
4c79  inc  de AF:9180 BC:c0c8 DE:4653 HL:c0ca SP:dfad
4c7a  ld   hl,$0006 AF:9180 BC:c0c8 DE:4654 HL:c0ca SP:dfad
4c7d  add  hl,bc AF:9180 BC:c0c8 DE:4654 HL:0006 SP:dfad
4c7e  ld   (hl),e AF:9180 BC:c0c8 DE:4654 HL:c0ce SP:dfad
4c7f  inc  hl AF:9180 BC:c0c8 DE:4654 HL:c0ce SP:dfad
03ae  push af AF:9180 BC:c0c8 DE:4654 HL:c0ce SP:dfab
03af  ld   a,($ffd0) AF:9180 BC:c0c8 DE:4654 HL:c0ce SP:dfa9
03b1  and  a,a AF:0080 BC:c0c8 DE:4654 HL:c0ce SP:dfa9
03b2  jr   z,$03df AF:00a0 BC:c0c8 DE:4654 HL:c0ce SP:dfa9
03df  pop  af AF:00a0 BC:c0c8 DE:4654 HL:c0ce SP:dfa9
03e0  reti AF:9180 BC:c0c8 DE:4654 HL:c0ce SP:dfab
4c7f  inc  hl AF:9180 BC:c0c8 DE:4654 HL:c0ce SP:dfad
4c80  ld   (hl),d AF:9180 BC:c0c8 DE:4654 HL:c0cf SP:dfad
4c81  pop  de AF:9180 BC:c0c8 DE:4654 HL:c0cf SP:dfad
4c82  pop  hl AF:9180 BC:c0c8 DE:0100 HL:c0cf SP:dfaf
4c83  ret AF:9180 BC:c0c8 DE:0100 HL:c0dd SP:dfb1
4904  ld   hl,$000f AF:9180 BC:c0c8 DE:0100 HL:c0dd SP:dfb3
4907  add  hl,bc AF:9180 BC:c0c8 DE:0100 HL:000f SP:dfb3
4908  ld   (hl),a AF:9180 BC:c0c8 DE:0100 HL:c0d7 SP:dfb3
4909  call $4c65 AF:9180 BC:c0c8 DE:0100 HL:c0d7 SP:dfb3
4c65  push hl AF:9180 BC:c0c8 DE:0100 HL:c0d7 SP:dfb1
4c66  push de AF:9180 BC:c0c8 DE:0100 HL:c0d7 SP:dfaf
4c67  ld   hl,$0006 AF:9180 BC:c0c8 DE:0100 HL:c0d7 SP:dfad
4c6a  add  hl,bc AF:9180 BC:c0c8 DE:0100 HL:0006 SP:dfad
4c6b  ld   e,(hl) AF:9180 BC:c0c8 DE:0100 HL:c0ce SP:dfad
4c6c  inc  hl AF:9180 BC:c0c8 DE:0154 HL:c0ce SP:dfad
4c6d  ld   d,(hl) AF:9180 BC:c0c8 DE:0154 HL:c0cf SP:dfad
4c6e  ld   hl,$0002 AF:9180 BC:c0c8 DE:4654 HL:c0cf SP:dfad
4c71  add  hl,bc AF:9180 BC:c0c8 DE:4654 HL:0002 SP:dfad
4c72  ld   a,(hl) AF:9180 BC:c0c8 DE:4654 HL:c0ca SP:dfad
4c73  call $3cbb AF:3c80 BC:c0c8 DE:4654 HL:c0ca SP:dfad
3cbb  ld   ($2000),a AF:3c80 BC:c0c8 DE:4654 HL:c0ca SP:dfab
3cbe  ld   ($ff98),a AF:3c80 BC:c0c8 DE:4654 HL:c0ca SP:dfab
3cc0  ld   a,(de) AF:3c80 BC:c0c8 DE:4654 HL:c0ca SP:dfab
3cc1  push af AF:c080 BC:c0c8 DE:4654 HL:c0ca SP:dfab
3cc2  ld   a,$3a AF:c080 BC:c0c8 DE:4654 HL:c0ca SP:dfa9
3cc4  ld   ($2000),a AF:3a80 BC:c0c8 DE:4654 HL:c0ca SP:dfa9
3cc7  ld   ($ff98),a AF:3a80 BC:c0c8 DE:4654 HL:c0ca SP:dfa9
3cc9  pop  af AF:3a80 BC:c0c8 DE:4654 HL:c0ca SP:dfa9
3cca  ret AF:c080 BC:c0c8 DE:4654 HL:c0ca SP:dfab
4c76  ld   ($c197),a AF:c080 BC:c0c8 DE:4654 HL:c0ca SP:dfad
03ae  push af AF:c080 BC:c0c8 DE:4654 HL:c0ca SP:dfab
03af  ld   a,($ffd0) AF:c080 BC:c0c8 DE:4654 HL:c0ca SP:dfa9
03b1  and  a,a AF:0080 BC:c0c8 DE:4654 HL:c0ca SP:dfa9
03b2  jr   z,$03df AF:00a0 BC:c0c8 DE:4654 HL:c0ca SP:dfa9
03df  pop  af AF:00a0 BC:c0c8 DE:4654 HL:c0ca SP:dfa9
03e0  reti AF:c080 BC:c0c8 DE:4654 HL:c0ca SP:dfab
4c76  ld   ($c197),a AF:c080 BC:c0c8 DE:4654 HL:c0ca SP:dfad
4c79  inc  de AF:c080 BC:c0c8 DE:4654 HL:c0ca SP:dfad
4c7a  ld   hl,$0006 AF:c080 BC:c0c8 DE:4655 HL:c0ca SP:dfad
4c7d  add  hl,bc AF:c080 BC:c0c8 DE:4655 HL:0006 SP:dfad
4c7e  ld   (hl),e AF:c080 BC:c0c8 DE:4655 HL:c0ce SP:dfad
4c7f  inc  hl AF:c080 BC:c0c8 DE:4655 HL:c0ce SP:dfad
4c80  ld   (hl),d AF:c080 BC:c0c8 DE:4655 HL:c0cf SP:dfad
4c81  pop  de AF:c080 BC:c0c8 DE:4655 HL:c0cf SP:dfad
4c82  pop  hl AF:c080 BC:c0c8 DE:0100 HL:c0cf SP:dfaf
4c83  ret AF:c080 BC:c0c8 DE:0100 HL:c0d7 SP:dfb1
490c  ld   hl,$0010 AF:c080 BC:c0c8 DE:0100 HL:c0d7 SP:dfb3
490f  add  hl,bc AF:c080 BC:c0c8 DE:0100 HL:0010 SP:dfb3
4910  ld   (hl),a AF:c080 BC:c0c8 DE:0100 HL:c0d8 SP:dfb3
4911  ld   a,($c198) AF:c080 BC:c0c8 DE:0100 HL:c0d8 SP:dfb3
4914  and  a,$03 AF:0480 BC:c0c8 DE:0100 HL:c0d8 SP:dfb3
4916  cp   a,$03 AF:00a0 BC:c0c8 DE:0100 HL:c0d8 SP:dfb3
4918  ret  z AF:0070 BC:c0c8 DE:0100 HL:c0d8 SP:dfb3
4919  call $4c65 AF:0070 BC:c0c8 DE:0100 HL:c0d8 SP:dfb3
4c65  push hl AF:0070 BC:c0c8 DE:0100 HL:c0d8 SP:dfb1
4c66  push de AF:0070 BC:c0c8 DE:0100 HL:c0d8 SP:dfaf
4c67  ld   hl,$0006 AF:0070 BC:c0c8 DE:0100 HL:c0d8 SP:dfad
4c6a  add  hl,bc AF:0070 BC:c0c8 DE:0100 HL:0006 SP:dfad
4c6b  ld   e,(hl) AF:0000 BC:c0c8 DE:0100 HL:c0ce SP:dfad
4c6c  inc  hl AF:0000 BC:c0c8 DE:0155 HL:c0ce SP:dfad
4c6d  ld   d,(hl) AF:0000 BC:c0c8 DE:0155 HL:c0cf SP:dfad
4c6e  ld   hl,$0002 AF:0000 BC:c0c8 DE:4655 HL:c0cf SP:dfad
4c71  add  hl,bc AF:0000 BC:c0c8 DE:4655 HL:0002 SP:dfad
4c72  ld   a,(hl) AF:0000 BC:c0c8 DE:4655 HL:c0ca SP:dfad
4c73  call $3cbb AF:3c00 BC:c0c8 DE:4655 HL:c0ca SP:dfad
3cbb  ld   ($2000),a AF:3c00 BC:c0c8 DE:4655 HL:c0ca SP:dfab
3cbe  ld   ($ff98),a AF:3c00 BC:c0c8 DE:4655 HL:c0ca SP:dfab
03ae  push af AF:3c00 BC:c0c8 DE:4655 HL:c0ca SP:dfa9
03af  ld   a,($ffd0) AF:3c00 BC:c0c8 DE:4655 HL:c0ca SP:dfa7
03b1  and  a,a AF:0000 BC:c0c8 DE:4655 HL:c0ca SP:dfa7
03b2  jr   z,$03df AF:00a0 BC:c0c8 DE:4655 HL:c0ca SP:dfa7
03df  pop  af AF:00a0 BC:c0c8 DE:4655 HL:c0ca SP:dfa7
03e0  reti AF:3c00 BC:c0c8 DE:4655 HL:c0ca SP:dfa9
3cbe  ld   ($ff98),a AF:3c00 BC:c0c8 DE:4655 HL:c0ca SP:dfab
3cc0  ld   a,(de) AF:3c00 BC:c0c8 DE:4655 HL:c0ca SP:dfab
3cc1  push af AF:0700 BC:c0c8 DE:4655 HL:c0ca SP:dfab
3cc2  ld   a,$3a AF:0700 BC:c0c8 DE:4655 HL:c0ca SP:dfa9
3cc4  ld   ($2000),a AF:3a00 BC:c0c8 DE:4655 HL:c0ca SP:dfa9
3cc7  ld   ($ff98),a AF:3a00 BC:c0c8 DE:4655 HL:c0ca SP:dfa9
3cc9  pop  af AF:3a00 BC:c0c8 DE:4655 HL:c0ca SP:dfa9
3cca  ret AF:0700 BC:c0c8 DE:4655 HL:c0ca SP:dfab
4c76  ld   ($c197),a AF:0700 BC:c0c8 DE:4655 HL:c0ca SP:dfad
4c79  inc  de AF:0700 BC:c0c8 DE:4655 HL:c0ca SP:dfad
4c7a  ld   hl,$0006 AF:0700 BC:c0c8 DE:4656 HL:c0ca SP:dfad
4c7d  add  hl,bc AF:0700 BC:c0c8 DE:4656 HL:0006 SP:dfad
4c7e  ld   (hl),e AF:0700 BC:c0c8 DE:4656 HL:c0ce SP:dfad
4c7f  inc  hl AF:0700 BC:c0c8 DE:4656 HL:c0ce SP:dfad
4c80  ld   (hl),d AF:0700 BC:c0c8 DE:4656 HL:c0cf SP:dfad
4c81  pop  de AF:0700 BC:c0c8 DE:4656 HL:c0cf SP:dfad
4c82  pop  hl AF:0700 BC:c0c8 DE:0100 HL:c0cf SP:dfaf
4c83  ret AF:0700 BC:c0c8 DE:0100 HL:c0d8 SP:dfb1
491c  ld   hl,$0011 AF:0700 BC:c0c8 DE:0100 HL:c0d8 SP:dfb3
491f  add  hl,bc AF:0700 BC:c0c8 DE:0100 HL:0011 SP:dfb3
4920  ld   (hl),a AF:0700 BC:c0c8 DE:0100 HL:c0d9 SP:dfb3
4921  ret AF:0700 BC:c0c8 DE:0100 HL:c0d9 SP:dfb3
4871  ret AF:0700 BC:c0c8 DE:0100 HL:c0d9 SP:dfb5
4076  call $40b6 AF:0700 BC:c0c8 DE:0100 HL:c0d9 SP:dfb7
40b6  ld   hl,$000e AF:0700 BC:c0c8 DE:0100 HL:c0d9 SP:dfb5
40b9  add  hl,bc AF:0700 BC:c0c8 DE:0100 HL:000e SP:dfb5
40ba  ld   a,(hl) AF:0700 BC:c0c8 DE:0100 HL:c0d6 SP:dfb5
40bb  ld   ($c191),a AF:8000 BC:c0c8 DE:0100 HL:c0d6 SP:dfb5
40be  ld   hl,$000f AF:8000 BC:c0c8 DE:0100 HL:c0d6 SP:dfb5
40c1  add  hl,bc AF:8000 BC:c0c8 DE:0100 HL:000f SP:dfb5
03ae  push af AF:8000 BC:c0c8 DE:0100 HL:000f SP:dfb3
03af  ld   a,($ffd0) AF:8000 BC:c0c8 DE:0100 HL:000f SP:dfb1
03b1  and  a,a AF:0000 BC:c0c8 DE:0100 HL:000f SP:dfb1
03b2  jr   z,$03df AF:00a0 BC:c0c8 DE:0100 HL:000f SP:dfb1
03df  pop  af AF:00a0 BC:c0c8 DE:0100 HL:000f SP:dfb1
03e0  reti AF:8000 BC:c0c8 DE:0100 HL:000f SP:dfb3
40c1  add  hl,bc AF:8000 BC:c0c8 DE:0100 HL:000f SP:dfb5
40c2  ld   a,(hl) AF:8000 BC:c0c8 DE:0100 HL:c0d7 SP:dfb5
40c3  ld   ($c192),a AF:9100 BC:c0c8 DE:0100 HL:c0d7 SP:dfb5
40c6  ld   hl,$0010 AF:9100 BC:c0c8 DE:0100 HL:c0d7 SP:dfb5
40c9  add  hl,bc AF:9100 BC:c0c8 DE:0100 HL:0010 SP:dfb5
40ca  ldi  a,(hl) AF:9100 BC:c0c8 DE:0100 HL:c0d8 SP:dfb5
40cb  ld   ($c193),a AF:c000 BC:c0c8 DE:0100 HL:c0d9 SP:dfb5
40ce  ld   a,(hl) AF:c000 BC:c0c8 DE:0100 HL:c0d9 SP:dfb5
40cf  ld   ($c194),a AF:0700 BC:c0c8 DE:0100 HL:c0d9 SP:dfb5
40d2  ld   a,$3f AF:0700 BC:c0c8 DE:0100 HL:c0d9 SP:dfb5
40d4  ld   ($c195),a AF:3f00 BC:c0c8 DE:0100 HL:c0d9 SP:dfb5
40d7  call $45d8 AF:3f00 BC:c0c8 DE:0100 HL:c0d9 SP:dfb5
45d8  ld   hl,$0004 AF:3f00 BC:c0c8 DE:0100 HL:c0d9 SP:dfb3
45db  add  hl,bc AF:3f00 BC:c0c8 DE:0100 HL:0004 SP:dfb3
45dc  bit  2,(hl) AF:3f00 BC:c0c8 DE:0100 HL:c0cc SP:dfb3
45de  call nz,$4605 AF:3fa0 BC:c0c8 DE:0100 HL:c0cc SP:dfb3
45e1  bit  6,(hl) AF:3fa0 BC:c0c8 DE:0100 HL:c0cc SP:dfb3
45e3  call nz,$472b AF:3fa0 BC:c0c8 DE:0100 HL:c0cc SP:dfb3
45e6  bit  4,(hl) AF:3fa0 BC:c0c8 DE:0100 HL:c0cc SP:dfb3
45e8  call nz,$4713 AF:3fa0 BC:c0c8 DE:0100 HL:c0cc SP:dfb3
45eb  bit  1,(hl) AF:3fa0 BC:c0c8 DE:0100 HL:c0cc SP:dfb3
45ed  call nz,$461b AF:3fa0 BC:c0c8 DE:0100 HL:c0cc SP:dfb3
45f0  bit  0,(hl) AF:3fa0 BC:c0c8 DE:0100 HL:c0cc SP:dfb3
45f2  call nz,$46ad AF:3fa0 BC:c0c8 DE:0100 HL:c0cc SP:dfb3
45f5  bit  5,(hl) AF:3fa0 BC:c0c8 DE:0100 HL:c0cc SP:dfb3
45f7  call nz,$475e AF:3fa0 BC:c0c8 DE:0100 HL:c0cc SP:dfb3
45fa  bit  3,(hl) AF:3fa0 BC:c0c8 DE:0100 HL:c0cc SP:dfb3
45fc  call nz,$46ff AF:3fa0 BC:c0c8 DE:0100 HL:c0cc SP:dfb3
45ff  bit  7,(hl) AF:3fa0 BC:c0c8 DE:0100 HL:c0cc SP:dfb3
4601  call nz,$47bb AF:3fa0 BC:c0c8 DE:0100 HL:c0cc SP:dfb3
03ae  push af AF:3fa0 BC:c0c8 DE:0100 HL:c0cc SP:dfb1
